BLOCK00/SES002/SA002S12	SES002	1.98993	-59.5112	-61.5011
BLOCK00/SES002/SA002S13	SES002	2.74379	-59.0128	-61.7566
BLOCK00/SES002/SA002S23	SES002	2.22898	-58.8693	-61.0982
BLOCK00/SES002/SA002S26	SES002	2.47718	-58.1065	-60.5837
BLOCK00/SES002/SA002S28	SES002	1.70825	-60.2685	-61.9767
BLOCK00/SES007/SA007S14	SES007	1.03486	-60.4798	-61.5146
BLOCK00/SES007/SA007S15	SES007	0.620502	-62.4057	-63.0262
BLOCK00/SES007/SA007S24	SES007	0.85297	-61.6916	-62.5446
BLOCK00/SES007/SA007S27	SES007	0.573143	-61.8059	-62.3791
BLOCK00/SES007/SA007S29	SES007	0.220016	-61.4736	-61.6936
BLOCK00/SES008/SA008S11	SES008	1.20815	-61.5344	-62.7425
BLOCK00/SES008/SA008S12	SES008	0.548313	-61.8083	-62.3566
BLOCK00/SES008/SA008S19	SES008	1.81079	-60.5558	-62.3666
BLOCK00/SES008/SA008S22	SES008	1.18327	-62.0594	-63.2427
BLOCK00/SES008/SA008S29	SES008	0.716442	-61.1216	-61.8381
BLOCK01/SES014/SA014S10	SES014	2.78708	-59.7082	-62.4953
BLOCK01/SES014/SA014S12	SES014	3.62071	-57.3263	-60.947
BLOCK01/SES014/SA014S24	SES014	2.33636	-59.5264	-61.8627
BLOCK01/SES014/SA014S26	SES014	3.44066	-56.5131	-59.9537
BLOCK01/SES014/SA014S28	SES014	3.39434	-57.7001	-61.0944
BLOCK01/SES016/SA016S12	SES016	1.18069	-64.1213	-65.302
BLOCK01/SES016/SA016S13	SES016	1.50056	-62.3712	-63.8717
BLOCK01/SES016/SA016S22	SES016	0.450558	-63.1062	-63.5567
BLOCK01/SES016/SA016S25	SES016	1.09356	-60.4754	-61.5689
BLOCK01/SES016/SA016S27	SES016	1.19878	-60.9611	-62.1599
BLOCK01/SES019/SA019S13	SES019	3.08989	-60.2554	-63.3453
BLOCK01/SES019/SA019S14	SES019	2.37455	-60.378	-62.7525
BLOCK01/SES019/SA019S22	SES019	2.95781	-60.478	-63.4358
BLOCK01/SES019/SA019S25	SES019	2.65443	-60.4493	-63.1037
BLOCK01/SES019/SA019S29	SES019	3.25827	-60.2267	-63.485
BLOCK02/SES029/SA029S11	SES029	1.00589	-61.8644	-62.8703
BLOCK02/SES029/SA029S12	SES029	0.462151	-61.866	-62.3281
BLOCK02/SES029/SA029S20	SES029	0.381527	-62.6256	-63.0071
BLOCK02/SES029/SA029S25	SES029	0.188721	-61.9028	-62.0916
BLOCK02/SES029/SA029S28	SES029	0.317333	-61.9975	-62.3148
BLOCK04/SES042/SA042S12	SES042	3.38376	-57.9725	-61.3563
BLOCK04/SES042/SA042S15	SES042	2.64998	-59.2204	-61.8703
BLOCK04/SES042/SA042S22	SES042	4.17669	-56.2568	-60.4335
BLOCK04/SES042/SA042S25	SES042	2.97562	-59.1311	-62.1067
BLOCK04/SES042/SA042S27	SES042	2.60873	-58.0017	-60.6104
BLOCK04/SES048/SA048S11	SES048	1.21372	-60.4639	-61.6776
BLOCK04/SES048/SA048S12	SES048	0.825508	-61.2033	-62.0288
BLOCK04/SES048/SA048S20	SES048	1.19595	-60.6213	-61.8172
BLOCK04/SES048/SA048S23	SES048	2.14331	-60.3323	-62.4756
BLOCK04/SES048/SA048S27	SES048	1.23956	-59.8	-61.0396
BLOCK06/SES060/SA060S11	SES060	1.0935	-62.2242	-63.3177
BLOCK06/SES060/SA060S12	SES060	-0.761223	-64.0282	-63.267
BLOCK06/SES060/SA060S22	SES060	0.155643	-63.5183	-63.674
BLOCK06/SES060/SA060S24	SES060	0.711521	-61.4487	-62.1602
BLOCK06/SES060/SA060S28	SES060	1.03527	-59.5627	-60.598
BLOCK06/SES062/SA062S10	SES062	1.24177	-61.1874	-62.4291
BLOCK06/SES062/SA062S11	SES062	1.21802	-61.7356	-62.9536
BLOCK06/SES062/SA062S21	SES062	2.37438	-58.1585	-60.5329
BLOCK06/SES062/SA062S26	SES062	0.667023	-60.9475	-61.6145
BLOCK06/SES062/SA062S29	SES062	1.42378	-59.8648	-61.2886
BLOCK06/SES068/SA068S14	SES068	0.706169	-61.5938	-62.3
BLOCK06/SES068/SA068S15	SES068	1.10133	-60.3773	-61.4787
BLOCK06/SES068/SA068S23	SES068	0.724461	-62.078	-62.8025
BLOCK06/SES068/SA068S27	SES068	1.62594	-60.4596	-62.0855
BLOCK06/SES068/SA068S29	SES068	1.07106	-60.8145	-61.8855
BLOCK08/SES082/SA082S12	SES082	1.76694	-60.8882	-62.6551
BLOCK08/SES082/SA082S14	SES082	1.09162	-62.4595	-63.5511
BLOCK08/SES082/SA082S21	SES082	1.06421	-62.0084	-63.0727
BLOCK08/SES082/SA082S24	SES082	2.05821	-60.7338	-62.792
BLOCK08/SES082/SA082S28	SES082	0.807281	-61.9643	-62.7715
BLOCK08/SES083/SA083S14	SES083	-0.176968	-62.5571	-62.3801
BLOCK08/SES083/SA083S15	SES083	0.394203	-61.4332	-61.8274
BLOCK08/SES083/SA083S24	SES083	0.262909	-62.2273	-62.4903
BLOCK08/SES083/SA083S26	SES083	0.478481	-62.2054	-62.6839
BLOCK08/SES083/SA083S29	SES083	0.285339	-61.531	-61.8163
BLOCK08/SES085/SA085S10	SES085	-0.140678	-62.1151	-61.9745
BLOCK08/SES085/SA085S13	SES085	0.163143	-62.9397	-63.1029
BLOCK08/SES085/SA085S22	SES085	-2.31091	-65.3525	-63.0416
BLOCK08/SES085/SA085S26	SES085	0.0644951	-62.2082	-62.2727
BLOCK08/SES085/SA085S28	SES085	0.790924	-61.2061	-61.9971
BLOCK08/SES087/SA087S15	SES087	2.19292	-60.2851	-62.478
BLOCK08/SES087/SA087S16	SES087	2.07735	-60.4519	-62.5292
BLOCK08/SES087/SA087S24	SES087	2.09537	-59.6384	-61.7338
BLOCK08/SES087/SA087S26	SES087	1.99597	-59.0528	-61.0488
BLOCK08/SES087/SA087S29	SES087	2.08617	-60.2602	-62.3464
BLOCK09/SES099/SA099S15	SES099	2.00215	-60.51	-62.5122
BLOCK09/SES099/SA099S16	SES099	1.58833	-59.9415	-61.5299
BLOCK09/SES099/SA099S24	SES099	1.812	-59.9368	-61.7488
BLOCK09/SES099/SA099S26	SES099	1.76781	-59.7716	-61.5394
BLOCK09/SES099/SA099S29	SES099	1.83367	-59.9297	-61.7634
BLOCK10/SES101/SA101S11	SES101	0.31694	-61.3695	-61.6865
BLOCK10/SES101/SA101S13	SES101	0.74028	-60.8657	-61.606
BLOCK10/SES101/SA101S22	SES101	1.06546	-62.6744	-63.7399
BLOCK10/SES101/SA101S24	SES101	0.962173	-61.707	-62.6692
BLOCK10/SES101/SA101S28	SES101	-0.159828	-63.4294	-63.2696
BLOCK10/SES104/SA104S11	SES104	1.40005	-59.7687	-61.1688
BLOCK10/SES104/SA104S12	SES104	2.00437	-59.8015	-61.8059
BLOCK10/SES104/SA104S21	SES104	1.91729	-60.1677	-62.085
BLOCK10/SES104/SA104S24	SES104	1.57499	-60.2378	-61.8128
BLOCK10/SES104/SA104S28	SES104	2.14904	-59.8462	-61.9952
BLOCK10/SES105/SA105S12	SES105	1.22425	-62.5769	-63.8011
BLOCK10/SES105/SA105S13	SES105	0.982437	-61.8727	-62.8551
BLOCK10/SES105/SA105S22	SES105	0.704422	-62.5154	-63.2198
BLOCK10/SES105/SA105S26	SES105	1.02167	-62.2049	-63.2265
BLOCK10/SES105/SA105S29	SES105	0.817169	-62.0248	-62.842
BLOCK10/SES106/SA106S09	SES106	1.83175	-61.0193	-62.8511
BLOCK10/SES106/SA106S11	SES106	2.08634	-59.5737	-61.66
BLOCK10/SES106/SA106S22	SES106	3.39782	-59.6377	-63.0356
BLOCK10/SES106/SA106S27	SES106	1.44888	-61.2536	-62.7025
BLOCK10/SES106/SA106S29	SES106	1.80394	-60.2162	-62.0201
BLOCK11/SES117/SA117S12	SES117	0.763088	-62.7908	-63.5539
BLOCK11/SES117/SA117S13	SES117	0.2859	-62.4327	-62.7186
BLOCK11/SES117/SA117S23	SES117	1.0461	-64.0065	-65.0526
BLOCK11/SES117/SA117S25	SES117	0.992001	-62.4706	-63.4626
BLOCK11/SES117/SA117S28	SES117	1.26815	-63.0205	-64.2887
BLOCK12/SES120/SA120S08	SES120	1.04625	-63.2475	-64.2938
BLOCK12/SES120/SA120S11	SES120	0.689247	-64.4336	-65.1229
BLOCK12/SES120/SA120S22	SES120	0.561119	-61.8452	-62.4064
BLOCK12/SES120/SA120S24	SES120	0.64077	-62.3303	-62.971
BLOCK12/SES120/SA120S28	SES120	0.580563	-63.5614	-64.142
BLOCK12/SES125/SA125S13	SES125	2.69326	-59.2855	-61.9788
BLOCK12/SES125/SA125S14	SES125	1.84711	-60.3077	-62.1548
BLOCK12/SES125/SA125S25	SES125	2.65414	-59.1991	-61.8532
BLOCK12/SES125/SA125S27	SES125	2.80468	-58.3261	-61.1308
BLOCK12/SES125/SA125S29	SES125	2.0359	-59.9454	-61.9813
BLOCK12/SES127/SA127S11	SES127	0.359287	-62.355	-62.7143
BLOCK12/SES127/SA127S12	SES127	-0.246925	-62.2616	-62.0146
BLOCK12/SES127/SA127S23	SES127	0.539207	-61.8059	-62.3451
BLOCK12/SES127/SA127S25	SES127	0.295448	-62.3452	-62.6407
BLOCK12/SES127/SA127S27	SES127	0.868469	-61.6688	-62.5373
BLOCK12/SES129/SA129S11	SES129	1.50149	-60.9787	-62.4802
BLOCK12/SES129/SA129S12	SES129	1.69386	-60.4421	-62.136
BLOCK12/SES129/SA129S22	SES129	1.38033	-61.1248	-62.5051
BLOCK12/SES129/SA129S27	SES129	1.94396	-60.065	-62.009
BLOCK12/SES129/SA129S29	SES129	2.00914	-60.1276	-62.1367
BLOCK14/SES142/SA142S11	SES142	2.38974	-61.7753	-64.165
BLOCK14/SES142/SA142S12	SES142	1.06107	-62.8394	-63.9004
BLOCK14/SES142/SA142S24	SES142	1.97831	-61.4593	-63.4376
BLOCK14/SES142/SA142S27	SES142	2.44457	-61.2503	-63.6949
BLOCK14/SES142/SA142S29	SES142	2.67196	-60.9196	-63.5916
BLOCK14/SES143/SA143S12	SES143	0.489639	-62.8402	-63.3299
BLOCK14/SES143/SA143S13	SES143	0.607204	-62.4854	-63.0926
BLOCK14/SES143/SA143S23	SES143	0.975426	-62.5293	-63.5047
BLOCK14/SES143/SA143S25	SES143	0.483784	-62.5497	-63.0335
BLOCK14/SES143/SA143S28	SES143	0.677818	-62.0534	-62.7312
BLOCK14/SES144/SA144S09	SES144	0.751759	-62.0887	-62.8404
BLOCK14/SES144/SA144S11	SES144	1.00925	-62.7617	-63.771
BLOCK14/SES144/SA144S21	SES144	0.302238	-62.8809	-63.1831
BLOCK14/SES144/SA144S25	SES144	0.823997	-62.6939	-63.5179
BLOCK14/SES144/SA144S29	SES144	0.0695381	-62.6603	-62.7298
BLOCK14/SES146/SA146S14	SES146	1.0051	-62.3391	-63.3442
BLOCK14/SES146/SA146S15	SES146	0.060833	-62.8632	-62.924
BLOCK14/SES146/SA146S24	SES146	0.530869	-63.0971	-63.6279
BLOCK14/SES146/SA146S26	SES146	0.63905	-62.8859	-63.525
BLOCK14/SES146/SA146S29	SES146	1.17932	-62.8013	-63.9806
BLOCK14/SES147/SA147S11	SES147	0.961845	-62.9421	-63.9039
BLOCK14/SES147/SA147S13	SES147	2.24739	-60.7027	-62.9501
BLOCK14/SES147/SA147S23	SES147	1.481	-62.4565	-63.9375
BLOCK14/SES147/SA147S26	SES147	1.09029	-62.1104	-63.2007
BLOCK14/SES147/SA147S28	SES147	1.46206	-61.231	-62.693
BLOCK14/SES148/SA148S10	SES148	1.20656	-61.213	-62.4195
BLOCK14/SES148/SA148S12	SES148	0.680862	-62.5701	-63.251
BLOCK14/SES148/SA148S22	SES148	1.0893	-60.4983	-61.5876
BLOCK14/SES148/SA148S26	SES148	0.978237	-61.3714	-62.3496
BLOCK14/SES148/SA148S29	SES148	0.83276	-61.8882	-62.721
BLOCK14/SES149/SA149S13	SES149	0.361313	-61.4648	-61.8261
BLOCK14/SES149/SA149S14	SES149	0.549206	-61.2689	-61.8181
BLOCK14/SES149/SA149S24	SES149	1.57954	-60.9007	-62.4802
BLOCK14/SES149/SA149S26	SES149	2.30788	-60.2763	-62.5842
BLOCK14/SES149/SA149S28	SES149	2.72037	-59.438	-62.1584
BLOCK15/SES158/SA158S13	SES158	1.6706	-61.3986	-63.0692
BLOCK15/SES158/SA158S14	SES158	2.36759	-61.3281	-63.6957
BLOCK15/SES158/SA158S23	SES158	1.47757	-61.0268	-62.5043
BLOCK15/SES158/SA158S26	SES158	2.47142	-60.8425	-63.3139
BLOCK15/SES158/SA158S28	SES158	1.56587	-61.5519	-63.1177
BLOCK16/SES162/SA162S10	SES162	1.16021	-63.0271	-64.1873
BLOCK16/SES162/SA162S11	SES162	1.02523	-61.7691	-62.7944
BLOCK16/SES162/SA162S21	SES162	1.38473	-61.9002	-63.2849
BLOCK16/SES162/SA162S24	SES162	1.24778	-61.934	-63.1818
BLOCK16/SES162/SA162S27	SES162	1.28601	-62.4786	-63.7646
BLOCK16/SES167/SA167S14	SES167	0.799522	-60.9374	-61.737
BLOCK16/SES167/SA167S15	SES167	0.909809	-61.9819	-62.8918
BLOCK16/SES167/SA167S21	SES167	0.834854	-61.2642	-62.0991
BLOCK16/SES167/SA167S25	SES167	1.43519	-62.098	-63.5332
BLOCK16/SES167/SA167S29	SES167	1.81743	-59.945	-61.7624
BLOCK17/SES172/SA172S12	SES172	1.53729	-61.8208	-63.3581
BLOCK17/SES172/SA172S13	SES172	1.56697	-62.6525	-64.2195
BLOCK17/SES172/SA172S23	SES172	0.343876	-61.625	-61.9689
BLOCK17/SES172/SA172S27	SES172	0.559723	-62.3358	-62.8956
BLOCK17/SES172/SA172S29	SES172	1.13522	-61.873	-63.0082
BLOCK17/SES175/SA175S11	SES175	1.01547	-62.0233	-63.0388
BLOCK17/SES175/SA175S13	SES175	0.818832	-61.409	-62.2278
BLOCK17/SES175/SA175S23	SES175	1.42245	-61.5178	-62.9402
BLOCK17/SES175/SA175S25	SES175	0.659985	-63.4507	-64.1107
BLOCK17/SES175/SA175S28	SES175	1.06367	-61.7593	-62.823
BLOCK17/SES177/SA177S15	SES177	0.174812	-62.2464	-62.4212
BLOCK17/SES177/SA177S17	SES177	0.575878	-61.8646	-62.4405
BLOCK17/SES177/SA177S23	SES177	-0.0297585	-62.6872	-62.6574
BLOCK17/SES177/SA177S26	SES177	0.306091	-60.546	-60.8521
BLOCK17/SES177/SA177S28	SES177	0.73069	-61.3125	-62.0432
BLOCK18/SES180/SA180S13	SES180	0.904415	-62.2834	-63.1878
BLOCK18/SES180/SA180S15	SES180	0.512524	-62.5037	-63.0162
BLOCK18/SES180/SA180S24	SES180	0.879078	-60.7955	-61.6746
BLOCK18/SES180/SA180S26	SES180	0.525745	-61.6886	-62.2143
BLOCK18/SES180/SA180S29	SES180	0.590214	-62.8197	-63.4099
BLOCK18/SES183/SA183S13	SES183	0.932606	-62.5995	-63.5321
BLOCK18/SES183/SA183S14	SES183	0.562397	-62.7343	-63.2967
BLOCK18/SES183/SA183S24	SES183	1.033	-62.9237	-63.9567
BLOCK18/SES183/SA183S27	SES183	1.26441	-61.9562	-63.2206
BLOCK18/SES183/SA183S29	SES183	1.05748	-61.4302	-62.4877
BLOCK18/SES187/SA187S13	SES187	0.230957	-63.3276	-63.5586
BLOCK18/SES187/SA187S14	SES187	0.783627	-63.0161	-63.7998
BLOCK18/SES187/SA187S24	SES187	0.45295	-63.0775	-63.5305
BLOCK18/SES187/SA187S27	SES187	1.35787	-61.8126	-63.1705
BLOCK18/SES187/SA187S29	SES187	0.858345	-62.6262	-63.4846
BLOCK18/SES189/SA189S10	SES189	2.00577	-64.0361	-66.0419
BLOCK18/SES189/SA189S13	SES189	2.70824	-63.9335	-66.6418
BLOCK18/SES189/SA189S24	SES189	2.66084	-63.4895	-66.1503
BLOCK18/SES189/SA189S26	SES189	1.48898	-63.1162	-64.6051
BLOCK18/SES189/SA189S29	SES189	2.48341	-62.6819	-65.1653
BLOCK20/SES202/SA202S12	SES202	1.9038	-62.6342	-64.538
BLOCK20/SES202/SA202S14	SES202	2.66322	-60.6724	-63.3356
BLOCK20/SES202/SA202S24	SES202	1.63587	-61.9119	-63.5478
BLOCK20/SES202/SA202S27	SES202	1.67235	-60.4767	-62.1491
BLOCK20/SES202/SA202S29	SES202	2.51659	-60.2233	-62.7399
BLOCK20/SES206/SA206S15	SES206	0.488777	-60.469	-60.9577
BLOCK20/SES206/SA206S17	SES206	2.47842	-58.716	-61.1945
BLOCK20/SES206/SA206S24	SES206	1.97294	-58.9296	-60.9026
BLOCK20/SES206/SA206S27	SES206	1.82726	-59.5761	-61.4034
BLOCK20/SES206/SA206S29	SES206	1.67585	-58.6353	-60.3111
BLOCK22/SES226/SA226S12	SES226	2.0787	-61.0976	-63.1763
BLOCK22/SES226/SA226S13	SES226	0.238216	-61.9328	-62.1711
BLOCK22/SES226/SA226S20	SES226	2.03835	-61.1657	-63.204
BLOCK22/SES226/SA226S23	SES226	2.29066	-60.2755	-62.5661
BLOCK22/SES226/SA226S28	SES226	2.2415	-60.2819	-62.5234
BLOCK25/SES259/SA259S13	SES259	3.38758	-58.8878	-62.2753
BLOCK25/SES259/SA259S14	SES259	2.24733	-59.3731	-61.6204
BLOCK25/SES259/SA259S22	SES259	1.94469	-59.6175	-61.5622
BLOCK25/SES259/SA259S24	SES259	2.20796	-58.5862	-60.7941
BLOCK25/SES259/SA259S28	SES259	2.07493	-59.4236	-61.4986
BLOCK27/SES270/SA270S14	SES270	2.68297	-60.8433	-63.5262
BLOCK27/SES270/SA270S16	SES270	1.26902	-60.9048	-62.1738
BLOCK27/SES270/SA270S22	SES270	2.84915	-60.5113	-63.3604
BLOCK27/SES270/SA270S26	SES270	1.65485	-61.6385	-63.2933
BLOCK27/SES270/SA270S28	SES270	1.63655	-60.4787	-62.1152
BLOCK27/SES275/SA275S17	SES275	0.769943	-62.5475	-63.3174
BLOCK27/SES275/SA275S18	SES275	0.712162	-62.9744	-63.6866
BLOCK27/SES275/SA275S24	SES275	0.931705	-63.2128	-64.1445
BLOCK27/SES275/SA275S26	SES275	1.3374	-61.7221	-63.0595
BLOCK27/SES275/SA275S28	SES275	0.581459	-61.9686	-62.5501
BLOCK29/SES292/SA292S10	SES292	0.384274	-62.4379	-62.8222
BLOCK29/SES292/SA292S12	SES292	-0.135876	-63.8227	-63.6868
BLOCK29/SES292/SA292S22	SES292	1.52903	-61.3606	-62.8896
BLOCK29/SES292/SA292S24	SES292	0.176994	-62.3671	-62.5441
BLOCK29/SES292/SA292S27	SES292	-0.208378	-62.1712	-61.9628
BLOCK00/SES001/SA001S14	SES062	-0.459053	-64.3693	-63.9103
BLOCK00/SES001/SA001S14	SES082	-1.89955	-65.8098	-63.9103
BLOCK00/SES001/SA001S14	SES106	-2.75084	-66.6611	-63.9103
BLOCK00/SES001/SA001S14	SES206	-3.5355	-67.4458	-63.9103
BLOCK00/SES001/SA001S15	SES062	-1.21336	-63.7898	-62.5764
BLOCK00/SES001/SA001S15	SES104	-2.67821	-65.2547	-62.5764
BLOCK00/SES001/SA001S15	SES106	-2.3989	-64.9753	-62.5764
BLOCK00/SES001/SA001S15	SES206	-3.12436	-65.7008	-62.5764
BLOCK00/SES001/SA001S24	SES062	-2.70415	-66.5664	-63.8622
BLOCK00/SES001/SA001S24	SES082	-2.09179	-65.954	-63.8622
BLOCK00/SES001/SA001S24	SES087	-3.10135	-66.9636	-63.8622
BLOCK00/SES001/SA001S24	SES206	-2.38939	-66.2516	-63.8622
BLOCK00/SES001/SA001S27	SES062	-1.30537	-63.2236	-61.9183
BLOCK00/SES001/SA001S27	SES082	-2.44836	-64.3666	-61.9183
BLOCK00/SES001/SA001S27	SES087	-3.0411	-64.9594	-61.9183
BLOCK00/SES001/SA001S27	SES206	-3.31386	-65.2321	-61.9183
BLOCK00/SES001/SA001S29	SES062	-1.75568	-65.6393	-63.8836
BLOCK00/SES001/SA001S29	SES082	-1.80213	-65.6857	-63.8836
BLOCK00/SES001/SA001S29	SES158	-0.875416	-64.759	-63.8836
BLOCK00/SES001/SA001S29	SES206	-3.75897	-67.6425	-63.8836
BLOCK00/SES003/SA003S11	SES002	-0.743847	-63.611	-62.8671
BLOCK00/SES003/SA003S11	SES019	-1.06134	-63.9285	-62.8671
BLOCK00/SES003/SA003S11	SES082	0.453743	-62.4134	-62.8671
BLOCK00/SES003/SA003S11	SES125	-0.624687	-63.4918	-62.8671
BLOCK00/SES003/SA003S15	SES016	-4.47906	-66.517	-62.0379
BLOCK00/SES003/SA003S15	SES019	-1.79984	-63.8377	-62.0379
BLOCK00/SES003/SA003S15	SES062	-2.44083	-64.4787	-62.0379
BLOCK00/SES003/SA003S15	SES206	-0.830761	-62.8686	-62.0379
BLOCK00/SES003/SA003S22	SES002	-1.75691	-64.0963	-62.3394
BLOCK00/SES003/SA003S22	SES062	-1.33878	-63.6782	-62.3394
BLOCK00/SES003/SA003S22	SES082	-0.485886	-62.8253	-62.3394
BLOCK00/SES003/SA003S22	SES087	-1.56204	-63.9014	-62.3394
BLOCK00/SES003/SA003S25	SES062	-2.06306	-65.762	-63.6989
BLOCK00/SES003/SA003S25	SES082	0.821117	-62.8778	-63.6989
BLOCK00/SES003/SA003S25	SES087	-1.14047	-64.8394	-63.6989
BLOCK00/SES003/SA003S25	SES206	-1.36114	-65.0601	-63.6989
BLOCK00/SES003/SA003S29	SES002	-1.78152	-64.3671	-62.5856
BLOCK00/SES003/SA003S29	SES062	-1.66985	-64.2554	-62.5856
BLOCK00/SES003/SA003S29	SES082	-0.118126	-62.7037	-62.5856
BLOCK00/SES003/SA003S29	SES087	-1.61951	-64.2051	-62.5856
BLOCK00/SES004/SA004S12	SES083	-1.68804	-65.5736	-63.8856
BLOCK00/SES004/SA004S12	SES148	-1.36942	-65.255	-63.8856
BLOCK00/SES004/SA004S12	SES172	-2.00295	-65.8885	-63.8856
BLOCK00/SES004/SA004S12	SES292	-1.5756	-65.4612	-63.8856
BLOCK00/SES004/SA004S17	SES083	-1.67067	-65.3127	-63.642
BLOCK00/SES004/SA004S17	SES162	-1.23683	-64.8788	-63.642
BLOCK00/SES004/SA004S17	SES172	-1.42327	-65.0653	-63.642
BLOCK00/SES004/SA004S17	SES292	-1.74678	-65.3888	-63.642
BLOCK00/SES004/SA004S24	SES083	-1.72018	-64.7996	-63.0794
BLOCK00/SES004/SA004S24	SES148	-1.88696	-64.9664	-63.0794
BLOCK00/SES004/SA004S24	SES172	-1.56612	-64.6456	-63.0794
BLOCK00/SES004/SA004S24	SES292	-1.30566	-64.3851	-63.0794
BLOCK00/SES004/SA004S26	SES083	-0.876743	-63.9678	-63.0911
BLOCK00/SES004/SA004S26	SES127	-0.961834	-64.0529	-63.0911
BLOCK00/SES004/SA004S26	SES148	-2.10049	-65.1916	-63.0911
BLOCK00/SES004/SA004S26	SES292	-1.5469	-64.638	-63.0911
BLOCK00/SES004/SA004S28	SES083	-0.902912	-63.7151	-62.8122
BLOCK00/SES004/SA004S28	SES127	-1.08393	-63.8961	-62.8122
BLOCK00/SES004/SA004S28	SES187	-0.936306	-63.7485	-62.8122
BLOCK00/SES004/SA004S28	SES292	-1.52299	-64.3352	-62.8122
BLOCK00/SES006/SA006S10	SES014	-2.14401	-66.8887	-64.7447
BLOCK00/SES006/SA006S10	SES158	-0.0658951	-64.8106	-64.7447
BLOCK00/SES006/SA006S10	SES226	-2.19849	-66.9432	-64.7447
BLOCK00/SES006/SA006S10	SES270	-0.237312	-64.982	-64.7447
BLOCK00/SES006/SA006S11	SES158	-0.622398	-65.3339	-64.7115
BLOCK00/SES006/SA006S11	SES226	-1.89511	-66.6067	-64.7115
BLOCK00/SES006/SA006S11	SES270	0.0283661	-64.6832	-64.7115
BLOCK00/SES006/SA006S11	SES275	-2.81853	-67.5301	-64.7115
BLOCK00/SES006/SA006S23	SES062	-1.71368	-64.672	-62.9583
BLOCK00/SES006/SA006S23	SES105	-1.94124	-64.8996	-62.9583
BLOCK00/SES006/SA006S23	SES158	-0.956825	-63.9151	-62.9583
BLOCK00/SES006/SA006S23	SES275	-2.00008	-64.9584	-62.9583
BLOCK00/SES006/SA006S26	SES104	-1.70093	-64.9908	-63.2899
BLOCK00/SES006/SA006S26	SES158	0.11837	-63.1715	-63.2899
BLOCK00/SES006/SA006S26	SES270	-0.163994	-63.4539	-63.2899
BLOCK00/SES006/SA006S26	SES275	-2.80825	-66.0981	-63.2899
BLOCK00/SES006/SA006S28	SES007	-2.37614	-66.5872	-64.2111
BLOCK00/SES006/SA006S28	SES105	-1.98014	-66.1912	-64.2111
BLOCK00/SES006/SA006S28	SES158	-0.626678	-64.8378	-64.2111
BLOCK00/SES006/SA006S28	SES275	-2.83539	-67.0465	-64.2111
BLOCK00/SES009/SA009S12	SES083	-1.17861	-63.8311	-62.6525
BLOCK00/SES009/SA009S12	SES148	-1.18563	-63.8382	-62.6525
BLOCK00/SES009/SA009S12	SES177	-1.89645	-64.549	-62.6525
BLOCK00/SES009/SA009S12	SES292	-0.228157	-62.8807	-62.6525
BLOCK00/SES009/SA009S15	SES007	0.568848	-61.1374	-61.7062
BLOCK00/SES009/SA009S15	SES099	-6.06215	-67.7684	-61.7062
BLOCK00/SES009/SA009S15	SES148	-1.7938	-63.5	-61.7062
BLOCK00/SES009/SA009S15	SES172	-1.4866	-63.1928	-61.7062
BLOCK00/SES009/SA009S24	SES146	-0.574844	-62.6507	-62.0759
BLOCK00/SES009/SA009S24	SES148	-1.51776	-63.5936	-62.0759
BLOCK00/SES009/SA009S24	SES177	-1.30971	-63.3856	-62.0759
BLOCK00/SES009/SA009S24	SES292	-0.619091	-62.6949	-62.0759
BLOCK00/SES009/SA009S26	SES083	-1.46286	-63.9379	-62.475
BLOCK00/SES009/SA009S26	SES101	-1.07861	-63.5536	-62.475
BLOCK00/SES009/SA009S26	SES120	-1.02268	-63.4977	-62.475
BLOCK00/SES009/SA009S26	SES177	-1.71447	-64.1895	-62.475
BLOCK00/SES009/SA009S29	SES083	-1.27652	-62.8135	-61.537
BLOCK00/SES009/SA009S29	SES101	-0.846649	-62.3836	-61.537
BLOCK00/SES009/SA009S29	SES177	-1.80492	-63.3419	-61.537
BLOCK00/SES009/SA009S29	SES292	-0.493248	-62.0302	-61.537
BLOCK01/SES011/SA011S10	SES019	0.0665588	-62.3787	-62.4453
BLOCK01/SES011/SA011S10	SES042	-0.186672	-62.6319	-62.4453
BLOCK01/SES011/SA011S10	SES082	-0.879326	-63.3246	-62.4453
BLOCK01/SES011/SA011S10	SES206	-0.19598	-62.6412	-62.4453
BLOCK01/SES011/SA011S11	SES019	0.00780487	-63.4859	-63.4937
BLOCK01/SES011/SA011S11	SES042	-0.931236	-64.425	-63.4937
BLOCK01/SES011/SA011S11	SES082	-1.48914	-64.9829	-63.4937
BLOCK01/SES011/SA011S11	SES206	-0.242104	-63.7358	-63.4937
BLOCK01/SES011/SA011S22	SES019	0.428379	-62.8366	-63.265
BLOCK01/SES011/SA011S22	SES042	-0.425739	-63.6907	-63.265
BLOCK01/SES011/SA011S22	SES082	-0.369965	-63.635	-63.265
BLOCK01/SES011/SA011S22	SES206	-0.275578	-63.5406	-63.265
BLOCK01/SES011/SA011S24	SES019	-0.216164	-62.2322	-62.016
BLOCK01/SES011/SA011S24	SES042	-0.385086	-62.4011	-62.016
BLOCK01/SES011/SA011S24	SES104	-1.07673	-63.0928	-62.016
BLOCK01/SES011/SA011S24	SES206	0.0764618	-61.9396	-62.016
BLOCK01/SES011/SA011S27	SES082	0.801296	-61.7596	-62.5609
BLOCK01/SES011/SA011S27	SES087	-0.832226	-63.3932	-62.5609
BLOCK01/SES011/SA011S27	SES125	0.037796	-62.5231	-62.5609
BLOCK01/SES011/SA011S27	SES206	0.1931	-62.3678	-62.5609
BLOCK01/SES012/SA012S11	SES007	-2.23055	-63.0164	-60.7859
BLOCK01/SES012/SA012S11	SES082	-0.98716	-61.7731	-60.7859
BLOCK01/SES012/SA012S11	SES083	-2.14966	-62.9356	-60.7859
BLOCK01/SES012/SA012S11	SES206	-0.363846	-61.1497	-60.7859
BLOCK01/SES012/SA012S14	SES082	-0.66806	-62.2681	-61.6001
BLOCK01/SES012/SA012S14	SES087	-0.743477	-62.3435	-61.6001
BLOCK01/SES012/SA012S14	SES206	0.042572	-61.5575	-61.6001
BLOCK01/SES012/SA012S14	SES292	-2.6654	-64.2655	-61.6001
BLOCK01/SES012/SA012S24	SES082	0.277393	-62.1003	-62.3777
BLOCK01/SES012/SA012S24	SES087	-0.638561	-63.0163	-62.3777
BLOCK01/SES012/SA012S24	SES120	-3.21947	-65.5972	-62.3777
BLOCK01/SES012/SA012S24	SES206	0.515259	-61.8624	-62.3777
BLOCK01/SES012/SA012S26	SES019	-2.11622	-63.1499	-61.0337
BLOCK01/SES012/SA012S26	SES082	-1.70794	-62.7416	-61.0337
BLOCK01/SES012/SA012S26	SES206	0.189629	-60.8441	-61.0337
BLOCK01/SES012/SA012S26	SES292	-3.05301	-64.0867	-61.0337
BLOCK01/SES012/SA012S29	SES062	-2.5733	-63.3564	-60.7831
BLOCK01/SES012/SA012S29	SES082	-0.594585	-61.3777	-60.7831
BLOCK01/SES012/SA012S29	SES083	-2.04326	-62.8264	-60.7831
BLOCK01/SES012/SA012S29	SES206	-0.475586	-61.2587	-60.7831
BLOCK01/SES013/SA013S16	SES062	-3.09634	-65.2163	-62.1199
BLOCK01/SES013/SA013S16	SES106	-0.391491	-62.5114	-62.1199
BLOCK01/SES013/SA013S16	SES206	-0.49715	-62.6171	-62.1199
BLOCK01/SES013/SA013S16	SES226	0.307522	-61.8124	-62.1199
BLOCK01/SES013/SA013S17	SES062	-3.09628	-64.1074	-61.0111
BLOCK01/SES013/SA013S17	SES106	-1.20816	-62.2193	-61.0111
BLOCK01/SES013/SA013S17	SES206	0.0207214	-60.9904	-61.0111
BLOCK01/SES013/SA013S17	SES226	0.0144806	-60.9967	-61.0111
BLOCK01/SES013/SA013S23	SES104	-1.00285	-63.4499	-62.447
BLOCK01/SES013/SA013S23	SES106	-0.465492	-62.9125	-62.447
BLOCK01/SES013/SA013S23	SES206	-1.00896	-63.456	-62.447
BLOCK01/SES013/SA013S23	SES270	0.116398	-62.3306	-62.447
BLOCK01/SES013/SA013S25	SES042	-1.29635	-62.4372	-61.1408
BLOCK01/SES013/SA013S25	SES104	-0.626015	-61.7668	-61.1408
BLOCK01/SES013/SA013S25	SES106	-0.434906	-61.5757	-61.1408
BLOCK01/SES013/SA013S25	SES206	-0.231812	-61.3726	-61.1408
BLOCK01/SES013/SA013S29	SES062	-3.46489	-65.6787	-62.2138
BLOCK01/SES013/SA013S29	SES104	-0.713676	-62.9274	-62.2138
BLOCK01/SES013/SA013S29	SES106	-0.491379	-62.7052	-62.2138
BLOCK01/SES013/SA013S29	SES206	-0.25367	-62.4674	-62.2138
BLOCK02/SES021/SA021S13	SES016	-4.78017	-66.9075	-62.1273
BLOCK02/SES021/SA021S13	SES029	-2.90169	-65.029	-62.1273
BLOCK02/SES021/SA021S13	SES087	-1.20543	-63.3328	-62.1273
BLOCK02/SES021/SA021S13	SES206	-0.410271	-62.5376	-62.1273
BLOCK02/SES021/SA021S15	SES087	-0.750111	-61.4928	-60.7427
BLOCK02/SES021/SA021S15	SES125	0.134918	-60.6078	-60.7427
BLOCK02/SES021/SA021S15	SES206	0.247353	-60.4953	-60.7427
BLOCK02/SES021/SA021S15	SES226	-0.585815	-61.3285	-60.7427
BLOCK02/SES021/SA021S23	SES062	-2.84624	-65.9122	-63.066
BLOCK02/SES021/SA021S23	SES087	-1.6662	-64.7322	-63.066
BLOCK02/SES021/SA021S23	SES206	-0.932079	-63.9981	-63.066
BLOCK02/SES021/SA021S23	SES226	-0.473053	-63.539	-63.066
BLOCK02/SES021/SA021S27	SES002	-1.81052	-63.1617	-61.3512
BLOCK02/SES021/SA021S27	SES016	-4.35312	-65.7043	-61.3512
BLOCK02/SES021/SA021S27	SES019	-1.77497	-63.1262	-61.3512
BLOCK02/SES021/SA021S27	SES062	-1.46909	-62.8203	-61.3512
BLOCK02/SES021/SA021S29	SES087	-0.977276	-62.4372	-61.4599
BLOCK02/SES021/SA021S29	SES125	-0.0646286	-61.5246	-61.4599
BLOCK02/SES021/SA021S29	SES206	-0.400757	-61.8607	-61.4599
BLOCK02/SES021/SA021S29	SES226	-0.555859	-62.0158	-61.4599
BLOCK04/SES043/SA043S09	SES083	-1.70044	-65.6725	-63.9721
BLOCK04/SES043/SA043S09	SES101	-2.77531	-66.7474	-63.9721
BLOCK04/SES043/SA043S09	SES144	-0.155182	-64.1273	-63.9721
BLOCK04/SES043/SA043S09	SES172	-3.27788	-67.25	-63.9721
BLOCK04/SES043/SA043S11	SES083	-0.36552	-63.1089	-62.7434
BLOCK04/SES043/SA043S11	SES101	-1.10271	-63.8461	-62.7434
BLOCK04/SES043/SA043S11	SES144	-0.0173187	-62.7607	-62.7434
BLOCK04/SES043/SA043S11	SES172	-1.24236	-63.9858	-62.7434
BLOCK04/SES043/SA043S23	SES083	-0.382969	-63.3249	-62.9419
BLOCK04/SES043/SA043S23	SES144	0.302887	-62.639	-62.9419
BLOCK04/SES043/SA043S23	SES177	-2.9547	-65.8966	-62.9419
BLOCK04/SES043/SA043S23	SES275	-0.158188	-63.1001	-62.9419
BLOCK04/SES043/SA043S26	SES083	-0.468838	-63.3815	-62.9127
BLOCK04/SES043/SA043S26	SES101	-1.11858	-64.0312	-62.9127
BLOCK04/SES043/SA043S26	SES144	0.0341187	-62.8785	-62.9127
BLOCK04/SES043/SA043S26	SES177	-1.57141	-64.4841	-62.9127
BLOCK04/SES043/SA043S28	SES016	-1.13343	-63.2405	-62.107
BLOCK04/SES043/SA043S28	SES083	-0.77515	-62.8822	-62.107
BLOCK04/SES043/SA043S28	SES101	-0.932198	-63.0392	-62.107
BLOCK04/SES043/SA043S28	SES144	-0.452156	-62.5592	-62.107
BLOCK04/SES044/SA044S10	SES127	-2.02518	-67.9571	-65.932
BLOCK04/SES044/SA044S10	SES144	-0.383034	-66.315	-65.932
BLOCK04/SES044/SA044S10	SES147	-3.02796	-68.9599	-65.932
BLOCK04/SES044/SA044S10	SES148	-1.75597	-67.6879	-65.932
BLOCK04/SES044/SA044S11	SES101	-0.807045	-65.4172	-64.6102
BLOCK04/SES044/SA044S11	SES144	0.137054	-64.4731	-64.6102
BLOCK04/SES044/SA044S11	SES147	-2.29774	-66.9079	-64.6102
BLOCK04/SES044/SA044S11	SES177	-1.65938	-66.2696	-64.6102
BLOCK04/SES044/SA044S24	SES007	-1.83293	-65.8714	-64.0384
BLOCK04/SES044/SA044S24	SES101	-1.0546	-65.093	-64.0384
BLOCK04/SES044/SA044S24	SES147	-3.74139	-67.7798	-64.0384
BLOCK04/SES044/SA044S24	SES177	-2.47176	-66.5102	-64.0384
BLOCK04/SES044/SA044S26	SES007	-1.571	-64.9484	-63.3774
BLOCK04/SES044/SA044S26	SES016	-0.696171	-64.0735	-63.3774
BLOCK04/SES044/SA044S26	SES101	-0.839359	-64.2167	-63.3774
BLOCK04/SES044/SA044S26	SES147	-1.19991	-64.5773	-63.3774
BLOCK04/SES044/SA044S29	SES007	-1.23985	-63.8325	-62.5927
BLOCK04/SES044/SA044S29	SES101	-0.428844	-63.0215	-62.5927
BLOCK04/SES044/SA044S29	SES147	-1.60521	-64.1979	-62.5927
BLOCK04/SES044/SA044S29	SES177	-2.02314	-64.6158	-62.5927
BLOCK04/SES046/SA046S13	SES101	-2.83572	-66.6146	-63.7789
BLOCK04/SES046/SA046S13	SES144	-0.572857	-64.3517	-63.7789
BLOCK04/SES046/SA046S13	SES147	-2.06628	-65.8451	-63.7789
BLOCK04/SES046/SA046S13	SES177	-0.803867	-64.5827	-63.7789
BLOCK04/SES046/SA046S15	SES048	-2.7992	-64.6252	-61.826
BLOCK04/SES046/SA046S15	SES083	-0.844158	-62.6702	-61.826
BLOCK04/SES046/SA046S15	SES120	-2.1224	-63.9484	-61.826
BLOCK04/SES046/SA046S15	SES148	-1.12802	-62.954	-61.826
BLOCK04/SES046/SA046S22	SES101	-0.334671	-63.6677	-63.333
BLOCK04/SES046/SA046S22	SES144	-0.38718	-63.7202	-63.333
BLOCK04/SES046/SA046S22	SES147	-1.65074	-64.9837	-63.333
BLOCK04/SES046/SA046S22	SES172	-1.43334	-64.7663	-63.333
BLOCK04/SES046/SA046S25	SES083	-1.2317	-64.0863	-62.8546
BLOCK04/SES046/SA046S25	SES127	-0.963741	-63.8183	-62.8546
BLOCK04/SES046/SA046S25	SES144	-0.915642	-63.7702	-62.8546
BLOCK04/SES046/SA046S25	SES148	-0.982433	-63.837	-62.8546
BLOCK04/SES046/SA046S28	SES007	-2.94946	-66.3485	-63.3991
BLOCK04/SES046/SA046S28	SES105	-2.25111	-65.6502	-63.3991
BLOCK04/SES046/SA046S28	SES147	-2.70434	-66.1034	-63.3991
BLOCK04/SES046/SA046S28	SES148	-0.667263	-64.0664	-63.3991
BLOCK04/SES049/SA049S16	SES104	-1.01348	-64.0071	-62.9936
BLOCK04/SES049/SA049S16	SES106	-1.2354	-64.229	-62.9936
BLOCK04/SES049/SA049S16	SES120	-2.19709	-65.1907	-62.9936
BLOCK04/SES049/SA049S16	SES206	-0.867081	-63.8607	-62.9936
BLOCK04/SES049/SA049S18	SES099	-0.502769	-64.4644	-63.9616
BLOCK04/SES049/SA049S18	SES104	-1.31022	-65.2719	-63.9616
BLOCK04/SES049/SA049S18	SES125	-1.9637	-65.9253	-63.9616
BLOCK04/SES049/SA049S18	SES206	-1.51096	-65.4726	-63.9616
BLOCK04/SES049/SA049S25	SES087	-0.419922	-63.3163	-62.8963
BLOCK04/SES049/SA049S25	SES104	0.151173	-62.7452	-62.8963
BLOCK04/SES049/SA049S25	SES125	-0.657509	-63.5539	-62.8963
BLOCK04/SES049/SA049S25	SES206	-0.137585	-63.0339	-62.8963
BLOCK04/SES049/SA049S27	SES099	-0.639545	-63.1857	-62.5462
BLOCK04/SES049/SA049S27	SES104	-0.0292206	-62.5754	-62.5462
BLOCK04/SES049/SA049S27	SES125	-1.20393	-63.7501	-62.5462
BLOCK04/SES049/SA049S27	SES206	-0.662365	-63.2085	-62.5462
BLOCK04/SES049/SA049S29	SES099	-0.122532	-61.7914	-61.6688
BLOCK04/SES049/SA049S29	SES104	0.293236	-61.3756	-61.6688
BLOCK04/SES049/SA049S29	SES125	-0.1796	-61.8484	-61.6688
BLOCK04/SES049/SA049S29	SES206	0.243885	-61.4249	-61.6688
BLOCK06/SES063/SA063S09	SES068	-1.99822	-64.3514	-62.3532
BLOCK06/SES063/SA063S09	SES083	-0.429371	-62.7826	-62.3532
BLOCK06/SES063/SA063S09	SES177	-1.05315	-63.4063	-62.3532
BLOCK06/SES063/SA063S09	SES187	-1.07547	-63.4286	-62.3532
BLOCK06/SES063/SA063S10	SES068	-1.39839	-64.5612	-63.1628
BLOCK06/SES063/SA063S10	SES083	0.0942612	-63.0686	-63.1628
BLOCK06/SES063/SA063S10	SES172	0.00413513	-63.1587	-63.1628
BLOCK06/SES063/SA063S10	SES187	-1.27936	-64.4422	-63.1628
BLOCK06/SES063/SA063S20	SES068	-2.5761	-65.7411	-63.165
BLOCK06/SES063/SA063S20	SES083	-0.574299	-63.7393	-63.165
BLOCK06/SES063/SA063S20	SES172	-0.964588	-64.1296	-63.165
BLOCK06/SES063/SA063S20	SES187	-0.844837	-64.0098	-63.165
BLOCK06/SES063/SA063S24	SES029	-1.98309	-64.3042	-62.3211
BLOCK06/SES063/SA063S24	SES083	-0.134975	-62.456	-62.3211
BLOCK06/SES063/SA063S24	SES177	-0.702106	-63.0232	-62.3211
BLOCK06/SES063/SA063S24	SES189	-0.6847	-63.0058	-62.3211
BLOCK06/SES063/SA063S27	SES083	-0.00548935	-63.7951	-63.7896
BLOCK06/SES063/SA063S27	SES172	-0.152145	-63.9417	-63.7896
BLOCK06/SES063/SA063S27	SES187	-1.12849	-64.9181	-63.7896
BLOCK06/SES063/SA063S27	SES292	-1.90069	-65.6903	-63.7896
BLOCK06/SES067/SA067S12	SES083	-1.39475	-64.0991	-62.7044
BLOCK06/SES067/SA067S12	SES172	-2.91001	-65.6144	-62.7044
BLOCK06/SES067/SA067S12	SES202	0.0969315	-62.6075	-62.7044
BLOCK06/SES067/SA067S12	SES292	-1.73106	-64.4355	-62.7044
BLOCK06/SES067/SA067S14	SES085	-1.27633	-62.8458	-61.5695
BLOCK06/SES067/SA067S14	SES177	-1.59937	-63.1689	-61.5695
BLOCK06/SES067/SA067S14	SES183	-1.77878	-63.3483	-61.5695
BLOCK06/SES067/SA067S14	SES202	-0.191132	-61.7606	-61.5695
BLOCK06/SES067/SA067S21	SES144	-0.664261	-64.1708	-63.5066
BLOCK06/SES067/SA067S21	SES177	-0.752625	-64.2592	-63.5066
BLOCK06/SES067/SA067S21	SES183	-3.2662	-66.7728	-63.5066
BLOCK06/SES067/SA067S21	SES189	-0.315525	-63.8221	-63.5066
BLOCK06/SES067/SA067S25	SES085	-0.716545	-63.6602	-62.9437
BLOCK06/SES067/SA067S25	SES177	-0.998547	-63.9422	-62.9437
BLOCK06/SES067/SA067S25	SES183	-1.86789	-64.8116	-62.9437
BLOCK06/SES067/SA067S25	SES202	-0.202473	-63.1462	-62.9437
BLOCK06/SES067/SA067S29	SES085	-1.11421	-64.5337	-63.4195
BLOCK06/SES067/SA067S29	SES177	-1.92576	-65.3452	-63.4195
BLOCK06/SES067/SA067S29	SES183	-0.953201	-64.3727	-63.4195
BLOCK06/SES067/SA067S29	SES202	0.562599	-62.8569	-63.4195
BLOCK06/SES069/SA069S12	SES029	-1.98799	-64.3424	-62.3544
BLOCK06/SES069/SA069S12	SES082	0.104061	-62.2504	-62.3544
BLOCK06/SES069/SA069S12	SES087	-1.21126	-63.5657	-62.3544
BLOCK06/SES069/SA069S12	SES206	-0.904297	-63.2587	-62.3544
BLOCK06/SES069/SA069S13	SES029	-2.65054	-64.5729	-61.9224
BLOCK06/SES069/SA069S13	SES087	-1.25925	-63.1816	-61.9224
BLOCK06/SES069/SA069S13	SES206	-1.1922	-63.1146	-61.9224
BLOCK06/SES069/SA069S13	SES226	-1.28085	-63.2032	-61.9224
BLOCK06/SES069/SA069S23	SES029	-1.68038	-62.2098	-60.5294
BLOCK06/SES069/SA069S23	SES087	-1.80761	-62.337	-60.5294
BLOCK06/SES069/SA069S23	SES206	-1.03771	-61.5671	-60.5294
BLOCK06/SES069/SA069S23	SES226	-0.499569	-61.029	-60.5294
BLOCK06/SES069/SA069S25	SES087	-0.773003	-61.7035	-60.9305
BLOCK06/SES069/SA069S25	SES206	-1.08717	-62.0177	-60.9305
BLOCK06/SES069/SA069S25	SES226	-0.635193	-61.5657	-60.9305
BLOCK06/SES069/SA069S25	SES270	-0.732719	-61.6632	-60.9305
BLOCK06/SES069/SA069S27	SES087	-1.37334	-62.6493	-61.2759
BLOCK06/SES069/SA069S27	SES206	-0.216808	-61.4927	-61.2759
BLOCK06/SES069/SA069S27	SES226	0.40863	-60.8673	-61.2759
BLOCK06/SES069/SA069S27	SES270	-0.705746	-61.9817	-61.2759
BLOCK08/SES081/SA081S11	SES060	-1.47858	-64.1198	-62.6412
BLOCK08/SES081/SA081S11	SES062	-3.03105	-65.6722	-62.6412
BLOCK08/SES081/SA081S11	SES117	-1.20922	-63.8504	-62.6412
BLOCK08/SES081/SA081S11	SES162	-0.982319	-63.6235	-62.6412
BLOCK08/SES081/SA081S13	SES016	-0.754688	-62.6733	-61.9186
BLOCK08/SES081/SA081S13	SES060	-0.731144	-62.6498	-61.9186
BLOCK08/SES081/SA081S13	SES068	-0.284721	-62.2033	-61.9186
BLOCK08/SES081/SA081S13	SES129	-1.72063	-63.6393	-61.9186
BLOCK08/SES081/SA081S24	SES060	-0.710567	-63.2414	-62.5308
BLOCK08/SES081/SA081S24	SES068	-1.56009	-64.0909	-62.5308
BLOCK08/SES081/SA081S24	SES117	-1.0468	-63.5776	-62.5308
BLOCK08/SES081/SA081S24	SES275	-1.77591	-64.3067	-62.5308
BLOCK08/SES081/SA081S27	SES007	-2.32922	-64.7124	-62.3832
BLOCK08/SES081/SA081S27	SES060	-1.56477	-63.948	-62.3832
BLOCK08/SES081/SA081S27	SES117	-0.625668	-63.0089	-62.3832
BLOCK08/SES081/SA081S27	SES275	-1.84933	-64.2326	-62.3832
BLOCK08/SES081/SA081S29	SES007	-1.79204	-63.7256	-61.9336
BLOCK08/SES081/SA081S29	SES060	-1.09597	-63.0295	-61.9336
BLOCK08/SES081/SA081S29	SES117	-0.810192	-62.7437	-61.9336
BLOCK08/SES081/SA081S29	SES275	-1.84264	-63.7762	-61.9336
BLOCK08/SES086/SA086S11	SES029	-4.07918	-67.9149	-63.8358
BLOCK08/SES086/SA086S11	SES082	-1.59824	-65.434	-63.8358
BLOCK08/SES086/SA086S11	SES087	-0.424831	-64.2606	-63.8358
BLOCK08/SES086/SA086S11	SES206	-1.60247	-65.4382	-63.8358
BLOCK08/SES086/SA086S12	SES029	-3.4113	-66.2691	-62.8578
BLOCK08/SES086/SA086S12	SES082	-0.495831	-63.3536	-62.8578
BLOCK08/SES086/SA086S12	SES087	1.00804	-61.8497	-62.8578
BLOCK08/SES086/SA086S12	SES206	-0.36694	-63.2247	-62.8578
BLOCK08/SES086/SA086S20	SES029	-4.10358	-65.7442	-61.6406
BLOCK08/SES086/SA086S20	SES082	-1.04475	-62.6854	-61.6406
BLOCK08/SES086/SA086S20	SES087	0.266323	-61.3743	-61.6406
BLOCK08/SES086/SA086S20	SES206	0.250629	-61.39	-61.6406
BLOCK08/SES086/SA086S24	SES087	0.897243	-61.622	-62.5193
BLOCK08/SES086/SA086S24	SES104	-0.78508	-63.3044	-62.5193
BLOCK08/SES086/SA086S24	SES120	-3.50848	-66.0278	-62.5193
BLOCK08/SES086/SA086S24	SES206	0.324356	-62.1949	-62.5193
BLOCK08/SES086/SA086S28	SES029	-2.98452	-64.537	-61.5525
BLOCK08/SES086/SA086S28	SES082	-0.934746	-62.4872	-61.5525
BLOCK08/SES086/SA086S28	SES087	0.864544	-60.6879	-61.5525
BLOCK08/SES086/SA086S28	SES206	-0.0927658	-61.6452	-61.5525
BLOCK08/SES089/SA089S13	SES087	-1.44592	-64.1627	-62.7168
BLOCK08/SES089/SA089S13	SES206	-2.02709	-64.7439	-62.7168
BLOCK08/SES089/SA089S13	SES226	-0.898624	-63.6154	-62.7168
BLOCK08/SES089/SA089S13	SES270	-2.31164	-65.0285	-62.7168
BLOCK08/SES089/SA089S14	SES062	-1.87354	-64.1589	-62.2854
BLOCK08/SES089/SA089S14	SES087	-0.394321	-62.6797	-62.2854
BLOCK08/SES089/SA089S14	SES206	-0.636784	-62.9221	-62.2854
BLOCK08/SES089/SA089S14	SES226	-0.0131607	-62.2985	-62.2854
BLOCK08/SES089/SA089S23	SES087	-1.19899	-65.2054	-64.0064
BLOCK08/SES089/SA089S23	SES206	-1.12801	-65.1344	-64.0064
BLOCK08/SES089/SA089S23	SES226	-1.07085	-65.0773	-64.0064
BLOCK08/SES089/SA089S23	SES270	-2.10159	-66.108	-64.0064
BLOCK08/SES089/SA089S25	SES062	-2.42791	-65	-62.5721
BLOCK08/SES089/SA089S25	SES087	-0.495293	-63.0674	-62.5721
BLOCK08/SES089/SA089S25	SES206	-1.53387	-64.106	-62.5721
BLOCK08/SES089/SA089S25	SES226	0.273781	-62.2984	-62.5721
BLOCK08/SES089/SA089S28	SES062	-1.68259	-64.7273	-63.0447
BLOCK08/SES089/SA089S28	SES087	-0.400951	-63.4456	-63.0447
BLOCK08/SES089/SA089S28	SES206	-0.308941	-63.3536	-63.0447
BLOCK08/SES089/SA089S28	SES226	0.440125	-62.6045	-63.0447
BLOCK09/SES097/SA097S11	SES099	0.0822906	-62.9737	-63.056
BLOCK09/SES097/SA097S11	SES125	-1.0164	-64.0724	-63.056
BLOCK09/SES097/SA097S11	SES206	-0.888577	-63.9446	-63.056
BLOCK09/SES097/SA097S11	SES226	0.505753	-62.5502	-63.056
BLOCK09/SES097/SA097S14	SES062	-2.43128	-65.2788	-62.8476
BLOCK09/SES097/SA097S14	SES099	-0.819427	-63.667	-62.8476
BLOCK09/SES097/SA097S14	SES104	-0.652699	-63.5003	-62.8476
BLOCK09/SES097/SA097S14	SES206	-1.12346	-63.971	-62.8476
BLOCK09/SES097/SA097S22	SES099	0.29858	-62.6353	-62.9339
BLOCK09/SES097/SA097S22	SES206	-0.879463	-63.8133	-62.9339
BLOCK09/SES097/SA097S22	SES226	-0.306282	-63.2402	-62.9339
BLOCK09/SES097/SA097S22	SES270	0.244541	-62.6893	-62.9339
BLOCK09/SES097/SA097S26	SES099	0.117725	-62.3107	-62.4284
BLOCK09/SES097/SA097S26	SES120	-2.74338	-65.1718	-62.4284
BLOCK09/SES097/SA097S26	SES206	-0.720341	-63.1487	-62.4284
BLOCK09/SES097/SA097S26	SES226	-0.681343	-63.1097	-62.4284
BLOCK09/SES097/SA097S28	SES099	-0.308689	-62.8275	-62.5188
BLOCK09/SES097/SA097S28	SES120	-2.07958	-64.5984	-62.5188
BLOCK09/SES097/SA097S28	SES206	-1.33694	-63.8558	-62.5188
BLOCK09/SES097/SA097S28	SES226	-0.930752	-63.4496	-62.5188
BLOCK09/SES098/SA098S11	SES127	-2.37701	-67.0271	-64.6501
BLOCK09/SES098/SA098S11	SES144	-1.23028	-65.8804	-64.6501
BLOCK09/SES098/SA098S11	SES147	-0.734253	-65.3843	-64.6501
BLOCK09/SES098/SA098S11	SES148	-2.4651	-67.1152	-64.6501
BLOCK09/SES098/SA098S12	SES127	-3.81268	-69.6146	-65.8019
BLOCK09/SES098/SA098S12	SES144	-1.41804	-67.2199	-65.8019
BLOCK09/SES098/SA098S12	SES147	-0.93541	-66.7373	-65.8019
BLOCK09/SES098/SA098S12	SES189	-0.098587	-65.9005	-65.8019
BLOCK09/SES098/SA098S20	SES127	-3.28128	-68.1021	-64.8208
BLOCK09/SES098/SA098S20	SES147	-0.399696	-65.2205	-64.8208
BLOCK09/SES098/SA098S20	SES148	-3.04453	-67.8653	-64.8208
BLOCK09/SES098/SA098S20	SES292	-3.23476	-68.0556	-64.8208
BLOCK09/SES098/SA098S23	SES127	-1.83305	-65.6359	-63.8028
BLOCK09/SES098/SA098S23	SES147	-0.583309	-64.3861	-63.8028
BLOCK09/SES098/SA098S23	SES187	-0.733486	-64.5363	-63.8028
BLOCK09/SES098/SA098S23	SES292	-2.87507	-66.6779	-63.8028
BLOCK09/SES098/SA098S27	SES127	-2.13293	-66.6014	-64.4684
BLOCK09/SES098/SA098S27	SES147	-1.73389	-66.2023	-64.4684
BLOCK09/SES098/SA098S27	SES148	-3.27384	-67.7423	-64.4684
BLOCK09/SES098/SA098S27	SES292	-2.4986	-66.967	-64.4684
BLOCK10/SES102/SA102S13	SES101	-0.278534	-64.1287	-63.8502
BLOCK10/SES102/SA102S13	SES105	-1.29939	-65.1496	-63.8502
BLOCK10/SES102/SA102S13	SES120	-1.13625	-64.9864	-63.8502
BLOCK10/SES102/SA102S13	SES158	-6.92146	-70.7716	-63.8502
BLOCK10/SES102/SA102S14	SES007	0.0594864	-62.1357	-62.1952
BLOCK10/SES102/SA102S14	SES101	0.104435	-62.0907	-62.1952
BLOCK10/SES102/SA102S14	SES105	-0.281597	-62.4768	-62.1952
BLOCK10/SES102/SA102S14	SES147	-2.44661	-64.6418	-62.1952
BLOCK10/SES102/SA102S22	SES007	-0.815594	-63.2662	-62.4506
BLOCK10/SES102/SA102S22	SES101	0.00849915	-62.4421	-62.4506
BLOCK10/SES102/SA102S22	SES105	-0.639469	-63.0901	-62.4506
BLOCK10/SES102/SA102S22	SES158	-3.76402	-66.2147	-62.4506
BLOCK10/SES102/SA102S25	SES007	-0.378204	-63.0863	-62.7081
BLOCK10/SES102/SA102S25	SES101	-0.160683	-62.8688	-62.7081
BLOCK10/SES102/SA102S25	SES105	-0.629471	-63.3376	-62.7081
BLOCK10/SES102/SA102S25	SES147	-3.71282	-66.4209	-62.7081
BLOCK10/SES102/SA102S27	SES007	-1.18894	-64.0577	-62.8688
BLOCK10/SES102/SA102S27	SES101	-0.266998	-63.1358	-62.8688
BLOCK10/SES102/SA102S27	SES105	-0.613907	-63.4827	-62.8688
BLOCK10/SES102/SA102S27	SES147	-2.3799	-65.2487	-62.8688
BLOCK10/SES103/SA103S14	SES105	-2.76884	-66.3133	-63.5444
BLOCK10/SES103/SA103S14	SES106	-0.147003	-63.6914	-63.5444
BLOCK10/SES103/SA103S14	SES120	-3.39321	-66.9376	-63.5444
BLOCK10/SES103/SA103S14	SES206	-1.16899	-64.7134	-63.5444
BLOCK10/SES103/SA103S15	SES099	-0.623207	-65.1034	-64.4802
BLOCK10/SES103/SA103S15	SES101	-3.65617	-68.1363	-64.4802
BLOCK10/SES103/SA103S15	SES104	-0.783928	-65.2641	-64.4802
BLOCK10/SES103/SA103S15	SES125	-0.752777	-65.2329	-64.4802
BLOCK10/SES103/SA103S24	SES104	-1.10381	-63.901	-62.7972
BLOCK10/SES103/SA103S24	SES125	-1.05688	-63.8541	-62.7972
BLOCK10/SES103/SA103S24	SES148	-2.98234	-65.7795	-62.7972
BLOCK10/SES103/SA103S24	SES158	-0.0135078	-62.8107	-62.7972
BLOCK10/SES103/SA103S26	SES104	-1.09641	-64.946	-63.8495
BLOCK10/SES103/SA103S26	SES106	-0.80061	-64.6502	-63.8495
BLOCK10/SES103/SA103S26	SES125	-0.920246	-64.7698	-63.8495
BLOCK10/SES103/SA103S26	SES148	-2.87272	-66.7223	-63.8495
BLOCK10/SES103/SA103S28	SES104	-1.46642	-66.0882	-64.6217
BLOCK10/SES103/SA103S28	SES106	-0.699142	-65.3209	-64.6217
BLOCK10/SES103/SA103S28	SES125	-1.8306	-66.4523	-64.6217
BLOCK10/SES103/SA103S28	SES206	-2.37337	-66.9951	-64.6217
BLOCK12/SES121/SA121S12	SES042	-2.02653	-66.8302	-64.8037
BLOCK12/SES121/SA121S12	SES087	-0.950447	-65.7541	-64.8037
BLOCK12/SES121/SA121S12	SES105	-1.69952	-66.5032	-64.8037
BLOCK12/SES121/SA121S12	SES206	-1.45962	-66.2633	-64.8037
BLOCK12/SES121/SA121S14	SES007	-3.21613	-68.621	-65.4049
BLOCK12/SES121/SA121S14	SES105	-2.60857	-68.0134	-65.4049
BLOCK12/SES121/SA121S14	SES106	-1.49051	-66.8954	-65.4049
BLOCK12/SES121/SA121S14	SES206	-1.59517	-67	-65.4049
BLOCK12/SES121/SA121S23	SES105	-2.11448	-67.2012	-65.0867
BLOCK12/SES121/SA121S23	SES106	-0.72596	-65.8126	-65.0867
BLOCK12/SES121/SA121S23	SES120	-2.76972	-67.8564	-65.0867
BLOCK12/SES121/SA121S23	SES206	-1.4659	-66.5526	-65.0867
BLOCK12/SES121/SA121S25	SES007	-3.15485	-68.8205	-65.6656
BLOCK12/SES121/SA121S25	SES105	-3.08311	-68.7487	-65.6656
BLOCK12/SES121/SA121S25	SES106	-1.56032	-67.2259	-65.6656
BLOCK12/SES121/SA121S25	SES206	-1.96864	-67.6342	-65.6656
BLOCK12/SES121/SA121S27	SES087	-0.921455	-65.135	-64.2136
BLOCK12/SES121/SA121S27	SES105	-3.64189	-67.8555	-64.2136
BLOCK12/SES121/SA121S27	SES120	-3.28386	-67.4975	-64.2136
BLOCK12/SES121/SA121S27	SES206	-1.4614	-65.675	-64.2136
BLOCK12/SES124/SA124S16	SES042	-0.496689	-62.994	-62.4974
BLOCK12/SES124/SA124S16	SES082	-0.639812	-63.1372	-62.4974
BLOCK12/SES124/SA124S16	SES183	-3.84842	-66.3458	-62.4974
BLOCK12/SES124/SA124S16	SES206	-1.51712	-64.0145	-62.4974
BLOCK12/SES124/SA124S17	SES105	-2.05614	-65.5488	-63.4927
BLOCK12/SES124/SA124S17	SES149	-1.36732	-64.86	-63.4927
BLOCK12/SES124/SA124S17	SES158	-1.42418	-64.9169	-63.4927
BLOCK12/SES124/SA124S17	SES275	-2.38597	-65.8787	-63.4927
BLOCK12/SES124/SA124S23	SES105	-3.01038	-63.8241	-60.8137
BLOCK12/SES124/SA124S23	SES125	0.0619087	-60.7518	-60.8137
BLOCK12/SES124/SA124S23	SES129	-3.67833	-64.4921	-60.8137
BLOCK12/SES124/SA124S23	SES158	-0.533722	-61.3474	-60.8137
BLOCK12/SES124/SA124S26	SES105	-3.91338	-65.9431	-62.0298
BLOCK12/SES124/SA124S26	SES125	-0.0718651	-62.1016	-62.0298
BLOCK12/SES124/SA124S26	SES129	-3.85857	-65.8883	-62.0298
BLOCK12/SES124/SA124S26	SES158	-0.922451	-62.9522	-62.0298
BLOCK12/SES124/SA124S28	SES104	-0.644302	-62.0411	-61.3968
BLOCK12/SES124/SA124S28	SES106	-0.128796	-61.5256	-61.3968
BLOCK12/SES124/SA124S28	SES125	-0.196545	-61.5933	-61.3968
BLOCK12/SES124/SA124S28	SES275	-3.41035	-64.8071	-61.3968
BLOCK12/SES126/SA126S13	SES007	-1.71166	-67.1032	-65.3915
BLOCK12/SES126/SA126S13	SES162	-1.27881	-66.6703	-65.3915
BLOCK12/SES126/SA126S13	SES177	-1.41061	-66.8021	-65.3915
BLOCK12/SES126/SA126S13	SES180	-1.43606	-66.8276	-65.3915
BLOCK12/SES126/SA126S14	SES144	-0.758305	-64.1911	-63.4328
BLOCK12/SES126/SA126S14	SES148	-1.20697	-64.6397	-63.4328
BLOCK12/SES126/SA126S14	SES177	-0.325386	-63.7582	-63.4328
BLOCK12/SES126/SA126S14	SES180	-0.516682	-63.9494	-63.4328
BLOCK12/SES126/SA126S20	SES007	-2.81049	-66.0614	-63.2509
BLOCK12/SES126/SA126S20	SES162	-1.43662	-64.6875	-63.2509
BLOCK12/SES126/SA126S20	SES172	-4.2283	-67.4792	-63.2509
BLOCK12/SES126/SA126S20	SES180	-1.06962	-64.3205	-63.2509
BLOCK12/SES126/SA126S24	SES120	-1.059	-63.9573	-62.8983
BLOCK12/SES126/SA126S24	SES162	-0.934929	-63.8332	-62.8983
BLOCK12/SES126/SA126S24	SES177	-1.11909	-64.0174	-62.8983
BLOCK12/SES126/SA126S24	SES180	-0.60881	-63.5071	-62.8983
BLOCK12/SES126/SA126S26	SES120	-0.886177	-64.8822	-63.996
BLOCK12/SES126/SA126S26	SES177	-1.27306	-65.2691	-63.996
BLOCK12/SES126/SA126S26	SES180	-1.20966	-65.2057	-63.996
BLOCK12/SES126/SA126S26	SES202	-2.02782	-66.0238	-63.996
BLOCK12/SES128/SA128S10	SES087	-1.61552	-64.2956	-62.6801
BLOCK12/SES128/SA128S10	SES206	-0.93383	-63.614	-62.6801
BLOCK12/SES128/SA128S10	SES226	-0.508934	-63.1891	-62.6801
BLOCK12/SES128/SA128S10	SES270	-0.591469	-63.2716	-62.6801
BLOCK12/SES128/SA128S12	SES120	-2.4406	-65.1581	-62.7175
BLOCK12/SES128/SA128S12	SES158	-0.944069	-63.6616	-62.7175
BLOCK12/SES128/SA128S12	SES206	-0.737869	-63.4554	-62.7175
BLOCK12/SES128/SA128S12	SES226	-0.923252	-63.6408	-62.7175
BLOCK12/SES128/SA128S21	SES106	-3.06353	-67.1435	-64.0799
BLOCK12/SES128/SA128S21	SES120	-1.70163	-65.7816	-64.0799
BLOCK12/SES128/SA128S21	SES206	-2.73597	-66.8159	-64.0799
BLOCK12/SES128/SA128S21	SES226	-1.47218	-65.5521	-64.0799
BLOCK12/SES128/SA128S24	SES087	-2.78054	-66.7975	-64.017
BLOCK12/SES128/SA128S24	SES120	-1.14662	-65.1636	-64.017
BLOCK12/SES128/SA128S24	SES206	-2.52187	-66.5388	-64.017
BLOCK12/SES128/SA128S24	SES226	-1.63054	-65.6475	-64.017
BLOCK12/SES128/SA128S27	SES099	-0.862827	-63.8459	-62.9831
BLOCK12/SES128/SA128S27	SES120	-1.48712	-64.4702	-62.9831
BLOCK12/SES128/SA128S27	SES206	-1.38992	-64.373	-62.9831
BLOCK12/SES128/SA128S27	SES226	-0.450718	-63.4338	-62.9831
BLOCK13/SES130/SA130S13	SES143	-2.04797	-67.0296	-64.9817
BLOCK13/SES130/SA130S13	SES144	0.114403	-64.8673	-64.9817
BLOCK13/SES130/SA130S13	SES146	-0.267639	-65.2493	-64.9817
BLOCK13/SES130/SA130S13	SES275	-2.39035	-67.372	-64.9817
BLOCK13/SES130/SA130S15	SES143	-1.60074	-65.2128	-63.612
BLOCK13/SES130/SA130S15	SES144	-0.541672	-64.1537	-63.612
BLOCK13/SES130/SA130S15	SES146	-0.402565	-64.0146	-63.612
BLOCK13/SES130/SA130S15	SES275	-0.933121	-64.5452	-63.612
BLOCK13/SES130/SA130S23	SES127	-2.43288	-67.5737	-65.1408
BLOCK13/SES130/SA130S23	SES144	-0.318398	-65.4592	-65.1408
BLOCK13/SES130/SA130S23	SES146	0.221771	-64.919	-65.1408
BLOCK13/SES130/SA130S23	SES162	-1.0814	-66.2222	-65.1408
BLOCK13/SES130/SA130S25	SES127	-2.01289	-65.2437	-63.2308
BLOCK13/SES130/SA130S25	SES144	0.191994	-63.0388	-63.2308
BLOCK13/SES130/SA130S25	SES146	-0.243637	-63.4744	-63.2308
BLOCK13/SES130/SA130S25	SES275	-0.451916	-63.6827	-63.2308
BLOCK13/SES130/SA130S28	SES127	-1.25106	-64.7869	-63.5359
BLOCK13/SES130/SA130S28	SES144	-0.394794	-63.9307	-63.5359
BLOCK13/SES130/SA130S28	SES146	-0.590435	-64.1263	-63.5359
BLOCK13/SES130/SA130S28	SES275	-0.534046	-64.0699	-63.5359
BLOCK13/SES131/SA131S13	SES002	-2.16636	-67.0403	-64.8739
BLOCK13/SES131/SA131S13	SES007	-3.49216	-68.3661	-64.8739
BLOCK13/SES131/SA131S13	SES099	-1.84532	-66.7193	-64.8739
BLOCK13/SES131/SA131S13	SES105	-2.29917	-67.1731	-64.8739
BLOCK13/SES131/SA131S14	SES104	-0.709976	-63.3283	-62.6183
BLOCK13/SES131/SA131S14	SES106	-0.263054	-62.8813	-62.6183
BLOCK13/SES131/SA131S14	SES125	-1.0444	-63.6627	-62.6183
BLOCK13/SES131/SA131S14	SES148	-1.92344	-64.5417	-62.6183
BLOCK13/SES131/SA131S20	SES104	-1.20783	-65.3548	-64.1469
BLOCK13/SES131/SA131S20	SES106	-0.112846	-64.2598	-64.1469
BLOCK13/SES131/SA131S20	SES125	-1.2911	-65.438	-64.1469
BLOCK13/SES131/SA131S20	SES148	-2.81669	-66.9636	-64.1469
BLOCK13/SES131/SA131S22	SES099	-0.970993	-64.2285	-63.2575
BLOCK13/SES131/SA131S22	SES104	-1.07646	-64.334	-63.2575
BLOCK13/SES131/SA131S22	SES125	-1.25237	-64.5099	-63.2575
BLOCK13/SES131/SA131S22	SES206	-1.28882	-64.5463	-63.2575
BLOCK13/SES131/SA131S29	SES087	-0.895653	-64.7804	-63.8848
BLOCK13/SES131/SA131S29	SES104	-1.64524	-65.53	-63.8848
BLOCK13/SES131/SA131S29	SES125	-1.61178	-65.4966	-63.8848
BLOCK13/SES131/SA131S29	SES206	-1.47006	-65.3548	-63.8848
BLOCK13/SES132/SA132S11	SES083	-1.16254	-63.6655	-62.503
BLOCK13/SES132/SA132S11	SES120	-0.0314522	-62.5344	-62.503
BLOCK13/SES132/SA132S11	SES127	-0.520687	-63.0236	-62.503
BLOCK13/SES132/SA132S11	SES275	-1.28339	-63.7863	-62.503
BLOCK13/SES132/SA132S12	SES083	-1.3525	-63.6593	-62.3068
BLOCK13/SES132/SA132S12	SES143	-1.10429	-63.4111	-62.3068
BLOCK13/SES132/SA132S12	SES144	-1.0275	-63.3343	-62.3068
BLOCK13/SES132/SA132S12	SES148	-1.02342	-63.3302	-62.3068
BLOCK13/SES132/SA132S22	SES062	-0.485233	-62.8144	-62.3291
BLOCK13/SES132/SA132S22	SES083	-1.22822	-63.5574	-62.3291
BLOCK13/SES132/SA132S22	SES127	-0.556301	-62.8854	-62.3291
BLOCK13/SES132/SA132S22	SES275	-1.07041	-63.3996	-62.3291
BLOCK13/SES132/SA132S24	SES007	-0.933754	-63.3206	-62.3868
BLOCK13/SES132/SA132S24	SES083	-1.41351	-63.8004	-62.3868
BLOCK13/SES132/SA132S24	SES127	-0.834431	-63.2213	-62.3868
BLOCK13/SES132/SA132S24	SES275	-1.47978	-63.8666	-62.3868
BLOCK13/SES132/SA132S27	SES083	-1.70699	-64.4954	-62.7884
BLOCK13/SES132/SA132S27	SES120	-0.410709	-63.1992	-62.7884
BLOCK13/SES132/SA132S27	SES127	-1.38122	-64.1697	-62.7884
BLOCK13/SES132/SA132S27	SES275	-1.54025	-64.3287	-62.7884
BLOCK14/SES141/SA141S09	SES143	-0.501911	-63.5139	-63.012
BLOCK14/SES141/SA141S09	SES144	-0.709343	-63.7213	-63.012
BLOCK14/SES141/SA141S09	SES162	-0.999107	-64.0111	-63.012
BLOCK14/SES141/SA141S09	SES180	-0.821041	-63.833	-63.012
BLOCK14/SES141/SA141S15	SES127	-1.34279	-64.7904	-63.4476
BLOCK14/SES141/SA141S15	SES144	-1.37933	-64.827	-63.4476
BLOCK14/SES141/SA141S15	SES162	-0.847466	-64.2951	-63.4476
BLOCK14/SES141/SA141S15	SES180	-1.07613	-64.5238	-63.4476
BLOCK14/SES141/SA141S24	SES127	-0.499779	-63.691	-63.1912
BLOCK14/SES141/SA141S24	SES144	-1.5575	-64.7487	-63.1912
BLOCK14/SES141/SA141S24	SES162	-0.68362	-63.8749	-63.1912
BLOCK14/SES141/SA141S24	SES183	-2.04259	-65.2338	-63.1912
BLOCK14/SES141/SA141S26	SES142	-1.20115	-65.1182	-63.917
BLOCK14/SES141/SA141S26	SES144	-1.38367	-65.3007	-63.917
BLOCK14/SES141/SA141S26	SES172	-1.65448	-65.5715	-63.917
BLOCK14/SES141/SA141S26	SES180	-0.484184	-64.4012	-63.917
BLOCK14/SES141/SA141S29	SES127	-0.469864	-63.3906	-62.9207
BLOCK14/SES141/SA141S29	SES142	-0.526653	-63.4474	-62.9207
BLOCK14/SES141/SA141S29	SES144	-1.1916	-64.1123	-62.9207
BLOCK14/SES141/SA141S29	SES180	-0.243137	-63.1639	-62.9207
BLOCK15/SES157/SA157S08	SES083	-2.42776	-65.6124	-63.1846
BLOCK15/SES157/SA157S08	SES127	-1.66293	-64.8476	-63.1846
BLOCK15/SES157/SA157S08	SES148	-1.13364	-64.3183	-63.1846
BLOCK15/SES157/SA157S08	SES292	-1.23856	-64.4232	-63.1846
BLOCK15/SES157/SA157S11	SES083	-1.55633	-64.6821	-63.1258
BLOCK15/SES157/SA157S11	SES127	-2.25537	-65.3812	-63.1258
BLOCK15/SES157/SA157S11	SES148	-1.18363	-64.3094	-63.1258
BLOCK15/SES157/SA157S11	SES292	-1.60356	-64.7294	-63.1258
BLOCK15/SES157/SA157S21	SES127	-2.21717	-64.9837	-62.7665
BLOCK15/SES157/SA157S21	SES148	-0.915493	-63.682	-62.7665
BLOCK15/SES157/SA157S21	SES158	-4.19344	-66.9599	-62.7665
BLOCK15/SES157/SA157S21	SES292	-1.06921	-63.8357	-62.7665
BLOCK15/SES157/SA157S24	SES127	-2.08919	-64.931	-62.8418
BLOCK15/SES157/SA157S24	SES148	-1.10225	-63.9441	-62.8418
BLOCK15/SES157/SA157S24	SES183	-1.9785	-64.8203	-62.8418
BLOCK15/SES157/SA157S24	SES292	-1.49048	-64.3323	-62.8418
BLOCK15/SES157/SA157S26	SES007	-0.563015	-63.4179	-62.8549
BLOCK15/SES157/SA157S26	SES127	-0.599457	-63.4543	-62.8549
BLOCK15/SES157/SA157S26	SES147	-2.95126	-65.8062	-62.8549
BLOCK15/SES157/SA157S26	SES148	-0.873112	-63.728	-62.8549
BLOCK16/SES161/SA161S10	SES007	-2.34091	-66.9715	-64.6306
BLOCK16/SES161/SA161S10	SES105	-1.25494	-65.8855	-64.6306
BLOCK16/SES161/SA161S10	SES158	-2.10462	-66.7352	-64.6306
BLOCK16/SES161/SA161S10	SES275	-1.72422	-66.3548	-64.6306
BLOCK16/SES161/SA161S12	SES007	-1.21213	-65.2497	-64.0376
BLOCK16/SES161/SA161S12	SES105	-1.67669	-65.7143	-64.0376
BLOCK16/SES161/SA161S12	SES158	-1.20022	-65.2378	-64.0376
BLOCK16/SES161/SA161S12	SES275	-1.21862	-65.2562	-64.0376
BLOCK16/SES161/SA161S20	SES007	-2.13651	-67.7363	-65.5998
BLOCK16/SES161/SA161S20	SES105	-1.51273	-67.1125	-65.5998
BLOCK16/SES161/SA161S20	SES158	-1.35236	-66.9521	-65.5998
BLOCK16/SES161/SA161S20	SES275	-1.522	-67.1218	-65.5998
BLOCK16/SES161/SA161S23	SES007	-2.28982	-65.7673	-63.4775
BLOCK16/SES161/SA161S23	SES105	-1.34121	-64.8187	-63.4775
BLOCK16/SES161/SA161S23	SES148	-2.52425	-66.0017	-63.4775
BLOCK16/SES161/SA161S23	SES158	-1.36308	-64.8406	-63.4775
BLOCK16/SES161/SA161S28	SES007	-2.33053	-66.3813	-64.0508
BLOCK16/SES161/SA161S28	SES105	-1.62013	-65.6709	-64.0508
BLOCK16/SES161/SA161S28	SES158	-0.583778	-64.6345	-64.0508
BLOCK16/SES161/SA161S28	SES206	-1.53791	-65.5887	-64.0508
BLOCK16/SES164/SA164S11	SES104	-1.39673	-63.315	-61.9183
BLOCK16/SES164/SA164S11	SES125	-0.200481	-62.1187	-61.9183
BLOCK16/SES164/SA164S11	SES158	0.287262	-61.631	-61.9183
BLOCK16/SES164/SA164S11	SES206	-1.08955	-63.0078	-61.9183
BLOCK16/SES164/SA164S13	SES099	-0.446144	-63.4967	-63.0506
BLOCK16/SES164/SA164S13	SES104	-1.33681	-64.3874	-63.0506
BLOCK16/SES164/SA164S13	SES125	-1.09535	-64.1459	-63.0506
BLOCK16/SES164/SA164S13	SES206	-0.904282	-63.9549	-63.0506
BLOCK16/SES164/SA164S24	SES002	0.271702	-62.3464	-62.6181
BLOCK16/SES164/SA164S24	SES099	-0.399548	-63.0177	-62.6181
BLOCK16/SES164/SA164S24	SES125	-1.00654	-63.6247	-62.6181
BLOCK16/SES164/SA164S24	SES226	-0.328354	-62.9465	-62.6181
BLOCK16/SES164/SA164S27	SES087	-1.55185	-64.9877	-63.4359
BLOCK16/SES164/SA164S27	SES125	-0.959187	-64.3951	-63.4359
BLOCK16/SES164/SA164S27	SES206	-0.920589	-64.3565	-63.4359
BLOCK16/SES164/SA164S27	SES226	-0.850361	-64.2863	-63.4359
BLOCK16/SES164/SA164S29	SES002	0.56501	-61.8248	-62.3898
BLOCK16/SES164/SA164S29	SES019	-0.945381	-63.3352	-62.3898
BLOCK16/SES164/SA164S29	SES125	-0.50602	-62.8958	-62.3898
BLOCK16/SES164/SA164S29	SES226	-0.646618	-63.0364	-62.3898
BLOCK16/SES169/SA169S13	SES117	-1.45714	-64.8979	-63.4407
BLOCK16/SES169/SA169S13	SES144	-0.807228	-64.248	-63.4407
BLOCK16/SES169/SA169S13	SES146	-0.47263	-63.9134	-63.4407
BLOCK16/SES169/SA169S13	SES162	-2.00154	-65.4423	-63.4407
BLOCK16/SES169/SA169S14	SES144	-0.556633	-63.0358	-62.4792
BLOCK16/SES169/SA169S14	SES148	-0.819412	-63.2986	-62.4792
BLOCK16/SES169/SA169S14	SES177	-1.52538	-64.0046	-62.4792
BLOCK16/SES169/SA169S14	SES180	-2.41462	-64.8938	-62.4792
BLOCK16/SES169/SA169S24	SES117	-0.95578	-64.8173	-63.8615
BLOCK16/SES169/SA169S24	SES144	-0.754547	-64.616	-63.8615
BLOCK16/SES169/SA169S24	SES146	-0.640991	-64.5025	-63.8615
BLOCK16/SES169/SA169S24	SES162	-1.75823	-65.6197	-63.8615
BLOCK16/SES169/SA169S27	SES127	-1.20314	-64.5828	-63.3796
BLOCK16/SES169/SA169S27	SES129	-1.17979	-64.5594	-63.3796
BLOCK16/SES169/SA169S27	SES144	-1.18024	-64.5599	-63.3796
BLOCK16/SES169/SA169S27	SES146	-0.570194	-63.9498	-63.3796
BLOCK16/SES169/SA169S29	SES144	-0.624634	-63.5636	-62.939
BLOCK16/SES169/SA169S29	SES162	-1.52622	-64.4652	-62.939
BLOCK16/SES169/SA169S29	SES177	-2.33096	-65.2699	-62.939
BLOCK16/SES169/SA169S29	SES180	-1.71136	-64.6503	-62.939
BLOCK17/SES171/SA171S12	SES083	-1.46818	-64.9032	-63.435
BLOCK17/SES171/SA171S12	SES148	-1.3298	-64.7648	-63.435
BLOCK17/SES171/SA171S12	SES172	-1.8401	-65.2751	-63.435
BLOCK17/SES171/SA171S12	SES292	-1.94163	-65.3767	-63.435
BLOCK17/SES171/SA171S15	SES148	-1.14169	-65.4744	-64.3327
BLOCK17/SES171/SA171S15	SES177	-1.18753	-65.5203	-64.3327
BLOCK17/SES171/SA171S15	SES180	-2.54211	-66.8748	-64.3327
BLOCK17/SES171/SA171S15	SES292	-2.81872	-67.1515	-64.3327
BLOCK17/SES171/SA171S22	SES007	-1.74204	-64.4696	-62.7275
BLOCK17/SES171/SA171S22	SES148	-0.957184	-63.6847	-62.7275
BLOCK17/SES171/SA171S22	SES177	-0.447395	-63.1749	-62.7275
BLOCK17/SES171/SA171S22	SES180	-1.43624	-64.1637	-62.7275
BLOCK17/SES171/SA171S25	SES101	-2.7681	-67.1395	-64.3714
BLOCK17/SES171/SA171S25	SES120	-3.30602	-67.6774	-64.3714
BLOCK17/SES171/SA171S25	SES177	-1.16312	-65.5345	-64.3714
BLOCK17/SES171/SA171S25	SES180	-1.99793	-66.3693	-64.3714
BLOCK17/SES171/SA171S27	SES177	-0.289257	-63.8872	-63.5979
BLOCK17/SES171/SA171S27	SES180	-1.54151	-65.1394	-63.5979
BLOCK17/SES171/SA171S27	SES189	-0.686169	-64.2841	-63.5979
BLOCK17/SES171/SA171S27	SES292	-2.17739	-65.7753	-63.5979
BLOCK17/SES173/SA173S13	SES162	-2.06732	-66.8212	-64.7539
BLOCK17/SES173/SA173S13	SES177	-2.01955	-66.7735	-64.7539
BLOCK17/SES173/SA173S13	SES180	-2.02975	-66.7837	-64.7539
BLOCK17/SES173/SA173S13	SES292	-1.95996	-66.7139	-64.7539
BLOCK17/SES173/SA173S14	SES007	-3.03042	-67.8531	-64.8227
BLOCK17/SES173/SA173S14	SES162	-1.86301	-66.6857	-64.8227
BLOCK17/SES173/SA173S14	SES177	-1.22609	-66.0488	-64.8227
BLOCK17/SES173/SA173S14	SES180	-2.28782	-67.1105	-64.8227
BLOCK17/SES173/SA173S24	SES144	-1.39101	-66.7905	-65.3995
BLOCK17/SES173/SA173S24	SES162	-1.48183	-66.8813	-65.3995
BLOCK17/SES173/SA173S24	SES177	-1.54845	-66.9479	-65.3995
BLOCK17/SES173/SA173S24	SES180	-1.59907	-66.9986	-65.3995
BLOCK17/SES173/SA173S27	SES162	-2.36884	-67.1718	-64.803
BLOCK17/SES173/SA173S27	SES177	-1.0726	-65.8756	-64.803
BLOCK17/SES173/SA173S27	SES180	-1.99165	-66.7946	-64.803
BLOCK17/SES173/SA173S27	SES292	-2.21954	-67.0225	-64.803
BLOCK17/SES173/SA173S29	SES162	-1.63258	-66.2766	-64.6441
BLOCK17/SES173/SA173S29	SES175	-0.542709	-65.1868	-64.6441
BLOCK17/SES173/SA173S29	SES177	-1.19611	-65.8402	-64.6441
BLOCK17/SES173/SA173S29	SES292	-2.87156	-67.5156	-64.6441
BLOCK18/SES182/SA182S10	SES144	-0.725792	-63.8721	-63.1463
BLOCK18/SES182/SA182S10	SES177	-1.05484	-64.2011	-63.1463
BLOCK18/SES182/SA182S10	SES180	-1.78834	-64.9346	-63.1463
BLOCK18/SES182/SA182S10	SES275	-0.742889	-63.8892	-63.1463
BLOCK18/SES182/SA182S12	SES144	-0.926182	-63.111	-62.1849
BLOCK18/SES182/SA182S12	SES177	-1.16351	-63.3484	-62.1849
BLOCK18/SES182/SA182S12	SES180	-1.28796	-63.4728	-62.1849
BLOCK18/SES182/SA182S12	SES275	-1.49649	-63.6814	-62.1849
BLOCK18/SES182/SA182S21	SES117	-0.669945	-64.6226	-63.9526
BLOCK18/SES182/SA182S21	SES144	-1.40038	-65.353	-63.9526
BLOCK18/SES182/SA182S21	SES162	-0.531708	-64.4843	-63.9526
BLOCK18/SES182/SA182S21	SES180	-1.4884	-65.441	-63.9526
BLOCK18/SES182/SA182S23	SES117	-0.87368	-64.3769	-63.5032
BLOCK18/SES182/SA182S23	SES144	-1.2521	-64.7553	-63.5032
BLOCK18/SES182/SA182S23	SES180	-1.66508	-65.1683	-63.5032
BLOCK18/SES182/SA182S23	SES275	-1.59764	-65.1009	-63.5032
BLOCK18/SES182/SA182S25	SES007	-0.866501	-64.1963	-63.3298
BLOCK18/SES182/SA182S25	SES162	-0.485458	-63.8153	-63.3298
BLOCK18/SES182/SA182S25	SES177	-0.570267	-63.9001	-63.3298
BLOCK18/SES182/SA182S25	SES180	-1.24505	-64.5749	-63.3298
BLOCK18/SES184/SA184S12	SES177	-0.956032	-64.3515	-63.3954
BLOCK18/SES184/SA184S12	SES180	-0.677757	-64.0732	-63.3954
BLOCK18/SES184/SA184S12	SES189	-2.76746	-66.1629	-63.3954
BLOCK18/SES184/SA184S12	SES292	-1.40347	-64.7989	-63.3954
BLOCK18/SES184/SA184S13	SES101	-0.957096	-64.5014	-63.5443
BLOCK18/SES184/SA184S13	SES177	-0.942783	-64.4871	-63.5443
BLOCK18/SES184/SA184S13	SES180	-1.47028	-65.0146	-63.5443
BLOCK18/SES184/SA184S13	SES292	-1.39328	-64.9376	-63.5443
BLOCK18/SES184/SA184S22	SES177	-1.12968	-63.8697	-62.74
BLOCK18/SES184/SA184S22	SES180	-1.38808	-64.1281	-62.74
BLOCK18/SES184/SA184S22	SES189	-2.06627	-64.8063	-62.74
BLOCK18/SES184/SA184S22	SES292	-1.46121	-64.2012	-62.74
BLOCK18/SES184/SA184S25	SES101	-0.48785	-62.9199	-62.4321
BLOCK18/SES184/SA184S25	SES177	-1.60609	-64.0382	-62.4321
BLOCK18/SES184/SA184S25	SES180	-1.46973	-63.9018	-62.4321
BLOCK18/SES184/SA184S25	SES292	-0.87487	-63.307	-62.4321
BLOCK18/SES184/SA184S27	SES083	-1.41327	-64.1609	-62.7477
BLOCK18/SES184/SA184S27	SES177	-1.246	-63.9937	-62.7477
BLOCK18/SES184/SA184S27	SES202	-2.98932	-65.737	-62.7477
BLOCK18/SES184/SA184S27	SES292	-1.35982	-64.1075	-62.7477
BLOCK20/SES204/SA204S12	SES062	-2.19384	-64.1369	-61.9431
BLOCK20/SES204/SA204S12	SES083	-2.52316	-64.4662	-61.9431
BLOCK20/SES204/SA204S12	SES206	-0.454998	-62.3981	-61.9431
BLOCK20/SES204/SA204S12	SES226	-1.19278	-63.1359	-61.9431
BLOCK20/SES204/SA204S14	SES068	-2.99531	-64.1755	-61.1802
BLOCK20/SES204/SA204S14	SES087	-0.390224	-61.5704	-61.1802
BLOCK20/SES204/SA204S14	SES206	-0.523048	-61.7032	-61.1802
BLOCK20/SES204/SA204S14	SES226	-0.98978	-62.17	-61.1802
BLOCK20/SES204/SA204S22	SES068	-3.15252	-64.7961	-61.6436
BLOCK20/SES204/SA204S22	SES082	-1.93328	-63.5769	-61.6436
BLOCK20/SES204/SA204S22	SES083	-2.75411	-64.3977	-61.6436
BLOCK20/SES204/SA204S22	SES206	-0.820072	-62.4636	-61.6436
BLOCK20/SES204/SA204S25	SES062	-3.26987	-65.1227	-61.8528
BLOCK20/SES204/SA204S25	SES083	-2.91443	-64.7672	-61.8528
BLOCK20/SES204/SA204S25	SES206	-0.188755	-62.0415	-61.8528
BLOCK20/SES204/SA204S25	SES226	-1.12022	-62.973	-61.8528
BLOCK20/SES204/SA204S27	SES068	-3.39907	-66.1041	-62.7051
BLOCK20/SES204/SA204S27	SES082	-1.32053	-64.0256	-62.7051
BLOCK20/SES204/SA204S27	SES087	-0.636173	-63.3412	-62.7051
BLOCK20/SES204/SA204S27	SES206	-0.420933	-63.126	-62.7051
BLOCK20/SES207/SA207S10	SES127	-0.605339	-63.9835	-63.3782
BLOCK20/SES207/SA207S10	SES183	-1.52371	-64.9019	-63.3782
BLOCK20/SES207/SA207S10	SES189	-1.03227	-64.4105	-63.3782
BLOCK20/SES207/SA207S10	SES292	-1.35033	-64.7285	-63.3782
BLOCK20/SES207/SA207S11	SES127	-1.97794	-64.7143	-62.7363
BLOCK20/SES207/SA207S11	SES183	-1.8902	-64.6265	-62.7363
BLOCK20/SES207/SA207S11	SES187	-1.01333	-63.7496	-62.7363
BLOCK20/SES207/SA207S11	SES292	-1.79358	-64.5299	-62.7363
BLOCK20/SES207/SA207S25	SES068	-1.90004	-65.4203	-63.5203
BLOCK20/SES207/SA207S25	SES083	-2.14481	-65.6651	-63.5203
BLOCK20/SES207/SA207S25	SES127	-1.19612	-64.7164	-63.5203
BLOCK20/SES207/SA207S25	SES187	-0.646061	-64.1663	-63.5203
BLOCK20/SES207/SA207S27	SES127	-0.904797	-64.742	-63.8372
BLOCK20/SES207/SA207S27	SES183	-1.13813	-64.9753	-63.8372
BLOCK20/SES207/SA207S27	SES187	-0.729755	-64.567	-63.8372
BLOCK20/SES207/SA207S27	SES292	-1.47532	-65.3125	-63.8372
BLOCK20/SES207/SA207S29	SES083	-1.78402	-64.7995	-63.0155
BLOCK20/SES207/SA207S29	SES085	-1.0071	-64.0226	-63.0155
BLOCK20/SES207/SA207S29	SES172	-2.40058	-65.4161	-63.0155
BLOCK20/SES207/SA207S29	SES189	-1.60858	-64.6241	-63.0155
BLOCK22/SES221/SA221S12	SES068	-2.419	-65.7074	-63.2884
BLOCK22/SES221/SA221S12	SES143	-1.33813	-64.6265	-63.2884
BLOCK22/SES221/SA221S12	SES175	-0.946537	-64.2349	-63.2884
BLOCK22/SES221/SA221S12	SES202	-0.537113	-63.8255	-63.2884
BLOCK22/SES221/SA221S15	SES085	-3.17095	-67.8916	-64.7206
BLOCK22/SES221/SA221S15	SES143	-2.02296	-66.7436	-64.7206
BLOCK22/SES221/SA221S15	SES175	-1.60718	-66.3278	-64.7206
BLOCK22/SES221/SA221S15	SES187	-1.40786	-66.1285	-64.7206
BLOCK22/SES221/SA221S23	SES068	-2.66462	-66.3412	-63.6766
BLOCK22/SES221/SA221S23	SES143	-1.51836	-65.195	-63.6766
BLOCK22/SES221/SA221S23	SES175	-0.489014	-64.1656	-63.6766
BLOCK22/SES221/SA221S23	SES189	0.800507	-62.8761	-63.6766
BLOCK22/SES221/SA221S27	SES085	-4.31957	-67.7218	-63.4022
BLOCK22/SES221/SA221S27	SES143	-1.57941	-64.9816	-63.4022
BLOCK22/SES221/SA221S27	SES175	-1.0322	-64.4344	-63.4022
BLOCK22/SES221/SA221S27	SES189	0.645138	-62.757	-63.4022
BLOCK22/SES221/SA221S29	SES085	-5.19557	-70.4186	-65.223
BLOCK22/SES221/SA221S29	SES143	-2.79792	-68.0209	-65.223
BLOCK22/SES221/SA221S29	SES175	-1.60041	-66.8234	-65.223
BLOCK22/SES221/SA221S29	SES187	0.0359497	-65.1871	-65.223
BLOCK22/SES223/SA223S11	SES143	-0.669632	-64.8931	-64.2234
BLOCK22/SES223/SA223S11	SES144	-1.43922	-65.6626	-64.2234
BLOCK22/SES223/SA223S11	SES175	-0.640839	-64.8643	-64.2234
BLOCK22/SES223/SA223S11	SES187	-0.960739	-65.1842	-64.2234
BLOCK22/SES223/SA223S13	SES068	-2.32886	-67.4809	-65.152
BLOCK22/SES223/SA223S13	SES143	-1.71176	-66.8638	-65.152
BLOCK22/SES223/SA223S13	SES146	-1.23356	-66.3856	-65.152
BLOCK22/SES223/SA223S13	SES202	-1.35323	-66.5052	-65.152
BLOCK22/SES223/SA223S22	SES143	-0.995049	-65.2117	-64.2166
BLOCK22/SES223/SA223S22	SES144	-1.41249	-65.6291	-64.2166
BLOCK22/SES223/SA223S22	SES175	-1.24357	-65.4602	-64.2166
BLOCK22/SES223/SA223S22	SES187	-1.22058	-65.4372	-64.2166
BLOCK22/SES223/SA223S25	SES068	-2.45937	-66.7122	-64.2529
BLOCK22/SES223/SA223S25	SES143	-1.21426	-65.4671	-64.2529
BLOCK22/SES223/SA223S25	SES175	-0.825073	-65.0779	-64.2529
BLOCK22/SES223/SA223S25	SES187	-0.719078	-64.972	-64.2529
BLOCK22/SES223/SA223S27	SES143	-0.665207	-65.5605	-64.8953
BLOCK22/SES223/SA223S27	SES146	-1.05605	-65.9514	-64.8953
BLOCK22/SES223/SA223S27	SES187	-0.112114	-65.0074	-64.8953
BLOCK22/SES223/SA223S27	SES292	-1.97677	-66.8721	-64.8953
BLOCK27/SES273/SA273S12	SES099	-0.201012	-60.6632	-60.4622
BLOCK27/SES273/SA273S12	SES104	0.138321	-60.3239	-60.4622
BLOCK27/SES273/SA273S12	SES125	-0.193024	-60.6552	-60.4622
BLOCK27/SES273/SA273S12	SES206	0.527172	-59.935	-60.4622
BLOCK27/SES273/SA273S13	SES099	-0.369137	-61.004	-60.6348
BLOCK27/SES273/SA273S13	SES104	-0.0686569	-60.7035	-60.6348
BLOCK27/SES273/SA273S13	SES206	0.276207	-60.3586	-60.6348
BLOCK27/SES273/SA273S13	SES292	-2.73101	-63.3658	-60.6348
BLOCK27/SES273/SA273S21	SES099	-0.0068779	-60.764	-60.7571
BLOCK27/SES273/SA273S21	SES148	-3.11976	-63.8769	-60.7571
BLOCK27/SES273/SA273S21	SES149	-0.322029	-61.0791	-60.7571
BLOCK27/SES273/SA273S21	SES177	-3.40338	-64.1605	-60.7571
BLOCK27/SES273/SA273S25	SES104	-0.28204	-60.8366	-60.5545
BLOCK27/SES273/SA273S25	SES125	-0.413551	-60.9681	-60.5545
BLOCK27/SES273/SA273S25	SES158	-0.158138	-60.7127	-60.5545
BLOCK27/SES273/SA273S25	SES206	0.565704	-59.9888	-60.5545
BLOCK27/SES273/SA273S27	SES099	-0.0472031	-60.8442	-60.797
BLOCK27/SES273/SA273S27	SES104	-0.520073	-61.3171	-60.797
BLOCK27/SES273/SA273S27	SES149	-0.578114	-61.3751	-60.797
BLOCK27/SES273/SA273S27	SES275	-1.71628	-62.5133	-60.797
BLOCK27/SES274/SA274S10	SES105	-1.77251	-63.3911	-61.6185
BLOCK27/SES274/SA274S10	SES125	-0.327667	-61.9462	-61.6185
BLOCK27/SES274/SA274S10	SES129	-1.1826	-62.8011	-61.6185
BLOCK27/SES274/SA274S10	SES158	-1.34339	-62.9619	-61.6185
BLOCK27/SES274/SA274S11	SES105	-2.1847	-63.8543	-61.6696
BLOCK27/SES274/SA274S11	SES149	-0.96899	-62.6386	-61.6696
BLOCK27/SES274/SA274S11	SES158	-0.923214	-62.5928	-61.6696
BLOCK27/SES274/SA274S11	SES275	-2.02001	-63.6896	-61.6696
BLOCK27/SES274/SA274S21	SES105	-1.62953	-63.8866	-62.2571
BLOCK27/SES274/SA274S21	SES129	-1.8058	-64.0629	-62.2571
BLOCK27/SES274/SA274S21	SES149	-0.746521	-63.0036	-62.2571
BLOCK27/SES274/SA274S21	SES158	-1.93986	-64.1969	-62.2571
BLOCK27/SES274/SA274S24	SES105	-1.67449	-63.6741	-61.9996
BLOCK27/SES274/SA274S24	SES129	-2.05777	-64.0574	-61.9996
BLOCK27/SES274/SA274S24	SES149	-0.730423	-62.7301	-61.9996
BLOCK27/SES274/SA274S24	SES158	-1.45255	-63.4522	-61.9996
BLOCK27/SES274/SA274S29	SES105	-2.17147	-64.1409	-61.9695
BLOCK27/SES274/SA274S29	SES106	-1.43483	-63.4043	-61.9695
BLOCK27/SES274/SA274S29	SES120	-2.13256	-64.102	-61.9695
BLOCK27/SES274/SA274S29	SES275	-2.07502	-64.0445	-61.9695
BLOCK27/SES276/SA276S16	SES148	-1.32351	-65.1208	-63.7973
BLOCK27/SES276/SA276S16	SES172	-1.58395	-65.3813	-63.7973
BLOCK27/SES276/SA276S16	SES180	-2.02122	-65.8186	-63.7973
BLOCK27/SES276/SA276S16	SES292	-0.253235	-64.0506	-63.7973
BLOCK27/SES276/SA276S17	SES101	-0.655365	-63.8887	-63.2333
BLOCK27/SES276/SA276S17	SES177	-1.51171	-64.745	-63.2333
BLOCK27/SES276/SA276S17	SES180	-1.54525	-64.7786	-63.2333
BLOCK27/SES276/SA276S17	SES292	-1.20936	-64.4427	-63.2333
BLOCK27/SES276/SA276S24	SES101	-0.494301	-62.9452	-62.4509
BLOCK27/SES276/SA276S24	SES177	-1.4909	-63.9418	-62.4509
BLOCK27/SES276/SA276S24	SES180	-1.93354	-64.3844	-62.4509
BLOCK27/SES276/SA276S24	SES292	-1.30089	-63.7518	-62.4509
BLOCK27/SES276/SA276S26	SES101	-1.39647	-63.9977	-62.6012
BLOCK27/SES276/SA276S26	SES177	-1.06645	-63.6676	-62.6012
BLOCK27/SES276/SA276S26	SES180	-0.556503	-63.1577	-62.6012
BLOCK27/SES276/SA276S26	SES292	-1.28085	-63.882	-62.6012
BLOCK27/SES276/SA276S28	SES101	-1.03688	-64.1419	-63.105
BLOCK27/SES276/SA276S28	SES177	-1.33729	-64.4423	-63.105
BLOCK27/SES276/SA276S28	SES180	-1.28941	-64.3944	-63.105
BLOCK27/SES276/SA276S28	SES292	-1.20365	-64.3087	-63.105
BLOCK27/SES277/SA277S12	SES101	-1.02229	-65.117	-64.0947
BLOCK27/SES277/SA277S12	SES177	-1.87807	-65.9728	-64.0947
BLOCK27/SES277/SA277S12	SES180	-0.939186	-65.0339	-64.0947
BLOCK27/SES277/SA277S12	SES292	-2.12342	-66.2181	-64.0947
BLOCK27/SES277/SA277S14	SES177	-0.769974	-65.0742	-64.3042
BLOCK27/SES277/SA277S14	SES180	-1.25497	-65.5592	-64.3042
BLOCK27/SES277/SA277S14	SES189	-0.566757	-64.871	-64.3042
BLOCK27/SES277/SA277S14	SES292	-2.58138	-66.8856	-64.3042
BLOCK27/SES277/SA277S21	SES177	-0.845226	-63.9794	-63.1341
BLOCK27/SES277/SA277S21	SES180	-1.0878	-64.2219	-63.1341
BLOCK27/SES277/SA277S21	SES189	-1.24533	-64.3795	-63.1341
BLOCK27/SES277/SA277S21	SES292	-2.26673	-65.4009	-63.1341
BLOCK27/SES277/SA277S24	SES144	-0.713623	-65.2353	-64.5217
BLOCK27/SES277/SA277S24	SES177	-1.39109	-65.9128	-64.5217
BLOCK27/SES277/SA277S24	SES180	-1.79044	-66.3121	-64.5217
BLOCK27/SES277/SA277S24	SES189	-0.942657	-65.4644	-64.5217
BLOCK27/SES277/SA277S29	SES177	-0.646923	-62.8716	-62.2246
BLOCK27/SES277/SA277S29	SES180	-0.702721	-62.9274	-62.2246
BLOCK27/SES277/SA277S29	SES202	-1.55217	-63.7768	-62.2246
BLOCK27/SES277/SA277S29	SES292	-1.44675	-63.6714	-62.2246
BLOCK27/SES279/SA279S09	SES120	-1.43262	-63.8122	-62.3796
BLOCK27/SES279/SA279S09	SES146	-1.0209	-63.4005	-62.3796
BLOCK27/SES279/SA279S09	SES206	-1.94986	-64.3295	-62.3796
BLOCK27/SES279/SA279S09	SES226	-2.19462	-64.5742	-62.3796
BLOCK27/SES279/SA279S10	SES099	-1.37661	-63.8577	-62.4811
BLOCK27/SES279/SA279S10	SES206	-1.68076	-64.1618	-62.4811
BLOCK27/SES279/SA279S10	SES226	-1.50785	-63.9889	-62.4811
BLOCK27/SES279/SA279S10	SES292	-0.912811	-63.3939	-62.4811
BLOCK27/SES279/SA279S20	SES099	-2.59449	-66.0853	-63.4908
BLOCK27/SES279/SA279S20	SES206	-2.39587	-65.8867	-63.4908
BLOCK27/SES279/SA279S20	SES226	-2.04929	-65.5401	-63.4908
BLOCK27/SES279/SA279S20	SES292	-0.436371	-63.9272	-63.4908
BLOCK27/SES279/SA279S26	SES099	-1.74516	-64.4971	-62.7519
BLOCK27/SES279/SA279S26	SES206	-0.976898	-63.7288	-62.7519
BLOCK27/SES279/SA279S26	SES226	-1.16494	-63.9169	-62.7519
BLOCK27/SES279/SA279S26	SES292	-0.610313	-63.3622	-62.7519
BLOCK27/SES279/SA279S28	SES099	-1.5452	-62.86	-61.3148
BLOCK27/SES279/SA279S28	SES120	-1.61972	-62.9345	-61.3148
BLOCK27/SES279/SA279S28	SES177	-3.04405	-64.3588	-61.3148
BLOCK27/SES279/SA279S28	SES206	-1.97893	-63.2937	-61.3148
BLOCK29/SES290/SA290S12	SES162	-1.89894	-64.9815	-63.0826
BLOCK29/SES290/SA290S12	SES177	-1.6205	-64.7031	-63.0826
BLOCK29/SES290/SA290S12	SES180	-1.69035	-64.7729	-63.0826
BLOCK29/SES290/SA290S12	SES292	-3.02487	-66.1074	-63.0826
BLOCK29/SES290/SA290S13	SES007	-2.68735	-66.6253	-63.938
BLOCK29/SES290/SA290S13	SES162	-1.69342	-65.6314	-63.938
BLOCK29/SES290/SA290S13	SES177	-0.766117	-64.7041	-63.938
BLOCK29/SES290/SA290S13	SES180	-1.47669	-65.4147	-63.938
BLOCK29/SES290/SA290S22	SES177	-0.924118	-64.01	-63.0859
BLOCK29/SES290/SA290S22	SES180	-0.296795	-63.3827	-63.0859
BLOCK29/SES290/SA290S22	SES202	-0.661606	-63.7475	-63.0859
BLOCK29/SES290/SA290S22	SES292	-1.90638	-64.9923	-63.0859
BLOCK29/SES290/SA290S25	SES162	-1.47084	-64.5464	-63.0756
BLOCK29/SES290/SA290S25	SES177	-1.37238	-64.448	-63.0756
BLOCK29/SES290/SA290S25	SES180	-1.30695	-64.3825	-63.0756
BLOCK29/SES290/SA290S25	SES292	-2.0926	-65.1682	-63.0756
BLOCK29/SES290/SA290S29	SES177	-0.0921555	-62.7685	-62.6764
BLOCK29/SES290/SA290S29	SES180	-0.405926	-63.0823	-62.6764
BLOCK29/SES290/SA290S29	SES275	-1.65586	-64.3322	-62.6764
BLOCK29/SES290/SA290S29	SES292	-1.39148	-64.0678	-62.6764
BLOCK29/SES291/SA291S11	SES105	-3.14062	-65.4691	-62.3285
BLOCK29/SES291/SA291S11	SES125	-0.502758	-62.8312	-62.3285
BLOCK29/SES291/SA291S11	SES158	-0.821777	-63.1503	-62.3285
BLOCK29/SES291/SA291S11	SES275	-3.35438	-65.6829	-62.3285
BLOCK29/SES291/SA291S12	SES158	0.271603	-61.6699	-61.9416
BLOCK29/SES291/SA291S12	SES226	-0.852348	-62.7939	-61.9416
BLOCK29/SES291/SA291S12	SES270	0.673809	-61.2677	-61.9416
BLOCK29/SES291/SA291S12	SES275	-4.32808	-66.2696	-61.9416
BLOCK29/SES291/SA291S22	SES082	-0.608814	-62.7745	-62.1657
BLOCK29/SES291/SA291S22	SES158	-0.209934	-62.3757	-62.1657
BLOCK29/SES291/SA291S22	SES259	-0.783718	-62.9494	-62.1657
BLOCK29/SES291/SA291S22	SES275	-2.97602	-65.1417	-62.1657
BLOCK29/SES291/SA291S24	SES104	0.26701	-60.3275	-60.5945
BLOCK29/SES291/SA291S24	SES125	0.224979	-60.3695	-60.5945
BLOCK29/SES291/SA291S24	SES158	0.0314293	-60.5631	-60.5945
BLOCK29/SES291/SA291S24	SES275	-3.84754	-64.442	-60.5945
BLOCK29/SES291/SA291S27	SES158	0.145187	-61.1853	-61.3305
BLOCK29/SES291/SA291S27	SES172	-4.17429	-65.5048	-61.3305
BLOCK29/SES291/SA291S27	SES275	-3.58092	-64.9114	-61.3305
BLOCK29/SES291/SA291S27	SES292	-3.30302	-64.6335	-61.3305
