BLOCK00/SES002/SA002S12	SES002	2.56208	24.2061	21.644
BLOCK00/SES002/SA002S13	SES002	2.85723	23.9844	21.1272
BLOCK00/SES002/SA002S23	SES002	1.8991	23.9861	22.087
BLOCK00/SES002/SA002S26	SES002	2.33207	25.451	23.119
BLOCK00/SES002/SA002S28	SES002	1.37602	22.0944	20.7183
BLOCK00/SES007/SA007S14	SES007	1.99833	24.6446	22.6462
BLOCK00/SES007/SA007S15	SES007	0.972006	22.0995	21.1275
BLOCK00/SES007/SA007S24	SES007	1.43929	22.1362	20.6969
BLOCK00/SES007/SA007S27	SES007	1.26374	21.3308	20.0671
BLOCK00/SES007/SA007S29	SES007	0.540476	22.2828	21.7423
BLOCK00/SES008/SA008S11	SES008	1.83637	22.5951	20.7588
BLOCK00/SES008/SA008S12	SES008	0.990786	21.4869	20.4961
BLOCK00/SES008/SA008S19	SES008	2.65957	24.103	21.4435
BLOCK00/SES008/SA008S22	SES008	1.26196	21.314	20.052
BLOCK00/SES008/SA008S29	SES008	2.11562	24.0514	21.9358
BLOCK01/SES014/SA014S10	SES014	3.7414	24.4032	20.6618
BLOCK01/SES014/SA014S12	SES014	4.42755	27.4751	23.0476
BLOCK01/SES014/SA014S24	SES014	2.30713	24.8778	22.5707
BLOCK01/SES014/SA014S26	SES014	3.36666	28.4993	25.1327
BLOCK01/SES014/SA014S28	SES014	5.31618	28.8553	23.5391
BLOCK01/SES016/SA016S12	SES016	1.72117	21.0952	19.374
BLOCK01/SES016/SA016S13	SES016	1.48467	22.928	21.4433
BLOCK01/SES016/SA016S22	SES016	0.695484	22.1631	21.4677
BLOCK01/SES016/SA016S25	SES016	1.90713	24.68	22.7729
BLOCK01/SES016/SA016S27	SES016	1.93076	25.43	23.4993
BLOCK01/SES019/SA019S13	SES019	3.33498	22.3949	19.0599
BLOCK01/SES019/SA019S14	SES019	2.81864	22.8882	20.0696
BLOCK01/SES019/SA019S22	SES019	3.53129	22.7338	19.2026
BLOCK01/SES019/SA019S25	SES019	3.1125	23.2714	20.1589
BLOCK01/SES019/SA019S29	SES019	3.66121	23.9382	20.277
BLOCK02/SES029/SA029S11	SES029	1.71263	22.3833	20.6707
BLOCK02/SES029/SA029S12	SES029	0.691948	22.6309	21.9389
BLOCK02/SES029/SA029S20	SES029	1.59543	22.2633	20.6679
BLOCK02/SES029/SA029S25	SES029	1.1815	23.5308	22.3493
BLOCK02/SES029/SA029S28	SES029	0.601946	22.177	21.5751
BLOCK04/SES042/SA042S12	SES042	2.58269	24.1555	21.5729
BLOCK04/SES042/SA042S15	SES042	2.4833	23.7369	21.2536
BLOCK04/SES042/SA042S22	SES042	3.94654	27.7036	23.7571
BLOCK04/SES042/SA042S25	SES042	2.62957	23.3113	20.6818
BLOCK04/SES042/SA042S27	SES042	2.11763	24.6826	22.565
BLOCK04/SES048/SA048S11	SES048	1.74964	23.1848	21.4352
BLOCK04/SES048/SA048S12	SES048	0.976385	23.3291	22.3527
BLOCK04/SES048/SA048S20	SES048	0.788679	22.6131	21.8244
BLOCK04/SES048/SA048S23	SES048	1.71252	22.2324	20.5199
BLOCK04/SES048/SA048S27	SES048	1.23961	24.2509	23.0113
BLOCK06/SES060/SA060S11	SES060	2.07367	23.8134	21.7397
BLOCK06/SES060/SA060S12	SES060	-0.6772	19.6207	20.2979
BLOCK06/SES060/SA060S22	SES060	0.236774	20.1267	19.8899
BLOCK06/SES060/SA060S24	SES060	1.17299	22.6709	21.4979
BLOCK06/SES060/SA060S28	SES060	1.21334	25.0707	23.8574
BLOCK06/SES062/SA062S10	SES062	1.16575	22.9882	21.8225
BLOCK06/SES062/SA062S11	SES062	1.53723	23.4201	21.8828
BLOCK06/SES062/SA062S21	SES062	1.9409	26.3469	24.406
BLOCK06/SES062/SA062S26	SES062	1.04125	24.0073	22.966
BLOCK06/SES062/SA062S29	SES062	1.88865	25.8048	23.9162
BLOCK06/SES068/SA068S14	SES068	0.854301	23.479	22.6247
BLOCK06/SES068/SA068S15	SES068	1.61029	24.8549	23.2446
BLOCK06/SES068/SA068S23	SES068	1.28134	22.3144	21.033
BLOCK06/SES068/SA068S27	SES068	2.20993	25.6782	23.4683
BLOCK06/SES068/SA068S29	SES068	0.854576	23.1363	22.2817
BLOCK08/SES082/SA082S12	SES082	0.435329	21.2085	20.7731
BLOCK08/SES082/SA082S14	SES082	1.01124	20.9212	19.91
BLOCK08/SES082/SA082S21	SES082	0.614239	21.3551	20.7409
BLOCK08/SES082/SA082S24	SES082	1.05042	23.8951	22.8447
BLOCK08/SES082/SA082S28	SES082	1.15039	22.4197	21.2693
BLOCK08/SES083/SA083S14	SES083	-0.301632	21.5546	21.8562
BLOCK08/SES083/SA083S15	SES083	0.887653	23.4897	22.602
BLOCK08/SES083/SA083S24	SES083	0.513531	22.7635	22.25
BLOCK08/SES083/SA083S26	SES083	0.668705	21.909	21.2403
BLOCK08/SES083/SA083S29	SES083	0.815525	23.4609	22.6454
BLOCK08/SES085/SA085S10	SES085	0.68725	22.701	22.0137
BLOCK08/SES085/SA085S13	SES085	0.462044	22.1823	21.7203
BLOCK08/SES085/SA085S22	SES085	-0.779295	22.8513	23.6306
BLOCK08/SES085/SA085S26	SES085	-0.200792	23.1639	23.3647
BLOCK08/SES085/SA085S28	SES085	1.16119	23.2166	22.0554
BLOCK08/SES087/SA087S15	SES087	2.08849	23.2232	21.1347
BLOCK08/SES087/SA087S16	SES087	2.16059	23.48	21.3194
BLOCK08/SES087/SA087S24	SES087	1.75356	22.9174	21.1638
BLOCK08/SES087/SA087S26	SES087	1.69527	24.339	22.6437
BLOCK08/SES087/SA087S29	SES087	2.40598	23.1872	20.7812
BLOCK09/SES099/SA099S15	SES099	2.36687	23.4684	21.1015
BLOCK09/SES099/SA099S16	SES099	2.73662	23.3975	20.6609
BLOCK09/SES099/SA099S24	SES099	1.96368	23.5041	21.5404
BLOCK09/SES099/SA099S26	SES099	2.69033	24.0765	21.3862
BLOCK09/SES099/SA099S29	SES099	2.9392	24.8806	21.9414
BLOCK10/SES101/SA101S11	SES101	0.637644	22.2585	21.6209
BLOCK10/SES101/SA101S13	SES101	1.93837	24.6101	22.6717
BLOCK10/SES101/SA101S22	SES101	1.75406	22.8181	21.064
BLOCK10/SES101/SA101S24	SES101	1.5147	22.9707	21.456
BLOCK10/SES101/SA101S28	SES101	0.0802307	21.2228	21.1426
BLOCK10/SES104/SA104S11	SES104	2.5121	25.938	23.4259
BLOCK10/SES104/SA104S12	SES104	1.95548	23.683	21.7275
BLOCK10/SES104/SA104S21	SES104	2.34597	23.4635	21.1175
BLOCK10/SES104/SA104S24	SES104	1.5211	23.7653	22.2442
BLOCK10/SES104/SA104S28	SES104	2.19635	24.7311	22.5347
BLOCK10/SES105/SA105S12	SES105	1.06547	21.0297	19.9643
BLOCK10/SES105/SA105S13	SES105	1.16419	20.933	19.7688
BLOCK10/SES105/SA105S22	SES105	0.762045	20.03	19.2679
BLOCK10/SES105/SA105S26	SES105	1.59109	21.2653	19.6742
BLOCK10/SES105/SA105S29	SES105	1.47941	22.1426	20.6632
BLOCK10/SES106/SA106S09	SES106	2.25355	21.9534	19.6999
BLOCK10/SES106/SA106S11	SES106	2.43557	24.0527	21.6171
BLOCK10/SES106/SA106S22	SES106	4.04094	25.3054	21.2644
BLOCK10/SES106/SA106S27	SES106	2.01214	22.484	20.4719
BLOCK10/SES106/SA106S29	SES106	2.07951	23.1272	21.0477
BLOCK11/SES117/SA117S12	SES117	0.911629	21.8659	20.9543
BLOCK11/SES117/SA117S13	SES117	0.431749	22.0192	21.5874
BLOCK11/SES117/SA117S23	SES117	1.89812	20.5331	18.635
BLOCK11/SES117/SA117S25	SES117	1.0065	21.0057	19.9992
BLOCK11/SES117/SA117S28	SES117	1.47274	20.6643	19.1915
BLOCK12/SES120/SA120S08	SES120	1.29716	19.3502	18.0531
BLOCK12/SES120/SA120S11	SES120	1.58307	17.9804	16.3973
BLOCK12/SES120/SA120S22	SES120	0.727951	21.4612	20.7333
BLOCK12/SES120/SA120S24	SES120	1.89439	21.3013	19.407
BLOCK12/SES120/SA120S28	SES120	0.578985	18.0966	17.5177
BLOCK12/SES125/SA125S13	SES125	2.31719	23.7566	21.4394
BLOCK12/SES125/SA125S14	SES125	1.2883	22.5258	21.2375
BLOCK12/SES125/SA125S25	SES125	2.48195	24.7527	22.2708
BLOCK12/SES125/SA125S27	SES125	2.40317	25.4884	23.0853
BLOCK12/SES125/SA125S29	SES125	2.53248	23.8567	21.3243
BLOCK12/SES127/SA127S11	SES127	0.962597	21.8574	20.8948
BLOCK12/SES127/SA127S12	SES127	0.500366	22.1034	21.603
BLOCK12/SES127/SA127S23	SES127	0.727966	22.307	21.579
BLOCK12/SES127/SA127S25	SES127	-0.0829506	20.8299	20.9129
BLOCK12/SES127/SA127S27	SES127	1.10087	22.689	21.5882
BLOCK12/SES129/SA129S11	SES129	2.05413	24.1745	22.1203
BLOCK12/SES129/SA129S12	SES129	1.94315	23.8937	21.9505
BLOCK12/SES129/SA129S22	SES129	1.65906	22.8555	21.1964
BLOCK12/SES129/SA129S27	SES129	1.99554	23.4593	21.4638
BLOCK12/SES129/SA129S29	SES129	1.68474	23.7953	22.1105
BLOCK14/SES142/SA142S11	SES142	2.49852	22.7	20.2015
BLOCK14/SES142/SA142S12	SES142	0.302061	20.0351	19.733
BLOCK14/SES142/SA142S24	SES142	1.95024	22.0458	20.0956
BLOCK14/SES142/SA142S27	SES142	1.9649	22.5893	20.6243
BLOCK14/SES142/SA142S29	SES142	2.41652	22.8687	20.4522
BLOCK14/SES143/SA143S12	SES143	0.968109	20.9022	19.9341
BLOCK14/SES143/SA143S13	SES143	0.731245	20.6821	19.9509
BLOCK14/SES143/SA143S23	SES143	1.12425	20.6963	19.5721
BLOCK14/SES143/SA143S25	SES143	1.124	20.8093	19.6853
BLOCK14/SES143/SA143S28	SES143	1.1966	21.0655	19.8689
BLOCK14/SES144/SA144S09	SES144	1.19378	22.8408	21.647
BLOCK14/SES144/SA144S11	SES144	1.65698	21.7298	20.0729
BLOCK14/SES144/SA144S21	SES144	0.470684	21.4964	21.0257
BLOCK14/SES144/SA144S25	SES144	0.829018	20.2958	19.4668
BLOCK14/SES144/SA144S29	SES144	0.51532	22.2681	21.7528
BLOCK14/SES146/SA146S14	SES146	0.958572	20.4538	19.4952
BLOCK14/SES146/SA146S15	SES146	0.99691	20.7897	19.7927
BLOCK14/SES146/SA146S24	SES146	1.07907	20.5302	19.4512
BLOCK14/SES146/SA146S26	SES146	1.52659	21.0744	19.5478
BLOCK14/SES146/SA146S29	SES146	1.15367	20.6034	19.4497
BLOCK14/SES147/SA147S11	SES147	1.70162	21.5119	19.8103
BLOCK14/SES147/SA147S13	SES147	2.69804	22.5358	19.8377
BLOCK14/SES147/SA147S23	SES147	0.856268	20.9054	20.0492
BLOCK14/SES147/SA147S26	SES147	1.4502	21.4579	20.0077
BLOCK14/SES147/SA147S28	SES147	1.85312	21.9454	20.0923
BLOCK14/SES148/SA148S10	SES148	1.61875	21.1497	19.531
BLOCK14/SES148/SA148S12	SES148	1.5111	20.4202	18.9091
BLOCK14/SES148/SA148S22	SES148	1.798	22.6104	20.8124
BLOCK14/SES148/SA148S26	SES148	0.109785	21.5682	21.4585
BLOCK14/SES148/SA148S29	SES148	0.676693	20.9848	20.3081
BLOCK14/SES149/SA149S13	SES149	0.305735	21.6496	21.3439
BLOCK14/SES149/SA149S14	SES149	0.732227	22.5311	21.7988
BLOCK14/SES149/SA149S24	SES149	2.06198	23.8791	21.8171
BLOCK14/SES149/SA149S26	SES149	2.52748	24.992	22.4646
BLOCK14/SES149/SA149S28	SES149	2.50051	25.7616	23.2611
BLOCK15/SES158/SA158S13	SES158	2.1411	21.5039	19.3628
BLOCK15/SES158/SA158S14	SES158	3.17315	22.3862	19.213
BLOCK15/SES158/SA158S23	SES158	2.0383	22.179	20.1407
BLOCK15/SES158/SA158S26	SES158	3.19232	22.5188	19.3265
BLOCK15/SES158/SA158S28	SES158	1.48062	21.2212	19.7405
BLOCK16/SES162/SA162S10	SES162	0.869946	19.7474	18.8775
BLOCK16/SES162/SA162S11	SES162	0.762697	22.5125	21.7498
BLOCK16/SES162/SA162S21	SES162	1.81397	22.6461	20.8321
BLOCK16/SES162/SA162S24	SES162	1.52253	22.1522	20.6297
BLOCK16/SES162/SA162S27	SES162	1.79776	21.8978	20.1
BLOCK16/SES167/SA167S14	SES167	1.07316	23.8665	22.7933
BLOCK16/SES167/SA167S15	SES167	1.45052	22.2329	20.7824
BLOCK16/SES167/SA167S21	SES167	2.37631	23.6633	21.2869
BLOCK16/SES167/SA167S25	SES167	2.01556	22.2948	20.2792
BLOCK16/SES167/SA167S29	SES167	2.22042	24.3429	22.1225
BLOCK17/SES172/SA172S12	SES172	1.21313	22.8903	21.6771
BLOCK17/SES172/SA172S13	SES172	1.69649	22.7538	21.0574
BLOCK17/SES172/SA172S23	SES172	0.880911	23.991	23.1101
BLOCK17/SES172/SA172S27	SES172	1.07384	22.8757	21.8018
BLOCK17/SES172/SA172S29	SES172	1.76963	23.6758	21.9061
BLOCK17/SES175/SA175S11	SES175	0.592199	21.8564	21.2642
BLOCK17/SES175/SA175S13	SES175	1.52436	22.5814	21.057
BLOCK17/SES175/SA175S23	SES175	1.69741	22.9504	21.253
BLOCK17/SES175/SA175S25	SES175	0.748278	20.2964	19.5481
BLOCK17/SES175/SA175S28	SES175	1.1866	23.2355	22.0489
BLOCK17/SES177/SA177S15	SES177	0.0544147	21.5485	21.4941
BLOCK17/SES177/SA177S17	SES177	0.619953	22.5451	21.9251
BLOCK17/SES177/SA177S23	SES177	0.269623	21.7268	21.4572
BLOCK17/SES177/SA177S26	SES177	1.07114	24.4744	23.4032
BLOCK17/SES177/SA177S28	SES177	1.01923	23.1427	22.1234
BLOCK18/SES180/SA180S13	SES180	0.228065	21.3764	21.1484
BLOCK18/SES180/SA180S15	SES180	0.609137	21.1883	20.5791
BLOCK18/SES180/SA180S24	SES180	1.21781	23.4819	22.2641
BLOCK18/SES180/SA180S26	SES180	0.878166	22.9021	22.0239
BLOCK18/SES180/SA180S29	SES180	1.39917	22.4441	21.045
BLOCK18/SES183/SA183S13	SES183	1.71381	20.5923	18.8785
BLOCK18/SES183/SA183S14	SES183	0.362587	20.1533	19.7907
BLOCK18/SES183/SA183S24	SES183	1.64128	19.6162	17.975
BLOCK18/SES183/SA183S27	SES183	1.65836	20.8689	19.2106
BLOCK18/SES183/SA183S29	SES183	1.08734	21.6263	20.539
BLOCK18/SES187/SA187S13	SES187	0.794249	21.7598	20.9655
BLOCK18/SES187/SA187S14	SES187	1.13634	21.3644	20.2281
BLOCK18/SES187/SA187S24	SES187	1.76846	22.486	20.7176
BLOCK18/SES187/SA187S27	SES187	1.5287	22.2839	20.7552
BLOCK18/SES187/SA187S29	SES187	1.66891	22.9872	21.3183
BLOCK18/SES189/SA189S10	SES189	2.08496	20.4914	18.4064
BLOCK18/SES189/SA189S13	SES189	2.34967	20.0799	17.7302
BLOCK18/SES189/SA189S24	SES189	2.33038	20.4388	18.1084
BLOCK18/SES189/SA189S26	SES189	1.56361	20.5565	18.9929
BLOCK18/SES189/SA189S29	SES189	2.61434	21.3306	18.7163
BLOCK20/SES202/SA202S12	SES202	1.65616	18.9344	17.2783
BLOCK20/SES202/SA202S14	SES202	3.16529	22.6365	19.4712
BLOCK20/SES202/SA202S24	SES202	1.42638	21.3803	19.9539
BLOCK20/SES202/SA202S27	SES202	2.02307	23.2962	21.2732
BLOCK20/SES202/SA202S29	SES202	2.22605	22.4826	20.2565
BLOCK20/SES206/SA206S15	SES206	0.20499	22.4147	22.2097
BLOCK20/SES206/SA206S17	SES206	2.24737	25.3241	23.0767
BLOCK20/SES206/SA206S24	SES206	2.62761	25.588	22.9603
BLOCK20/SES206/SA206S27	SES206	2.66865	24.572	21.9034
BLOCK20/SES206/SA206S29	SES206	1.97672	25.8478	23.8711
BLOCK22/SES226/SA226S12	SES226	1.53928	22.6082	21.0689
BLOCK22/SES226/SA226S13	SES226	-0.0076828	20.6118	20.6195
BLOCK22/SES226/SA226S20	SES226	1.70221	22.5864	20.8842
BLOCK22/SES226/SA226S23	SES226	2.26535	23.0526	20.7872
BLOCK22/SES226/SA226S28	SES226	2.68111	24.0103	21.3292
BLOCK25/SES259/SA259S13	SES259	4.34119	25.685	21.3438
BLOCK25/SES259/SA259S14	SES259	2.84031	23.5201	20.6798
BLOCK25/SES259/SA259S22	SES259	2.3239	23.2522	20.9284
BLOCK25/SES259/SA259S24	SES259	2.94324	25.7642	22.821
BLOCK25/SES259/SA259S28	SES259	2.9149	24.4326	21.5177
BLOCK27/SES270/SA270S14	SES270	3.14164	22.9921	19.8505
BLOCK27/SES270/SA270S16	SES270	1.35912	21.9677	20.6086
BLOCK27/SES270/SA270S22	SES270	4.12685	24.3267	20.1999
BLOCK27/SES270/SA270S26	SES270	2.28442	21.4726	19.1881
BLOCK27/SES270/SA270S28	SES270	1.55442	22.4545	20.9001
BLOCK27/SES275/SA275S17	SES275	1.87281	21.794	19.9211
BLOCK27/SES275/SA275S18	SES275	0.936924	21.9149	20.978
BLOCK27/SES275/SA275S24	SES275	1.02131	20.6236	19.6023
BLOCK27/SES275/SA275S26	SES275	1.34394	22.093	20.7491
BLOCK27/SES275/SA275S28	SES275	0.643085	21.5449	20.9018
BLOCK29/SES292/SA292S10	SES292	0.321419	20.7896	20.4682
BLOCK29/SES292/SA292S12	SES292	0.408178	21.164	20.7558
BLOCK29/SES292/SA292S22	SES292	0.928022	23.062	22.134
BLOCK29/SES292/SA292S24	SES292	0.657364	22.5463	21.8889
BLOCK29/SES292/SA292S27	SES292	0.650448	22.5956	21.9452
BLOCK00/SES001/SA001S14	SES062	-2.5431	15.9057	18.4488
BLOCK00/SES001/SA001S14	SES082	-2.80061	15.6482	18.4488
BLOCK00/SES001/SA001S14	SES106	-2.91015	15.5387	18.4488
BLOCK00/SES001/SA001S14	SES206	-2.17314	16.2757	18.4488
BLOCK00/SES001/SA001S15	SES062	-2.77202	17.7091	20.4811
BLOCK00/SES001/SA001S15	SES104	-3.09749	17.3836	20.4811
BLOCK00/SES001/SA001S15	SES106	-2.51197	17.9691	20.4811
BLOCK00/SES001/SA001S15	SES206	-2.14132	18.3398	20.4811
BLOCK00/SES001/SA001S24	SES062	-3.19454	14.8647	18.0592
BLOCK00/SES001/SA001S24	SES082	-3.29985	14.7594	18.0592
BLOCK00/SES001/SA001S24	SES087	-2.34601	15.7132	18.0592
BLOCK00/SES001/SA001S24	SES206	-2.5244	15.5348	18.0592
BLOCK00/SES001/SA001S27	SES062	-1.94724	18.6989	20.6461
BLOCK00/SES001/SA001S27	SES082	-1.93925	18.7068	20.6461
BLOCK00/SES001/SA001S27	SES087	-1.49732	19.1488	20.6461
BLOCK00/SES001/SA001S27	SES206	-2.04303	18.6031	20.6461
BLOCK00/SES001/SA001S29	SES062	-3.36233	15.7129	19.0752
BLOCK00/SES001/SA001S29	SES082	-1.77153	17.3037	19.0752
BLOCK00/SES001/SA001S29	SES158	-1.54328	17.5319	19.0752
BLOCK00/SES001/SA001S29	SES206	-2.84105	16.2341	19.0752
BLOCK00/SES003/SA003S11	SES002	-0.654791	20.1847	20.8395
BLOCK00/SES003/SA003S11	SES019	-1.66601	19.1735	20.8395
BLOCK00/SES003/SA003S11	SES082	-0.679148	20.1604	20.8395
BLOCK00/SES003/SA003S11	SES125	-1.6086	19.2309	20.8395
BLOCK00/SES003/SA003S15	SES016	-2.84476	19.3388	22.1835
BLOCK00/SES003/SA003S15	SES019	-2.08988	20.0936	22.1835
BLOCK00/SES003/SA003S15	SES062	-2.37442	19.8091	22.1835
BLOCK00/SES003/SA003S15	SES206	-1.65289	20.5306	22.1835
BLOCK00/SES003/SA003S22	SES002	-1.89749	19.1802	21.0777
BLOCK00/SES003/SA003S22	SES062	-1.21459	19.8631	21.0777
BLOCK00/SES003/SA003S22	SES082	-2.18549	18.8922	21.0777
BLOCK00/SES003/SA003S22	SES087	-1.79452	19.2832	21.0777
BLOCK00/SES003/SA003S25	SES062	-2.63236	17.1823	19.8147
BLOCK00/SES003/SA003S25	SES082	-1.16099	18.6537	19.8147
BLOCK00/SES003/SA003S25	SES087	-1.02011	18.7946	19.8147
BLOCK00/SES003/SA003S25	SES206	-2.31601	17.4987	19.8147
BLOCK00/SES003/SA003S29	SES002	-1.78551	18.3241	20.1096
BLOCK00/SES003/SA003S29	SES062	-3.20689	16.9028	20.1096
BLOCK00/SES003/SA003S29	SES082	-1.34304	18.7666	20.1096
BLOCK00/SES003/SA003S29	SES087	-1.78617	18.3235	20.1096
BLOCK00/SES004/SA004S12	SES083	-3.24567	16.5056	19.7513
BLOCK00/SES004/SA004S12	SES148	-1.9825	17.7688	19.7513
BLOCK00/SES004/SA004S12	SES172	-1.24257	18.5087	19.7513
BLOCK00/SES004/SA004S12	SES292	-2.06754	17.6838	19.7513
BLOCK00/SES004/SA004S17	SES083	-2.86153	16.4778	19.3393
BLOCK00/SES004/SA004S17	SES162	-1.96529	17.3741	19.3393
BLOCK00/SES004/SA004S17	SES172	-1.86769	17.4717	19.3393
BLOCK00/SES004/SA004S17	SES292	-2.33181	17.0075	19.3393
BLOCK00/SES004/SA004S24	SES083	-2.4833	17.5764	20.0597
BLOCK00/SES004/SA004S24	SES148	-2.83813	17.2215	20.0597
BLOCK00/SES004/SA004S24	SES172	-1.29097	18.7687	20.0597
BLOCK00/SES004/SA004S24	SES292	-1.57681	18.4829	20.0597
BLOCK00/SES004/SA004S26	SES083	-3.09124	16.2516	19.3429
BLOCK00/SES004/SA004S26	SES127	-2.51076	16.8321	19.3429
BLOCK00/SES004/SA004S26	SES148	-3.68964	15.6532	19.3429
BLOCK00/SES004/SA004S26	SES292	-3.08373	16.2591	19.3429
BLOCK00/SES004/SA004S28	SES083	-2.11037	19.5194	21.6298
BLOCK00/SES004/SA004S28	SES127	-1.97659	19.6532	21.6298
BLOCK00/SES004/SA004S28	SES187	-1.40915	20.2206	21.6298
BLOCK00/SES004/SA004S28	SES292	-2.57997	19.0498	21.6298
BLOCK00/SES006/SA006S10	SES014	-4.73761	12.0884	16.826
BLOCK00/SES006/SA006S10	SES158	-2.66178	14.1642	16.826
BLOCK00/SES006/SA006S10	SES226	-4.88571	11.9403	16.826
BLOCK00/SES006/SA006S10	SES270	-1.72442	15.1016	16.826
BLOCK00/SES006/SA006S11	SES158	-2.10042	15.033	17.1334
BLOCK00/SES006/SA006S11	SES226	-3.81593	13.3175	17.1334
BLOCK00/SES006/SA006S11	SES270	-1.7205	15.4129	17.1334
BLOCK00/SES006/SA006S11	SES275	-2.36136	14.7721	17.1334
BLOCK00/SES006/SA006S23	SES062	-3.0196	16.2021	19.2217
BLOCK00/SES006/SA006S23	SES105	-3.86397	15.3578	19.2217
BLOCK00/SES006/SA006S23	SES158	-2.24041	16.9813	19.2217
BLOCK00/SES006/SA006S23	SES275	-2.46306	16.7587	19.2217
BLOCK00/SES006/SA006S26	SES104	-4.36703	14.1405	18.5076
BLOCK00/SES006/SA006S26	SES158	-1.54894	16.9586	18.5076
BLOCK00/SES006/SA006S26	SES270	-1.19918	17.3084	18.5076
BLOCK00/SES006/SA006S26	SES275	-2.35728	16.1503	18.5076
BLOCK00/SES006/SA006S28	SES007	-2.35755	14.4614	16.819
BLOCK00/SES006/SA006S28	SES105	-3.09229	13.7267	16.819
BLOCK00/SES006/SA006S28	SES158	-1.6631	15.1559	16.819
BLOCK00/SES006/SA006S28	SES275	-3.40341	13.4156	16.819
BLOCK00/SES009/SA009S12	SES083	-3.29535	18.2716	21.5669
BLOCK00/SES009/SA009S12	SES148	-2.88271	18.6842	21.5669
BLOCK00/SES009/SA009S12	SES177	-1.6724	19.8945	21.5669
BLOCK00/SES009/SA009S12	SES292	-1.53957	20.0274	21.5669
BLOCK00/SES009/SA009S15	SES007	-0.502001	22.0397	22.5417
BLOCK00/SES009/SA009S15	SES099	-4.40251	18.1392	22.5417
BLOCK00/SES009/SA009S15	SES148	-2.64278	19.8989	22.5417
BLOCK00/SES009/SA009S15	SES172	-2.08101	20.4607	22.5417
BLOCK00/SES009/SA009S24	SES146	-1.53961	20.8814	22.421
BLOCK00/SES009/SA009S24	SES148	-2.94929	19.4717	22.421
BLOCK00/SES009/SA009S24	SES177	-0.70503	21.7159	22.421
BLOCK00/SES009/SA009S24	SES292	-1.54003	20.8809	22.421
BLOCK00/SES009/SA009S26	SES083	-3.29598	18.0976	21.3936
BLOCK00/SES009/SA009S26	SES101	-2.90461	18.489	21.3936
BLOCK00/SES009/SA009S26	SES120	-2.03736	19.3563	21.3936
BLOCK00/SES009/SA009S26	SES177	-1.51041	19.8832	21.3936
BLOCK00/SES009/SA009S29	SES083	-2.74902	19.524	22.273
BLOCK00/SES009/SA009S29	SES101	-2.3677	19.9053	22.273
BLOCK00/SES009/SA009S29	SES177	-1.43242	20.8406	22.273
BLOCK00/SES009/SA009S29	SES292	-1.39377	20.8792	22.273
BLOCK01/SES011/SA011S10	SES019	-1.17278	20.2814	21.4542
BLOCK01/SES011/SA011S10	SES042	-0.760151	20.694	21.4542
BLOCK01/SES011/SA011S10	SES082	-1.81784	19.6363	21.4542
BLOCK01/SES011/SA011S10	SES206	-1.93479	19.5194	21.4542
BLOCK01/SES011/SA011S11	SES019	-1.65505	18.1214	19.7764
BLOCK01/SES011/SA011S11	SES042	-1.71064	18.0658	19.7764
BLOCK01/SES011/SA011S11	SES082	-2.03149	17.7449	19.7764
BLOCK01/SES011/SA011S11	SES206	-1.85061	17.9258	19.7764
BLOCK01/SES011/SA011S22	SES019	-0.723246	19.2144	19.9377
BLOCK01/SES011/SA011S22	SES042	-0.293213	19.6444	19.9377
BLOCK01/SES011/SA011S22	SES082	-1.50911	18.4286	19.9377
BLOCK01/SES011/SA011S22	SES206	-2.2201	17.7176	19.9377
BLOCK01/SES011/SA011S24	SES019	-1.62144	19.4261	21.0476
BLOCK01/SES011/SA011S24	SES042	-0.489109	20.5585	21.0476
BLOCK01/SES011/SA011S24	SES104	-2.19269	18.8549	21.0476
BLOCK01/SES011/SA011S24	SES206	-1.59561	19.452	21.0476
BLOCK01/SES011/SA011S27	SES082	-0.268717	20.0236	20.2923
BLOCK01/SES011/SA011S27	SES087	-2.02309	18.2692	20.2923
BLOCK01/SES011/SA011S27	SES125	-1.77959	18.5127	20.2923
BLOCK01/SES011/SA011S27	SES206	-1.70703	18.5853	20.2923
BLOCK01/SES012/SA012S11	SES007	-1.02457	22.2146	23.2391
BLOCK01/SES012/SA012S11	SES082	-1.8558	21.3834	23.2391
BLOCK01/SES012/SA012S11	SES083	-2.26568	20.9735	23.2391
BLOCK01/SES012/SA012S11	SES206	-1.87784	21.3613	23.2391
BLOCK01/SES012/SA012S14	SES082	-0.964487	21.6343	22.5988
BLOCK01/SES012/SA012S14	SES087	-2.09811	20.5007	22.5988
BLOCK01/SES012/SA012S14	SES206	-0.757545	21.8412	22.5988
BLOCK01/SES012/SA012S14	SES292	-1.82607	20.7727	22.5988
BLOCK01/SES012/SA012S24	SES082	-0.190975	21.2559	21.4469
BLOCK01/SES012/SA012S24	SES087	-1.19215	20.2547	21.4469
BLOCK01/SES012/SA012S24	SES120	-2.21106	19.2358	21.4469
BLOCK01/SES012/SA012S24	SES206	-1.19939	20.2475	21.4469
BLOCK01/SES012/SA012S26	SES019	-4.29085	18.9788	23.2697
BLOCK01/SES012/SA012S26	SES082	-2.3947	20.875	23.2697
BLOCK01/SES012/SA012S26	SES206	-0.749844	22.5199	23.2697
BLOCK01/SES012/SA012S26	SES292	-1.55726	21.7124	23.2697
BLOCK01/SES012/SA012S29	SES062	-1.93562	21.2577	23.1934
BLOCK01/SES012/SA012S29	SES082	-1.30504	21.8883	23.1934
BLOCK01/SES012/SA012S29	SES083	-2.72449	20.4689	23.1934
BLOCK01/SES012/SA012S29	SES206	-0.838064	22.3553	23.1934
BLOCK01/SES013/SA013S16	SES062	-3.21619	17.562	20.7782
BLOCK01/SES013/SA013S16	SES106	-1.39899	19.3792	20.7782
BLOCK01/SES013/SA013S16	SES206	-1.75431	19.0239	20.7782
BLOCK01/SES013/SA013S16	SES226	-0.960634	19.8176	20.7782
BLOCK01/SES013/SA013S17	SES062	-2.70198	19.724	22.426
BLOCK01/SES013/SA013S17	SES106	-2.2903	20.1357	22.426
BLOCK01/SES013/SA013S17	SES206	-0.833351	21.5927	22.426
BLOCK01/SES013/SA013S17	SES226	-0.864885	21.5611	22.426
BLOCK01/SES013/SA013S23	SES104	-1.99546	20.1908	22.1863
BLOCK01/SES013/SA013S23	SES106	-1.0694	21.1169	22.1863
BLOCK01/SES013/SA013S23	SES206	-1.28953	20.8968	22.1863
BLOCK01/SES013/SA013S23	SES270	-1.0959	21.0904	22.1863
BLOCK01/SES013/SA013S25	SES042	-2.29139	20.924	23.2154
BLOCK01/SES013/SA013S25	SES104	-1.24928	21.9661	23.2154
BLOCK01/SES013/SA013S25	SES106	-1.41914	21.7962	23.2154
BLOCK01/SES013/SA013S25	SES206	-0.981945	22.2334	23.2154
BLOCK01/SES013/SA013S29	SES062	-3.91181	18.5571	22.4689
BLOCK01/SES013/SA013S29	SES104	-2.56355	19.9053	22.4689
BLOCK01/SES013/SA013S29	SES106	-1.19143	21.2774	22.4689
BLOCK01/SES013/SA013S29	SES206	-1.6817	20.7872	22.4689
BLOCK02/SES021/SA021S13	SES016	-3.53137	19.739	23.2704
BLOCK02/SES021/SA021S13	SES029	-1.83835	21.432	23.2704
BLOCK02/SES021/SA021S13	SES087	-1.67402	21.5963	23.2704
BLOCK02/SES021/SA021S13	SES206	-1.58051	21.6899	23.2704
BLOCK02/SES021/SA021S15	SES087	-1.40706	22.9457	24.3527
BLOCK02/SES021/SA021S15	SES125	-1.32933	23.0234	24.3527
BLOCK02/SES021/SA021S15	SES206	-1.58248	22.7703	24.3527
BLOCK02/SES021/SA021S15	SES226	-2.62523	21.7275	24.3527
BLOCK02/SES021/SA021S23	SES062	-2.54955	18.3006	20.8501
BLOCK02/SES021/SA021S23	SES087	-1.13711	19.713	20.8501
BLOCK02/SES021/SA021S23	SES206	-1.77505	19.0751	20.8501
BLOCK02/SES021/SA021S23	SES226	-1.44944	19.4007	20.8501
BLOCK02/SES021/SA021S27	SES002	-1.03415	21.121	22.1551
BLOCK02/SES021/SA021S27	SES016	-4.0473	18.1078	22.1551
BLOCK02/SES021/SA021S27	SES019	-1.49361	20.6615	22.1551
BLOCK02/SES021/SA021S27	SES062	-1.63904	20.5161	22.1551
BLOCK02/SES021/SA021S29	SES087	-1.47715	21.5206	22.9978
BLOCK02/SES021/SA021S29	SES125	-0.742659	22.2551	22.9978
BLOCK02/SES021/SA021S29	SES206	-1.50761	21.4902	22.9978
BLOCK02/SES021/SA021S29	SES226	-2.3293	20.6685	22.9978
BLOCK04/SES043/SA043S09	SES083	-2.46919	16.8433	19.3125
BLOCK04/SES043/SA043S09	SES101	-3.20426	16.1083	19.3125
BLOCK04/SES043/SA043S09	SES144	-1.15896	18.1536	19.3125
BLOCK04/SES043/SA043S09	SES172	-3.33475	15.9778	19.3125
BLOCK04/SES043/SA043S11	SES083	-0.948021	20.2567	21.2047
BLOCK04/SES043/SA043S11	SES101	-1.94234	19.2624	21.2047
BLOCK04/SES043/SA043S11	SES144	-0.95195	20.2528	21.2047
BLOCK04/SES043/SA043S11	SES172	-1.57609	19.6287	21.2047
BLOCK04/SES043/SA043S23	SES083	-1.41559	18.878	20.2936
BLOCK04/SES043/SA043S23	SES144	-0.624733	19.6688	20.2936
BLOCK04/SES043/SA043S23	SES177	-2.87134	17.4222	20.2936
BLOCK04/SES043/SA043S23	SES275	-1.29326	19.0003	20.2936
BLOCK04/SES043/SA043S26	SES083	-1.5748	18.2722	19.847
BLOCK04/SES043/SA043S26	SES101	-1.83304	18.014	19.847
BLOCK04/SES043/SA043S26	SES144	-0.68339	19.1636	19.847
BLOCK04/SES043/SA043S26	SES177	-1.96214	17.8849	19.847
BLOCK04/SES043/SA043S28	SES016	-2.24112	19.1856	21.4267
BLOCK04/SES043/SA043S28	SES083	-1.22398	20.2028	21.4267
BLOCK04/SES043/SA043S28	SES101	-1.334	20.0927	21.4267
BLOCK04/SES043/SA043S28	SES144	-1.22488	20.2019	21.4267
BLOCK04/SES044/SA044S10	SES127	-2.16218	15.1615	17.3236
BLOCK04/SES044/SA044S10	SES144	-1.15388	16.1698	17.3236
BLOCK04/SES044/SA044S10	SES147	-2.4931	14.8305	17.3236
BLOCK04/SES044/SA044S10	SES148	-3.09348	14.2302	17.3236
BLOCK04/SES044/SA044S11	SES101	-2.06091	16.9796	19.0405
BLOCK04/SES044/SA044S11	SES144	-0.764235	18.2763	19.0405
BLOCK04/SES044/SA044S11	SES147	-2.0209	17.0196	19.0405
BLOCK04/SES044/SA044S11	SES177	-2.64119	16.3993	19.0405
BLOCK04/SES044/SA044S24	SES007	-2.56233	16.7992	19.3616
BLOCK04/SES044/SA044S24	SES101	-2.02834	17.3332	19.3616
BLOCK04/SES044/SA044S24	SES147	-2.67643	16.6851	19.3616
BLOCK04/SES044/SA044S24	SES177	-2.32751	17.0341	19.3616
BLOCK04/SES044/SA044S26	SES007	-2.39582	17.9636	20.3595
BLOCK04/SES044/SA044S26	SES016	-1.85659	18.5029	20.3595
BLOCK04/SES044/SA044S26	SES101	-2.24545	18.114	20.3595
BLOCK04/SES044/SA044S26	SES147	-1.46814	18.8913	20.3595
BLOCK04/SES044/SA044S29	SES007	-2.77905	17.6098	20.3889
BLOCK04/SES044/SA044S29	SES101	-0.559132	19.8297	20.3889
BLOCK04/SES044/SA044S29	SES147	-1.68328	18.7056	20.3889
BLOCK04/SES044/SA044S29	SES177	-2.66388	17.725	20.3889
BLOCK04/SES046/SA046S13	SES101	-2.71429	16.7765	19.4908
BLOCK04/SES046/SA046S13	SES144	-1.52454	17.9663	19.4908
BLOCK04/SES046/SA046S13	SES147	-2.19525	17.2956	19.4908
BLOCK04/SES046/SA046S13	SES177	-2.27817	17.2126	19.4908
BLOCK04/SES046/SA046S15	SES048	-1.31748	20.3755	21.693
BLOCK04/SES046/SA046S15	SES083	-1.11681	20.5762	21.693
BLOCK04/SES046/SA046S15	SES120	-2.65423	19.0387	21.693
BLOCK04/SES046/SA046S15	SES148	-2.02321	19.6698	21.693
BLOCK04/SES046/SA046S22	SES101	-1.91763	18.3392	20.2568
BLOCK04/SES046/SA046S22	SES144	-1.28416	18.9727	20.2568
BLOCK04/SES046/SA046S22	SES147	-2.24965	18.0072	20.2568
BLOCK04/SES046/SA046S22	SES172	-1.53377	18.7231	20.2568
BLOCK04/SES046/SA046S25	SES083	-2.06337	17.9169	19.9803
BLOCK04/SES046/SA046S25	SES127	-1.82425	18.156	19.9803
BLOCK04/SES046/SA046S25	SES144	-2.57602	17.4043	19.9803
BLOCK04/SES046/SA046S25	SES148	-2.24684	17.7334	19.9803
BLOCK04/SES046/SA046S28	SES007	-2.98949	16.7531	19.7426
BLOCK04/SES046/SA046S28	SES105	-2.96016	16.7824	19.7426
BLOCK04/SES046/SA046S28	SES147	-2.35394	17.3886	19.7426
BLOCK04/SES046/SA046S28	SES148	-2.08996	17.6526	19.7426
BLOCK04/SES049/SA049S16	SES104	-2.11593	17.67	19.786
BLOCK04/SES049/SA049S16	SES106	-1.82025	17.9657	19.786
BLOCK04/SES049/SA049S16	SES120	-2.49637	17.2896	19.786
BLOCK04/SES049/SA049S16	SES206	-1.46548	18.3205	19.786
BLOCK04/SES049/SA049S18	SES099	-0.814047	18.8735	19.6875
BLOCK04/SES049/SA049S18	SES104	-2.10128	17.5862	19.6875
BLOCK04/SES049/SA049S18	SES125	-2.45537	17.2322	19.6875
BLOCK04/SES049/SA049S18	SES206	-2.18133	17.5062	19.6875
BLOCK04/SES049/SA049S25	SES087	-0.962418	19.9459	20.9083
BLOCK04/SES049/SA049S25	SES104	-0.743935	20.1644	20.9083
BLOCK04/SES049/SA049S25	SES125	-0.889416	20.0189	20.9083
BLOCK04/SES049/SA049S25	SES206	-0.0825043	20.8258	20.9083
BLOCK04/SES049/SA049S27	SES099	-0.687292	19.523	20.2103
BLOCK04/SES049/SA049S27	SES104	-1.03282	19.1775	20.2103
BLOCK04/SES049/SA049S27	SES125	-1.51372	18.6966	20.2103
BLOCK04/SES049/SA049S27	SES206	-1.6433	18.567	20.2103
BLOCK04/SES049/SA049S29	SES099	-0.56356	21.43	21.9936
BLOCK04/SES049/SA049S29	SES104	-0.700531	21.293	21.9936
BLOCK04/SES049/SA049S29	SES125	-1.512	20.4816	21.9936
BLOCK04/SES049/SA049S29	SES206	-0.74213	21.2514	21.9936
BLOCK06/SES063/SA063S09	SES068	-2.19975	19.8634	22.0631
BLOCK06/SES063/SA063S09	SES083	-1.30386	20.7593	22.0631
BLOCK06/SES063/SA063S09	SES177	-1.40328	20.6599	22.0631
BLOCK06/SES063/SA063S09	SES187	-1.75323	20.3099	22.0631
BLOCK06/SES063/SA063S10	SES068	-1.99159	19.156	21.1476
BLOCK06/SES063/SA063S10	SES083	-1.29491	19.8527	21.1476
BLOCK06/SES063/SA063S10	SES172	-1.18049	19.9671	21.1476
BLOCK06/SES063/SA063S10	SES187	-1.50159	19.646	21.1476
BLOCK06/SES063/SA063S20	SES068	-2.37546	18.5045	20.88
BLOCK06/SES063/SA063S20	SES083	-1.20466	19.6753	20.88
BLOCK06/SES063/SA063S20	SES172	-0.624033	20.256	20.88
BLOCK06/SES063/SA063S20	SES187	-1.37325	19.5067	20.88
BLOCK06/SES063/SA063S24	SES029	-1.88422	19.7158	21.6001
BLOCK06/SES063/SA063S24	SES083	-1.13676	20.4633	21.6001
BLOCK06/SES063/SA063S24	SES177	-1.27842	20.3216	21.6001
BLOCK06/SES063/SA063S24	SES189	-1.13528	20.4648	21.6001
BLOCK06/SES063/SA063S27	SES083	-0.779886	19.8393	20.6192
BLOCK06/SES063/SA063S27	SES172	-0.900055	19.7191	20.6192
BLOCK06/SES063/SA063S27	SES187	-1.92744	18.6917	20.6192
BLOCK06/SES063/SA063S27	SES292	-2.62022	17.999	20.6192
BLOCK06/SES067/SA067S12	SES083	-2.33859	18.9393	21.2779
BLOCK06/SES067/SA067S12	SES172	-2.35015	18.9277	21.2779
BLOCK06/SES067/SA067S12	SES202	-1.41185	19.866	21.2779
BLOCK06/SES067/SA067S12	SES292	-2.14115	19.1367	21.2779
BLOCK06/SES067/SA067S14	SES085	-2.36377	19.6881	22.0518
BLOCK06/SES067/SA067S14	SES177	-2.10989	19.9419	22.0518
BLOCK06/SES067/SA067S14	SES183	-1.77464	20.2772	22.0518
BLOCK06/SES067/SA067S14	SES202	-1.40388	20.648	22.0518
BLOCK06/SES067/SA067S21	SES144	-0.951761	19.4428	20.3946
BLOCK06/SES067/SA067S21	SES177	-1.12587	19.2687	20.3946
BLOCK06/SES067/SA067S21	SES183	-2.12785	18.2667	20.3946
BLOCK06/SES067/SA067S21	SES189	-0.54167	19.8529	20.3946
BLOCK06/SES067/SA067S25	SES085	-1.02496	20.2695	21.2944
BLOCK06/SES067/SA067S25	SES177	-0.95796	20.3365	21.2944
BLOCK06/SES067/SA067S25	SES183	-1.60253	19.6919	21.2944
BLOCK06/SES067/SA067S25	SES202	-1.33671	19.9577	21.2944
BLOCK06/SES067/SA067S29	SES085	-1.7673	20.077	21.8443
BLOCK06/SES067/SA067S29	SES177	-1.58873	20.2556	21.8443
BLOCK06/SES067/SA067S29	SES183	-1.44834	20.396	21.8443
BLOCK06/SES067/SA067S29	SES202	-1.01982	20.8245	21.8443
BLOCK06/SES069/SA069S12	SES029	-2.8759	19.3601	22.236
BLOCK06/SES069/SA069S12	SES082	-0.744347	21.4916	22.236
BLOCK06/SES069/SA069S12	SES087	-1.30995	20.926	22.236
BLOCK06/SES069/SA069S12	SES206	-0.63028	21.6057	22.236
BLOCK06/SES069/SA069S13	SES029	-3.01867	19.179	22.1976
BLOCK06/SES069/SA069S13	SES087	-1.3559	20.8417	22.1976
BLOCK06/SES069/SA069S13	SES206	-1.32851	20.8691	22.1976
BLOCK06/SES069/SA069S13	SES226	-0.597717	21.5999	22.1976
BLOCK06/SES069/SA069S23	SES029	-0.752579	23.1925	23.9451
BLOCK06/SES069/SA069S23	SES087	-0.341265	23.6039	23.9451
BLOCK06/SES069/SA069S23	SES206	-1.43546	22.5097	23.9451
BLOCK06/SES069/SA069S23	SES226	-0.0677242	23.8774	23.9451
BLOCK06/SES069/SA069S25	SES087	-0.931147	21.7752	22.7063
BLOCK06/SES069/SA069S25	SES206	-2.71467	19.9916	22.7063
BLOCK06/SES069/SA069S25	SES226	-0.231913	22.4744	22.7063
BLOCK06/SES069/SA069S25	SES270	-1.59921	21.1071	22.7063
BLOCK06/SES069/SA069S27	SES087	-2.04597	20.9498	22.9957
BLOCK06/SES069/SA069S27	SES206	-0.799454	22.1963	22.9957
BLOCK06/SES069/SA069S27	SES226	-0.0913811	22.9044	22.9957
BLOCK06/SES069/SA069S27	SES270	-1.18054	21.8152	22.9957
BLOCK08/SES081/SA081S11	SES060	-2.48112	17.8309	20.3121
BLOCK08/SES081/SA081S11	SES062	-3.02817	17.2839	20.3121
BLOCK08/SES081/SA081S11	SES117	-2.82833	17.4837	20.3121
BLOCK08/SES081/SA081S11	SES162	-2.31096	18.0011	20.3121
BLOCK08/SES081/SA081S13	SES016	-1.96984	20.0289	21.9988
BLOCK08/SES081/SA081S13	SES060	-0.582323	21.4164	21.9988
BLOCK08/SES081/SA081S13	SES068	-1.35226	20.6465	21.9988
BLOCK08/SES081/SA081S13	SES129	-2.81229	19.1865	21.9988
BLOCK08/SES081/SA081S24	SES060	-1.77032	18.7694	20.5397
BLOCK08/SES081/SA081S24	SES068	-1.63429	18.9054	20.5397
BLOCK08/SES081/SA081S24	SES117	-2.39768	18.142	20.5397
BLOCK08/SES081/SA081S24	SES275	-2.62988	17.9098	20.5397
BLOCK08/SES081/SA081S27	SES007	-1.60473	18.7467	20.3514
BLOCK08/SES081/SA081S27	SES060	-2.44331	17.9081	20.3514
BLOCK08/SES081/SA081S27	SES117	-1.08179	19.2696	20.3514
BLOCK08/SES081/SA081S27	SES275	-1.91455	18.4368	20.3514
BLOCK08/SES081/SA081S29	SES007	-1.39577	20.1764	21.5722
BLOCK08/SES081/SA081S29	SES060	-1.27479	20.2974	21.5722
BLOCK08/SES081/SA081S29	SES117	-1.68294	19.8893	21.5722
BLOCK08/SES081/SA081S29	SES275	-2.31349	19.2587	21.5722
BLOCK08/SES086/SA086S11	SES029	-3.70766	15.6489	19.3565
BLOCK08/SES086/SA086S11	SES082	-1.42766	17.9289	19.3565
BLOCK08/SES086/SA086S11	SES087	-0.456141	18.9004	19.3565
BLOCK08/SES086/SA086S11	SES206	-2.54173	16.8148	19.3565
BLOCK08/SES086/SA086S12	SES029	-2.51571	18.6379	21.1536
BLOCK08/SES086/SA086S12	SES082	-1.89793	19.2556	21.1536
BLOCK08/SES086/SA086S12	SES087	0.245813	21.3994	21.1536
BLOCK08/SES086/SA086S12	SES206	-1.51912	19.6344	21.1536
BLOCK08/SES086/SA086S20	SES029	-3.63713	18.79	22.4271
BLOCK08/SES086/SA086S20	SES082	-2.7071	19.72	22.4271
BLOCK08/SES086/SA086S20	SES087	0.0791054	22.5062	22.4271
BLOCK08/SES086/SA086S20	SES206	-1.02393	21.4032	22.4271
BLOCK08/SES086/SA086S24	SES087	-0.0476513	21.0777	21.1254
BLOCK08/SES086/SA086S24	SES104	-1.87206	19.2533	21.1254
BLOCK08/SES086/SA086S24	SES120	-2.8133	18.3121	21.1254
BLOCK08/SES086/SA086S24	SES206	-0.229647	20.8957	21.1254
BLOCK08/SES086/SA086S28	SES029	-2.29928	18.9366	21.2359
BLOCK08/SES086/SA086S28	SES082	-1.63264	19.6033	21.2359
BLOCK08/SES086/SA086S28	SES087	-0.222713	21.0132	21.2359
BLOCK08/SES086/SA086S28	SES206	-0.929413	20.3065	21.2359
BLOCK08/SES089/SA089S13	SES087	-1.18981	19.1164	20.3062
BLOCK08/SES089/SA089S13	SES206	-1.97217	18.334	20.3062
BLOCK08/SES089/SA089S13	SES226	-1.04587	19.2603	20.3062
BLOCK08/SES089/SA089S13	SES270	-2.7378	17.5684	20.3062
BLOCK08/SES089/SA089S14	SES062	-2.41709	18.1929	20.61
BLOCK08/SES089/SA089S14	SES087	-0.809103	19.8009	20.61
BLOCK08/SES089/SA089S14	SES206	-1.65013	18.9599	20.61
BLOCK08/SES089/SA089S14	SES226	-1.74549	18.8645	20.61
BLOCK08/SES089/SA089S23	SES087	-0.919939	17.7799	18.6998
BLOCK08/SES089/SA089S23	SES206	-1.46293	17.2369	18.6998
BLOCK08/SES089/SA089S23	SES226	-0.78327	17.9166	18.6998
BLOCK08/SES089/SA089S23	SES270	-2.08401	16.6158	18.6998
BLOCK08/SES089/SA089S25	SES062	-3.17495	18.0021	21.177
BLOCK08/SES089/SA089S25	SES087	-0.889191	20.2878	21.177
BLOCK08/SES089/SA089S25	SES206	-2.69738	18.4797	21.177
BLOCK08/SES089/SA089S25	SES226	-0.839127	20.3379	21.177
BLOCK08/SES089/SA089S28	SES062	-1.47763	19.2865	20.7641
BLOCK08/SES089/SA089S28	SES087	-0.303513	20.4606	20.7641
BLOCK08/SES089/SA089S28	SES206	-1.01912	19.745	20.7641
BLOCK08/SES089/SA089S28	SES226	-0.428465	20.3356	20.7641
BLOCK09/SES097/SA097S11	SES099	0.513142	20.9988	20.4856
BLOCK09/SES097/SA097S11	SES125	-1.40588	19.0797	20.4856
BLOCK09/SES097/SA097S11	SES206	-0.795736	19.6899	20.4856
BLOCK09/SES097/SA097S11	SES226	0.0702953	20.5559	20.4856
BLOCK09/SES097/SA097S14	SES062	-1.74019	18.1437	19.8839
BLOCK09/SES097/SA097S14	SES099	-0.924076	18.9598	19.8839
BLOCK09/SES097/SA097S14	SES104	-1.64876	18.2352	19.8839
BLOCK09/SES097/SA097S14	SES206	-2.19813	17.6858	19.8839
BLOCK09/SES097/SA097S22	SES099	0.936689	21.9293	20.9926
BLOCK09/SES097/SA097S22	SES206	-1.26166	19.7309	20.9926
BLOCK09/SES097/SA097S22	SES226	-1.54223	19.4503	20.9926
BLOCK09/SES097/SA097S22	SES270	-0.32258	20.67	20.9926
BLOCK09/SES097/SA097S26	SES099	-0.414661	21.5005	21.9151
BLOCK09/SES097/SA097S26	SES120	-2.20246	19.7127	21.9151
BLOCK09/SES097/SA097S26	SES206	-1.6842	20.2309	21.9151
BLOCK09/SES097/SA097S26	SES226	-2.43321	19.4819	21.9151
BLOCK09/SES097/SA097S28	SES099	-0.41893	20.4796	20.8986
BLOCK09/SES097/SA097S28	SES120	-1.9832	18.9153	20.8986
BLOCK09/SES097/SA097S28	SES206	-1.96848	18.9301	20.8986
BLOCK09/SES097/SA097S28	SES226	-2.6355	18.263	20.8986
BLOCK09/SES098/SA098S11	SES127	-3.58616	15.637	19.2231
BLOCK09/SES098/SA098S11	SES144	-2.42803	16.7951	19.2231
BLOCK09/SES098/SA098S11	SES147	-1.03668	18.1864	19.2231
BLOCK09/SES098/SA098S11	SES148	-4.22228	15.0008	19.2231
BLOCK09/SES098/SA098S12	SES127	-5.52378	13.271	18.7947
BLOCK09/SES098/SA098S12	SES144	-2.86883	15.9259	18.7947
BLOCK09/SES098/SA098S12	SES147	-1.85996	16.9348	18.7947
BLOCK09/SES098/SA098S12	SES189	-1.72156	17.0732	18.7947
BLOCK09/SES098/SA098S20	SES127	-5.24055	14.1455	19.386
BLOCK09/SES098/SA098S20	SES147	-2.11753	17.2685	19.386
BLOCK09/SES098/SA098S20	SES148	-5.67696	13.709	19.386
BLOCK09/SES098/SA098S20	SES292	-4.50042	14.8856	19.386
BLOCK09/SES098/SA098S23	SES127	-2.65792	17.8858	20.5437
BLOCK09/SES098/SA098S23	SES147	-1.46346	19.0803	20.5437
BLOCK09/SES098/SA098S23	SES187	-1.64865	18.8951	20.5437
BLOCK09/SES098/SA098S23	SES292	-2.16717	18.3766	20.5437
BLOCK09/SES098/SA098S27	SES127	-4.31008	14.8086	19.1187
BLOCK09/SES098/SA098S27	SES147	-2.77393	16.3448	19.1187
BLOCK09/SES098/SA098S27	SES148	-4.26161	14.8571	19.1187
BLOCK09/SES098/SA098S27	SES292	-2.81802	16.3007	19.1187
BLOCK10/SES102/SA102S13	SES101	-0.613857	18.2366	18.8505
BLOCK10/SES102/SA102S13	SES105	-1.40293	17.4475	18.8505
BLOCK10/SES102/SA102S13	SES120	-2.37995	16.4705	18.8505
BLOCK10/SES102/SA102S13	SES158	-3.4329	15.4176	18.8505
BLOCK10/SES102/SA102S14	SES007	-0.507933	21.1265	21.6344
BLOCK10/SES102/SA102S14	SES101	-0.408875	21.2255	21.6344
BLOCK10/SES102/SA102S14	SES105	-0.369196	21.2652	21.6344
BLOCK10/SES102/SA102S14	SES147	-3.57966	18.0548	21.6344
BLOCK10/SES102/SA102S22	SES007	-1.80043	18.907	20.7075
BLOCK10/SES102/SA102S22	SES101	-0.361422	20.346	20.7075
BLOCK10/SES102/SA102S22	SES105	-0.869678	19.8378	20.7075
BLOCK10/SES102/SA102S22	SES158	-2.85558	17.8519	20.7075
BLOCK10/SES102/SA102S25	SES007	-0.83651	20.7402	21.5767
BLOCK10/SES102/SA102S25	SES101	-0.0508404	21.5259	21.5767
BLOCK10/SES102/SA102S25	SES105	-1.09764	20.4791	21.5767
BLOCK10/SES102/SA102S25	SES147	-3.44878	18.128	21.5767
BLOCK10/SES102/SA102S27	SES007	-1.58212	19.1196	20.7017
BLOCK10/SES102/SA102S27	SES101	-0.199331	20.5023	20.7017
BLOCK10/SES102/SA102S27	SES105	-1.46779	19.2339	20.7017
BLOCK10/SES102/SA102S27	SES147	-2.77616	17.9255	20.7017
BLOCK10/SES103/SA103S14	SES105	-2.71077	16.4095	19.1203
BLOCK10/SES103/SA103S14	SES106	-1.45994	17.6603	19.1203
BLOCK10/SES103/SA103S14	SES120	-2.87366	16.2466	19.1203
BLOCK10/SES103/SA103S14	SES206	-2.39457	16.7257	19.1203
BLOCK10/SES103/SA103S15	SES099	-1.93742	15.8922	17.8296
BLOCK10/SES103/SA103S15	SES101	-4.25353	13.5761	17.8296
BLOCK10/SES103/SA103S15	SES104	-2.4582	15.3714	17.8296
BLOCK10/SES103/SA103S15	SES125	-1.73575	16.0939	17.8296
BLOCK10/SES103/SA103S24	SES104	-2.27639	18.5709	20.8473
BLOCK10/SES103/SA103S24	SES125	-2.03353	18.8138	20.8473
BLOCK10/SES103/SA103S24	SES148	-3.70472	17.1426	20.8473
BLOCK10/SES103/SA103S24	SES158	-1.72182	19.1255	20.8473
BLOCK10/SES103/SA103S26	SES104	-2.52796	15.1779	17.7058
BLOCK10/SES103/SA103S26	SES106	-0.876154	16.8297	17.7058
BLOCK10/SES103/SA103S26	SES125	-1.82456	15.8813	17.7058
BLOCK10/SES103/SA103S26	SES148	-4.76994	12.9359	17.7058
BLOCK10/SES103/SA103S28	SES104	-3.07854	14.4933	17.5719
BLOCK10/SES103/SA103S28	SES106	-1.72709	15.8448	17.5719
BLOCK10/SES103/SA103S28	SES125	-2.51602	15.0558	17.5719
BLOCK10/SES103/SA103S28	SES206	-3.75165	13.8202	17.5719
BLOCK12/SES121/SA121S12	SES042	-2.95322	12.7352	15.6884
BLOCK12/SES121/SA121S12	SES087	-1.71683	13.9716	15.6884
BLOCK12/SES121/SA121S12	SES105	-0.557491	15.1309	15.6884
BLOCK12/SES121/SA121S12	SES206	-1.8845	13.8039	15.6884
BLOCK12/SES121/SA121S14	SES007	-2.39294	14.4518	16.8448
BLOCK12/SES121/SA121S14	SES105	-2.20782	14.6369	16.8448
BLOCK12/SES121/SA121S14	SES106	-2.4893	14.3555	16.8448
BLOCK12/SES121/SA121S14	SES206	-2.76168	14.0831	16.8448
BLOCK12/SES121/SA121S23	SES105	-1.75625	13.8692	15.6254
BLOCK12/SES121/SA121S23	SES106	-1.21468	14.4108	15.6254
BLOCK12/SES121/SA121S23	SES120	-1.78412	13.8413	15.6254
BLOCK12/SES121/SA121S23	SES206	-2.3092	13.3162	15.6254
BLOCK12/SES121/SA121S25	SES007	-1.13961	13.2895	14.4291
BLOCK12/SES121/SA121S25	SES105	-1.85432	12.5748	14.4291
BLOCK12/SES121/SA121S25	SES106	-1.47744	12.9517	14.4291
BLOCK12/SES121/SA121S25	SES206	-3.003	11.4261	14.4291
BLOCK12/SES121/SA121S27	SES087	-0.80178	15.8871	16.6888
BLOCK12/SES121/SA121S27	SES105	-3.03071	13.6581	16.6888
BLOCK12/SES121/SA121S27	SES120	-0.750785	15.9381	16.6888
BLOCK12/SES121/SA121S27	SES206	-2.70091	13.9879	16.6888
BLOCK12/SES124/SA124S16	SES042	-0.394983	18.9936	19.3886
BLOCK12/SES124/SA124S16	SES082	-1.89859	17.49	19.3886
BLOCK12/SES124/SA124S16	SES183	-2.63616	16.7524	19.3886
BLOCK12/SES124/SA124S16	SES206	-2.81463	16.5739	19.3886
BLOCK12/SES124/SA124S17	SES105	-2.5501	15.2578	17.8079
BLOCK12/SES124/SA124S17	SES149	-3.87698	13.931	17.8079
BLOCK12/SES124/SA124S17	SES158	-3.12448	14.6835	17.8079
BLOCK12/SES124/SA124S17	SES275	-1.85715	15.9508	17.8079
BLOCK12/SES124/SA124S23	SES105	-2.95576	18.7043	21.6601
BLOCK12/SES124/SA124S23	SES125	-0.46937	21.1907	21.6601
BLOCK12/SES124/SA124S23	SES129	-3.10611	18.554	21.6601
BLOCK12/SES124/SA124S23	SES158	-1.19232	20.4678	21.6601
BLOCK12/SES124/SA124S26	SES105	-3.79449	17.5869	21.3814
BLOCK12/SES124/SA124S26	SES125	-1.156	20.2254	21.3814
BLOCK12/SES124/SA124S26	SES129	-3.63947	17.7419	21.3814
BLOCK12/SES124/SA124S26	SES158	-2.05447	19.3269	21.3814
BLOCK12/SES124/SA124S28	SES104	-1.27349	19.4694	20.7429
BLOCK12/SES124/SA124S28	SES106	-1.19306	19.5499	20.7429
BLOCK12/SES124/SA124S28	SES125	-0.246111	20.4968	20.7429
BLOCK12/SES124/SA124S28	SES275	-2.93948	17.8034	20.7429
BLOCK12/SES126/SA126S13	SES007	-2.29245	17.0202	19.3126
BLOCK12/SES126/SA126S13	SES162	-2.63694	16.6757	19.3126
BLOCK12/SES126/SA126S13	SES177	-1.94015	17.3725	19.3126
BLOCK12/SES126/SA126S13	SES180	-2.66634	16.6463	19.3126
BLOCK12/SES126/SA126S14	SES144	-1.56882	20.3189	21.8877
BLOCK12/SES126/SA126S14	SES148	-2.08079	19.8069	21.8877
BLOCK12/SES126/SA126S14	SES177	-1.01585	20.8719	21.8877
BLOCK12/SES126/SA126S14	SES180	-2.17254	19.7152	21.8877
BLOCK12/SES126/SA126S20	SES007	-3.57805	15.45	19.028
BLOCK12/SES126/SA126S20	SES162	-3.67378	15.3543	19.028
BLOCK12/SES126/SA126S20	SES172	-5.67555	13.3525	19.028
BLOCK12/SES126/SA126S20	SES180	-3.69342	15.3346	19.028
BLOCK12/SES126/SA126S24	SES120	-1.97957	19.8053	21.7849
BLOCK12/SES126/SA126S24	SES162	-2.34006	19.4449	21.7849
BLOCK12/SES126/SA126S24	SES177	-1.09648	20.6884	21.7849
BLOCK12/SES126/SA126S24	SES180	-1.4063	20.3786	21.7849
BLOCK12/SES126/SA126S26	SES120	-1.1128	20.0779	21.1907
BLOCK12/SES126/SA126S26	SES177	-1.33326	19.8574	21.1907
BLOCK12/SES126/SA126S26	SES180	-1.78045	19.4102	21.1907
BLOCK12/SES126/SA126S26	SES202	-2.54946	18.6412	21.1907
BLOCK12/SES128/SA128S10	SES087	-2.71122	18.597	21.3082
BLOCK12/SES128/SA128S10	SES206	-1.32918	19.979	21.3082
BLOCK12/SES128/SA128S10	SES226	-0.638239	20.67	21.3082
BLOCK12/SES128/SA128S10	SES270	-0.778662	20.5295	21.3082
BLOCK12/SES128/SA128S12	SES120	-1.99621	18.4503	20.4465
BLOCK12/SES128/SA128S12	SES158	-2.03471	18.4118	20.4465
BLOCK12/SES128/SA128S12	SES206	-1.64151	18.805	20.4465
BLOCK12/SES128/SA128S12	SES226	-1.91165	18.5348	20.4465
BLOCK12/SES128/SA128S21	SES106	-2.86745	16.321	19.1884
BLOCK12/SES128/SA128S21	SES120	-2.52682	16.6616	19.1884
BLOCK12/SES128/SA128S21	SES206	-2.73343	16.455	19.1884
BLOCK12/SES128/SA128S21	SES226	-1.25345	17.935	19.1884
BLOCK12/SES128/SA128S24	SES087	-1.94128	17.8303	19.7715
BLOCK12/SES128/SA128S24	SES120	-1.54993	18.2216	19.7715
BLOCK12/SES128/SA128S24	SES206	-1.64791	18.1236	19.7715
BLOCK12/SES128/SA128S24	SES226	-2.05722	17.7143	19.7715
BLOCK12/SES128/SA128S27	SES099	-1.39259	20.01	21.4026
BLOCK12/SES128/SA128S27	SES120	-1.42872	19.9739	21.4026
BLOCK12/SES128/SA128S27	SES206	-1.45193	19.9507	21.4026
BLOCK12/SES128/SA128S27	SES226	-1.81841	19.5842	21.4026
BLOCK13/SES130/SA130S13	SES143	-2.16267	17.7855	19.9482
BLOCK13/SES130/SA130S13	SES144	-0.625956	19.3222	19.9482
BLOCK13/SES130/SA130S13	SES146	-1.39469	18.5535	19.9482
BLOCK13/SES130/SA130S13	SES275	-2.92166	17.0265	19.9482
BLOCK13/SES130/SA130S15	SES143	-2.21949	19.2891	21.5086
BLOCK13/SES130/SA130S15	SES144	-0.564451	20.9442	21.5086
BLOCK13/SES130/SA130S15	SES146	-1.29012	20.2185	21.5086
BLOCK13/SES130/SA130S15	SES275	-1.85637	19.6523	21.5086
BLOCK13/SES130/SA130S23	SES127	-2.07471	17.1594	19.2341
BLOCK13/SES130/SA130S23	SES144	-2.05173	17.1824	19.2341
BLOCK13/SES130/SA130S23	SES146	-1.16831	18.0658	19.2341
BLOCK13/SES130/SA130S23	SES162	-1.37845	17.8557	19.2341
BLOCK13/SES130/SA130S25	SES127	-1.42704	19.9288	21.3559
BLOCK13/SES130/SA130S25	SES144	-0.978056	20.3778	21.3559
BLOCK13/SES130/SA130S25	SES146	-0.717308	20.6386	21.3559
BLOCK13/SES130/SA130S25	SES275	-1.18319	20.1727	21.3559
BLOCK13/SES130/SA130S28	SES127	-1.51797	19.0592	20.5771
BLOCK13/SES130/SA130S28	SES144	-1.63014	18.947	20.5771
BLOCK13/SES130/SA130S28	SES146	-0.840704	19.7364	20.5771
BLOCK13/SES130/SA130S28	SES275	-1.24604	19.3311	20.5771
BLOCK13/SES131/SA131S13	SES002	-1.92527	15.3712	17.2964
BLOCK13/SES131/SA131S13	SES007	-2.18915	15.1073	17.2964
BLOCK13/SES131/SA131S13	SES099	-2.25422	15.0422	17.2964
BLOCK13/SES131/SA131S13	SES105	-2.01987	15.2765	17.2964
BLOCK13/SES131/SA131S14	SES104	-0.503736	17.9579	18.4616
BLOCK13/SES131/SA131S14	SES106	-1.25934	17.2023	18.4616
BLOCK13/SES131/SA131S14	SES125	-1.23701	17.2246	18.4616
BLOCK13/SES131/SA131S14	SES148	-1.2848	17.1768	18.4616
BLOCK13/SES131/SA131S20	SES104	-2.79447	14.1483	16.9428
BLOCK13/SES131/SA131S20	SES106	-1.72672	15.2161	16.9428
BLOCK13/SES131/SA131S20	SES125	-2.94219	14.0006	16.9428
BLOCK13/SES131/SA131S20	SES148	-1.78576	15.157	16.9428
BLOCK13/SES131/SA131S22	SES099	-2.05382	16.7686	18.8224
BLOCK13/SES131/SA131S22	SES104	-2.23241	16.59	18.8224
BLOCK13/SES131/SA131S22	SES125	-2.22357	16.5988	18.8224
BLOCK13/SES131/SA131S22	SES206	-2.62073	16.2017	18.8224
BLOCK13/SES131/SA131S29	SES087	-1.94286	15.8424	17.7852
BLOCK13/SES131/SA131S29	SES104	-3.447	14.3382	17.7852
BLOCK13/SES131/SA131S29	SES125	-3.0238	14.7614	17.7852
BLOCK13/SES131/SA131S29	SES206	-2.72456	15.0607	17.7852
BLOCK13/SES132/SA132S11	SES083	-2.21707	19.4257	21.6427
BLOCK13/SES132/SA132S11	SES120	-0.403933	21.2388	21.6427
BLOCK13/SES132/SA132S11	SES127	-1.93989	19.7029	21.6427
BLOCK13/SES132/SA132S11	SES275	-1.54998	20.0928	21.6427
BLOCK13/SES132/SA132S12	SES083	-2.93854	18.144	21.0826
BLOCK13/SES132/SA132S12	SES143	-1.89572	19.1868	21.0826
BLOCK13/SES132/SA132S12	SES144	-1.68149	19.4011	21.0826
BLOCK13/SES132/SA132S12	SES148	-1.3581	19.7245	21.0826
BLOCK13/SES132/SA132S22	SES062	-1.50405	19.9499	21.454
BLOCK13/SES132/SA132S22	SES083	-1.61437	19.8396	21.454
BLOCK13/SES132/SA132S22	SES127	-1.5872	19.8668	21.454
BLOCK13/SES132/SA132S22	SES275	-1.4097	20.0443	21.454
BLOCK13/SES132/SA132S24	SES007	-1.37738	20.53	21.9074
BLOCK13/SES132/SA132S24	SES083	-2.13452	19.7729	21.9074
BLOCK13/SES132/SA132S24	SES127	-1.84259	20.0648	21.9074
BLOCK13/SES132/SA132S24	SES275	-1.32887	20.5785	21.9074
BLOCK13/SES132/SA132S27	SES083	-2.31214	18.4289	20.741
BLOCK13/SES132/SA132S27	SES120	-0.255636	20.4854	20.741
BLOCK13/SES132/SA132S27	SES127	-2.20666	18.5343	20.741
BLOCK13/SES132/SA132S27	SES275	-1.80428	18.9367	20.741
BLOCK14/SES141/SA141S09	SES143	-1.28846	19.8393	21.1278
BLOCK14/SES141/SA141S09	SES144	-0.849545	20.2782	21.1278
BLOCK14/SES141/SA141S09	SES162	-1.97345	19.1543	21.1278
BLOCK14/SES141/SA141S09	SES180	-1.48963	19.6382	21.1278
BLOCK14/SES141/SA141S15	SES127	-1.41581	19.2733	20.6891
BLOCK14/SES141/SA141S15	SES144	-1.44583	19.2433	20.6891
BLOCK14/SES141/SA141S15	SES162	-1.94039	18.7487	20.6891
BLOCK14/SES141/SA141S15	SES180	-1.59504	19.0941	20.6891
BLOCK14/SES141/SA141S24	SES127	-1.44868	20.0339	21.4826
BLOCK14/SES141/SA141S24	SES144	-2.07072	19.4118	21.4826
BLOCK14/SES141/SA141S24	SES162	-1.76914	19.7134	21.4826
BLOCK14/SES141/SA141S24	SES183	-2.22437	19.2582	21.4826
BLOCK14/SES141/SA141S26	SES142	-1.61348	19.6029	21.2164
BLOCK14/SES141/SA141S26	SES144	-1.68068	19.5357	21.2164
BLOCK14/SES141/SA141S26	SES172	-1.13833	20.0781	21.2164
BLOCK14/SES141/SA141S26	SES180	-1.32398	19.8924	21.2164
BLOCK14/SES141/SA141S29	SES127	-0.999212	20.402	21.4012
BLOCK14/SES141/SA141S29	SES142	-0.852169	20.5491	21.4012
BLOCK14/SES141/SA141S29	SES144	-1.43638	19.9649	21.4012
BLOCK14/SES141/SA141S29	SES180	-1.18231	20.2189	21.4012
BLOCK15/SES157/SA157S08	SES083	-2.6128	18.2411	20.8539
BLOCK15/SES157/SA157S08	SES127	-1.42196	19.432	20.8539
BLOCK15/SES157/SA157S08	SES148	-1.78561	19.0683	20.8539
BLOCK15/SES157/SA157S08	SES292	-2.08974	18.7642	20.8539
BLOCK15/SES157/SA157S11	SES083	-3.19094	17.7473	20.9382
BLOCK15/SES157/SA157S11	SES127	-2.13516	18.8031	20.9382
BLOCK15/SES157/SA157S11	SES148	-2.24793	18.6903	20.9382
BLOCK15/SES157/SA157S11	SES292	-3.2525	17.6858	20.9382
BLOCK15/SES157/SA157S21	SES127	-1.15718	20.6004	21.7576
BLOCK15/SES157/SA157S21	SES148	-0.563107	21.1945	21.7576
BLOCK15/SES157/SA157S21	SES158	-5.41806	16.3395	21.7576
BLOCK15/SES157/SA157S21	SES292	-1.77541	19.9821	21.7576
BLOCK15/SES157/SA157S24	SES127	-1.01731	20.9887	22.0061
BLOCK15/SES157/SA157S24	SES148	-1.47635	20.5297	22.0061
BLOCK15/SES157/SA157S24	SES183	-2.21689	19.7892	22.0061
BLOCK15/SES157/SA157S24	SES292	-2.38195	19.6241	22.0061
BLOCK15/SES157/SA157S26	SES007	-0.860609	20.1673	21.028
BLOCK15/SES157/SA157S26	SES127	-1.25979	19.7682	21.028
BLOCK15/SES157/SA157S26	SES147	-2.48124	18.5467	21.028
BLOCK15/SES157/SA157S26	SES148	-1.15118	19.8768	21.028
BLOCK16/SES161/SA161S10	SES007	-2.00001	16.3528	18.3528
BLOCK16/SES161/SA161S10	SES105	-1.69983	16.653	18.3528
BLOCK16/SES161/SA161S10	SES158	-1.92599	16.4268	18.3528
BLOCK16/SES161/SA161S10	SES275	-1.77315	16.5797	18.3528
BLOCK16/SES161/SA161S12	SES007	-2.2192	16.1227	18.3419
BLOCK16/SES161/SA161S12	SES105	-2.67879	15.6631	18.3419
BLOCK16/SES161/SA161S12	SES158	-1.81809	16.5238	18.3419
BLOCK16/SES161/SA161S12	SES275	-1.47068	16.8712	18.3419
BLOCK16/SES161/SA161S20	SES007	-1.87674	15.8415	17.7183
BLOCK16/SES161/SA161S20	SES105	-2.74242	14.9759	17.7183
BLOCK16/SES161/SA161S20	SES158	-1.30985	16.4084	17.7183
BLOCK16/SES161/SA161S20	SES275	-2.24638	15.4719	17.7183
BLOCK16/SES161/SA161S23	SES007	-2.53091	15.8182	18.3491
BLOCK16/SES161/SA161S23	SES105	-1.73959	16.6095	18.3491
BLOCK16/SES161/SA161S23	SES148	-2.13746	16.2116	18.3491
BLOCK16/SES161/SA161S23	SES158	-2.00311	16.346	18.3491
BLOCK16/SES161/SA161S28	SES007	-2.66362	16.8171	19.4807
BLOCK16/SES161/SA161S28	SES105	-2.78625	16.6945	19.4807
BLOCK16/SES161/SA161S28	SES158	-1.22809	18.2526	19.4807
BLOCK16/SES161/SA161S28	SES206	-1.81918	17.6615	19.4807
BLOCK16/SES164/SA164S11	SES104	-2.36049	19.6784	22.0388
BLOCK16/SES164/SA164S11	SES125	-1.29766	20.7412	22.0388
BLOCK16/SES164/SA164S11	SES158	-1.659	20.3798	22.0388
BLOCK16/SES164/SA164S11	SES206	-2.46081	19.578	22.0388
BLOCK16/SES164/SA164S13	SES099	-1.40386	19.3365	20.7404
BLOCK16/SES164/SA164S13	SES104	-2.5135	18.2269	20.7404
BLOCK16/SES164/SA164S13	SES125	-2.24046	18.4999	20.7404
BLOCK16/SES164/SA164S13	SES206	-2.1578	18.5826	20.7404
BLOCK16/SES164/SA164S24	SES002	-0.459503	20.8612	21.3207
BLOCK16/SES164/SA164S24	SES099	-1.77407	19.5466	21.3207
BLOCK16/SES164/SA164S24	SES125	-2.27208	19.0486	21.3207
BLOCK16/SES164/SA164S24	SES226	-1.19606	20.1246	21.3207
BLOCK16/SES164/SA164S27	SES087	-2.05915	18.9724	21.0316
BLOCK16/SES164/SA164S27	SES125	-2.10308	18.9285	21.0316
BLOCK16/SES164/SA164S27	SES206	-2.08343	18.9482	21.0316
BLOCK16/SES164/SA164S27	SES226	-2.01759	19.014	21.0316
BLOCK16/SES164/SA164S29	SES002	0.458363	20.9797	20.5213
BLOCK16/SES164/SA164S29	SES019	-1.9931	18.5282	20.5213
BLOCK16/SES164/SA164S29	SES125	-1.51693	19.0044	20.5213
BLOCK16/SES164/SA164S29	SES226	-2.27304	18.2483	20.5213
BLOCK16/SES169/SA169S13	SES117	-1.72572	18.5091	20.2348
BLOCK16/SES169/SA169S13	SES144	-1.1465	19.0883	20.2348
BLOCK16/SES169/SA169S13	SES146	-1.22765	19.0072	20.2348
BLOCK16/SES169/SA169S13	SES162	-1.3371	18.8977	20.2348
BLOCK16/SES169/SA169S14	SES144	-2.10674	19.2202	21.327
BLOCK16/SES169/SA169S14	SES148	-1.66249	19.6645	21.327
BLOCK16/SES169/SA169S14	SES177	-1.63176	19.6952	21.327
BLOCK16/SES169/SA169S14	SES180	-2.1791	19.1479	21.327
BLOCK16/SES169/SA169S24	SES117	-1.8339	17.3611	19.195
BLOCK16/SES169/SA169S24	SES144	-1.05433	18.1407	19.195
BLOCK16/SES169/SA169S24	SES146	-0.890598	18.3044	19.195
BLOCK16/SES169/SA169S24	SES162	-1.48985	17.7052	19.195
BLOCK16/SES169/SA169S27	SES127	-1.37304	18.851	20.2241
BLOCK16/SES169/SA169S27	SES129	-1.5364	18.6877	20.2241
BLOCK16/SES169/SA169S27	SES144	-1.74362	18.4805	20.2241
BLOCK16/SES169/SA169S27	SES146	-0.410915	19.8132	20.2241
BLOCK16/SES169/SA169S29	SES144	-1.16282	19.8616	21.0244
BLOCK16/SES169/SA169S29	SES162	-1.07308	19.9513	21.0244
BLOCK16/SES169/SA169S29	SES177	-2.43993	18.5845	21.0244
BLOCK16/SES169/SA169S29	SES180	-1.62687	19.3975	21.0244
BLOCK17/SES171/SA171S12	SES083	-1.82037	17.9808	19.8011
BLOCK17/SES171/SA171S12	SES148	-2.23306	17.5681	19.8011
BLOCK17/SES171/SA171S12	SES172	-1.92203	17.8791	19.8011
BLOCK17/SES171/SA171S12	SES292	-2.38732	17.4138	19.8011
BLOCK17/SES171/SA171S15	SES148	-2.53585	16.0826	18.6185
BLOCK17/SES171/SA171S15	SES177	-1.14382	17.4746	18.6185
BLOCK17/SES171/SA171S15	SES180	-4.6382	13.9803	18.6185
BLOCK17/SES171/SA171S15	SES292	-4.58188	14.0366	18.6185
BLOCK17/SES171/SA171S22	SES007	-1.53317	19.301	20.8342
BLOCK17/SES171/SA171S22	SES148	-1.93605	18.8982	20.8342
BLOCK17/SES171/SA171S22	SES177	-0.787884	20.0463	20.8342
BLOCK17/SES171/SA171S22	SES180	-2.86451	17.9697	20.8342
BLOCK17/SES171/SA171S25	SES101	-3.81449	15.9248	19.7393
BLOCK17/SES171/SA171S25	SES120	-5.3518	14.3875	19.7393
BLOCK17/SES171/SA171S25	SES177	-1.38031	18.359	19.7393
BLOCK17/SES171/SA171S25	SES180	-3.62011	16.1192	19.7393
BLOCK17/SES171/SA171S27	SES177	-0.920345	19.1696	20.0899
BLOCK17/SES171/SA171S27	SES180	-3.21391	16.876	20.0899
BLOCK17/SES171/SA171S27	SES189	-1.33932	18.7506	20.0899
BLOCK17/SES171/SA171S27	SES292	-2.49817	17.5918	20.0899
BLOCK17/SES173/SA173S13	SES162	-3.80265	15.4873	19.2899
BLOCK17/SES173/SA173S13	SES177	-1.99311	17.2968	19.2899
BLOCK17/SES173/SA173S13	SES180	-3.38693	15.903	19.2899
BLOCK17/SES173/SA173S13	SES292	-2.11176	17.1782	19.2899
BLOCK17/SES173/SA173S14	SES007	-2.66764	15.5601	18.2277
BLOCK17/SES173/SA173S14	SES162	-3.39906	14.8286	18.2277
BLOCK17/SES173/SA173S14	SES177	-2.01896	16.2087	18.2277
BLOCK17/SES173/SA173S14	SES180	-3.37765	14.85	18.2277
BLOCK17/SES173/SA173S24	SES144	-2.02147	16.0034	18.0249
BLOCK17/SES173/SA173S24	SES162	-3.15877	14.8661	18.0249
BLOCK17/SES173/SA173S24	SES177	-1.53932	16.4856	18.0249
BLOCK17/SES173/SA173S24	SES180	-3.38121	14.6437	18.0249
BLOCK17/SES173/SA173S27	SES162	-4.43993	14.9878	19.4277
BLOCK17/SES173/SA173S27	SES177	-1.49994	17.9278	19.4277
BLOCK17/SES173/SA173S27	SES180	-3.05038	16.3773	19.4277
BLOCK17/SES173/SA173S27	SES292	-2.30818	17.1195	19.4277
BLOCK17/SES173/SA173S29	SES162	-3.41294	15.431	18.8439
BLOCK17/SES173/SA173S29	SES175	-1.90421	16.9397	18.8439
BLOCK17/SES173/SA173S29	SES177	-1.60285	17.2411	18.8439
BLOCK17/SES173/SA173S29	SES292	-3.88855	14.9554	18.8439
BLOCK18/SES182/SA182S10	SES144	-1.33418	18.5697	19.9039
BLOCK18/SES182/SA182S10	SES177	-1.75967	18.1442	19.9039
BLOCK18/SES182/SA182S10	SES180	-2.32334	17.5805	19.9039
BLOCK18/SES182/SA182S10	SES275	-0.892462	19.0114	19.9039
BLOCK18/SES182/SA182S12	SES144	-1.20434	18.7123	19.9167
BLOCK18/SES182/SA182S12	SES177	-1.28732	18.6293	19.9167
BLOCK18/SES182/SA182S12	SES180	-1.96599	17.9507	19.9167
BLOCK18/SES182/SA182S12	SES275	-0.934612	18.982	19.9167
BLOCK18/SES182/SA182S21	SES117	-1.24173	17.9036	19.1453
BLOCK18/SES182/SA182S21	SES144	-1.45809	17.6872	19.1453
BLOCK18/SES182/SA182S21	SES162	-0.964441	18.1809	19.1453
BLOCK18/SES182/SA182S21	SES180	-1.84284	17.3025	19.1453
BLOCK18/SES182/SA182S23	SES117	-0.840612	18.9769	19.8175
BLOCK18/SES182/SA182S23	SES144	-1.97554	17.842	19.8175
BLOCK18/SES182/SA182S23	SES180	-2.23849	17.579	19.8175
BLOCK18/SES182/SA182S23	SES275	-1.51364	18.3039	19.8175
BLOCK18/SES182/SA182S25	SES007	-0.0526752	19.5925	19.6451
BLOCK18/SES182/SA182S25	SES162	-0.933451	18.7117	19.6451
BLOCK18/SES182/SA182S25	SES177	-0.912292	18.7328	19.6451
BLOCK18/SES182/SA182S25	SES180	-1.50087	18.1443	19.6451
BLOCK18/SES184/SA184S12	SES177	-1.4008	19.8705	21.2713
BLOCK18/SES184/SA184S12	SES180	-1.9028	19.3685	21.2713
BLOCK18/SES184/SA184S12	SES189	-2.91674	18.3545	21.2713
BLOCK18/SES184/SA184S12	SES292	-1.52943	19.7418	21.2713
BLOCK18/SES184/SA184S13	SES101	-1.68502	19.0917	20.7767
BLOCK18/SES184/SA184S13	SES177	-1.58648	19.1902	20.7767
BLOCK18/SES184/SA184S13	SES180	-2.04404	18.7327	20.7767
BLOCK18/SES184/SA184S13	SES292	-2.35006	18.4267	20.7767
BLOCK18/SES184/SA184S22	SES177	-2.06513	20.4757	22.5408
BLOCK18/SES184/SA184S22	SES180	-2.30148	20.2394	22.5408
BLOCK18/SES184/SA184S22	SES189	-3.54739	18.9934	22.5408
BLOCK18/SES184/SA184S22	SES292	-2.12314	20.4177	22.5408
BLOCK18/SES184/SA184S25	SES101	-1.23573	21.6909	22.9266
BLOCK18/SES184/SA184S25	SES177	-2.0264	20.9002	22.9266
BLOCK18/SES184/SA184S25	SES180	-1.69235	21.2343	22.9266
BLOCK18/SES184/SA184S25	SES292	-1.40087	21.5258	22.9266
BLOCK18/SES184/SA184S27	SES083	-1.29357	19.3677	20.6612
BLOCK18/SES184/SA184S27	SES177	-1.26979	19.3914	20.6612
BLOCK18/SES184/SA184S27	SES202	-1.97169	18.6895	20.6612
BLOCK18/SES184/SA184S27	SES292	-1.55511	19.1061	20.6612
BLOCK20/SES204/SA204S12	SES062	-1.18913	20.6243	21.8135
BLOCK20/SES204/SA204S12	SES083	-3.2379	18.5756	21.8135
BLOCK20/SES204/SA204S12	SES206	-1.78975	20.0237	21.8135
BLOCK20/SES204/SA204S12	SES226	-2.73639	19.0771	21.8135
BLOCK20/SES204/SA204S14	SES068	-1.74257	21.3626	23.1052
BLOCK20/SES204/SA204S14	SES087	-0.733271	22.3719	23.1052
BLOCK20/SES204/SA204S14	SES206	-2.50061	20.6046	23.1052
BLOCK20/SES204/SA204S14	SES226	-2.92893	20.1763	23.1052
BLOCK20/SES204/SA204S22	SES068	-2.27722	19.6579	21.9351
BLOCK20/SES204/SA204S22	SES082	-3.36014	18.575	21.9351
BLOCK20/SES204/SA204S22	SES083	-4.32855	17.6066	21.9351
BLOCK20/SES204/SA204S22	SES206	-2.24284	19.6923	21.9351
BLOCK20/SES204/SA204S25	SES062	-2.02241	20.0539	22.0764
BLOCK20/SES204/SA204S25	SES083	-3.36353	18.7128	22.0764
BLOCK20/SES204/SA204S25	SES206	-1.60495	20.4714	22.0764
BLOCK20/SES204/SA204S25	SES226	-2.4709	19.6055	22.0764
BLOCK20/SES204/SA204S27	SES068	-1.77994	19.4396	21.2195
BLOCK20/SES204/SA204S27	SES082	-2.92963	18.2899	21.2195
BLOCK20/SES204/SA204S27	SES087	-1.15859	20.0609	21.2195
BLOCK20/SES204/SA204S27	SES206	-1.90803	19.3115	21.2195
BLOCK20/SES207/SA207S10	SES127	-0.748165	18.833	19.5812
BLOCK20/SES207/SA207S10	SES183	-2.01575	17.5655	19.5812
BLOCK20/SES207/SA207S10	SES189	-1.97235	17.6089	19.5812
BLOCK20/SES207/SA207S10	SES292	-1.31673	18.2645	19.5812
BLOCK20/SES207/SA207S11	SES127	-2.50865	17.0627	19.5713
BLOCK20/SES207/SA207S11	SES183	-1.96203	17.6093	19.5713
BLOCK20/SES207/SA207S11	SES187	-1.66629	17.905	19.5713
BLOCK20/SES207/SA207S11	SES292	-1.50864	18.0627	19.5713
BLOCK20/SES207/SA207S25	SES068	-2.49082	17.8113	20.3021
BLOCK20/SES207/SA207S25	SES083	-2.44572	17.8564	20.3021
BLOCK20/SES207/SA207S25	SES127	-1.56519	18.7369	20.3021
BLOCK20/SES207/SA207S25	SES187	-1.35145	18.9507	20.3021
BLOCK20/SES207/SA207S27	SES127	-2.21798	16.358	18.576
BLOCK20/SES207/SA207S27	SES183	-1.50054	17.0754	18.576
BLOCK20/SES207/SA207S27	SES187	-1.82908	16.7469	18.576
BLOCK20/SES207/SA207S27	SES292	-2.34362	16.2323	18.576
BLOCK20/SES207/SA207S29	SES083	-2.64817	17.759	20.4072
BLOCK20/SES207/SA207S29	SES085	-1.84998	18.5572	20.4072
BLOCK20/SES207/SA207S29	SES172	-1.42623	18.9809	20.4072
BLOCK20/SES207/SA207S29	SES189	-2.97783	17.4293	20.4072
BLOCK22/SES221/SA221S12	SES068	-1.66471	19.6527	21.3174
BLOCK22/SES221/SA221S12	SES143	-2.06854	19.2489	21.3174
BLOCK22/SES221/SA221S12	SES175	-1.53667	19.7807	21.3174
BLOCK22/SES221/SA221S12	SES202	-2.06725	19.2502	21.3174
BLOCK22/SES221/SA221S15	SES085	-3.31054	16.0924	19.4029
BLOCK22/SES221/SA221S15	SES143	-2.72682	16.6761	19.4029
BLOCK22/SES221/SA221S15	SES175	-1.22682	18.1761	19.4029
BLOCK22/SES221/SA221S15	SES187	-1.91924	17.4837	19.4029
BLOCK22/SES221/SA221S23	SES068	-3.48459	17.661	21.1456
BLOCK22/SES221/SA221S23	SES143	-2.65382	18.4918	21.1456
BLOCK22/SES221/SA221S23	SES175	-1.52168	19.6239	21.1456
BLOCK22/SES221/SA221S23	SES189	-0.429733	20.7159	21.1456
BLOCK22/SES221/SA221S27	SES085	-2.981	18.1866	21.1676
BLOCK22/SES221/SA221S27	SES143	-3.18741	17.9802	21.1676
BLOCK22/SES221/SA221S27	SES175	-1.80516	19.3625	21.1676
BLOCK22/SES221/SA221S27	SES189	-0.0214462	21.1462	21.1676
BLOCK22/SES221/SA221S29	SES085	-4.36927	15.3938	19.7631
BLOCK22/SES221/SA221S29	SES143	-4.01008	15.753	19.7631
BLOCK22/SES221/SA221S29	SES175	-1.55678	18.2063	19.7631
BLOCK22/SES221/SA221S29	SES187	-1.44984	18.3132	19.7631
BLOCK22/SES223/SA223S11	SES143	-1.43918	17.9226	19.3617
BLOCK22/SES223/SA223S11	SES144	-2.93453	16.4272	19.3617
BLOCK22/SES223/SA223S11	SES175	-1.03358	18.3282	19.3617
BLOCK22/SES223/SA223S11	SES187	-2.09282	17.2689	19.3617
BLOCK22/SES223/SA223S13	SES068	-2.24006	15.9633	18.2034
BLOCK22/SES223/SA223S13	SES143	-2.81295	15.3904	18.2034
BLOCK22/SES223/SA223S13	SES146	-2.58804	15.6154	18.2034
BLOCK22/SES223/SA223S13	SES202	-2.09658	16.1068	18.2034
BLOCK22/SES223/SA223S22	SES143	-1.76345	17.8709	19.6343
BLOCK22/SES223/SA223S22	SES144	-2.9513	16.683	19.6343
BLOCK22/SES223/SA223S22	SES175	-1.9345	17.6998	19.6343
BLOCK22/SES223/SA223S22	SES187	-1.7667	17.8676	19.6343
BLOCK22/SES223/SA223S25	SES068	-2.17827	18.6036	20.7819
BLOCK22/SES223/SA223S25	SES143	-2.11675	18.6651	20.7819
BLOCK22/SES223/SA223S25	SES175	-2.00816	18.7737	20.7819
BLOCK22/SES223/SA223S25	SES187	-1.751	19.0309	20.7819
BLOCK22/SES223/SA223S27	SES143	-2.34343	16.6005	18.944
BLOCK22/SES223/SA223S27	SES146	-2.36894	16.575	18.944
BLOCK22/SES223/SA223S27	SES187	-2.4146	16.5294	18.944
BLOCK22/SES223/SA223S27	SES292	-4.29538	14.6486	18.944
BLOCK27/SES273/SA273S12	SES099	-0.645443	23.4323	24.0777
BLOCK27/SES273/SA273S12	SES104	-1.23423	22.8435	24.0777
BLOCK27/SES273/SA273S12	SES125	-1.8288	22.2489	24.0777
BLOCK27/SES273/SA273S12	SES206	-0.582951	23.4948	24.0777
BLOCK27/SES273/SA273S13	SES099	-0.583879	23.8523	24.4362
BLOCK27/SES273/SA273S13	SES104	-1.61847	22.8177	24.4362
BLOCK27/SES273/SA273S13	SES206	-0.674316	23.7618	24.4362
BLOCK27/SES273/SA273S13	SES292	-1.65524	22.7809	24.4362
BLOCK27/SES273/SA273S21	SES099	-0.0078125	23.9967	24.0045
BLOCK27/SES273/SA273S21	SES148	-3.35883	20.6457	24.0045
BLOCK27/SES273/SA273S21	SES149	-1.88367	22.1209	24.0045
BLOCK27/SES273/SA273S21	SES177	-2.08949	21.915	24.0045
BLOCK27/SES273/SA273S25	SES104	-1.95207	21.4232	23.3752
BLOCK27/SES273/SA273S25	SES125	-1.58797	21.7873	23.3752
BLOCK27/SES273/SA273S25	SES158	-0.927418	22.4478	23.3752
BLOCK27/SES273/SA273S25	SES206	0.161453	23.5367	23.3752
BLOCK27/SES273/SA273S27	SES099	-0.488024	22.136	22.624
BLOCK27/SES273/SA273S27	SES104	-1.42337	21.2007	22.624
BLOCK27/SES273/SA273S27	SES149	-1.26487	21.3592	22.624
BLOCK27/SES273/SA273S27	SES275	-1.82238	20.8017	22.624
BLOCK27/SES274/SA274S10	SES105	-2.21992	19.553	21.7729
BLOCK27/SES274/SA274S10	SES125	-2.91362	18.8593	21.7729
BLOCK27/SES274/SA274S10	SES129	-0.943022	20.8299	21.7729
BLOCK27/SES274/SA274S10	SES158	-4.28356	17.4894	21.7729
BLOCK27/SES274/SA274S11	SES105	-1.84776	19.8516	21.6994
BLOCK27/SES274/SA274S11	SES149	-2.69891	19.0004	21.6994
BLOCK27/SES274/SA274S11	SES158	-3.30303	18.3963	21.6994
BLOCK27/SES274/SA274S11	SES275	-0.859228	20.8401	21.6994
BLOCK27/SES274/SA274S21	SES105	-2.21797	19.5238	21.7418
BLOCK27/SES274/SA274S21	SES129	-0.947641	20.7942	21.7418
BLOCK27/SES274/SA274S21	SES149	-1.93738	19.8044	21.7418
BLOCK27/SES274/SA274S21	SES158	-4.95057	16.7912	21.7418
BLOCK27/SES274/SA274S24	SES105	-1.88181	21.1246	23.0064
BLOCK27/SES274/SA274S24	SES129	-0.602715	22.4037	23.0064
BLOCK27/SES274/SA274S24	SES149	-2.92915	20.0772	23.0064
BLOCK27/SES274/SA274S24	SES158	-5.20736	17.799	23.0064
BLOCK27/SES274/SA274S29	SES105	-2.15905	18.6907	20.8498
BLOCK27/SES274/SA274S29	SES106	-4.18634	16.6634	20.8498
BLOCK27/SES274/SA274S29	SES120	-1.52288	19.3269	20.8498
BLOCK27/SES274/SA274S29	SES275	-1.45646	19.3933	20.8498
BLOCK27/SES276/SA276S16	SES148	-2.33913	18.7166	21.0557
BLOCK27/SES276/SA276S16	SES172	-1.70396	19.3518	21.0557
BLOCK27/SES276/SA276S16	SES180	-2.81181	18.2439	21.0557
BLOCK27/SES276/SA276S16	SES292	-1.46735	19.5884	21.0557
BLOCK27/SES276/SA276S17	SES101	-2.26336	18.78	21.0434
BLOCK27/SES276/SA276S17	SES177	-2.38456	18.6588	21.0434
BLOCK27/SES276/SA276S17	SES180	-2.46115	18.5822	21.0434
BLOCK27/SES276/SA276S17	SES292	-2.32533	18.718	21.0434
BLOCK27/SES276/SA276S24	SES101	-1.36686	20.4666	21.8335
BLOCK27/SES276/SA276S24	SES177	-1.26521	20.5683	21.8335
BLOCK27/SES276/SA276S24	SES180	-2.05565	19.7778	21.8335
BLOCK27/SES276/SA276S24	SES292	-2.82441	19.0091	21.8335
BLOCK27/SES276/SA276S26	SES101	-2.80192	19.7128	22.5148
BLOCK27/SES276/SA276S26	SES177	-1.06825	21.4465	22.5148
BLOCK27/SES276/SA276S26	SES180	-0.889557	21.6252	22.5148
BLOCK27/SES276/SA276S26	SES292	-1.28424	21.2305	22.5148
BLOCK27/SES276/SA276S28	SES101	-2.10133	19.5661	21.6675
BLOCK27/SES276/SA276S28	SES177	-2.26203	19.4054	21.6675
BLOCK27/SES276/SA276S28	SES180	-0.933077	20.7344	21.6675
BLOCK27/SES276/SA276S28	SES292	-1.85508	19.8124	21.6675
BLOCK27/SES277/SA277S12	SES101	-1.6451	17.4255	19.0706
BLOCK27/SES277/SA277S12	SES177	-2.10322	16.9674	19.0706
BLOCK27/SES277/SA277S12	SES180	-2.94739	16.1232	19.0706
BLOCK27/SES277/SA277S12	SES292	-2.81335	16.2573	19.0706
BLOCK27/SES277/SA277S14	SES177	-1.11145	17.7646	18.8761
BLOCK27/SES277/SA277S14	SES180	-2.98337	15.8927	18.8761
BLOCK27/SES277/SA277S14	SES189	-0.990438	17.8856	18.8761
BLOCK27/SES277/SA277S14	SES292	-3.03098	15.8451	18.8761
BLOCK27/SES277/SA277S21	SES177	-0.933331	18.8868	19.8201
BLOCK27/SES277/SA277S21	SES180	-3.02565	16.7945	19.8201
BLOCK27/SES277/SA277S21	SES189	-0.91304	18.9071	19.8201
BLOCK27/SES277/SA277S21	SES292	-3.33026	16.4899	19.8201
BLOCK27/SES277/SA277S24	SES144	-1.99488	16.607	18.6019
BLOCK27/SES277/SA277S24	SES177	-1.47476	17.1271	18.6019
BLOCK27/SES277/SA277S24	SES180	-3.69433	14.9075	18.6019
BLOCK27/SES277/SA277S24	SES189	-1.14768	17.4542	18.6019
BLOCK27/SES277/SA277S29	SES177	-1.33814	20.2638	21.6019
BLOCK27/SES277/SA277S29	SES180	-2.31153	19.2904	21.6019
BLOCK27/SES277/SA277S29	SES202	-1.85009	19.7518	21.6019
BLOCK27/SES277/SA277S29	SES292	-2.43102	19.1709	21.6019
BLOCK27/SES279/SA279S09	SES120	-2.50602	19.0448	21.5508
BLOCK27/SES279/SA279S09	SES146	-2.35413	19.1967	21.5508
BLOCK27/SES279/SA279S09	SES206	-2.00306	19.5478	21.5508
BLOCK27/SES279/SA279S09	SES226	-3.57648	17.9743	21.5508
BLOCK27/SES279/SA279S10	SES099	-0.787916	20.9405	21.7284
BLOCK27/SES279/SA279S10	SES206	-1.06632	20.6621	21.7284
BLOCK27/SES279/SA279S10	SES226	-2.53066	19.1978	21.7284
BLOCK27/SES279/SA279S10	SES292	-0.728807	20.9996	21.7284
BLOCK27/SES279/SA279S20	SES099	-2.27765	19.4627	21.7404
BLOCK27/SES279/SA279S20	SES206	-0.878576	20.8618	21.7404
BLOCK27/SES279/SA279S20	SES226	-2.75286	18.9875	21.7404
BLOCK27/SES279/SA279S20	SES292	-0.536636	21.2037	21.7404
BLOCK27/SES279/SA279S26	SES099	-1.58646	20.158	21.7444
BLOCK27/SES279/SA279S26	SES206	-0.498348	21.2461	21.7444
BLOCK27/SES279/SA279S26	SES226	-2.46993	19.2745	21.7444
BLOCK27/SES279/SA279S26	SES292	-0.913658	20.8308	21.7444
BLOCK27/SES279/SA279S28	SES099	-1.4457	21.629	23.0747
BLOCK27/SES279/SA279S28	SES120	-1.56058	21.5142	23.0747
BLOCK27/SES279/SA279S28	SES177	-2.14321	20.9315	23.0747
BLOCK27/SES279/SA279S28	SES206	-1.4668	21.6079	23.0747
BLOCK29/SES290/SA290S12	SES162	-2.46926	17.6333	20.1025
BLOCK29/SES290/SA290S12	SES177	-2.40995	17.6926	20.1025
BLOCK29/SES290/SA290S12	SES180	-3.3806	16.7219	20.1025
BLOCK29/SES290/SA290S12	SES292	-3.83807	16.2645	20.1025
BLOCK29/SES290/SA290S13	SES007	-1.7402	18.7082	20.4484
BLOCK29/SES290/SA290S13	SES162	-2.97468	17.4737	20.4484
BLOCK29/SES290/SA290S13	SES177	-1.29034	19.1581	20.4484
BLOCK29/SES290/SA290S13	SES180	-2.34012	18.1083	20.4484
BLOCK29/SES290/SA290S22	SES177	-1.5319	18.3135	19.8454
BLOCK29/SES290/SA290S22	SES180	-1.9478	17.8976	19.8454
BLOCK29/SES290/SA290S22	SES202	-1.62645	18.2189	19.8454
BLOCK29/SES290/SA290S22	SES292	-2.35665	17.4887	19.8454
BLOCK29/SES290/SA290S25	SES162	-2.6585	18.04	20.6985
BLOCK29/SES290/SA290S25	SES177	-2.32254	18.376	20.6985
BLOCK29/SES290/SA290S25	SES180	-2.44002	18.2585	20.6985
BLOCK29/SES290/SA290S25	SES292	-2.65231	18.0462	20.6985
BLOCK29/SES290/SA290S29	SES177	-0.754175	19.7915	20.5457
BLOCK29/SES290/SA290S29	SES180	-1.18699	19.3587	20.5457
BLOCK29/SES290/SA290S29	SES275	-1.81402	18.7317	20.5457
BLOCK29/SES290/SA290S29	SES292	-1.52484	19.0209	20.5457
BLOCK29/SES291/SA291S11	SES105	-2.99201	16.9098	19.9018
BLOCK29/SES291/SA291S11	SES125	-1.21512	18.6867	19.9018
BLOCK29/SES291/SA291S11	SES158	-1.0096	18.8922	19.9018
BLOCK29/SES291/SA291S11	SES275	-2.66333	17.2384	19.9018
BLOCK29/SES291/SA291S12	SES158	1.00754	21.39	20.3825
BLOCK29/SES291/SA291S12	SES226	-2.47813	17.9044	20.3825
BLOCK29/SES291/SA291S12	SES270	0.69611	21.0786	20.3825
BLOCK29/SES291/SA291S12	SES275	-3.79816	16.5843	20.3825
BLOCK29/SES291/SA291S22	SES082	-1.59324	19.6002	21.1935
BLOCK29/SES291/SA291S22	SES158	-1.00569	20.1878	21.1935
BLOCK29/SES291/SA291S22	SES259	-2.1193	19.0742	21.1935
BLOCK29/SES291/SA291S22	SES275	-3.41595	17.7775	21.1935
BLOCK29/SES291/SA291S24	SES104	-0.241199	22.4071	22.6483
BLOCK29/SES291/SA291S24	SES125	-1.08134	21.567	22.6483
BLOCK29/SES291/SA291S24	SES158	-0.569403	22.0789	22.6483
BLOCK29/SES291/SA291S24	SES275	-3.36365	19.2847	22.6483
BLOCK29/SES291/SA291S27	SES158	0.0140743	21.9662	21.9522
BLOCK29/SES291/SA291S27	SES172	-4.09418	17.858	21.9522
BLOCK29/SES291/SA291S27	SES275	-3.77271	18.1795	21.9522
BLOCK29/SES291/SA291S27	SES292	-2.13091	19.8213	21.9522
