BLOCK00/SES002/SA002S12	SES002	1.04084	-3.10775	-4.14858
BLOCK00/SES002/SA002S13	SES002	1.19414	-3.66725	-4.86138
BLOCK00/SES002/SA002S23	SES002	0.442497	-4.48254	-4.92504
BLOCK00/SES002/SA002S26	SES002	0.867696	-7.86299	-8.73068
BLOCK00/SES002/SA002S28	SES002	0.534568	-6.10839	-6.64296
BLOCK00/SES007/SA007S14	SES007	0.833	-3.19023	-4.02323
BLOCK00/SES007/SA007S15	SES007	0.512045	-4.04692	-4.55897
BLOCK00/SES007/SA007S24	SES007	0.465734	-3.28093	-3.74666
BLOCK00/SES007/SA007S27	SES007	-0.412401	-6.66039	-6.24799
BLOCK00/SES007/SA007S29	SES007	-0.114189	-2.13281	-2.01862
BLOCK00/SES008/SA008S11	SES008	1.16181	0.451188	-0.710617
BLOCK00/SES008/SA008S12	SES008	0.551451	-1.03825	-1.5897
BLOCK00/SES008/SA008S19	SES008	1.20243	-0.736269	-1.9387
BLOCK00/SES008/SA008S22	SES008	0.0850856	-2.66202	-2.74711
BLOCK00/SES008/SA008S29	SES008	0.765036	0.194807	-0.57023
BLOCK01/SES014/SA014S10	SES014	0.781996	-1.95054	-2.73254
BLOCK01/SES014/SA014S12	SES014	1.81328	-0.956599	-2.76988
BLOCK01/SES014/SA014S24	SES014	2.31637	-1.51992	-3.8363
BLOCK01/SES014/SA014S26	SES014	1.76589	-2.97017	-4.73606
BLOCK01/SES014/SA014S28	SES014	3.37233	2.09264	-1.27968
BLOCK01/SES016/SA016S12	SES016	0.179708	-6.69196	-6.87167
BLOCK01/SES016/SA016S13	SES016	0.697165	-4.89804	-5.5952
BLOCK01/SES016/SA016S22	SES016	0.163146	-5.24104	-5.40419
BLOCK01/SES016/SA016S25	SES016	0.565126	-3.66444	-4.22956
BLOCK01/SES016/SA016S27	SES016	1.02339	-8.30697	-9.33037
BLOCK01/SES019/SA019S13	SES019	2.06445	-4.11617	-6.18061
BLOCK01/SES019/SA019S14	SES019	1.66016	-3.13759	-4.79775
BLOCK01/SES019/SA019S22	SES019	1.93379	-2.87228	-4.80607
BLOCK01/SES019/SA019S25	SES019	0.859925	-5.27718	-6.1371
BLOCK01/SES019/SA019S29	SES019	2.4545	-5.22171	-7.67622
BLOCK02/SES029/SA029S11	SES029	0.936833	-2.62241	-3.55924
BLOCK02/SES029/SA029S12	SES029	-0.187738	-4.95597	-4.76823
BLOCK02/SES029/SA029S20	SES029	0.82281	-1.26326	-2.08607
BLOCK02/SES029/SA029S25	SES029	-0.373418	-3.92383	-3.55041
BLOCK02/SES029/SA029S28	SES029	-0.204338	-4.11901	-3.91468
BLOCK04/SES042/SA042S12	SES042	1.17208	-5.18893	-6.36101
BLOCK04/SES042/SA042S15	SES042	1.06365	-5.985	-7.04865
BLOCK04/SES042/SA042S22	SES042	3.63677	-10.913	-14.5498
BLOCK04/SES042/SA042S25	SES042	1.46995	-7.31544	-8.78539
BLOCK04/SES042/SA042S27	SES042	2.02451	-9.36049	-11.385
BLOCK04/SES048/SA048S11	SES048	0.799163	-1.7861	-2.58526
BLOCK04/SES048/SA048S12	SES048	0.146556	-4.94957	-5.09613
BLOCK04/SES048/SA048S20	SES048	0.433734	-3.85249	-4.28622
BLOCK04/SES048/SA048S23	SES048	0.810859	-1.01476	-1.82562
BLOCK04/SES048/SA048S27	SES048	-0.711209	-5.4138	-4.70259
BLOCK06/SES060/SA060S11	SES060	0.249906	-5.98285	-6.23276
BLOCK06/SES060/SA060S12	SES060	0.515457	-8.25722	-8.77268
BLOCK06/SES060/SA060S22	SES060	-1.87867	-7.24474	-5.36607
BLOCK06/SES060/SA060S24	SES060	0.441968	-1.2828	-1.72476
BLOCK06/SES060/SA060S28	SES060	0.774837	-0.764998	-1.53984
BLOCK06/SES062/SA062S10	SES062	-0.078042	-4.45431	-4.37627
BLOCK06/SES062/SA062S11	SES062	-0.0205951	-6.60865	-6.58806
BLOCK06/SES062/SA062S21	SES062	-0.0118071	0.0158735	0.0276806
BLOCK06/SES062/SA062S26	SES062	0.358405	-3.01026	-3.36866
BLOCK06/SES062/SA062S29	SES062	0.728187	-1.03833	-1.76652
BLOCK06/SES068/SA068S14	SES068	0.117118	-2.80587	-2.92299
BLOCK06/SES068/SA068S15	SES068	0.980519	-3.00397	-3.98448
BLOCK06/SES068/SA068S23	SES068	-0.0218816	-4.93146	-4.90957
BLOCK06/SES068/SA068S27	SES068	1.13426	-3.52302	-4.65728
BLOCK06/SES068/SA068S29	SES068	-0.231823	-5.32825	-5.09642
BLOCK08/SES082/SA082S12	SES082	-0.758582	-3.23082	-2.47224
BLOCK08/SES082/SA082S14	SES082	0.564906	-1.97588	-2.54079
BLOCK08/SES082/SA082S21	SES082	0.56581	-1.04751	-1.61332
BLOCK08/SES082/SA082S24	SES082	0.0922771	-4.17279	-4.26506
BLOCK08/SES082/SA082S28	SES082	0.127507	-4.98175	-5.10926
BLOCK08/SES083/SA083S14	SES083	-0.0263824	-2.5154	-2.48902
BLOCK08/SES083/SA083S15	SES083	0.154445	-4.41462	-4.56906
BLOCK08/SES083/SA083S24	SES083	-0.0213437	-3.64614	-3.62479
BLOCK08/SES083/SA083S26	SES083	-0.542176	-6.93221	-6.39003
BLOCK08/SES083/SA083S29	SES083	0.0817313	-5.06183	-5.14357
BLOCK08/SES085/SA085S10	SES085	0.699245	-0.823726	-1.52297
BLOCK08/SES085/SA085S13	SES085	-0.515771	-6.53987	-6.0241
BLOCK08/SES085/SA085S22	SES085	0.783876	-1.82716	-2.61103
BLOCK08/SES085/SA085S26	SES085	0.593929	-7.33608	-7.93001
BLOCK08/SES085/SA085S28	SES085	0.597284	-1.87198	-2.46926
BLOCK08/SES087/SA087S15	SES087	1.18729	-2.79264	-3.97993
BLOCK08/SES087/SA087S16	SES087	2.52612	-0.819034	-3.34515
BLOCK08/SES087/SA087S24	SES087	1.68456	-7.88261	-9.56717
BLOCK08/SES087/SA087S26	SES087	1.18133	-3.10038	-4.28172
BLOCK08/SES087/SA087S29	SES087	1.5158	0.185894	-1.32991
BLOCK09/SES099/SA099S15	SES099	2.09214	-3.88078	-5.97292
BLOCK09/SES099/SA099S16	SES099	1.69659	0.995495	-0.701098
BLOCK09/SES099/SA099S24	SES099	1.81614	-1.42204	-3.23818
BLOCK09/SES099/SA099S26	SES099	1.646	-3.07583	-4.72182
BLOCK09/SES099/SA099S29	SES099	2.13327	-3.60426	-5.73753
BLOCK10/SES101/SA101S11	SES101	0.710129	-2.94075	-3.65088
BLOCK10/SES101/SA101S13	SES101	0.590448	1.04272	0.452274
BLOCK10/SES101/SA101S22	SES101	0.763417	-3.46937	-4.23279
BLOCK10/SES101/SA101S24	SES101	0.391829	-2.91117	-3.303
BLOCK10/SES101/SA101S28	SES101	0.934607	-2.74573	-3.68034
BLOCK10/SES104/SA104S11	SES104	1.47482	-1.04813	-2.52294
BLOCK10/SES104/SA104S12	SES104	1.069	-2.59673	-3.66573
BLOCK10/SES104/SA104S21	SES104	1.42023	-2.38927	-3.8095
BLOCK10/SES104/SA104S24	SES104	-0.319719	-7.37404	-7.05433
BLOCK10/SES104/SA104S28	SES104	0.466484	-6.04143	-6.50792
BLOCK10/SES105/SA105S12	SES105	0.977713	-4.61037	-5.58808
BLOCK10/SES105/SA105S13	SES105	-0.163764	-5.81005	-5.64629
BLOCK10/SES105/SA105S22	SES105	0.276873	-5.19112	-5.46799
BLOCK10/SES105/SA105S26	SES105	0.839579	-5.11675	-5.95633
BLOCK10/SES105/SA105S29	SES105	1.06184	-1.9394	-3.00124
BLOCK10/SES106/SA106S09	SES106	0.937626	-7.91957	-8.85719
BLOCK10/SES106/SA106S11	SES106	1.76312	-3.50476	-5.26789
BLOCK10/SES106/SA106S22	SES106	2.55559	-7.16945	-9.72504
BLOCK10/SES106/SA106S27	SES106	2.07665	-2.449	-4.52565
BLOCK10/SES106/SA106S29	SES106	1.07864	-3.36455	-4.44319
BLOCK11/SES117/SA117S12	SES117	-0.608737	-5.62811	-5.01937
BLOCK11/SES117/SA117S13	SES117	-0.411061	-2.65919	-2.24813
BLOCK11/SES117/SA117S23	SES117	1.56598	-7.54585	-9.11183
BLOCK11/SES117/SA117S25	SES117	0.615279	-3.1682	-3.78348
BLOCK11/SES117/SA117S28	SES117	0.752106	-6.98905	-7.74115
BLOCK12/SES120/SA120S08	SES120	0.533856	-7.7129	-8.24676
BLOCK12/SES120/SA120S11	SES120	1.00972	-12.793	-13.8028
BLOCK12/SES120/SA120S22	SES120	0.410289	-4.38863	-4.79892
BLOCK12/SES120/SA120S24	SES120	-0.543924	-10.7252	-10.1813
BLOCK12/SES120/SA120S28	SES120	-0.577806	-7.96038	-7.38257
BLOCK12/SES125/SA125S13	SES125	1.4502	-6.89625	-8.34646
BLOCK12/SES125/SA125S14	SES125	0.858411	-7.84532	-8.70373
BLOCK12/SES125/SA125S25	SES125	2.08073	-4.27089	-6.35162
BLOCK12/SES125/SA125S27	SES125	1.04668	-5.15115	-6.19783
BLOCK12/SES125/SA125S29	SES125	0.703637	-3.17809	-3.88173
BLOCK12/SES127/SA127S11	SES127	-0.101426	-2.9917	-2.89027
BLOCK12/SES127/SA127S12	SES127	0.545489	1.28631	0.740821
BLOCK12/SES127/SA127S23	SES127	-0.188817	-1.63356	-1.44475
BLOCK12/SES127/SA127S25	SES127	-0.333726	-1.01466	-0.680937
BLOCK12/SES127/SA127S27	SES127	0.0941492	-1.92043	-2.01458
BLOCK12/SES129/SA129S11	SES129	0.783401	0.0134833	-0.769918
BLOCK12/SES129/SA129S12	SES129	1.07586	-0.314528	-1.39039
BLOCK12/SES129/SA129S22	SES129	0.33824	-0.271177	-0.609417
BLOCK12/SES129/SA129S27	SES129	0.600855	-0.554568	-1.15542
BLOCK12/SES129/SA129S29	SES129	-0.124693	-7.75195	-7.62725
BLOCK14/SES142/SA142S11	SES142	1.66407	-1.95419	-3.61826
BLOCK14/SES142/SA142S12	SES142	0.804263	-7.53457	-8.33883
BLOCK14/SES142/SA142S24	SES142	0.99595	-6.2164	-7.21235
BLOCK14/SES142/SA142S27	SES142	0.977966	-5.79382	-6.77179
BLOCK14/SES142/SA142S29	SES142	0.391371	-6.32741	-6.71878
BLOCK14/SES143/SA143S12	SES143	0.991676	-3.29864	-4.29032
BLOCK14/SES143/SA143S13	SES143	0.699293	-2.49367	-3.19296
BLOCK14/SES143/SA143S23	SES143	0.666781	-2.81961	-3.48639
BLOCK14/SES143/SA143S25	SES143	0.961775	-6.69693	-7.65871
BLOCK14/SES143/SA143S28	SES143	0.0538063	-6.15796	-6.21177
BLOCK14/SES144/SA144S09	SES144	0.543192	-2.38304	-2.92623
BLOCK14/SES144/SA144S11	SES144	0.365526	-2.64297	-3.00849
BLOCK14/SES144/SA144S21	SES144	-0.375482	-2.09399	-1.71851
BLOCK14/SES144/SA144S25	SES144	0.608651	-2.81261	-3.42126
BLOCK14/SES144/SA144S29	SES144	-0.411726	-5.20768	-4.79595
BLOCK14/SES146/SA146S14	SES146	0.410468	-3.57428	-3.98475
BLOCK14/SES146/SA146S15	SES146	0.566362	-4.62702	-5.19339
BLOCK14/SES146/SA146S24	SES146	0.0653405	-5.76955	-5.83489
BLOCK14/SES146/SA146S26	SES146	-0.231586	-5.80574	-5.57416
BLOCK14/SES146/SA146S29	SES146	0.068738	-5.58933	-5.65806
BLOCK14/SES147/SA147S11	SES147	0.960854	-4.69148	-5.65234
BLOCK14/SES147/SA147S13	SES147	1.31135	-0.584221	-1.89557
BLOCK14/SES147/SA147S23	SES147	0.261091	-1.55957	-1.82066
BLOCK14/SES147/SA147S26	SES147	0.8674	-1.58765	-2.45505
BLOCK14/SES147/SA147S28	SES147	0.963338	0.737575	-0.225763
BLOCK14/SES148/SA148S10	SES148	0.107446	-1.08739	-1.19484
BLOCK14/SES148/SA148S12	SES148	0.587211	-3.38917	-3.97638
BLOCK14/SES148/SA148S22	SES148	0.507825	-0.299838	-0.807663
BLOCK14/SES148/SA148S26	SES148	0.031028	0.163688	0.13266
BLOCK14/SES148/SA148S29	SES148	0.0406814	-3.90639	-3.94707
BLOCK14/SES149/SA149S13	SES149	-0.919856	-4.58146	-3.6616
BLOCK14/SES149/SA149S14	SES149	0.460873	-1.36552	-1.8264
BLOCK14/SES149/SA149S24	SES149	0.777388	-1.98757	-2.76496
BLOCK14/SES149/SA149S26	SES149	1.13459	-2.90904	-4.04363
BLOCK14/SES149/SA149S28	SES149	1.46541	3.43002	1.96461
BLOCK15/SES158/SA158S13	SES158	1.84487	-7.80009	-9.64496
BLOCK15/SES158/SA158S14	SES158	2.81121	-7.84637	-10.6576
BLOCK15/SES158/SA158S23	SES158	1.57308	-5.29208	-6.86516
BLOCK15/SES158/SA158S26	SES158	2.22288	-7.93298	-10.1559
BLOCK15/SES158/SA158S28	SES158	0.722456	-6.96225	-7.68471
BLOCK16/SES162/SA162S10	SES162	-0.0809851	-6.0054	-5.92442
BLOCK16/SES162/SA162S11	SES162	0.160231	-1.76701	-1.92724
BLOCK16/SES162/SA162S21	SES162	0.422596	-2.28451	-2.70711
BLOCK16/SES162/SA162S24	SES162	0.982198	-1.76128	-2.74347
BLOCK16/SES162/SA162S27	SES162	1.10208	-6.02527	-7.12735
BLOCK16/SES167/SA167S14	SES167	1.43108	0.121741	-1.30934
BLOCK16/SES167/SA167S15	SES167	1.72749	2.00892	0.281431
BLOCK16/SES167/SA167S21	SES167	2.56897	2.62702	0.0580473
BLOCK16/SES167/SA167S25	SES167	2.65942	0.0165471	-2.64287
BLOCK16/SES167/SA167S29	SES167	2.91772	3.10158	0.183851
BLOCK17/SES172/SA172S12	SES172	0.419264	-4.27448	-4.69375
BLOCK17/SES172/SA172S13	SES172	0.45102	-4.54181	-4.99283
BLOCK17/SES172/SA172S23	SES172	-0.0769539	-1.97182	-1.89487
BLOCK17/SES172/SA172S27	SES172	-0.154392	-5.72395	-5.56956
BLOCK17/SES172/SA172S29	SES172	0.783311	-1.36122	-2.14453
BLOCK17/SES175/SA175S11	SES175	-0.155918	-6.68039	-6.52448
BLOCK17/SES175/SA175S13	SES175	0.978141	0.721074	-0.257067
BLOCK17/SES175/SA175S23	SES175	0.797926	-1.37128	-2.1692
BLOCK17/SES175/SA175S25	SES175	0.843037	-3.64366	-4.48669
BLOCK17/SES175/SA175S28	SES175	1.21551	-2.89767	-4.11318
BLOCK17/SES177/SA177S15	SES177	0.0664201	-4.68109	-4.74751
BLOCK17/SES177/SA177S17	SES177	0.21221	-4.09222	-4.30443
BLOCK17/SES177/SA177S23	SES177	0.359073	-4.32143	-4.6805
BLOCK17/SES177/SA177S26	SES177	0.86438	0.396343	-0.468037
BLOCK17/SES177/SA177S28	SES177	0.116344	-6.77647	-6.89281
BLOCK18/SES180/SA180S13	SES180	0.685084	-7.47948	-8.16457
BLOCK18/SES180/SA180S15	SES180	0.378052	-1.02636	-1.40441
BLOCK18/SES180/SA180S24	SES180	0.0941877	-2.32965	-2.42384
BLOCK18/SES180/SA180S26	SES180	0.209368	-3.27786	-3.48723
BLOCK18/SES180/SA180S29	SES180	-0.519653	-7.47297	-6.95331
BLOCK18/SES183/SA183S13	SES183	0.995294	-3.57383	-4.56913
BLOCK18/SES183/SA183S14	SES183	-0.24124	-4.58684	-4.3456
BLOCK18/SES183/SA183S24	SES183	0.765523	-6.20209	-6.96761
BLOCK18/SES183/SA183S27	SES183	1.15433	-3.35956	-4.51389
BLOCK18/SES183/SA183S29	SES183	0.705346	-1.85541	-2.56075
BLOCK18/SES187/SA187S13	SES187	0.60328	-4.93149	-5.53477
BLOCK18/SES187/SA187S14	SES187	-0.134373	-6.01484	-5.88047
BLOCK18/SES187/SA187S24	SES187	1.13702	-4.58251	-5.71953
BLOCK18/SES187/SA187S27	SES187	0.459101	-2.89564	-3.35475
BLOCK18/SES187/SA187S29	SES187	0.656187	-7.704	-8.36018
BLOCK18/SES189/SA189S10	SES189	2.00083	-5.26167	-7.2625
BLOCK18/SES189/SA189S13	SES189	1.57773	-11.0641	-12.6418
BLOCK18/SES189/SA189S24	SES189	1.72384	-4.94196	-6.6658
BLOCK18/SES189/SA189S26	SES189	0.926707	-5.23642	-6.16313
BLOCK18/SES189/SA189S29	SES189	1.82581	-4.4961	-6.32191
BLOCK20/SES202/SA202S12	SES202	0.450339	-9.22795	-9.67829
BLOCK20/SES202/SA202S14	SES202	1.22504	-6.00008	-7.22512
BLOCK20/SES202/SA202S24	SES202	0.563663	-6.35804	-6.92171
BLOCK20/SES202/SA202S27	SES202	0.931915	-2.61601	-3.54792
BLOCK20/SES202/SA202S29	SES202	1.37897	-4.39431	-5.77328
BLOCK20/SES206/SA206S15	SES206	-0.438626	-1.37964	-0.94101
BLOCK20/SES206/SA206S17	SES206	1.25681	-4.78062	-6.03744
BLOCK20/SES206/SA206S24	SES206	1.18385	-1.65871	-2.84257
BLOCK20/SES206/SA206S27	SES206	2.08758	-5.03016	-7.11774
BLOCK20/SES206/SA206S29	SES206	1.39154	-6.13292	-7.52446
BLOCK22/SES226/SA226S12	SES226	0.897783	-3.03594	-3.93372
BLOCK22/SES226/SA226S13	SES226	-1.20143	-4.00542	-2.80398
BLOCK22/SES226/SA226S20	SES226	0.450678	-3.04965	-3.50033
BLOCK22/SES226/SA226S23	SES226	0.248762	-1.28765	-1.53642
BLOCK22/SES226/SA226S28	SES226	1.23641	-0.475446	-1.71186
BLOCK25/SES259/SA259S13	SES259	2.42782	-3.49235	-5.92017
BLOCK25/SES259/SA259S14	SES259	1.29551	-3.94073	-5.23624
BLOCK25/SES259/SA259S22	SES259	1.66285	-2.96119	-4.62404
BLOCK25/SES259/SA259S24	SES259	1.4893	-4.23685	-5.72615
BLOCK25/SES259/SA259S28	SES259	1.25518	-3.73526	-4.99044
BLOCK27/SES270/SA270S14	SES270	1.83635	-1.76584	-3.60219
BLOCK27/SES270/SA270S16	SES270	0.168456	-2.4979	-2.66635
BLOCK27/SES270/SA270S22	SES270	2.12827	-1.44334	-3.57162
BLOCK27/SES270/SA270S26	SES270	2.58924	-2.7155	-5.30474
BLOCK27/SES270/SA270S28	SES270	2.39023	0.699017	-1.69121
BLOCK27/SES275/SA275S17	SES275	0.628177	-2.76917	-3.39735
BLOCK27/SES275/SA275S18	SES275	-0.455343	-4.26728	-3.81193
BLOCK27/SES275/SA275S24	SES275	0.393474	-3.85669	-4.25016
BLOCK27/SES275/SA275S26	SES275	0.441901	-3.0514	-3.4933
BLOCK27/SES275/SA275S28	SES275	0.0290868	-3.70789	-3.73697
BLOCK29/SES292/SA292S10	SES292	-0.238672	-3.08708	-2.84841
BLOCK29/SES292/SA292S12	SES292	-0.0649266	-4.53084	-4.46591
BLOCK29/SES292/SA292S22	SES292	0.23148	-3.12782	-3.3593
BLOCK29/SES292/SA292S24	SES292	0.473511	-0.479031	-0.952542
BLOCK29/SES292/SA292S27	SES292	-0.31207	-2.56879	-2.25672
BLOCK00/SES001/SA001S14	SES062	-2.43649	-9.7413	-7.30481
BLOCK00/SES001/SA001S14	SES082	-0.588516	-7.89333	-7.30481
BLOCK00/SES001/SA001S14	SES106	-0.671437	-7.97625	-7.30481
BLOCK00/SES001/SA001S14	SES206	-1.51628	-8.82109	-7.30481
BLOCK00/SES001/SA001S15	SES062	-1.91095	-7.02998	-5.11903
BLOCK00/SES001/SA001S15	SES104	-0.506657	-5.62569	-5.11903
BLOCK00/SES001/SA001S15	SES106	-0.307673	-5.4267	-5.11903
BLOCK00/SES001/SA001S15	SES206	-2.19961	-7.31864	-5.11903
BLOCK00/SES001/SA001S24	SES062	-2.8011	-11.2538	-8.45272
BLOCK00/SES001/SA001S24	SES082	-2.14607	-10.5988	-8.45272
BLOCK00/SES001/SA001S24	SES087	-3.29465	-11.7474	-8.45272
BLOCK00/SES001/SA001S24	SES206	-1.9949	-10.4476	-8.45272
BLOCK00/SES001/SA001S27	SES062	-1.23769	-2.75005	-1.51237
BLOCK00/SES001/SA001S27	SES082	-0.404602	-1.91697	-1.51237
BLOCK00/SES001/SA001S27	SES087	-1.18412	-2.69649	-1.51237
BLOCK00/SES001/SA001S27	SES206	-1.92842	-3.44079	-1.51237
BLOCK00/SES001/SA001S29	SES062	-2.2586	-8.20266	-5.94406
BLOCK00/SES001/SA001S29	SES082	-1.01878	-6.96284	-5.94406
BLOCK00/SES001/SA001S29	SES158	-0.753963	-6.69803	-5.94406
BLOCK00/SES001/SA001S29	SES206	-2.2147	-8.15877	-5.94406
BLOCK00/SES003/SA003S11	SES002	-0.171464	-1.59147	-1.42
BLOCK00/SES003/SA003S11	SES019	-1.29954	-2.71954	-1.42
BLOCK00/SES003/SA003S11	SES082	-0.723907	-2.14391	-1.42
BLOCK00/SES003/SA003S11	SES125	-0.868832	-2.28883	-1.42
BLOCK00/SES003/SA003S15	SES016	-2.34855	-6.15105	-3.8025
BLOCK00/SES003/SA003S15	SES019	-1.79827	-5.60077	-3.8025
BLOCK00/SES003/SA003S15	SES062	0.17758	-3.62492	-3.8025
BLOCK00/SES003/SA003S15	SES206	-0.353884	-4.15638	-3.8025
BLOCK00/SES003/SA003S22	SES002	0.277935	-2.56787	-2.84581
BLOCK00/SES003/SA003S22	SES062	-0.14926	-2.99507	-2.84581
BLOCK00/SES003/SA003S22	SES082	-1.07208	-3.91788	-2.84581
BLOCK00/SES003/SA003S22	SES087	-1.11019	-3.956	-2.84581
BLOCK00/SES003/SA003S25	SES062	-1.43924	-6.26566	-4.82642
BLOCK00/SES003/SA003S25	SES082	-0.967201	-5.79362	-4.82642
BLOCK00/SES003/SA003S25	SES087	0.869464	-3.95695	-4.82642
BLOCK00/SES003/SA003S25	SES206	-1.04292	-5.86933	-4.82642
BLOCK00/SES003/SA003S29	SES002	-0.972983	-3.022	-2.04902
BLOCK00/SES003/SA003S29	SES062	-2.08451	-4.13353	-2.04902
BLOCK00/SES003/SA003S29	SES082	-1.74283	-3.79185	-2.04902
BLOCK00/SES003/SA003S29	SES087	-1.28064	-3.32966	-2.04902
BLOCK00/SES004/SA004S12	SES083	-1.0379	-2.87759	-1.8397
BLOCK00/SES004/SA004S12	SES148	-1.56897	-3.40867	-1.8397
BLOCK00/SES004/SA004S12	SES172	0.0395566	-1.80014	-1.8397
BLOCK00/SES004/SA004S12	SES292	-1.64421	-3.48391	-1.8397
BLOCK00/SES004/SA004S17	SES083	-1.25103	-3.1466	-1.89557
BLOCK00/SES004/SA004S17	SES162	-0.814687	-2.71026	-1.89557
BLOCK00/SES004/SA004S17	SES172	-0.335364	-2.23093	-1.89557
BLOCK00/SES004/SA004S17	SES292	-1.52122	-3.41679	-1.89557
BLOCK00/SES004/SA004S24	SES083	-0.662609	-4.09563	-3.43302
BLOCK00/SES004/SA004S24	SES148	-2.47967	-5.91269	-3.43302
BLOCK00/SES004/SA004S24	SES172	-0.373408	-3.80643	-3.43302
BLOCK00/SES004/SA004S24	SES292	-1.31134	-4.74436	-3.43302
BLOCK00/SES004/SA004S26	SES083	-0.803134	-5.25349	-4.45035
BLOCK00/SES004/SA004S26	SES127	-1.71219	-6.16255	-4.45035
BLOCK00/SES004/SA004S26	SES148	-2.41693	-6.86728	-4.45035
BLOCK00/SES004/SA004S26	SES292	-1.72764	-6.178	-4.45035
BLOCK00/SES004/SA004S28	SES083	-1.94385	-0.606314	1.33754
BLOCK00/SES004/SA004S28	SES127	-0.164045	1.1735	1.33754
BLOCK00/SES004/SA004S28	SES187	-0.322229	1.01531	1.33754
BLOCK00/SES004/SA004S28	SES292	-0.615072	0.722469	1.33754
BLOCK00/SES006/SA006S10	SES014	-2.43293	-12.3262	-9.89329
BLOCK00/SES006/SA006S10	SES158	-3.87005	-13.7633	-9.89329
BLOCK00/SES006/SA006S10	SES226	-3.82161	-13.7149	-9.89329
BLOCK00/SES006/SA006S10	SES270	-2.4659	-12.3592	-9.89329
BLOCK00/SES006/SA006S11	SES158	-3.20328	-10.6379	-7.43464
BLOCK00/SES006/SA006S11	SES226	-3.01758	-10.4522	-7.43464
BLOCK00/SES006/SA006S11	SES270	-1.6826	-9.11724	-7.43464
BLOCK00/SES006/SA006S11	SES275	-1.7373	-9.17194	-7.43464
BLOCK00/SES006/SA006S23	SES062	-3.46653	-10.2154	-6.74888
BLOCK00/SES006/SA006S23	SES105	-2.10845	-8.85734	-6.74888
BLOCK00/SES006/SA006S23	SES158	-3.23417	-9.98305	-6.74888
BLOCK00/SES006/SA006S23	SES275	-2.13942	-8.88831	-6.74888
BLOCK00/SES006/SA006S26	SES104	-4.79876	-13.2763	-8.47752
BLOCK00/SES006/SA006S26	SES158	-2.94014	-11.4177	-8.47752
BLOCK00/SES006/SA006S26	SES270	-2.56205	-11.0396	-8.47752
BLOCK00/SES006/SA006S26	SES275	-1.18785	-9.66536	-8.47752
BLOCK00/SES006/SA006S28	SES007	-1.16949	-9.37763	-8.20813
BLOCK00/SES006/SA006S28	SES105	-2.12847	-10.3366	-8.20813
BLOCK00/SES006/SA006S28	SES158	-1.55345	-9.76159	-8.20813
BLOCK00/SES006/SA006S28	SES275	-2.22266	-10.4308	-8.20813
BLOCK00/SES009/SA009S12	SES083	-2.02459	-8.65236	-6.62777
BLOCK00/SES009/SA009S12	SES148	-4.18889	-10.8167	-6.62777
BLOCK00/SES009/SA009S12	SES177	-0.820711	-7.44848	-6.62777
BLOCK00/SES009/SA009S12	SES292	-1.21777	-7.84553	-6.62777
BLOCK00/SES009/SA009S15	SES007	-0.758515	-6.4867	-5.72818
BLOCK00/SES009/SA009S15	SES099	-3.52532	-9.2535	-5.72818
BLOCK00/SES009/SA009S15	SES148	-4.77714	-10.5053	-5.72818
BLOCK00/SES009/SA009S15	SES172	-0.862323	-6.5905	-5.72818
BLOCK00/SES009/SA009S24	SES146	-0.655034	-8.12999	-7.47496
BLOCK00/SES009/SA009S24	SES148	-4.38744	-11.8624	-7.47496
BLOCK00/SES009/SA009S24	SES177	-0.486997	-7.96195	-7.47496
BLOCK00/SES009/SA009S24	SES292	-1.20539	-8.68035	-7.47496
BLOCK00/SES009/SA009S26	SES083	-2.04583	-6.53977	-4.49394
BLOCK00/SES009/SA009S26	SES101	-2.6229	-7.11684	-4.49394
BLOCK00/SES009/SA009S26	SES120	-1.78648	-6.28042	-4.49394
BLOCK00/SES009/SA009S26	SES177	-0.798064	-5.292	-4.49394
BLOCK00/SES009/SA009S29	SES083	-1.53442	-6.0229	-4.48848
BLOCK00/SES009/SA009S29	SES101	-2.11061	-6.59909	-4.48848
BLOCK00/SES009/SA009S29	SES177	-0.816845	-5.30532	-4.48848
BLOCK00/SES009/SA009S29	SES292	-1.35205	-5.84053	-4.48848
BLOCK01/SES011/SA011S10	SES019	-2.05926	-12.9417	-10.8824
BLOCK01/SES011/SA011S10	SES042	0.0881739	-10.7942	-10.8824
BLOCK01/SES011/SA011S10	SES082	-1.45303	-12.3354	-10.8824
BLOCK01/SES011/SA011S10	SES206	-0.63354	-11.5159	-10.8824
BLOCK01/SES011/SA011S11	SES019	-1.76966	-10.6016	-8.83191
BLOCK01/SES011/SA011S11	SES042	-0.930201	-9.76211	-8.83191
BLOCK01/SES011/SA011S11	SES082	-0.781141	-9.61305	-8.83191
BLOCK01/SES011/SA011S11	SES206	-1.76715	-10.5991	-8.83191
BLOCK01/SES011/SA011S22	SES019	-0.726478	-10.8787	-10.1522
BLOCK01/SES011/SA011S22	SES042	1.43841	-8.7138	-10.1522
BLOCK01/SES011/SA011S22	SES082	-0.163157	-10.3154	-10.1522
BLOCK01/SES011/SA011S22	SES206	-0.367158	-10.5194	-10.1522
BLOCK01/SES011/SA011S24	SES019	-2.2207	-10.0893	-7.86864
BLOCK01/SES011/SA011S24	SES042	0.0730505	-7.79559	-7.86864
BLOCK01/SES011/SA011S24	SES104	-0.28457	-8.15321	-7.86864
BLOCK01/SES011/SA011S24	SES206	-0.42961	-8.29825	-7.86864
BLOCK01/SES011/SA011S27	SES082	-0.767475	-8.79535	-8.02788
BLOCK01/SES011/SA011S27	SES087	-3.64021	-11.6681	-8.02788
BLOCK01/SES011/SA011S27	SES125	-1.33933	-9.36721	-8.02788
BLOCK01/SES011/SA011S27	SES206	-1.32381	-9.35169	-8.02788
BLOCK01/SES012/SA012S11	SES007	-0.956045	-3.74822	-2.79218
BLOCK01/SES012/SA012S11	SES082	-0.447281	-3.23946	-2.79218
BLOCK01/SES012/SA012S11	SES083	-1.38931	-4.18149	-2.79218
BLOCK01/SES012/SA012S11	SES206	0.0709331	-2.72125	-2.79218
BLOCK01/SES012/SA012S14	SES082	-0.378926	-6.48704	-6.10811
BLOCK01/SES012/SA012S14	SES087	-2.7684	-8.87651	-6.10811
BLOCK01/SES012/SA012S14	SES206	0.0807581	-6.02735	-6.10811
BLOCK01/SES012/SA012S14	SES292	-1.57063	-7.67874	-6.10811
BLOCK01/SES012/SA012S24	SES082	-0.0887365	-8.77654	-8.6878
BLOCK01/SES012/SA012S24	SES087	-1.53961	-10.2274	-8.6878
BLOCK01/SES012/SA012S24	SES120	-1.06068	-9.74849	-8.6878
BLOCK01/SES012/SA012S24	SES206	-1.07107	-9.75888	-8.6878
BLOCK01/SES012/SA012S26	SES019	-4.34114	-12.6452	-8.30406
BLOCK01/SES012/SA012S26	SES082	-0.927564	-9.23162	-8.30406
BLOCK01/SES012/SA012S26	SES206	0.370231	-7.93383	-8.30406
BLOCK01/SES012/SA012S26	SES292	-1.46603	-9.77009	-8.30406
BLOCK01/SES012/SA012S29	SES062	-0.895312	-1.19483	-0.299521
BLOCK01/SES012/SA012S29	SES082	-0.81182	-1.11134	-0.299521
BLOCK01/SES012/SA012S29	SES083	-1.12431	-1.42383	-0.299521
BLOCK01/SES012/SA012S29	SES206	-0.638421	-0.937942	-0.299521
BLOCK01/SES013/SA013S16	SES062	-2.82339	-9.71092	-6.88754
BLOCK01/SES013/SA013S16	SES106	-1.79214	-8.67968	-6.88754
BLOCK01/SES013/SA013S16	SES206	-1.76099	-8.64853	-6.88754
BLOCK01/SES013/SA013S16	SES226	-2.15707	-9.0446	-6.88754
BLOCK01/SES013/SA013S17	SES062	-1.05492	-4.21942	-3.1645
BLOCK01/SES013/SA013S17	SES106	-1.35848	-4.52299	-3.1645
BLOCK01/SES013/SA013S17	SES206	-0.428094	-3.5926	-3.1645
BLOCK01/SES013/SA013S17	SES226	0.0171397	-3.14736	-3.1645
BLOCK01/SES013/SA013S23	SES104	0.567555	-4.39275	-4.96031
BLOCK01/SES013/SA013S23	SES106	-0.975675	-5.93598	-4.96031
BLOCK01/SES013/SA013S23	SES206	-0.327312	-5.28762	-4.96031
BLOCK01/SES013/SA013S23	SES270	-2.09041	-7.05072	-4.96031
BLOCK01/SES013/SA013S25	SES042	-2.54079	-7.54563	-5.00485
BLOCK01/SES013/SA013S25	SES104	0.941549	-4.0633	-5.00485
BLOCK01/SES013/SA013S25	SES106	0.16131	-4.84354	-5.00485
BLOCK01/SES013/SA013S25	SES206	0.0871797	-4.91767	-5.00485
BLOCK01/SES013/SA013S29	SES062	-1.73861	-7.60061	-5.862
BLOCK01/SES013/SA013S29	SES104	0.312818	-5.54918	-5.862
BLOCK01/SES013/SA013S29	SES106	-0.528912	-6.39091	-5.862
BLOCK01/SES013/SA013S29	SES206	-0.530268	-6.39227	-5.862
BLOCK02/SES021/SA021S13	SES016	-2.23941	-6.39375	-4.15434
BLOCK02/SES021/SA021S13	SES029	-2.01398	-6.16831	-4.15434
BLOCK02/SES021/SA021S13	SES087	-3.64613	-7.80046	-4.15434
BLOCK02/SES021/SA021S13	SES206	-2.13636	-6.2907	-4.15434
BLOCK02/SES021/SA021S15	SES087	-0.863131	-3.89953	-3.0364
BLOCK02/SES021/SA021S15	SES125	-0.49864	-3.53504	-3.0364
BLOCK02/SES021/SA021S15	SES206	-0.689154	-3.72556	-3.0364
BLOCK02/SES021/SA021S15	SES226	-0.969317	-4.00572	-3.0364
BLOCK02/SES021/SA021S23	SES062	-2.87038	-7.30089	-4.43051
BLOCK02/SES021/SA021S23	SES087	-0.746922	-5.17743	-4.43051
BLOCK02/SES021/SA021S23	SES206	-1.04432	-5.47483	-4.43051
BLOCK02/SES021/SA021S23	SES226	0.0748448	-4.35566	-4.43051
BLOCK02/SES021/SA021S27	SES002	-1.32119	-2.93478	-1.61359
BLOCK02/SES021/SA021S27	SES016	-3.63982	-5.25342	-1.61359
BLOCK02/SES021/SA021S27	SES019	-1.47632	-3.08991	-1.61359
BLOCK02/SES021/SA021S27	SES062	-1.2546	-2.86819	-1.61359
BLOCK02/SES021/SA021S29	SES087	-1.22642	-4.89941	-3.673
BLOCK02/SES021/SA021S29	SES125	-0.380349	-4.05335	-3.673
BLOCK02/SES021/SA021S29	SES206	0.440617	-3.23238	-3.673
BLOCK02/SES021/SA021S29	SES226	-1.1047	-4.7777	-3.673
BLOCK04/SES043/SA043S09	SES083	-0.464193	-6.28194	-5.81775
BLOCK04/SES043/SA043S09	SES101	-0.637524	-6.45527	-5.81775
BLOCK04/SES043/SA043S09	SES144	-0.506153	-6.3239	-5.81775
BLOCK04/SES043/SA043S09	SES172	-0.627348	-6.4451	-5.81775
BLOCK04/SES043/SA043S11	SES083	-0.639228	-2.23936	-1.60013
BLOCK04/SES043/SA043S11	SES101	-0.912573	-2.5127	-1.60013
BLOCK04/SES043/SA043S11	SES144	-0.392191	-1.99232	-1.60013
BLOCK04/SES043/SA043S11	SES172	-1.40708	-3.00721	-1.60013
BLOCK04/SES043/SA043S23	SES083	-0.726003	-3.59523	-2.86923
BLOCK04/SES043/SA043S23	SES144	-0.226804	-3.09603	-2.86923
BLOCK04/SES043/SA043S23	SES177	-1.43181	-4.30104	-2.86923
BLOCK04/SES043/SA043S23	SES275	-0.864808	-3.73404	-2.86923
BLOCK04/SES043/SA043S26	SES083	-0.905913	-9.64456	-8.73864
BLOCK04/SES043/SA043S26	SES101	-0.755835	-9.49448	-8.73864
BLOCK04/SES043/SA043S26	SES144	-0.621442	-9.36008	-8.73864
BLOCK04/SES043/SA043S26	SES177	-1.87811	-10.6167	-8.73864
BLOCK04/SES043/SA043S28	SES016	-1.33097	-5.46589	-4.13492
BLOCK04/SES043/SA043S28	SES083	-0.794844	-4.92976	-4.13492
BLOCK04/SES043/SA043S28	SES101	-0.424114	-4.55903	-4.13492
BLOCK04/SES043/SA043S28	SES144	-1.08712	-5.22203	-4.13492
BLOCK04/SES044/SA044S10	SES127	-3.21377	-11.3808	-8.16707
BLOCK04/SES044/SA044S10	SES144	-0.297888	-8.46495	-8.16707
BLOCK04/SES044/SA044S10	SES147	-2.79563	-10.9627	-8.16707
BLOCK04/SES044/SA044S10	SES148	-1.79969	-9.96675	-8.16707
BLOCK04/SES044/SA044S11	SES101	-1.11539	-6.82413	-5.70874
BLOCK04/SES044/SA044S11	SES144	-0.0373569	-5.7461	-5.70874
BLOCK04/SES044/SA044S11	SES147	-1.71194	-7.42068	-5.70874
BLOCK04/SES044/SA044S11	SES177	-1.60325	-7.31199	-5.70874
BLOCK04/SES044/SA044S24	SES007	-2.01571	-7.99031	-5.9746
BLOCK04/SES044/SA044S24	SES101	-1.08248	-7.05708	-5.9746
BLOCK04/SES044/SA044S24	SES147	-2.04974	-8.02435	-5.9746
BLOCK04/SES044/SA044S24	SES177	-1.54115	-7.51575	-5.9746
BLOCK04/SES044/SA044S26	SES007	-1.60582	-2.7808	-1.17498
BLOCK04/SES044/SA044S26	SES016	-1.32339	-2.49837	-1.17498
BLOCK04/SES044/SA044S26	SES101	-1.81664	-2.99162	-1.17498
BLOCK04/SES044/SA044S26	SES147	-0.903192	-2.07817	-1.17498
BLOCK04/SES044/SA044S29	SES007	-1.67881	-6.758	-5.07918
BLOCK04/SES044/SA044S29	SES101	-1.74708	-6.82626	-5.07918
BLOCK04/SES044/SA044S29	SES147	-1.14394	-6.22312	-5.07918
BLOCK04/SES044/SA044S29	SES177	-2.53137	-7.61055	-5.07918
BLOCK04/SES046/SA046S13	SES101	-0.808067	-6.52435	-5.71628
BLOCK04/SES046/SA046S13	SES144	-0.942801	-6.65909	-5.71628
BLOCK04/SES046/SA046S13	SES147	-1.47725	-7.19353	-5.71628
BLOCK04/SES046/SA046S13	SES177	-1.51601	-7.23229	-5.71628
BLOCK04/SES046/SA046S15	SES048	-0.695901	-2.81128	-2.11538
BLOCK04/SES046/SA046S15	SES083	-1.57158	-3.68696	-2.11538
BLOCK04/SES046/SA046S15	SES120	-1.98734	-4.10273	-2.11538
BLOCK04/SES046/SA046S15	SES148	-0.765622	-2.881	-2.11538
BLOCK04/SES046/SA046S22	SES101	-0.673334	-5.21234	-4.53901
BLOCK04/SES046/SA046S22	SES144	0.0596323	-4.47938	-4.53901
BLOCK04/SES046/SA046S22	SES147	-0.500791	-5.0398	-4.53901
BLOCK04/SES046/SA046S22	SES172	-0.652859	-5.19187	-4.53901
BLOCK04/SES046/SA046S25	SES083	-0.966986	-2.23428	-1.2673
BLOCK04/SES046/SA046S25	SES127	-1.03606	-2.30335	-1.2673
BLOCK04/SES046/SA046S25	SES144	-0.664857	-1.93215	-1.2673
BLOCK04/SES046/SA046S25	SES148	-0.730808	-1.9981	-1.2673
BLOCK04/SES046/SA046S28	SES007	-1.55047	-4.27968	-2.7292
BLOCK04/SES046/SA046S28	SES105	-1.84897	-4.57818	-2.7292
BLOCK04/SES046/SA046S28	SES147	-0.742747	-3.47195	-2.7292
BLOCK04/SES046/SA046S28	SES148	-3.31119	-6.04039	-2.7292
BLOCK04/SES049/SA049S16	SES104	-0.48721	-7.34661	-6.8594
BLOCK04/SES049/SA049S16	SES106	-2.35426	-9.21365	-6.8594
BLOCK04/SES049/SA049S16	SES120	-1.79291	-8.65231	-6.8594
BLOCK04/SES049/SA049S16	SES206	-0.727951	-7.58735	-6.8594
BLOCK04/SES049/SA049S18	SES099	0.52721	-4.65564	-5.18285
BLOCK04/SES049/SA049S18	SES104	-0.0529995	-5.23585	-5.18285
BLOCK04/SES049/SA049S18	SES125	-1.01196	-6.19482	-5.18285
BLOCK04/SES049/SA049S18	SES206	-1.06106	-6.24392	-5.18285
BLOCK04/SES049/SA049S25	SES087	-0.471127	-5.28971	-4.81859
BLOCK04/SES049/SA049S25	SES104	-0.300722	-5.11931	-4.81859
BLOCK04/SES049/SA049S25	SES125	-0.287655	-5.10624	-4.81859
BLOCK04/SES049/SA049S25	SES206	0.175514	-4.64307	-4.81859
BLOCK04/SES049/SA049S27	SES099	-1.71827	-0.522804	1.19547
BLOCK04/SES049/SA049S27	SES104	-0.259947	0.935524	1.19547
BLOCK04/SES049/SA049S27	SES125	-1.7233	-0.527825	1.19547
BLOCK04/SES049/SA049S27	SES206	-1.33002	-0.134551	1.19547
BLOCK04/SES049/SA049S29	SES099	0.651366	0.550091	-0.101274
BLOCK04/SES049/SA049S29	SES104	0.48129	0.380016	-0.101274
BLOCK04/SES049/SA049S29	SES125	0.205817	0.104543	-0.101274
BLOCK04/SES049/SA049S29	SES206	-0.448901	-0.550176	-0.101274
BLOCK06/SES063/SA063S09	SES068	-1.58732	-8.24907	-6.66175
BLOCK06/SES063/SA063S09	SES083	-0.568407	-7.23015	-6.66175
BLOCK06/SES063/SA063S09	SES177	-0.88428	-7.54603	-6.66175
BLOCK06/SES063/SA063S09	SES187	-1.68401	-8.34576	-6.66175
BLOCK06/SES063/SA063S10	SES068	-1.22667	-6.9833	-5.75663
BLOCK06/SES063/SA063S10	SES083	-0.953492	-6.71012	-5.75663
BLOCK06/SES063/SA063S10	SES172	-1.40292	-7.15955	-5.75663
BLOCK06/SES063/SA063S10	SES187	-1.0747	-6.83133	-5.75663
BLOCK06/SES063/SA063S20	SES068	-1.76085	-8.57193	-6.81108
BLOCK06/SES063/SA063S20	SES083	-0.814304	-7.62538	-6.81108
BLOCK06/SES063/SA063S20	SES172	-0.756015	-7.5671	-6.81108
BLOCK06/SES063/SA063S20	SES187	-1.31336	-8.12444	-6.81108
BLOCK06/SES063/SA063S24	SES029	-2.46136	-9.02346	-6.56209
BLOCK06/SES063/SA063S24	SES083	-1.04366	-7.60575	-6.56209
BLOCK06/SES063/SA063S24	SES177	-1.71243	-8.27453	-6.56209
BLOCK06/SES063/SA063S24	SES189	-1.32384	-7.88594	-6.56209
BLOCK06/SES063/SA063S27	SES083	0.0946803	-7.095	-7.18968
BLOCK06/SES063/SA063S27	SES172	-1.55552	-8.7452	-7.18968
BLOCK06/SES063/SA063S27	SES187	-1.33894	-8.52863	-7.18968
BLOCK06/SES063/SA063S27	SES292	-1.21519	-8.40487	-7.18968
BLOCK06/SES067/SA067S12	SES083	-1.27823	-5.18885	-3.91062
BLOCK06/SES067/SA067S12	SES172	-1.21267	-5.12329	-3.91062
BLOCK06/SES067/SA067S12	SES202	-1.23958	-5.1502	-3.91062
BLOCK06/SES067/SA067S12	SES292	-1.45035	-5.36097	-3.91062
BLOCK06/SES067/SA067S14	SES085	-0.72936	-0.983292	-0.253931
BLOCK06/SES067/SA067S14	SES177	-2.05592	-2.30985	-0.253931
BLOCK06/SES067/SA067S14	SES183	0.0780881	-0.175843	-0.253931
BLOCK06/SES067/SA067S14	SES202	-1.143	-1.39693	-0.253931
BLOCK06/SES067/SA067S21	SES144	-0.996273	-5.46867	-4.4724
BLOCK06/SES067/SA067S21	SES177	-1.06895	-5.54134	-4.4724
BLOCK06/SES067/SA067S21	SES183	-0.552754	-5.02515	-4.4724
BLOCK06/SES067/SA067S21	SES189	-1.22867	-5.70107	-4.4724
BLOCK06/SES067/SA067S25	SES085	-1.04694	-7.25675	-6.20981
BLOCK06/SES067/SA067S25	SES177	0.0594516	-6.15036	-6.20981
BLOCK06/SES067/SA067S25	SES183	-0.298606	-6.50842	-6.20981
BLOCK06/SES067/SA067S25	SES202	-1.09486	-7.30468	-6.20981
BLOCK06/SES067/SA067S29	SES085	-2.31631	-9.80417	-7.48786
BLOCK06/SES067/SA067S29	SES177	-1.70411	-9.19197	-7.48786
BLOCK06/SES067/SA067S29	SES183	-0.954001	-8.44186	-7.48786
BLOCK06/SES067/SA067S29	SES202	-2.38564	-9.87351	-7.48786
BLOCK06/SES069/SA069S12	SES029	-1.70712	-4.24673	-2.53961
BLOCK06/SES069/SA069S12	SES082	-0.586472	-3.12608	-2.53961
BLOCK06/SES069/SA069S12	SES087	-1.21508	-3.75469	-2.53961
BLOCK06/SES069/SA069S12	SES206	-0.0291905	-2.5688	-2.53961
BLOCK06/SES069/SA069S13	SES029	-2.03441	-2.98144	-0.947035
BLOCK06/SES069/SA069S13	SES087	-0.254363	-1.2014	-0.947035
BLOCK06/SES069/SA069S13	SES206	-0.932862	-1.8799	-0.947035
BLOCK06/SES069/SA069S13	SES226	0.53743	-0.409606	-0.947035
BLOCK06/SES069/SA069S23	SES029	-0.44256	1.38644	1.829
BLOCK06/SES069/SA069S23	SES087	0.573386	2.40238	1.829
BLOCK06/SES069/SA069S23	SES206	0.250604	2.0796	1.829
BLOCK06/SES069/SA069S23	SES226	1.37585	3.20485	1.829
BLOCK06/SES069/SA069S25	SES087	-0.0964932	-1.83016	-1.73367
BLOCK06/SES069/SA069S25	SES206	-1.55265	-3.28632	-1.73367
BLOCK06/SES069/SA069S25	SES226	-0.383782	-2.11745	-1.73367
BLOCK06/SES069/SA069S25	SES270	-1.78873	-3.5224	-1.73367
BLOCK06/SES069/SA069S27	SES087	-1.51181	-5.34974	-3.83793
BLOCK06/SES069/SA069S27	SES206	-0.496018	-4.33395	-3.83793
BLOCK06/SES069/SA069S27	SES226	-0.560397	-4.39833	-3.83793
BLOCK06/SES069/SA069S27	SES270	-1.49021	-5.32814	-3.83793
BLOCK08/SES081/SA081S11	SES060	-2.45923	-9.52342	-7.06419
BLOCK08/SES081/SA081S11	SES062	-2.13469	-9.19888	-7.06419
BLOCK08/SES081/SA081S11	SES117	-1.89498	-8.95917	-7.06419
BLOCK08/SES081/SA081S11	SES162	-1.65241	-8.7166	-7.06419
BLOCK08/SES081/SA081S13	SES016	-1.78656	-5.88247	-4.0959
BLOCK08/SES081/SA081S13	SES060	-0.99857	-5.09447	-4.0959
BLOCK08/SES081/SA081S13	SES068	-0.915042	-5.01094	-4.0959
BLOCK08/SES081/SA081S13	SES129	-2.42771	-6.52361	-4.0959
BLOCK08/SES081/SA081S24	SES060	-0.729724	-5.63912	-4.90939
BLOCK08/SES081/SA081S24	SES068	-0.985552	-5.89494	-4.90939
BLOCK08/SES081/SA081S24	SES117	-1.4959	-6.40529	-4.90939
BLOCK08/SES081/SA081S24	SES275	-1.23386	-6.14326	-4.90939
BLOCK08/SES081/SA081S27	SES007	-1.35276	-12.4802	-11.1274
BLOCK08/SES081/SA081S27	SES060	-1.86247	-12.9899	-11.1274
BLOCK08/SES081/SA081S27	SES117	-1.6441	-12.7715	-11.1274
BLOCK08/SES081/SA081S27	SES275	-3.58858	-14.716	-11.1274
BLOCK08/SES081/SA081S29	SES007	-0.956728	-10.5685	-9.61182
BLOCK08/SES081/SA081S29	SES060	-0.923856	-10.5357	-9.61182
BLOCK08/SES081/SA081S29	SES117	-0.865095	-10.4769	-9.61182
BLOCK08/SES081/SA081S29	SES275	-3.31102	-12.9228	-9.61182
BLOCK08/SES086/SA086S11	SES029	-1.98157	-11.2678	-9.28628
BLOCK08/SES086/SA086S11	SES082	0.428724	-8.85755	-9.28628
BLOCK08/SES086/SA086S11	SES087	1.17445	-8.11182	-9.28628
BLOCK08/SES086/SA086S11	SES206	-0.120575	-9.40685	-9.28628
BLOCK08/SES086/SA086S12	SES029	-1.66331	-8.35799	-6.69468
BLOCK08/SES086/SA086S12	SES082	-1.32632	-8.021	-6.69468
BLOCK08/SES086/SA086S12	SES087	1.20794	-5.48674	-6.69468
BLOCK08/SES086/SA086S12	SES206	-0.789308	-7.48399	-6.69468
BLOCK08/SES086/SA086S20	SES029	-1.27428	-7.05638	-5.78211
BLOCK08/SES086/SA086S20	SES082	-1.30155	-7.08366	-5.78211
BLOCK08/SES086/SA086S20	SES087	0.290142	-5.49196	-5.78211
BLOCK08/SES086/SA086S20	SES206	0.125789	-5.65632	-5.78211
BLOCK08/SES086/SA086S24	SES087	0.40465	-6.82825	-7.2329
BLOCK08/SES086/SA086S24	SES104	0.683009	-6.54989	-7.2329
BLOCK08/SES086/SA086S24	SES120	0.251289	-6.98161	-7.2329
BLOCK08/SES086/SA086S24	SES206	0.779569	-6.45333	-7.2329
BLOCK08/SES086/SA086S28	SES029	-1.61925	-5.07996	-3.46071
BLOCK08/SES086/SA086S28	SES082	-0.369954	-3.83066	-3.46071
BLOCK08/SES086/SA086S28	SES087	-0.407794	-3.8685	-3.46071
BLOCK08/SES086/SA086S28	SES206	-1.00582	-4.46653	-3.46071
BLOCK08/SES089/SA089S13	SES087	-0.666125	-7.01363	-6.3475
BLOCK08/SES089/SA089S13	SES206	-1.36257	-7.71007	-6.3475
BLOCK08/SES089/SA089S13	SES226	0.0923839	-6.25512	-6.3475
BLOCK08/SES089/SA089S13	SES270	-0.266438	-6.61394	-6.3475
BLOCK08/SES089/SA089S14	SES062	-1.19458	-5.70428	-4.50971
BLOCK08/SES089/SA089S14	SES087	-0.352528	-4.86224	-4.50971
BLOCK08/SES089/SA089S14	SES206	-1.16051	-5.67022	-4.50971
BLOCK08/SES089/SA089S14	SES226	-1.21253	-5.72224	-4.50971
BLOCK08/SES089/SA089S23	SES087	-0.971889	-9.68447	-8.71258
BLOCK08/SES089/SA089S23	SES206	-0.696083	-9.40866	-8.71258
BLOCK08/SES089/SA089S23	SES226	-0.892126	-9.6047	-8.71258
BLOCK08/SES089/SA089S23	SES270	-1.40106	-10.1136	-8.71258
BLOCK08/SES089/SA089S25	SES062	-1.17038	-6.43679	-5.26641
BLOCK08/SES089/SA089S25	SES087	-0.0536141	-5.32002	-5.26641
BLOCK08/SES089/SA089S25	SES206	-2.07777	-7.34418	-5.26641
BLOCK08/SES089/SA089S25	SES226	-0.314676	-5.58108	-5.26641
BLOCK08/SES089/SA089S28	SES062	-1.3496	-5.38654	-4.03694
BLOCK08/SES089/SA089S28	SES087	0.541948	-3.49499	-4.03694
BLOCK08/SES089/SA089S28	SES206	-1.74282	-5.77976	-4.03694
BLOCK08/SES089/SA089S28	SES226	-0.554057	-4.591	-4.03694
BLOCK09/SES097/SA097S11	SES099	0.856405	-1.8741	-2.7305
BLOCK09/SES097/SA097S11	SES125	0.195747	-2.53475	-2.7305
BLOCK09/SES097/SA097S11	SES206	-0.627615	-3.35812	-2.7305
BLOCK09/SES097/SA097S11	SES226	0.155592	-2.57491	-2.7305
BLOCK09/SES097/SA097S14	SES062	-1.49731	-3.3953	-1.898
BLOCK09/SES097/SA097S14	SES099	-0.861715	-2.75971	-1.898
BLOCK09/SES097/SA097S14	SES104	-2.44263	-4.34063	-1.898
BLOCK09/SES097/SA097S14	SES206	-3.08081	-4.9788	-1.898
BLOCK09/SES097/SA097S22	SES099	0.561741	-2.70291	-3.26465
BLOCK09/SES097/SA097S22	SES206	-1.22695	-4.4916	-3.26465
BLOCK09/SES097/SA097S22	SES226	-1.01851	-4.28316	-3.26465
BLOCK09/SES097/SA097S22	SES270	-1.2661	-4.53074	-3.26465
BLOCK09/SES097/SA097S26	SES099	0.78069	-4.70965	-5.49034
BLOCK09/SES097/SA097S26	SES120	-1.27652	-6.76685	-5.49034
BLOCK09/SES097/SA097S26	SES206	-1.44024	-6.93057	-5.49034
BLOCK09/SES097/SA097S26	SES226	-0.438956	-5.92929	-5.49034
BLOCK09/SES097/SA097S28	SES099	1.21316	-2.02467	-3.23783
BLOCK09/SES097/SA097S28	SES120	-0.856363	-4.0942	-3.23783
BLOCK09/SES097/SA097S28	SES206	-1.11625	-4.35408	-3.23783
BLOCK09/SES097/SA097S28	SES226	-0.974611	-4.21244	-3.23783
BLOCK09/SES098/SA098S11	SES127	-2.10746	-6.96742	-4.85995
BLOCK09/SES098/SA098S11	SES144	-1.02466	-5.88461	-4.85995
BLOCK09/SES098/SA098S11	SES147	-1.51447	-6.37442	-4.85995
BLOCK09/SES098/SA098S11	SES148	-2.59902	-7.45897	-4.85995
BLOCK09/SES098/SA098S12	SES127	-3.28999	-11.7766	-8.48664
BLOCK09/SES098/SA098S12	SES144	-1.65335	-10.14	-8.48664
BLOCK09/SES098/SA098S12	SES147	-1.70737	-10.194	-8.48664
BLOCK09/SES098/SA098S12	SES189	-0.336494	-8.82313	-8.48664
BLOCK09/SES098/SA098S20	SES127	-5.09844	-16.1511	-11.0526
BLOCK09/SES098/SA098S20	SES147	-3.05066	-14.1033	-11.0526
BLOCK09/SES098/SA098S20	SES148	-7.33613	-18.3887	-11.0526
BLOCK09/SES098/SA098S20	SES292	-0.724906	-11.7775	-11.0526
BLOCK09/SES098/SA098S23	SES127	-1.46795	-8.47905	-7.01109
BLOCK09/SES098/SA098S23	SES147	-2.19169	-9.20278	-7.01109
BLOCK09/SES098/SA098S23	SES187	-0.592914	-7.60401	-7.01109
BLOCK09/SES098/SA098S23	SES292	-1.90304	-8.91413	-7.01109
BLOCK09/SES098/SA098S27	SES127	-3.30397	-10.5486	-7.24466
BLOCK09/SES098/SA098S27	SES147	-2.32139	-9.56605	-7.24466
BLOCK09/SES098/SA098S27	SES148	-2.75541	-10.0001	-7.24466
BLOCK09/SES098/SA098S27	SES292	-0.982214	-8.22687	-7.24466
BLOCK10/SES102/SA102S13	SES101	-1.0121	-8.25244	-7.24035
BLOCK10/SES102/SA102S13	SES105	-1.00325	-8.24359	-7.24035
BLOCK10/SES102/SA102S13	SES120	-1.31269	-8.55304	-7.24035
BLOCK10/SES102/SA102S13	SES158	-0.438157	-7.6785	-7.24035
BLOCK10/SES102/SA102S14	SES007	0.232399	-3.12965	-3.36205
BLOCK10/SES102/SA102S14	SES101	-0.87382	-4.23587	-3.36205
BLOCK10/SES102/SA102S14	SES105	-0.689763	-4.05181	-3.36205
BLOCK10/SES102/SA102S14	SES147	-1.96243	-5.32448	-3.36205
BLOCK10/SES102/SA102S22	SES007	-0.714327	-4.72149	-4.00717
BLOCK10/SES102/SA102S22	SES101	-1.46143	-5.4686	-4.00717
BLOCK10/SES102/SA102S22	SES105	-0.883137	-4.8903	-4.00717
BLOCK10/SES102/SA102S22	SES158	-0.855101	-4.86227	-4.00717
BLOCK10/SES102/SA102S25	SES007	-0.359572	-4.60696	-4.24739
BLOCK10/SES102/SA102S25	SES101	-1.28048	-5.52787	-4.24739
BLOCK10/SES102/SA102S25	SES105	-1.44927	-5.69665	-4.24739
BLOCK10/SES102/SA102S25	SES147	-2.94217	-7.18956	-4.24739
BLOCK10/SES102/SA102S27	SES007	-0.307527	-2.6436	-2.33607
BLOCK10/SES102/SA102S27	SES101	-0.0716426	-2.40771	-2.33607
BLOCK10/SES102/SA102S27	SES105	-0.946041	-3.28211	-2.33607
BLOCK10/SES102/SA102S27	SES147	-2.08865	-4.42472	-2.33607
BLOCK10/SES103/SA103S14	SES105	-1.51221	-11.9134	-10.4012
BLOCK10/SES103/SA103S14	SES106	-2.02555	-12.4267	-10.4012
BLOCK10/SES103/SA103S14	SES120	-1.4969	-11.8981	-10.4012
BLOCK10/SES103/SA103S14	SES206	-1.09979	-11.501	-10.4012
BLOCK10/SES103/SA103S15	SES099	-2.45982	-12.6413	-10.1814
BLOCK10/SES103/SA103S15	SES101	-2.01489	-12.1963	-10.1814
BLOCK10/SES103/SA103S15	SES104	-1.45549	-11.6369	-10.1814
BLOCK10/SES103/SA103S15	SES125	-4.02719	-14.2086	-10.1814
BLOCK10/SES103/SA103S24	SES104	-1.09056	-6.33803	-5.24747
BLOCK10/SES103/SA103S24	SES125	-4.21198	-9.45945	-5.24747
BLOCK10/SES103/SA103S24	SES148	-2.45183	-7.6993	-5.24747
BLOCK10/SES103/SA103S24	SES158	-2.05615	-7.30363	-5.24747
BLOCK10/SES103/SA103S26	SES104	-0.433182	-9.80023	-9.36705
BLOCK10/SES103/SA103S26	SES106	-0.643481	-10.0105	-9.36705
BLOCK10/SES103/SA103S26	SES125	-2.25496	-11.622	-9.36705
BLOCK10/SES103/SA103S26	SES148	-4.25666	-13.6237	-9.36705
BLOCK10/SES103/SA103S28	SES104	-1.78639	-12.9893	-11.2029
BLOCK10/SES103/SA103S28	SES106	-2.91797	-14.1208	-11.2029
BLOCK10/SES103/SA103S28	SES125	-3.82668	-15.0295	-11.2029
BLOCK10/SES103/SA103S28	SES206	-0.774221	-11.9771	-11.2029
BLOCK12/SES121/SA121S12	SES042	-1.56196	-7.13302	-5.57106
BLOCK12/SES121/SA121S12	SES087	-0.830808	-6.40187	-5.57106
BLOCK12/SES121/SA121S12	SES105	-0.476531	-6.04759	-5.57106
BLOCK12/SES121/SA121S12	SES206	-0.271959	-5.84302	-5.57106
BLOCK12/SES121/SA121S14	SES007	-1.44276	-13.3547	-11.9119
BLOCK12/SES121/SA121S14	SES105	-1.18795	-13.0999	-11.9119
BLOCK12/SES121/SA121S14	SES106	-1.29147	-13.2034	-11.9119
BLOCK12/SES121/SA121S14	SES206	-0.539311	-12.4513	-11.9119
BLOCK12/SES121/SA121S23	SES105	-0.712387	-11.0875	-10.3751
BLOCK12/SES121/SA121S23	SES106	-0.934572	-11.3097	-10.3751
BLOCK12/SES121/SA121S23	SES120	-1.23114	-11.6063	-10.3751
BLOCK12/SES121/SA121S23	SES206	0.933333	-9.44181	-10.3751
BLOCK12/SES121/SA121S25	SES007	-1.14355	-13.5011	-12.3576
BLOCK12/SES121/SA121S25	SES105	-1.71139	-14.069	-12.3576
BLOCK12/SES121/SA121S25	SES106	-0.599704	-12.9573	-12.3576
BLOCK12/SES121/SA121S25	SES206	0.187608	-12.17	-12.3576
BLOCK12/SES121/SA121S27	SES087	0.152876	-11.4332	-11.586
BLOCK12/SES121/SA121S27	SES105	-1.98812	-13.5742	-11.586
BLOCK12/SES121/SA121S27	SES120	-0.00287819	-11.5889	-11.586
BLOCK12/SES121/SA121S27	SES206	0.292809	-11.2932	-11.586
BLOCK12/SES124/SA124S16	SES042	-0.552308	-4.13521	-3.58291
BLOCK12/SES124/SA124S16	SES082	-1.63667	-5.21958	-3.58291
BLOCK12/SES124/SA124S16	SES183	-0.579842	-4.16275	-3.58291
BLOCK12/SES124/SA124S16	SES206	-2.23257	-5.81548	-3.58291
BLOCK12/SES124/SA124S17	SES105	-2.371	-10.3306	-7.95957
BLOCK12/SES124/SA124S17	SES149	-1.27324	-9.23281	-7.95957
BLOCK12/SES124/SA124S17	SES158	-1.96329	-9.92286	-7.95957
BLOCK12/SES124/SA124S17	SES275	-1.94699	-9.90656	-7.95957
BLOCK12/SES124/SA124S23	SES105	-1.48342	-3.90974	-2.42632
BLOCK12/SES124/SA124S23	SES125	1.85641	-0.569913	-2.42632
BLOCK12/SES124/SA124S23	SES129	-1.00611	-3.43243	-2.42632
BLOCK12/SES124/SA124S23	SES158	-0.576262	-3.00258	-2.42632
BLOCK12/SES124/SA124S26	SES105	-2.29227	-7.90188	-5.60961
BLOCK12/SES124/SA124S26	SES125	-0.715334	-6.32494	-5.60961
BLOCK12/SES124/SA124S26	SES129	-1.84101	-7.45062	-5.60961
BLOCK12/SES124/SA124S26	SES158	-0.859415	-6.46902	-5.60961
BLOCK12/SES124/SA124S28	SES104	0.408339	-3.11337	-3.52171
BLOCK12/SES124/SA124S28	SES106	-0.0628536	-3.58457	-3.52171
BLOCK12/SES124/SA124S28	SES125	1.12492	-2.39679	-3.52171
BLOCK12/SES124/SA124S28	SES275	-1.61192	-5.13363	-3.52171
BLOCK12/SES126/SA126S13	SES007	-1.51219	-8.05387	-6.54168
BLOCK12/SES126/SA126S13	SES162	-1.38451	-7.92619	-6.54168
BLOCK12/SES126/SA126S13	SES177	-0.989615	-7.53129	-6.54168
BLOCK12/SES126/SA126S13	SES180	-1.45604	-7.99772	-6.54168
BLOCK12/SES126/SA126S14	SES144	-1.31704	-5.07268	-3.75564
BLOCK12/SES126/SA126S14	SES148	-1.50868	-5.26432	-3.75564
BLOCK12/SES126/SA126S14	SES177	-0.718191	-4.47384	-3.75564
BLOCK12/SES126/SA126S14	SES180	-1.43163	-5.18728	-3.75564
BLOCK12/SES126/SA126S20	SES007	-1.24222	-3.88498	-2.64275
BLOCK12/SES126/SA126S20	SES162	-1.18744	-3.8302	-2.64275
BLOCK12/SES126/SA126S20	SES172	-1.11694	-3.7597	-2.64275
BLOCK12/SES126/SA126S20	SES180	-0.828758	-3.47151	-2.64275
BLOCK12/SES126/SA126S24	SES120	-0.929155	-4.87723	-3.94808
BLOCK12/SES126/SA126S24	SES162	-0.97724	-4.92532	-3.94808
BLOCK12/SES126/SA126S24	SES177	-0.328632	-4.27671	-3.94808
BLOCK12/SES126/SA126S24	SES180	-0.863429	-4.81151	-3.94808
BLOCK12/SES126/SA126S26	SES120	-0.697242	-2.98867	-2.29143
BLOCK12/SES126/SA126S26	SES177	-1.41544	-3.70687	-2.29143
BLOCK12/SES126/SA126S26	SES180	-0.525312	-2.81674	-2.29143
BLOCK12/SES126/SA126S26	SES202	-0.920261	-3.21169	-2.29143
BLOCK12/SES128/SA128S10	SES087	-1.29269	-5.33057	-4.03788
BLOCK12/SES128/SA128S10	SES206	-0.278738	-4.31661	-4.03788
BLOCK12/SES128/SA128S10	SES226	-0.656416	-4.69429	-4.03788
BLOCK12/SES128/SA128S10	SES270	-1.15457	-5.19245	-4.03788
BLOCK12/SES128/SA128S12	SES120	-0.65928	-7.43779	-6.77851
BLOCK12/SES128/SA128S12	SES158	-1.11978	-7.89829	-6.77851
BLOCK12/SES128/SA128S12	SES206	-0.220949	-6.99946	-6.77851
BLOCK12/SES128/SA128S12	SES226	-1.45488	-8.23339	-6.77851
BLOCK12/SES128/SA128S21	SES106	-3.43883	-7.64448	-4.20565
BLOCK12/SES128/SA128S21	SES120	-1.18559	-5.39125	-4.20565
BLOCK12/SES128/SA128S21	SES206	-2.41938	-6.62503	-4.20565
BLOCK12/SES128/SA128S21	SES226	-1.2601	-5.46575	-4.20565
BLOCK12/SES128/SA128S24	SES087	-0.253553	-7.32212	-7.06856
BLOCK12/SES128/SA128S24	SES120	-0.253216	-7.32178	-7.06856
BLOCK12/SES128/SA128S24	SES206	-0.579192	-7.64776	-7.06856
BLOCK12/SES128/SA128S24	SES226	-0.953807	-8.02237	-7.06856
BLOCK12/SES128/SA128S27	SES099	-0.916198	-5.9925	-5.0763
BLOCK12/SES128/SA128S27	SES120	-0.600206	-5.67651	-5.0763
BLOCK12/SES128/SA128S27	SES206	-1.03386	-6.11016	-5.0763
BLOCK12/SES128/SA128S27	SES226	-1.16404	-6.24034	-5.0763
BLOCK13/SES130/SA130S13	SES143	-0.376394	-5.31985	-4.94346
BLOCK13/SES130/SA130S13	SES144	-0.470401	-5.41386	-4.94346
BLOCK13/SES130/SA130S13	SES146	-2.12661	-7.07007	-4.94346
BLOCK13/SES130/SA130S13	SES275	-2.15063	-7.09409	-4.94346
BLOCK13/SES130/SA130S15	SES143	-0.92822	-3.84113	-2.91291
BLOCK13/SES130/SA130S15	SES144	0.0405858	-2.87233	-2.91291
BLOCK13/SES130/SA130S15	SES146	-0.733069	-3.64598	-2.91291
BLOCK13/SES130/SA130S15	SES275	-1.01174	-3.92466	-2.91291
BLOCK13/SES130/SA130S23	SES127	0.0030899	-2.0875	-2.09059
BLOCK13/SES130/SA130S23	SES144	0.308251	-1.78234	-2.09059
BLOCK13/SES130/SA130S23	SES146	-0.82187	-2.91246	-2.09059
BLOCK13/SES130/SA130S23	SES162	0.000721216	-2.08987	-2.09059
BLOCK13/SES130/SA130S25	SES127	-0.888411	-0.679167	0.209244
BLOCK13/SES130/SA130S25	SES144	-0.680211	-0.470967	0.209244
BLOCK13/SES130/SA130S25	SES146	-0.548513	-0.339269	0.209244
BLOCK13/SES130/SA130S25	SES275	-1.24005	-1.03081	0.209244
BLOCK13/SES130/SA130S28	SES127	-1.17378	-4.33782	-3.16404
BLOCK13/SES130/SA130S28	SES144	-1.23431	-4.39835	-3.16404
BLOCK13/SES130/SA130S28	SES146	-0.485168	-3.64921	-3.16404
BLOCK13/SES130/SA130S28	SES275	-0.739168	-3.90321	-3.16404
BLOCK13/SES131/SA131S13	SES002	-2.36226	-7.05702	-4.69477
BLOCK13/SES131/SA131S13	SES007	-1.39858	-6.09334	-4.69477
BLOCK13/SES131/SA131S13	SES099	-1.75643	-6.4512	-4.69477
BLOCK13/SES131/SA131S13	SES105	-1.14133	-5.8361	-4.69477
BLOCK13/SES131/SA131S14	SES104	-1.36776	-0.581207	0.786555
BLOCK13/SES131/SA131S14	SES106	-2.36754	-1.58098	0.786555
BLOCK13/SES131/SA131S14	SES125	-1.73738	-0.950828	0.786555
BLOCK13/SES131/SA131S14	SES148	-0.00520617	0.781348	0.786555
BLOCK13/SES131/SA131S20	SES104	-2.13464	-9.49697	-7.36233
BLOCK13/SES131/SA131S20	SES106	-2.27366	-9.63599	-7.36233
BLOCK13/SES131/SA131S20	SES125	-2.20394	-9.56627	-7.36233
BLOCK13/SES131/SA131S20	SES148	-2.51372	-9.87605	-7.36233
BLOCK13/SES131/SA131S22	SES099	-2.71606	-6.63233	-3.91628
BLOCK13/SES131/SA131S22	SES104	-0.883941	-4.80022	-3.91628
BLOCK13/SES131/SA131S22	SES125	-1.0699	-4.98618	-3.91628
BLOCK13/SES131/SA131S22	SES206	-2.04157	-5.95785	-3.91628
BLOCK13/SES131/SA131S29	SES087	-1.61386	-7.76153	-6.14767
BLOCK13/SES131/SA131S29	SES104	-3.94994	-10.0976	-6.14767
BLOCK13/SES131/SA131S29	SES125	-4.38141	-10.5291	-6.14767
BLOCK13/SES131/SA131S29	SES206	-2.60521	-8.75288	-6.14767
BLOCK13/SES132/SA132S11	SES083	-0.874182	-9.65366	-8.77948
BLOCK13/SES132/SA132S11	SES120	0.207767	-8.57171	-8.77948
BLOCK13/SES132/SA132S11	SES127	-3.10343	-11.8829	-8.77948
BLOCK13/SES132/SA132S11	SES275	-1.52942	-10.3089	-8.77948
BLOCK13/SES132/SA132S12	SES083	-1.16265	-5.07507	-3.91242
BLOCK13/SES132/SA132S12	SES143	-1.82053	-5.73295	-3.91242
BLOCK13/SES132/SA132S12	SES144	-1.04663	-4.95905	-3.91242
BLOCK13/SES132/SA132S12	SES148	-1.64509	-5.55751	-3.91242
BLOCK13/SES132/SA132S22	SES062	-1.91103	-8.45163	-6.5406
BLOCK13/SES132/SA132S22	SES083	-0.836193	-7.37679	-6.5406
BLOCK13/SES132/SA132S22	SES127	-1.09239	-7.63299	-6.5406
BLOCK13/SES132/SA132S22	SES275	-1.26051	-7.80111	-6.5406
BLOCK13/SES132/SA132S24	SES007	-0.633722	-4.41176	-3.77804
BLOCK13/SES132/SA132S24	SES083	-0.823236	-4.60128	-3.77804
BLOCK13/SES132/SA132S24	SES127	-2.71918	-6.49722	-3.77804
BLOCK13/SES132/SA132S24	SES275	-0.694657	-4.4727	-3.77804
BLOCK13/SES132/SA132S27	SES083	-2.31731	-10.0015	-7.68414
BLOCK13/SES132/SA132S27	SES120	0.199606	-7.48454	-7.68414
BLOCK13/SES132/SA132S27	SES127	-4.98178	-12.6659	-7.68414
BLOCK13/SES132/SA132S27	SES275	-2.14394	-9.82808	-7.68414
BLOCK14/SES141/SA141S09	SES143	-1.02217	-4.39148	-3.36931
BLOCK14/SES141/SA141S09	SES144	-0.93875	-4.30806	-3.36931
BLOCK14/SES141/SA141S09	SES162	-0.417521	-3.78683	-3.36931
BLOCK14/SES141/SA141S09	SES180	-0.687616	-4.05693	-3.36931
BLOCK14/SES141/SA141S15	SES127	-0.0138774	-4.7204	-4.70653
BLOCK14/SES141/SA141S15	SES144	-0.228092	-4.93462	-4.70653
BLOCK14/SES141/SA141S15	SES162	-1.23948	-5.94601	-4.70653
BLOCK14/SES141/SA141S15	SES180	-0.221359	-4.92789	-4.70653
BLOCK14/SES141/SA141S24	SES127	-1.8636	-7.59776	-5.73416
BLOCK14/SES141/SA141S24	SES144	-2.15324	-7.8874	-5.73416
BLOCK14/SES141/SA141S24	SES162	-0.933502	-6.66767	-5.73416
BLOCK14/SES141/SA141S24	SES183	-1.93576	-7.66992	-5.73416
BLOCK14/SES141/SA141S26	SES142	-0.447392	-5.42463	-4.97724
BLOCK14/SES141/SA141S26	SES144	-1.09706	-6.0743	-4.97724
BLOCK14/SES141/SA141S26	SES172	-0.889856	-5.8671	-4.97724
BLOCK14/SES141/SA141S26	SES180	-0.771005	-5.74825	-4.97724
BLOCK14/SES141/SA141S29	SES127	-0.61417	-3.71589	-3.10172
BLOCK14/SES141/SA141S29	SES142	-0.018393	-3.12011	-3.10172
BLOCK14/SES141/SA141S29	SES144	-0.752888	-3.8546	-3.10172
BLOCK14/SES141/SA141S29	SES180	0.1055	-2.99622	-3.10172
BLOCK15/SES157/SA157S08	SES083	-0.781222	-2.7625	-1.98128
BLOCK15/SES157/SA157S08	SES127	-1.19441	-3.17568	-1.98128
BLOCK15/SES157/SA157S08	SES148	-1.03445	-3.01572	-1.98128
BLOCK15/SES157/SA157S08	SES292	-1.60073	-3.582	-1.98128
BLOCK15/SES157/SA157S11	SES083	-1.70257	-4.15342	-2.45085
BLOCK15/SES157/SA157S11	SES127	-2.77945	-5.2303	-2.45085
BLOCK15/SES157/SA157S11	SES148	-2.53208	-4.98293	-2.45085
BLOCK15/SES157/SA157S11	SES292	-1.81397	-4.26482	-2.45085
BLOCK15/SES157/SA157S21	SES127	-0.833896	-0.0193469	0.814549
BLOCK15/SES157/SA157S21	SES148	-0.526716	0.287832	0.814549
BLOCK15/SES157/SA157S21	SES158	-5.3903	-4.57575	0.814549
BLOCK15/SES157/SA157S21	SES292	-1.63619	-0.82164	0.814549
BLOCK15/SES157/SA157S24	SES127	-1.64957	-5.64536	-3.99579
BLOCK15/SES157/SA157S24	SES148	-1.18593	-5.18173	-3.99579
BLOCK15/SES157/SA157S24	SES183	-1.32591	-5.3217	-3.99579
BLOCK15/SES157/SA157S24	SES292	-1.62889	-5.62469	-3.99579
BLOCK15/SES157/SA157S26	SES007	-1.21549	-3.85888	-2.64339
BLOCK15/SES157/SA157S26	SES127	-1.31774	-3.96113	-2.64339
BLOCK15/SES157/SA157S26	SES147	-1.61294	-4.25632	-2.64339
BLOCK15/SES157/SA157S26	SES148	-1.7428	-4.38618	-2.64339
BLOCK16/SES161/SA161S10	SES007	-0.942076	-6.29778	-5.3557
BLOCK16/SES161/SA161S10	SES105	-0.244366	-5.60007	-5.3557
BLOCK16/SES161/SA161S10	SES158	-0.950797	-6.3065	-5.3557
BLOCK16/SES161/SA161S10	SES275	-1.05343	-6.40913	-5.3557
BLOCK16/SES161/SA161S12	SES007	-3.33123	-12.6896	-9.3584
BLOCK16/SES161/SA161S12	SES105	-1.74533	-11.1037	-9.3584
BLOCK16/SES161/SA161S12	SES158	-1.67113	-11.0295	-9.3584
BLOCK16/SES161/SA161S12	SES275	-2.70834	-12.0667	-9.3584
BLOCK16/SES161/SA161S20	SES007	-1.09776	-11.4057	-10.308
BLOCK16/SES161/SA161S20	SES105	-1.14707	-11.455	-10.308
BLOCK16/SES161/SA161S20	SES158	-0.132798	-10.4408	-10.308
BLOCK16/SES161/SA161S20	SES275	-2.81811	-13.1261	-10.308
BLOCK16/SES161/SA161S23	SES007	-4.00033	-12.9815	-8.98121
BLOCK16/SES161/SA161S23	SES105	-1.45706	-10.4383	-8.98121
BLOCK16/SES161/SA161S23	SES148	-1.91101	-10.8922	-8.98121
BLOCK16/SES161/SA161S23	SES158	-2.8424	-11.8236	-8.98121
BLOCK16/SES161/SA161S28	SES007	-1.15187	-10.8585	-9.70659
BLOCK16/SES161/SA161S28	SES105	-1.78352	-11.4901	-9.70659
BLOCK16/SES161/SA161S28	SES158	-0.619505	-10.3261	-9.70659
BLOCK16/SES161/SA161S28	SES206	-0.602471	-10.3091	-9.70659
BLOCK16/SES164/SA164S11	SES104	0.335609	-1.11102	-1.44663
BLOCK16/SES164/SA164S11	SES125	0.417479	-1.02915	-1.44663
BLOCK16/SES164/SA164S11	SES158	-3.02625	-4.47288	-1.44663
BLOCK16/SES164/SA164S11	SES206	-1.42666	-2.87329	-1.44663
BLOCK16/SES164/SA164S13	SES099	-2.01416	-4.66875	-2.65459
BLOCK16/SES164/SA164S13	SES104	-1.73398	-4.38857	-2.65459
BLOCK16/SES164/SA164S13	SES125	-2.44573	-5.10032	-2.65459
BLOCK16/SES164/SA164S13	SES206	-2.71799	-5.37258	-2.65459
BLOCK16/SES164/SA164S24	SES002	0.477656	-1.1131	-1.59076
BLOCK16/SES164/SA164S24	SES099	-1.16554	-2.7563	-1.59076
BLOCK16/SES164/SA164S24	SES125	-1.14851	-2.73927	-1.59076
BLOCK16/SES164/SA164S24	SES226	0.553663	-1.0371	-1.59076
BLOCK16/SES164/SA164S27	SES087	-0.420581	-3.15453	-2.73395
BLOCK16/SES164/SA164S27	SES125	-0.611656	-3.34561	-2.73395
BLOCK16/SES164/SA164S27	SES206	-2.26262	-4.99657	-2.73395
BLOCK16/SES164/SA164S27	SES226	-1.03923	-3.77318	-2.73395
BLOCK16/SES164/SA164S29	SES002	-0.499378	-1.66394	-1.16456
BLOCK16/SES164/SA164S29	SES019	-1.3488	-2.51336	-1.16456
BLOCK16/SES164/SA164S29	SES125	-1.01094	-2.17551	-1.16456
BLOCK16/SES164/SA164S29	SES226	-0.50564	-1.6702	-1.16456
BLOCK16/SES169/SA169S13	SES117	-2.2256	-7.49181	-5.26621
BLOCK16/SES169/SA169S13	SES144	-1.5988	-6.86501	-5.26621
BLOCK16/SES169/SA169S13	SES146	-0.962881	-6.22909	-5.26621
BLOCK16/SES169/SA169S13	SES162	-1.16194	-6.42815	-5.26621
BLOCK16/SES169/SA169S14	SES144	-1.47577	-2.12853	-0.652756
BLOCK16/SES169/SA169S14	SES148	-0.896935	-1.54969	-0.652756
BLOCK16/SES169/SA169S14	SES177	-0.273631	-0.926387	-0.652756
BLOCK16/SES169/SA169S14	SES180	-1.36374	-2.0165	-0.652756
BLOCK16/SES169/SA169S24	SES117	-0.813288	-4.82755	-4.01426
BLOCK16/SES169/SA169S24	SES144	-0.449625	-4.46389	-4.01426
BLOCK16/SES169/SA169S24	SES146	-0.405107	-4.41937	-4.01426
BLOCK16/SES169/SA169S24	SES162	-0.0400491	-4.05431	-4.01426
BLOCK16/SES169/SA169S27	SES127	-1.0996	-6.11589	-5.01629
BLOCK16/SES169/SA169S27	SES129	-1.38206	-6.39835	-5.01629
BLOCK16/SES169/SA169S27	SES144	-0.905137	-5.92142	-5.01629
BLOCK16/SES169/SA169S27	SES146	-0.560811	-5.5771	-5.01629
BLOCK16/SES169/SA169S29	SES144	-0.447175	-1.73205	-1.28487
BLOCK16/SES169/SA169S29	SES162	-0.539483	-1.82436	-1.28487
BLOCK16/SES169/SA169S29	SES177	-0.86847	-2.15334	-1.28487
BLOCK16/SES169/SA169S29	SES180	-1.05351	-2.33838	-1.28487
BLOCK17/SES171/SA171S12	SES083	-1.74644	-5.92191	-4.17548
BLOCK17/SES171/SA171S12	SES148	-1.21982	-5.3953	-4.17548
BLOCK17/SES171/SA171S12	SES172	-1.08025	-5.25573	-4.17548
BLOCK17/SES171/SA171S12	SES292	-2.34282	-6.5183	-4.17548
BLOCK17/SES171/SA171S15	SES148	-1.78326	-6.71203	-4.92877
BLOCK17/SES171/SA171S15	SES177	-1.05113	-5.9799	-4.92877
BLOCK17/SES171/SA171S15	SES180	-2.8592	-7.78797	-4.92877
BLOCK17/SES171/SA171S15	SES292	-1.94381	-6.87257	-4.92877
BLOCK17/SES171/SA171S22	SES007	-0.956412	-1.35634	-0.399924
BLOCK17/SES171/SA171S22	SES148	-0.870033	-1.26996	-0.399924
BLOCK17/SES171/SA171S22	SES177	-0.406502	-0.806427	-0.399924
BLOCK17/SES171/SA171S22	SES180	-3.10039	-3.50032	-0.399924
BLOCK17/SES171/SA171S25	SES101	-1.77892	-7.52007	-5.74115
BLOCK17/SES171/SA171S25	SES120	-3.03746	-8.77861	-5.74115
BLOCK17/SES171/SA171S25	SES177	-0.865722	-6.60687	-5.74115
BLOCK17/SES171/SA171S25	SES180	-2.37207	-8.11322	-5.74115
BLOCK17/SES171/SA171S27	SES177	-1.15534	-6.61449	-5.45915
BLOCK17/SES171/SA171S27	SES180	-2.31544	-7.77459	-5.45915
BLOCK17/SES171/SA171S27	SES189	-0.613251	-6.0724	-5.45915
BLOCK17/SES171/SA171S27	SES292	-1.43953	-6.89868	-5.45915
BLOCK17/SES173/SA173S13	SES162	-2.03717	-7.49791	-5.46074
BLOCK17/SES173/SA173S13	SES177	-1.13638	-6.59712	-5.46074
BLOCK17/SES173/SA173S13	SES180	-1.05479	-6.51553	-5.46074
BLOCK17/SES173/SA173S13	SES292	-0.397711	-5.85845	-5.46074
BLOCK17/SES173/SA173S14	SES007	-2.44173	-6.57194	-4.13022
BLOCK17/SES173/SA173S14	SES162	-1.83736	-5.96758	-4.13022
BLOCK17/SES173/SA173S14	SES177	-0.773117	-4.90333	-4.13022
BLOCK17/SES173/SA173S14	SES180	-2.43114	-6.56136	-4.13022
BLOCK17/SES173/SA173S24	SES144	-1.90883	-7.5972	-5.68837
BLOCK17/SES173/SA173S24	SES162	-2.15522	-7.84359	-5.68837
BLOCK17/SES173/SA173S24	SES177	0.153015	-5.53535	-5.68837
BLOCK17/SES173/SA173S24	SES180	-4.0996	-9.78797	-5.68837
BLOCK17/SES173/SA173S27	SES162	-2.26861	-10.0236	-7.75501
BLOCK17/SES173/SA173S27	SES177	-0.96447	-8.71948	-7.75501
BLOCK17/SES173/SA173S27	SES180	-1.21477	-8.96978	-7.75501
BLOCK17/SES173/SA173S27	SES292	-0.681551	-8.43657	-7.75501
BLOCK17/SES173/SA173S29	SES162	-1.41452	-3.11515	-1.70063
BLOCK17/SES173/SA173S29	SES175	-0.272362	-1.97299	-1.70063
BLOCK17/SES173/SA173S29	SES177	0.120768	-1.57986	-1.70063
BLOCK17/SES173/SA173S29	SES292	-1.27328	-2.97391	-1.70063
BLOCK18/SES182/SA182S10	SES144	-2.11316	-6.98994	-4.87679
BLOCK18/SES182/SA182S10	SES177	-1.66913	-6.54592	-4.87679
BLOCK18/SES182/SA182S10	SES180	-2.54146	-7.41825	-4.87679
BLOCK18/SES182/SA182S10	SES275	-1.89261	-6.7694	-4.87679
BLOCK18/SES182/SA182S12	SES144	-1.57391	-5.84373	-4.26982
BLOCK18/SES182/SA182S12	SES177	-0.826429	-5.09625	-4.26982
BLOCK18/SES182/SA182S12	SES180	-3.09696	-7.36678	-4.26982
BLOCK18/SES182/SA182S12	SES275	-1.64761	-5.91743	-4.26982
BLOCK18/SES182/SA182S21	SES117	-1.47209	-8.9302	-7.45811
BLOCK18/SES182/SA182S21	SES144	-1.24611	-8.70423	-7.45811
BLOCK18/SES182/SA182S21	SES162	-1.0454	-8.50351	-7.45811
BLOCK18/SES182/SA182S21	SES180	-2.58585	-10.044	-7.45811
BLOCK18/SES182/SA182S23	SES117	-1.77995	-12.3547	-10.5747
BLOCK18/SES182/SA182S23	SES144	-2.85804	-13.4327	-10.5747
BLOCK18/SES182/SA182S23	SES180	-5.62312	-16.1978	-10.5747
BLOCK18/SES182/SA182S23	SES275	-2.78134	-13.3561	-10.5747
BLOCK18/SES182/SA182S25	SES007	-0.302296	-5.78201	-5.47971
BLOCK18/SES182/SA182S25	SES162	-0.755413	-6.23512	-5.47971
BLOCK18/SES182/SA182S25	SES177	-0.654335	-6.13405	-5.47971
BLOCK18/SES182/SA182S25	SES180	-2.19548	-7.67519	-5.47971
BLOCK18/SES184/SA184S12	SES177	-0.60912	-3.30674	-2.69762
BLOCK18/SES184/SA184S12	SES180	-0.789445	-3.48706	-2.69762
BLOCK18/SES184/SA184S12	SES189	-2.56538	-5.263	-2.69762
BLOCK18/SES184/SA184S12	SES292	-0.74442	-3.44204	-2.69762
BLOCK18/SES184/SA184S13	SES101	-1.3239	-5.69912	-4.37522
BLOCK18/SES184/SA184S13	SES177	-1.48885	-5.86407	-4.37522
BLOCK18/SES184/SA184S13	SES180	-0.494039	-4.86926	-4.37522
BLOCK18/SES184/SA184S13	SES292	-1.44486	-5.82008	-4.37522
BLOCK18/SES184/SA184S22	SES177	-1.30653	-3.41586	-2.10933
BLOCK18/SES184/SA184S22	SES180	-0.627893	-2.73723	-2.10933
BLOCK18/SES184/SA184S22	SES189	-2.76832	-4.87766	-2.10933
BLOCK18/SES184/SA184S22	SES292	-1.94147	-4.05081	-2.10933
BLOCK18/SES184/SA184S25	SES101	-1.33761	-3.59195	-2.25433
BLOCK18/SES184/SA184S25	SES177	-1.09936	-3.35369	-2.25433
BLOCK18/SES184/SA184S25	SES180	-0.695715	-2.95005	-2.25433
BLOCK18/SES184/SA184S25	SES292	-0.982906	-3.23724	-2.25433
BLOCK18/SES184/SA184S27	SES083	-2.24212	-4.21489	-1.97277
BLOCK18/SES184/SA184S27	SES177	-1.08164	-3.05441	-1.97277
BLOCK18/SES184/SA184S27	SES202	-1.69043	-3.6632	-1.97277
BLOCK18/SES184/SA184S27	SES292	-1.5144	-3.48716	-1.97277
BLOCK20/SES204/SA204S12	SES062	-1.03266	-4.84697	-3.81431
BLOCK20/SES204/SA204S12	SES083	-1.32137	-5.13567	-3.81431
BLOCK20/SES204/SA204S12	SES206	-1.29544	-5.10975	-3.81431
BLOCK20/SES204/SA204S12	SES226	-1.32737	-5.14167	-3.81431
BLOCK20/SES204/SA204S14	SES068	-0.926852	-3.45066	-2.52381
BLOCK20/SES204/SA204S14	SES087	-0.724549	-3.24836	-2.52381
BLOCK20/SES204/SA204S14	SES206	-2.03626	-4.56007	-2.52381
BLOCK20/SES204/SA204S14	SES226	-1.28285	-3.80667	-2.52381
BLOCK20/SES204/SA204S22	SES068	-0.520799	-4.53428	-4.01348
BLOCK20/SES204/SA204S22	SES082	-0.947532	-4.96102	-4.01348
BLOCK20/SES204/SA204S22	SES083	-1.99704	-6.01052	-4.01348
BLOCK20/SES204/SA204S22	SES206	-1.14042	-5.15391	-4.01348
BLOCK20/SES204/SA204S25	SES062	-0.725595	-5.29339	-4.56779
BLOCK20/SES204/SA204S25	SES083	-1.77605	-6.34384	-4.56779
BLOCK20/SES204/SA204S25	SES206	-1.13387	-5.70167	-4.56779
BLOCK20/SES204/SA204S25	SES226	-0.60522	-5.17301	-4.56779
BLOCK20/SES204/SA204S27	SES068	-0.977958	-5.71918	-4.74122
BLOCK20/SES204/SA204S27	SES082	-1.32645	-6.06767	-4.74122
BLOCK20/SES204/SA204S27	SES087	0.43889	-4.30233	-4.74122
BLOCK20/SES204/SA204S27	SES206	-1.39412	-6.13534	-4.74122
BLOCK20/SES207/SA207S10	SES127	-1.84449	-4.95959	-3.1151
BLOCK20/SES207/SA207S10	SES183	-1.33386	-4.44897	-3.1151
BLOCK20/SES207/SA207S10	SES189	-1.03308	-4.14818	-3.1151
BLOCK20/SES207/SA207S10	SES292	-1.82603	-4.94114	-3.1151
BLOCK20/SES207/SA207S11	SES127	-0.969921	-3.4429	-2.47298
BLOCK20/SES207/SA207S11	SES183	-0.881598	-3.35457	-2.47298
BLOCK20/SES207/SA207S11	SES187	-0.714096	-3.18707	-2.47298
BLOCK20/SES207/SA207S11	SES292	-0.983549	-3.45653	-2.47298
BLOCK20/SES207/SA207S25	SES068	-1.7296	-6.13542	-4.40581
BLOCK20/SES207/SA207S25	SES083	-1.76462	-6.17043	-4.40581
BLOCK20/SES207/SA207S25	SES127	-0.568575	-4.97439	-4.40581
BLOCK20/SES207/SA207S25	SES187	-1.33549	-5.7413	-4.40581
BLOCK20/SES207/SA207S27	SES127	-1.76947	-8.2273	-6.45783
BLOCK20/SES207/SA207S27	SES183	-1.52266	-7.9805	-6.45783
BLOCK20/SES207/SA207S27	SES187	-1.17506	-7.63289	-6.45783
BLOCK20/SES207/SA207S27	SES292	-1.64175	-8.09958	-6.45783
BLOCK20/SES207/SA207S29	SES083	-2.64506	-4.02333	-1.37827
BLOCK20/SES207/SA207S29	SES085	-1.44611	-2.82438	-1.37827
BLOCK20/SES207/SA207S29	SES172	-0.0305461	-1.40882	-1.37827
BLOCK20/SES207/SA207S29	SES189	-3.66052	-5.03879	-1.37827
BLOCK22/SES221/SA221S12	SES068	-0.326183	-3.47789	-3.1517
BLOCK22/SES221/SA221S12	SES143	-0.42674	-3.57844	-3.1517
BLOCK22/SES221/SA221S12	SES175	-0.564255	-3.71596	-3.1517
BLOCK22/SES221/SA221S12	SES202	-0.235079	-3.38678	-3.1517
BLOCK22/SES221/SA221S15	SES085	-0.050343	-4.08044	-4.0301
BLOCK22/SES221/SA221S15	SES143	-0.318195	-4.3483	-4.0301
BLOCK22/SES221/SA221S15	SES175	-0.749735	-4.77984	-4.0301
BLOCK22/SES221/SA221S15	SES187	-1.20431	-5.23442	-4.0301
BLOCK22/SES221/SA221S23	SES068	-0.56016	-5.56042	-5.00026
BLOCK22/SES221/SA221S23	SES143	-0.31539	-5.31565	-5.00026
BLOCK22/SES221/SA221S23	SES175	-1.05714	-6.0574	-5.00026
BLOCK22/SES221/SA221S23	SES189	-1.26053	-6.26079	-5.00026
BLOCK22/SES221/SA221S27	SES085	0.497442	-4.58769	-5.08513
BLOCK22/SES221/SA221S27	SES143	-0.0140605	-5.09919	-5.08513
BLOCK22/SES221/SA221S27	SES175	-0.380283	-5.46542	-5.08513
BLOCK22/SES221/SA221S27	SES189	-1.09858	-6.18371	-5.08513
BLOCK22/SES221/SA221S29	SES085	0.837145	-7.62551	-8.46266
BLOCK22/SES221/SA221S29	SES143	0.0681629	-8.3945	-8.46266
BLOCK22/SES221/SA221S29	SES175	0.892496	-7.57016	-8.46266
BLOCK22/SES221/SA221S29	SES187	-0.796985	-9.25964	-8.46266
BLOCK22/SES223/SA223S11	SES143	-0.435673	-6.40094	-5.96527
BLOCK22/SES223/SA223S11	SES144	-1.85027	-7.81554	-5.96527
BLOCK22/SES223/SA223S11	SES175	-0.755046	-6.72031	-5.96527
BLOCK22/SES223/SA223S11	SES187	-0.692773	-6.65804	-5.96527
BLOCK22/SES223/SA223S13	SES068	-0.215025	-8.18302	-7.96799
BLOCK22/SES223/SA223S13	SES143	-1.15146	-9.11945	-7.96799
BLOCK22/SES223/SA223S13	SES146	-0.805366	-8.77336	-7.96799
BLOCK22/SES223/SA223S13	SES202	-0.678174	-8.64616	-7.96799
BLOCK22/SES223/SA223S22	SES143	-0.436533	-5.07024	-4.6337
BLOCK22/SES223/SA223S22	SES144	-1.98367	-6.61737	-4.6337
BLOCK22/SES223/SA223S22	SES175	-1.23801	-5.87171	-4.6337
BLOCK22/SES223/SA223S22	SES187	-0.873128	-5.50683	-4.6337
BLOCK22/SES223/SA223S25	SES068	-1.08135	-5.50324	-4.42189
BLOCK22/SES223/SA223S25	SES143	-0.902399	-5.32429	-4.42189
BLOCK22/SES223/SA223S25	SES175	-0.865439	-5.28733	-4.42189
BLOCK22/SES223/SA223S25	SES187	-0.943533	-5.36542	-4.42189
BLOCK22/SES223/SA223S27	SES143	-0.455758	-8.22225	-7.7665
BLOCK22/SES223/SA223S27	SES146	-1.71269	-9.47919	-7.7665
BLOCK22/SES223/SA223S27	SES187	-0.956335	-8.72283	-7.7665
BLOCK22/SES223/SA223S27	SES292	-0.903531	-8.67003	-7.7665
BLOCK27/SES273/SA273S12	SES099	0.257906	-5.49225	-5.75015
BLOCK27/SES273/SA273S12	SES104	0.176358	-5.5738	-5.75015
BLOCK27/SES273/SA273S12	SES125	-0.631892	-6.38205	-5.75015
BLOCK27/SES273/SA273S12	SES206	0.836691	-4.91346	-5.75015
BLOCK27/SES273/SA273S13	SES099	-0.553327	-1.18542	-0.632093
BLOCK27/SES273/SA273S13	SES104	-1.30407	-1.93616	-0.632093
BLOCK27/SES273/SA273S13	SES206	-1.02805	-1.66015	-0.632093
BLOCK27/SES273/SA273S13	SES292	-1.55514	-2.18723	-0.632093
BLOCK27/SES273/SA273S21	SES099	-1.04205	-3.57691	-2.53486
BLOCK27/SES273/SA273S21	SES148	-3.05184	-5.5867	-2.53486
BLOCK27/SES273/SA273S21	SES149	-2.08019	-4.61505	-2.53486
BLOCK27/SES273/SA273S21	SES177	-1.35752	-3.89238	-2.53486
BLOCK27/SES273/SA273S25	SES104	-0.740416	-6.57636	-5.83595
BLOCK27/SES273/SA273S25	SES125	-0.528094	-6.36404	-5.83595
BLOCK27/SES273/SA273S25	SES158	0.226336	-5.60961	-5.83595
BLOCK27/SES273/SA273S25	SES206	0.518024	-5.31792	-5.83595
BLOCK27/SES273/SA273S27	SES099	-1.23736	-0.961432	0.275928
BLOCK27/SES273/SA273S27	SES104	-2.31082	-2.03489	0.275928
BLOCK27/SES273/SA273S27	SES149	-1.32438	-1.04845	0.275928
BLOCK27/SES273/SA273S27	SES275	-1.64818	-1.37225	0.275928
BLOCK27/SES274/SA274S10	SES105	-2.09375	-2.29673	-0.202978
BLOCK27/SES274/SA274S10	SES125	-2.77385	-2.97683	-0.202978
BLOCK27/SES274/SA274S10	SES129	-0.290535	-0.493513	-0.202978
BLOCK27/SES274/SA274S10	SES158	-5.95317	-6.15614	-0.202978
BLOCK27/SES274/SA274S11	SES105	-1.55944	-5.54713	-3.98769
BLOCK27/SES274/SA274S11	SES149	-1.32409	-5.31178	-3.98769
BLOCK27/SES274/SA274S11	SES158	-2.20124	-6.18894	-3.98769
BLOCK27/SES274/SA274S11	SES275	-0.569334	-4.55703	-3.98769
BLOCK27/SES274/SA274S21	SES105	-1.41416	-4.94594	-3.53178
BLOCK27/SES274/SA274S21	SES129	-0.409337	-3.94112	-3.53178
BLOCK27/SES274/SA274S21	SES149	-1.43238	-4.96416	-3.53178
BLOCK27/SES274/SA274S21	SES158	-2.87005	-6.40183	-3.53178
BLOCK27/SES274/SA274S24	SES105	-2.17432	-4.92472	-2.7504
BLOCK27/SES274/SA274S24	SES129	-0.492504	-3.2429	-2.7504
BLOCK27/SES274/SA274S24	SES149	-2.14799	-4.89839	-2.7504
BLOCK27/SES274/SA274S24	SES158	-4.61154	-7.36194	-2.7504
BLOCK27/SES274/SA274S29	SES105	-2.00927	-4.76422	-2.75495
BLOCK27/SES274/SA274S29	SES106	-3.15786	-5.91282	-2.75495
BLOCK27/SES274/SA274S29	SES120	-1.39564	-4.15059	-2.75495
BLOCK27/SES274/SA274S29	SES275	-1.30475	-4.0597	-2.75495
BLOCK27/SES276/SA276S16	SES148	-3.93737	-7.64225	-3.70488
BLOCK27/SES276/SA276S16	SES172	-1.01904	-4.72393	-3.70488
BLOCK27/SES276/SA276S16	SES180	-1.34577	-5.05065	-3.70488
BLOCK27/SES276/SA276S16	SES292	-1.07515	-4.78004	-3.70488
BLOCK27/SES276/SA276S17	SES101	-0.874264	-3.23509	-2.36083
BLOCK27/SES276/SA276S17	SES177	-1.2206	-3.58143	-2.36083
BLOCK27/SES276/SA276S17	SES180	-1.31186	-3.67268	-2.36083
BLOCK27/SES276/SA276S17	SES292	-0.972504	-3.33333	-2.36083
BLOCK27/SES276/SA276S24	SES101	-0.260859	-2.82863	-2.56777
BLOCK27/SES276/SA276S24	SES177	-0.596821	-3.16459	-2.56777
BLOCK27/SES276/SA276S24	SES180	-1.34065	-3.90842	-2.56777
BLOCK27/SES276/SA276S24	SES292	-0.651065	-3.21883	-2.56777
BLOCK27/SES276/SA276S26	SES101	-1.66721	-0.166087	1.50113
BLOCK27/SES276/SA276S26	SES177	-0.678026	0.823101	1.50113
BLOCK27/SES276/SA276S26	SES180	-1.50777	-0.00664595	1.50113
BLOCK27/SES276/SA276S26	SES292	-0.294743	1.20638	1.50113
BLOCK27/SES276/SA276S28	SES101	-1.16196	-0.924069	0.237893
BLOCK27/SES276/SA276S28	SES177	-1.1405	-0.902605	0.237893
BLOCK27/SES276/SA276S28	SES180	-0.0365076	0.201385	0.237893
BLOCK27/SES276/SA276S28	SES292	-0.571773	-0.33388	0.237893
BLOCK27/SES277/SA277S12	SES101	-0.615244	-7.4335	-6.81826
BLOCK27/SES277/SA277S12	SES177	-1.96775	-8.786	-6.81826
BLOCK27/SES277/SA277S12	SES180	-1.59599	-8.41424	-6.81826
BLOCK27/SES277/SA277S12	SES292	-1.42543	-8.24368	-6.81826
BLOCK27/SES277/SA277S14	SES177	-0.97066	-6.57913	-5.60847
BLOCK27/SES277/SA277S14	SES180	-2.41771	-8.02618	-5.60847
BLOCK27/SES277/SA277S14	SES189	-0.397471	-6.00594	-5.60847
BLOCK27/SES277/SA277S14	SES292	-1.86142	-7.46989	-5.60847
BLOCK27/SES277/SA277S21	SES177	-0.637035	-6.1644	-5.52737
BLOCK27/SES277/SA277S21	SES180	-0.875591	-6.40296	-5.52737
BLOCK27/SES277/SA277S21	SES189	-0.637895	-6.16526	-5.52737
BLOCK27/SES277/SA277S21	SES292	-1.22706	-6.75443	-5.52737
BLOCK27/SES277/SA277S24	SES144	-0.416557	-8.33254	-7.91599
BLOCK27/SES277/SA277S24	SES177	-0.962145	-8.87813	-7.91599
BLOCK27/SES277/SA277S24	SES180	-1.50414	-9.42013	-7.91599
BLOCK27/SES277/SA277S24	SES189	0.103975	-7.81201	-7.91599
BLOCK27/SES277/SA277S29	SES177	-0.591335	-1.64247	-1.05113
BLOCK27/SES277/SA277S29	SES180	-0.405542	-1.45667	-1.05113
BLOCK27/SES277/SA277S29	SES202	-0.927634	-1.97876	-1.05113
BLOCK27/SES277/SA277S29	SES292	-1.47419	-2.52532	-1.05113
BLOCK27/SES279/SA279S09	SES120	-1.54811	-3.58008	-2.03197
BLOCK27/SES279/SA279S09	SES146	-1.00211	-3.03408	-2.03197
BLOCK27/SES279/SA279S09	SES206	0.225823	-1.80615	-2.03197
BLOCK27/SES279/SA279S09	SES226	-1.61211	-3.64408	-2.03197
BLOCK27/SES279/SA279S10	SES099	0.0323119	-3.20968	-3.24199
BLOCK27/SES279/SA279S10	SES206	-0.500078	-3.74207	-3.24199
BLOCK27/SES279/SA279S10	SES226	-1.68051	-4.9225	-3.24199
BLOCK27/SES279/SA279S10	SES292	-0.425713	-3.6677	-3.24199
BLOCK27/SES279/SA279S20	SES099	-2.24333	-8.22801	-5.98468
BLOCK27/SES279/SA279S20	SES206	-0.142272	-6.12695	-5.98468
BLOCK27/SES279/SA279S20	SES226	-2.17801	-8.16269	-5.98468
BLOCK27/SES279/SA279S20	SES292	0.247019	-5.73766	-5.98468
BLOCK27/SES279/SA279S26	SES099	0.679208	-4.93553	-5.61474
BLOCK27/SES279/SA279S26	SES206	-0.15507	-5.76981	-5.61474
BLOCK27/SES279/SA279S26	SES226	-2.95129	-8.56603	-5.61474
BLOCK27/SES279/SA279S26	SES292	-1.07116	-6.6859	-5.61474
BLOCK27/SES279/SA279S28	SES099	-0.764829	-0.0891671	0.675662
BLOCK27/SES279/SA279S28	SES120	-1.16787	-0.492207	0.675662
BLOCK27/SES279/SA279S28	SES177	-1.3367	-0.661035	0.675662
BLOCK27/SES279/SA279S28	SES206	-1.58392	-0.908258	0.675662
BLOCK29/SES290/SA290S12	SES162	-0.366578	-4.17664	-3.81007
BLOCK29/SES290/SA290S12	SES177	-0.815217	-4.62528	-3.81007
BLOCK29/SES290/SA290S12	SES180	-0.659163	-4.46923	-3.81007
BLOCK29/SES290/SA290S12	SES292	-1.54002	-5.35008	-3.81007
BLOCK29/SES290/SA290S13	SES007	-1.23564	-4.45164	-3.216
BLOCK29/SES290/SA290S13	SES162	-0.786168	-4.00217	-3.216
BLOCK29/SES290/SA290S13	SES177	-1.12523	-4.34123	-3.216
BLOCK29/SES290/SA290S13	SES180	-1.29148	-4.50748	-3.216
BLOCK29/SES290/SA290S22	SES177	-0.544444	-3.61338	-3.06893
BLOCK29/SES290/SA290S22	SES180	-1.40366	-4.4726	-3.06893
BLOCK29/SES290/SA290S22	SES202	-0.382175	-3.45111	-3.06893
BLOCK29/SES290/SA290S22	SES292	-1.02443	-4.09336	-3.06893
BLOCK29/SES290/SA290S25	SES162	-1.1016	-5.31075	-4.20915
BLOCK29/SES290/SA290S25	SES177	-0.583655	-4.7928	-4.20915
BLOCK29/SES290/SA290S25	SES180	-1.74424	-5.95339	-4.20915
BLOCK29/SES290/SA290S25	SES292	-1.44497	-5.65411	-4.20915
BLOCK29/SES290/SA290S29	SES177	0.470292	-0.998837	-1.46913
BLOCK29/SES290/SA290S29	SES180	0.0944772	-1.37465	-1.46913
BLOCK29/SES290/SA290S29	SES275	0.282309	-1.18682	-1.46913
BLOCK29/SES290/SA290S29	SES292	-0.471284	-1.94041	-1.46913
BLOCK29/SES291/SA291S11	SES105	-1.34579	-7.44624	-6.10045
BLOCK29/SES291/SA291S11	SES125	-1.17272	-7.27317	-6.10045
BLOCK29/SES291/SA291S11	SES158	-0.747332	-6.84778	-6.10045
BLOCK29/SES291/SA291S11	SES275	-1.32877	-7.42922	-6.10045
BLOCK29/SES291/SA291S12	SES158	1.05989	-7.27589	-8.33578
BLOCK29/SES291/SA291S12	SES226	-2.02938	-10.3652	-8.33578
BLOCK29/SES291/SA291S12	SES270	-0.503723	-8.83951	-8.33578
BLOCK29/SES291/SA291S12	SES275	-2.50262	-10.8384	-8.33578
BLOCK29/SES291/SA291S22	SES082	-0.661427	-4.33794	-3.67651
BLOCK29/SES291/SA291S22	SES158	-0.634862	-4.31138	-3.67651
BLOCK29/SES291/SA291S22	SES259	-0.87468	-4.5512	-3.67651
BLOCK29/SES291/SA291S22	SES275	-1.71179	-5.3883	-3.67651
BLOCK29/SES291/SA291S24	SES104	-0.390452	-6.05189	-5.66144
BLOCK29/SES291/SA291S24	SES125	-0.953672	-6.61511	-5.66144
BLOCK29/SES291/SA291S24	SES158	-0.300765	-5.9622	-5.66144
BLOCK29/SES291/SA291S24	SES275	-2.33815	-7.99959	-5.66144
BLOCK29/SES291/SA291S27	SES158	-0.35141	-2.82129	-2.46988
BLOCK29/SES291/SA291S27	SES172	-2.8131	-5.28298	-2.46988
BLOCK29/SES291/SA291S27	SES275	-1.72771	-4.19759	-2.46988
BLOCK29/SES291/SA291S27	SES292	-1.20997	-3.67984	-2.46988
