BLOCK00/SES002/SA002S12	SES002	1.75463	-35.9505	-37.7051
BLOCK00/SES002/SA002S13	SES002	1.87032	-35.6745	-37.5449
BLOCK00/SES002/SA002S23	SES002	1.66289	-35.4805	-37.1434
BLOCK00/SES002/SA002S26	SES002	2.07136	-35.2016	-37.273
BLOCK00/SES002/SA002S28	SES002	1.67411	-35.7472	-37.4213
BLOCK00/SES007/SA007S14	SES007	1.30673	-36.3668	-37.6735
BLOCK00/SES007/SA007S15	SES007	0.73465	-37.4858	-38.2204
BLOCK00/SES007/SA007S24	SES007	1.00171	-36.9988	-38.0005
BLOCK00/SES007/SA007S27	SES007	0.638191	-37.5386	-38.1768
BLOCK00/SES007/SA007S29	SES007	0.748688	-36.575	-37.3237
BLOCK00/SES008/SA008S11	SES008	1.40253	-36.936	-38.3385
BLOCK00/SES008/SA008S12	SES008	0.92136	-37.4511	-38.3724
BLOCK00/SES008/SA008S19	SES008	1.46235	-36.8277	-38.29
BLOCK00/SES008/SA008S22	SES008	1.13556	-37.7637	-38.8993
BLOCK00/SES008/SA008S29	SES008	1.75847	-36.5325	-38.2909
BLOCK01/SES014/SA014S10	SES014	2.13966	-34.6908	-36.8304
BLOCK01/SES014/SA014S12	SES014	2.41708	-34.1414	-36.5585
BLOCK01/SES014/SA014S24	SES014	1.58513	-35.8903	-37.4754
BLOCK01/SES014/SA014S26	SES014	2.57783	-33.6638	-36.2417
BLOCK01/SES014/SA014S28	SES014	2.36278	-34.3044	-36.6672
BLOCK01/SES016/SA016S12	SES016	1.11501	-38.8793	-39.9943
BLOCK01/SES016/SA016S13	SES016	1.49776	-37.5512	-39.049
BLOCK01/SES016/SA016S22	SES016	1.17138	-37.5307	-38.7021
BLOCK01/SES016/SA016S25	SES016	1.32293	-36.1621	-37.485
BLOCK01/SES016/SA016S27	SES016	1.57246	-35.9373	-37.5098
BLOCK01/SES019/SA019S13	SES019	2.83403	-36.2727	-39.1067
BLOCK01/SES019/SA019S14	SES019	2.01947	-36.3984	-38.4179
BLOCK01/SES019/SA019S22	SES019	2.42123	-36.1304	-38.5516
BLOCK01/SES019/SA019S25	SES019	2.23096	-36.5066	-38.7376
BLOCK01/SES019/SA019S29	SES019	3.24916	-36.3567	-39.6059
BLOCK02/SES029/SA029S11	SES029	1.09391	-37.2307	-38.3247
BLOCK02/SES029/SA029S12	SES029	0.753609	-37.1789	-37.9325
BLOCK02/SES029/SA029S20	SES029	0.855434	-37.8758	-38.7312
BLOCK02/SES029/SA029S25	SES029	0.740181	-37.1517	-37.8918
BLOCK02/SES029/SA029S28	SES029	0.519058	-37.4238	-37.9428
BLOCK04/SES042/SA042S12	SES042	2.48668	-34.8868	-37.3735
BLOCK04/SES042/SA042S15	SES042	2.06874	-35.3275	-37.3962
BLOCK04/SES042/SA042S22	SES042	3.27882	-33.7926	-37.0714
BLOCK04/SES042/SA042S25	SES042	2.51323	-36.0105	-38.5237
BLOCK04/SES042/SA042S27	SES042	2.20629	-34.8346	-37.0409
BLOCK04/SES048/SA048S11	SES048	1.40039	-36.4379	-37.8383
BLOCK04/SES048/SA048S12	SES048	1.26497	-36.6771	-37.942
BLOCK04/SES048/SA048S20	SES048	1.13257	-36.4767	-37.6093
BLOCK04/SES048/SA048S23	SES048	1.67088	-36.3269	-37.9978
BLOCK04/SES048/SA048S27	SES048	1.18611	-36.2399	-37.426
BLOCK06/SES060/SA060S11	SES060	1.14146	-36.9785	-38.12
BLOCK06/SES060/SA060S12	SES060	0.555241	-38.4631	-39.0183
BLOCK06/SES060/SA060S22	SES060	0.498947	-37.9681	-38.4671
BLOCK06/SES060/SA060S24	SES060	1.08819	-36.6275	-37.7157
BLOCK06/SES060/SA060S28	SES060	1.38382	-35.4267	-36.8105
BLOCK06/SES062/SA062S10	SES062	1.41511	-35.9525	-37.3676
BLOCK06/SES062/SA062S11	SES062	1.30492	-36.8064	-38.1113
BLOCK06/SES062/SA062S21	SES062	2.17593	-34.6571	-36.833
BLOCK06/SES062/SA062S26	SES062	1.24671	-36.2229	-37.4696
BLOCK06/SES062/SA062S29	SES062	1.34474	-36.0481	-37.3928
BLOCK06/SES068/SA068S14	SES068	0.585842	-37.4924	-38.0782
BLOCK06/SES068/SA068S15	SES068	0.995922	-36.4827	-37.4786
BLOCK06/SES068/SA068S23	SES068	0.880993	-37.174	-38.055
BLOCK06/SES068/SA068S27	SES068	1.65532	-36.1355	-37.7908
BLOCK06/SES068/SA068S29	SES068	0.929955	-36.6422	-37.5721
BLOCK08/SES082/SA082S12	SES082	1.27267	-36.901	-38.1737
BLOCK08/SES082/SA082S14	SES082	1.05834	-37.1556	-38.2139
BLOCK08/SES082/SA082S21	SES082	1.27596	-36.7476	-38.0235
BLOCK08/SES082/SA082S24	SES082	1.04551	-36.8736	-37.9191
BLOCK08/SES082/SA082S28	SES082	0.826694	-37.2936	-38.1203
BLOCK08/SES083/SA083S14	SES083	0.345425	-37.7525	-38.098
BLOCK08/SES083/SA083S15	SES083	0.364304	-37.6966	-38.0609
BLOCK08/SES083/SA083S24	SES083	0.449017	-37.7129	-38.1619
BLOCK08/SES083/SA083S26	SES083	0.797718	-37.4123	-38.21
BLOCK08/SES083/SA083S29	SES083	0.305088	-37.5038	-37.8089
BLOCK08/SES085/SA085S10	SES085	0.84285	-37.0407	-37.8835
BLOCK08/SES085/SA085S13	SES085	0.665577	-38.2883	-38.9539
BLOCK08/SES085/SA085S22	SES085	0.141376	-38.4187	-38.5601
BLOCK08/SES085/SA085S26	SES085	0.686504	-37.705	-38.3915
BLOCK08/SES085/SA085S28	SES085	1.15121	-36.9867	-38.1379
BLOCK08/SES087/SA087S15	SES087	1.63544	-36.5178	-38.1533
BLOCK08/SES087/SA087S16	SES087	1.40508	-36.5117	-37.9168
BLOCK08/SES087/SA087S24	SES087	1.4152	-36.4959	-37.9111
BLOCK08/SES087/SA087S26	SES087	1.09064	-35.4357	-36.5263
BLOCK08/SES087/SA087S29	SES087	1.49604	-36.2129	-37.7089
BLOCK09/SES099/SA099S15	SES099	1.47815	-36.742	-38.2202
BLOCK09/SES099/SA099S16	SES099	1.40721	-36.3731	-37.7803
BLOCK09/SES099/SA099S24	SES099	1.13569	-36.1208	-37.2565
BLOCK09/SES099/SA099S26	SES099	1.46973	-36.1164	-37.5861
BLOCK09/SES099/SA099S29	SES099	1.30708	-36.2276	-37.5346
BLOCK10/SES101/SA101S11	SES101	1.05035	-36.5761	-37.6264
BLOCK10/SES101/SA101S13	SES101	0.950642	-36.8498	-37.8005
BLOCK10/SES101/SA101S22	SES101	1.50444	-37.4175	-38.922
BLOCK10/SES101/SA101S24	SES101	1.40548	-36.5609	-37.9664
BLOCK10/SES101/SA101S28	SES101	0.757114	-37.9229	-38.68
BLOCK10/SES104/SA104S11	SES104	1.45975	-35.4418	-36.9015
BLOCK10/SES104/SA104S12	SES104	1.79264	-35.334	-37.1267
BLOCK10/SES104/SA104S21	SES104	1.60682	-35.6932	-37.3001
BLOCK10/SES104/SA104S24	SES104	1.24879	-35.713	-36.9618
BLOCK10/SES104/SA104S28	SES104	1.42784	-36.1987	-37.6265
BLOCK10/SES105/SA105S12	SES105	1.24958	-37.6975	-38.9471
BLOCK10/SES105/SA105S13	SES105	0.811718	-37.5098	-38.3216
BLOCK10/SES105/SA105S22	SES105	0.436996	-38.4356	-38.8726
BLOCK10/SES105/SA105S26	SES105	1.44514	-37.4849	-38.93
BLOCK10/SES105/SA105S29	SES105	0.838898	-37.6726	-38.5115
BLOCK10/SES106/SA106S09	SES106	1.6359	-37.0307	-38.6666
BLOCK10/SES106/SA106S11	SES106	1.65722	-35.6539	-37.3111
BLOCK10/SES106/SA106S22	SES106	2.2905	-36.2285	-38.519
BLOCK10/SES106/SA106S27	SES106	1.46351	-36.3713	-37.8348
BLOCK10/SES106/SA106S29	SES106	1.27486	-36.2133	-37.4881
BLOCK11/SES117/SA117S12	SES117	0.774773	-37.5002	-38.275
BLOCK11/SES117/SA117S13	SES117	0.438896	-37.646	-38.0849
BLOCK11/SES117/SA117S23	SES117	1.50008	-37.8332	-39.3333
BLOCK11/SES117/SA117S25	SES117	1.04886	-37.8013	-38.8502
BLOCK11/SES117/SA117S28	SES117	1.19331	-38.0554	-39.2487
BLOCK12/SES120/SA120S08	SES120	0.834862	-38.4626	-39.2975
BLOCK12/SES120/SA120S11	SES120	0.839382	-39.0564	-39.8958
BLOCK12/SES120/SA120S22	SES120	0.612011	-37.0709	-37.6829
BLOCK12/SES120/SA120S24	SES120	0.760921	-37.5004	-38.2613
BLOCK12/SES120/SA120S28	SES120	0.594574	-38.4596	-39.0542
BLOCK12/SES125/SA125S13	SES125	1.97764	-35.3918	-37.3694
BLOCK12/SES125/SA125S14	SES125	1.49527	-35.9725	-37.4677
BLOCK12/SES125/SA125S25	SES125	2.29116	-35.1035	-37.3947
BLOCK12/SES125/SA125S27	SES125	2.27232	-34.8784	-37.1507
BLOCK12/SES125/SA125S29	SES125	1.79412	-35.2421	-37.0363
BLOCK12/SES127/SA127S11	SES127	0.748966	-37.2697	-38.0187
BLOCK12/SES127/SA127S12	SES127	0.149445	-37.5494	-37.6988
BLOCK12/SES127/SA127S23	SES127	0.796032	-37.3487	-38.1447
BLOCK12/SES127/SA127S25	SES127	0.460632	-37.9656	-38.4262
BLOCK12/SES127/SA127S27	SES127	0.872204	-37.2597	-38.1319
BLOCK12/SES129/SA129S11	SES129	1.67302	-36.0624	-37.7354
BLOCK12/SES129/SA129S12	SES129	1.61018	-36.0802	-37.6903
BLOCK12/SES129/SA129S22	SES129	1.5842	-36.214	-37.7982
BLOCK12/SES129/SA129S27	SES129	1.92549	-36.0987	-38.0242
BLOCK12/SES129/SA129S29	SES129	2.19181	-35.9818	-38.1736
BLOCK14/SES142/SA142S11	SES142	1.87802	-37.3662	-39.2442
BLOCK14/SES142/SA142S12	SES142	1.68388	-37.3651	-39.049
BLOCK14/SES142/SA142S24	SES142	1.99112	-37.2945	-39.2857
BLOCK14/SES142/SA142S27	SES142	1.88098	-36.7905	-38.6715
BLOCK14/SES142/SA142S29	SES142	1.91549	-36.6166	-38.5321
BLOCK14/SES143/SA143S12	SES143	0.846302	-37.7138	-38.5601
BLOCK14/SES143/SA143S13	SES143	0.650192	-37.6937	-38.3439
BLOCK14/SES143/SA143S23	SES143	1.20185	-37.8064	-39.0082
BLOCK14/SES143/SA143S25	SES143	1.12857	-37.7704	-38.899
BLOCK14/SES143/SA143S28	SES143	0.889179	-36.8817	-37.7708
BLOCK14/SES144/SA144S09	SES144	0.976696	-37.1193	-38.096
BLOCK14/SES144/SA144S11	SES144	1.34705	-37.8982	-39.2453
BLOCK14/SES144/SA144S21	SES144	0.481998	-37.9063	-38.3883
BLOCK14/SES144/SA144S25	SES144	0.612926	-38.1869	-38.7999
BLOCK14/SES144/SA144S29	SES144	0.546017	-37.7354	-38.2814
BLOCK14/SES146/SA146S14	SES146	0.961342	-37.5599	-38.5212
BLOCK14/SES146/SA146S15	SES146	0.290993	-37.6167	-37.9077
BLOCK14/SES146/SA146S24	SES146	0.473656	-37.8272	-38.3009
BLOCK14/SES146/SA146S26	SES146	1.36295	-37.9859	-39.3488
BLOCK14/SES146/SA146S29	SES146	0.848476	-37.9656	-38.8141
BLOCK14/SES147/SA147S11	SES147	1.33845	-37.2774	-38.6158
BLOCK14/SES147/SA147S13	SES147	1.73712	-36.1912	-37.9283
BLOCK14/SES147/SA147S23	SES147	1.59155	-37.5419	-39.1334
BLOCK14/SES147/SA147S26	SES147	1.41654	-36.9881	-38.4046
BLOCK14/SES147/SA147S28	SES147	1.67951	-36.4835	-38.163
BLOCK14/SES148/SA148S10	SES148	0.99572	-36.7926	-37.7884
BLOCK14/SES148/SA148S12	SES148	0.818436	-37.4555	-38.274
BLOCK14/SES148/SA148S22	SES148	1.21312	-36.4464	-37.6595
BLOCK14/SES148/SA148S26	SES148	1.07462	-37.1308	-38.2054
BLOCK14/SES148/SA148S29	SES148	0.596294	-37.3755	-37.9718
BLOCK14/SES149/SA149S13	SES149	0.381229	-37.2024	-37.5837
BLOCK14/SES149/SA149S14	SES149	0.531013	-36.7176	-37.2486
BLOCK14/SES149/SA149S24	SES149	0.810085	-36.7223	-37.5324
BLOCK14/SES149/SA149S26	SES149	1.0578	-36.6323	-37.6901
BLOCK14/SES149/SA149S28	SES149	1.50565	-35.8056	-37.3113
BLOCK15/SES158/SA158S13	SES158	1.06372	-36.9461	-38.0099
BLOCK15/SES158/SA158S14	SES158	1.73305	-36.6157	-38.3488
BLOCK15/SES158/SA158S23	SES158	1.12035	-36.7845	-37.9048
BLOCK15/SES158/SA158S26	SES158	1.87819	-36.6226	-38.5008
BLOCK15/SES158/SA158S28	SES158	1.1293	-36.9378	-38.0671
BLOCK16/SES162/SA162S10	SES162	0.822727	-38.2727	-39.0955
BLOCK16/SES162/SA162S11	SES162	0.750038	-37.644	-38.3941
BLOCK16/SES162/SA162S21	SES162	1.59799	-37.0176	-38.6156
BLOCK16/SES162/SA162S24	SES162	1.04347	-37.6703	-38.7138
BLOCK16/SES162/SA162S27	SES162	1.47208	-37.6759	-39.148
BLOCK16/SES167/SA167S14	SES167	1.1062	-36.6698	-37.776
BLOCK16/SES167/SA167S15	SES167	1.25151	-37.7704	-39.0219
BLOCK16/SES167/SA167S21	SES167	1.13481	-36.6526	-37.7874
BLOCK16/SES167/SA167S25	SES167	1.83223	-37.1348	-38.9671
BLOCK16/SES167/SA167S29	SES167	2.10888	-36.2628	-38.3717
BLOCK17/SES172/SA172S12	SES172	1.12022	-38.0214	-39.1416
BLOCK17/SES172/SA172S13	SES172	1.50249	-37.869	-39.3715
BLOCK17/SES172/SA172S23	SES172	1.03761	-36.4814	-37.519
BLOCK17/SES172/SA172S27	SES172	1.03077	-37.6038	-38.6346
BLOCK17/SES172/SA172S29	SES172	1.15107	-37.7987	-38.9498
BLOCK17/SES175/SA175S11	SES175	1.15665	-37.5509	-38.7076
BLOCK17/SES175/SA175S13	SES175	1.07191	-36.9448	-38.0167
BLOCK17/SES175/SA175S23	SES175	1.40033	-37.5799	-38.9802
BLOCK17/SES175/SA175S25	SES175	0.668934	-38.8517	-39.5206
BLOCK17/SES175/SA175S28	SES175	0.855225	-37.4124	-38.2676
BLOCK17/SES177/SA177S15	SES177	0.844585	-37.5249	-38.3695
BLOCK17/SES177/SA177S17	SES177	0.84309	-37.3326	-38.1757
BLOCK17/SES177/SA177S23	SES177	0.465145	-38.1094	-38.5746
BLOCK17/SES177/SA177S26	SES177	0.709793	-36.2397	-36.9495
BLOCK17/SES177/SA177S28	SES177	0.71796	-37.0405	-37.7584
BLOCK18/SES180/SA180S13	SES180	1.15132	-37.4803	-38.6316
BLOCK18/SES180/SA180S15	SES180	0.792885	-37.5296	-38.3224
BLOCK18/SES180/SA180S24	SES180	1.29313	-36.4333	-37.7264
BLOCK18/SES180/SA180S26	SES180	0.99461	-37.1698	-38.1644
BLOCK18/SES180/SA180S29	SES180	1.06476	-37.6792	-38.7439
BLOCK18/SES183/SA183S13	SES183	0.953339	-37.6664	-38.6197
BLOCK18/SES183/SA183S14	SES183	0.773396	-37.8065	-38.5799
BLOCK18/SES183/SA183S24	SES183	1.3471	-37.63	-38.9771
BLOCK18/SES183/SA183S27	SES183	1.07343	-37.4819	-38.5553
BLOCK18/SES183/SA183S29	SES183	1.12085	-37.2945	-38.4153
BLOCK18/SES187/SA187S13	SES187	0.63176	-38.6002	-39.2319
BLOCK18/SES187/SA187S14	SES187	1.16982	-38.0088	-39.1786
BLOCK18/SES187/SA187S24	SES187	1.45909	-37.8006	-39.2597
BLOCK18/SES187/SA187S27	SES187	0.77755	-37.78	-38.5576
BLOCK18/SES187/SA187S29	SES187	0.863033	-38.0888	-38.9518
BLOCK18/SES189/SA189S10	SES189	2.1115	-39.4892	-41.6007
BLOCK18/SES189/SA189S13	SES189	2.8984	-39.3255	-42.2239
BLOCK18/SES189/SA189S24	SES189	2.82431	-38.6304	-41.4547
BLOCK18/SES189/SA189S26	SES189	1.70197	-38.3254	-40.0273
BLOCK18/SES189/SA189S29	SES189	2.30109	-38.5918	-40.8929
BLOCK20/SES202/SA202S12	SES202	1.60602	-37.7187	-39.3247
BLOCK20/SES202/SA202S14	SES202	2.03142	-37.0062	-39.0376
BLOCK20/SES202/SA202S24	SES202	1.35638	-37.5953	-38.9517
BLOCK20/SES202/SA202S27	SES202	1.34179	-36.7849	-38.1267
BLOCK20/SES202/SA202S29	SES202	2.13555	-36.3136	-38.4492
BLOCK20/SES206/SA206S15	SES206	0.407093	-36.4112	-36.8183
BLOCK20/SES206/SA206S17	SES206	1.42002	-35.6484	-37.0684
BLOCK20/SES206/SA206S24	SES206	1.42602	-35.7229	-37.1489
BLOCK20/SES206/SA206S27	SES206	1.51851	-36.5016	-38.0201
BLOCK20/SES206/SA206S29	SES206	1.28182	-35.3803	-36.6622
BLOCK22/SES226/SA226S12	SES226	1.11922	-36.7976	-37.9169
BLOCK22/SES226/SA226S13	SES226	0.383038	-37.7046	-38.0877
BLOCK22/SES226/SA226S20	SES226	1.41409	-37.0321	-38.4461
BLOCK22/SES226/SA226S23	SES226	1.63013	-36.5959	-38.226
BLOCK22/SES226/SA226S28	SES226	1.87783	-35.8085	-37.6864
BLOCK25/SES259/SA259S13	SES259	1.9326	-35.4193	-37.3519
BLOCK25/SES259/SA259S14	SES259	1.31967	-35.8684	-37.188
BLOCK25/SES259/SA259S22	SES259	1.37922	-35.6099	-36.9891
BLOCK25/SES259/SA259S24	SES259	1.77553	-35.187	-36.9625
BLOCK25/SES259/SA259S28	SES259	1.65068	-35.4032	-37.0539
BLOCK27/SES270/SA270S14	SES270	2.1396	-36.7017	-38.8413
BLOCK27/SES270/SA270S16	SES270	1.2202	-36.4023	-37.6225
BLOCK27/SES270/SA270S22	SES270	2.48083	-36.0549	-38.5358
BLOCK27/SES270/SA270S26	SES270	1.40263	-36.9487	-38.3514
BLOCK27/SES270/SA270S28	SES270	1.44966	-36.5167	-37.9663
BLOCK27/SES275/SA275S17	SES275	0.977104	-37.647	-38.6241
BLOCK27/SES275/SA275S18	SES275	0.915287	-37.8028	-38.7181
BLOCK27/SES275/SA275S24	SES275	0.981598	-38.2886	-39.2702
BLOCK27/SES275/SA275S26	SES275	1.31259	-37.1756	-38.4882
BLOCK27/SES275/SA275S28	SES275	0.703323	-37.603	-38.3063
BLOCK29/SES292/SA292S10	SES292	0.338337	-37.5846	-37.9229
BLOCK29/SES292/SA292S12	SES292	0.430637	-38.6125	-39.0431
BLOCK29/SES292/SA292S22	SES292	1.03765	-37.182	-38.2196
BLOCK29/SES292/SA292S24	SES292	0.584049	-37.3548	-37.9388
BLOCK29/SES292/SA292S27	SES292	0.645111	-37.0592	-37.7043
BLOCK00/SES001/SA001S14	SES062	-0.45232	-38.2505	-37.7981
BLOCK00/SES001/SA001S14	SES082	-0.614418	-38.4126	-37.7981
BLOCK00/SES001/SA001S14	SES106	-0.923691	-38.7218	-37.7981
BLOCK00/SES001/SA001S14	SES206	-1.37337	-39.1715	-37.7981
BLOCK00/SES001/SA001S15	SES062	-0.222855	-37.656	-37.4331
BLOCK00/SES001/SA001S15	SES104	-1.13975	-38.5729	-37.4331
BLOCK00/SES001/SA001S15	SES106	-0.568951	-38.0021	-37.4331
BLOCK00/SES001/SA001S15	SES206	-1.00588	-38.439	-37.4331
BLOCK00/SES001/SA001S24	SES062	-0.6996	-38.8245	-38.1249
BLOCK00/SES001/SA001S24	SES082	-0.874046	-38.9989	-38.1249
BLOCK00/SES001/SA001S24	SES087	-0.623173	-38.7481	-38.1249
BLOCK00/SES001/SA001S24	SES206	0.0362434	-38.0886	-38.1249
BLOCK00/SES001/SA001S27	SES062	-0.515766	-37.7099	-37.1942
BLOCK00/SES001/SA001S27	SES082	-0.564354	-37.7585	-37.1942
BLOCK00/SES001/SA001S27	SES087	-0.985508	-38.1797	-37.1942
BLOCK00/SES001/SA001S27	SES206	-1.14663	-38.3408	-37.1942
BLOCK00/SES001/SA001S29	SES062	-0.998245	-38.6545	-37.6563
BLOCK00/SES001/SA001S29	SES082	-0.164688	-37.821	-37.6563
BLOCK00/SES001/SA001S29	SES158	-0.552059	-38.2084	-37.6563
BLOCK00/SES001/SA001S29	SES206	-1.26991	-38.9262	-37.6563
BLOCK00/SES003/SA003S11	SES002	-0.497311	-38.3225	-37.8252
BLOCK00/SES003/SA003S11	SES019	-0.638657	-38.4639	-37.8252
BLOCK00/SES003/SA003S11	SES082	0.357258	-37.4679	-37.8252
BLOCK00/SES003/SA003S11	SES125	0.0325203	-37.7927	-37.8252
BLOCK00/SES003/SA003S15	SES016	-1.011	-38.3508	-37.3398
BLOCK00/SES003/SA003S15	SES019	-0.16584	-37.5056	-37.3398
BLOCK00/SES003/SA003S15	SES062	-1.046	-38.3858	-37.3398
BLOCK00/SES003/SA003S15	SES206	0.288422	-37.0514	-37.3398
BLOCK00/SES003/SA003S22	SES002	-1.68436	-38.6949	-37.0106
BLOCK00/SES003/SA003S22	SES062	-0.21777	-37.2283	-37.0106
BLOCK00/SES003/SA003S22	SES082	-0.866951	-37.8775	-37.0106
BLOCK00/SES003/SA003S22	SES087	-1.14951	-38.1601	-37.0106
BLOCK00/SES003/SA003S25	SES062	-0.676788	-39.012	-38.3352
BLOCK00/SES003/SA003S25	SES082	0.453831	-37.8814	-38.3352
BLOCK00/SES003/SA003S25	SES087	-0.524097	-38.8593	-38.3352
BLOCK00/SES003/SA003S25	SES206	-0.0311852	-38.3664	-38.3352
BLOCK00/SES003/SA003S29	SES002	-0.996296	-38.7809	-37.7846
BLOCK00/SES003/SA003S29	SES062	-0.7957	-38.5803	-37.7846
BLOCK00/SES003/SA003S29	SES082	-0.115635	-37.9003	-37.7846
BLOCK00/SES003/SA003S29	SES087	-1.02308	-38.8077	-37.7846
BLOCK00/SES004/SA004S12	SES083	-0.728027	-39.1723	-38.4443
BLOCK00/SES004/SA004S12	SES148	-0.580261	-39.0245	-38.4443
BLOCK00/SES004/SA004S12	SES172	-0.362076	-38.8063	-38.4443
BLOCK00/SES004/SA004S12	SES292	-0.756577	-39.2008	-38.4443
BLOCK00/SES004/SA004S17	SES083	-0.758881	-39.3686	-38.6097
BLOCK00/SES004/SA004S17	SES162	-0.301895	-38.9116	-38.6097
BLOCK00/SES004/SA004S17	SES172	-0.665501	-39.2752	-38.6097
BLOCK00/SES004/SA004S17	SES292	-0.522888	-39.1326	-38.6097
BLOCK00/SES004/SA004S24	SES083	-0.543114	-38.7589	-38.2158
BLOCK00/SES004/SA004S24	SES148	-0.773735	-38.9896	-38.2158
BLOCK00/SES004/SA004S24	SES172	-0.164791	-38.3806	-38.2158
BLOCK00/SES004/SA004S24	SES292	-0.10704	-38.3229	-38.2158
BLOCK00/SES004/SA004S26	SES083	-0.325619	-38.3606	-38.035
BLOCK00/SES004/SA004S26	SES127	-0.0597839	-38.0948	-38.035
BLOCK00/SES004/SA004S26	SES148	-0.987141	-39.0221	-38.035
BLOCK00/SES004/SA004S26	SES292	-0.321754	-38.3568	-38.035
BLOCK00/SES004/SA004S28	SES083	-0.497204	-38.5836	-38.0864
BLOCK00/SES004/SA004S28	SES127	0.197647	-37.8888	-38.0864
BLOCK00/SES004/SA004S28	SES187	-0.275444	-38.3618	-38.0864
BLOCK00/SES004/SA004S28	SES292	-0.53257	-38.619	-38.0864
BLOCK00/SES006/SA006S10	SES014	-1.27573	-40.6407	-39.365
BLOCK00/SES006/SA006S10	SES158	0.474102	-38.8909	-39.365
BLOCK00/SES006/SA006S10	SES226	-1.15893	-40.5239	-39.365
BLOCK00/SES006/SA006S10	SES270	0.508392	-38.8566	-39.365
BLOCK00/SES006/SA006S11	SES158	-0.0723228	-39.341	-39.2687
BLOCK00/SES006/SA006S11	SES226	-0.463299	-39.732	-39.2687
BLOCK00/SES006/SA006S11	SES270	0.356541	-38.9122	-39.2687
BLOCK00/SES006/SA006S11	SES275	-1.36356	-40.6323	-39.2687
BLOCK00/SES006/SA006S23	SES062	-1.53206	-39.9969	-38.4649
BLOCK00/SES006/SA006S23	SES105	-1.57092	-40.0358	-38.4649
BLOCK00/SES006/SA006S23	SES158	-0.16663	-38.6315	-38.4649
BLOCK00/SES006/SA006S23	SES275	-0.969463	-39.4343	-38.4649
BLOCK00/SES006/SA006S26	SES104	-1.05487	-39.2635	-38.2086
BLOCK00/SES006/SA006S26	SES158	0.417038	-37.7916	-38.2086
BLOCK00/SES006/SA006S26	SES270	0.869053	-37.3396	-38.2086
BLOCK00/SES006/SA006S26	SES275	-1.34298	-39.5516	-38.2086
BLOCK00/SES006/SA006S28	SES007	-1.11388	-40.2899	-39.1761
BLOCK00/SES006/SA006S28	SES105	-1.31741	-40.4935	-39.1761
BLOCK00/SES006/SA006S28	SES158	-0.198608	-39.3747	-39.1761
BLOCK00/SES006/SA006S28	SES275	-1.61065	-40.7867	-39.1761
BLOCK00/SES009/SA009S12	SES083	-0.489662	-38.329	-37.8393
BLOCK00/SES009/SA009S12	SES148	-0.727589	-38.5669	-37.8393
BLOCK00/SES009/SA009S12	SES177	-0.679352	-38.5187	-37.8393
BLOCK00/SES009/SA009S12	SES292	-0.339146	-38.1785	-37.8393
BLOCK00/SES009/SA009S15	SES007	0.861473	-36.7621	-37.6236
BLOCK00/SES009/SA009S15	SES099	-4.25567	-41.8792	-37.6236
BLOCK00/SES009/SA009S15	SES148	-1.06439	-38.688	-37.6236
BLOCK00/SES009/SA009S15	SES172	-0.100182	-37.7237	-37.6236
BLOCK00/SES009/SA009S24	SES146	-0.107895	-37.8436	-37.7357
BLOCK00/SES009/SA009S24	SES148	-0.530342	-38.266	-37.7357
BLOCK00/SES009/SA009S24	SES177	-0.376396	-38.1121	-37.7357
BLOCK00/SES009/SA009S24	SES292	-0.196266	-37.9319	-37.7357
BLOCK00/SES009/SA009S26	SES083	-0.534863	-38.5507	-38.0159
BLOCK00/SES009/SA009S26	SES101	-0.430767	-38.4466	-38.0159
BLOCK00/SES009/SA009S26	SES120	-0.390854	-38.4067	-38.0159
BLOCK00/SES009/SA009S26	SES177	-0.435223	-38.4511	-38.0159
BLOCK00/SES009/SA009S29	SES083	-0.290565	-38.0898	-37.7993
BLOCK00/SES009/SA009S29	SES101	0.0510292	-37.7482	-37.7993
BLOCK00/SES009/SA009S29	SES177	-0.462944	-38.2622	-37.7993
BLOCK00/SES009/SA009S29	SES292	-0.240379	-38.0396	-37.7993
BLOCK01/SES011/SA011S10	SES019	0.0596695	-37.6791	-37.7387
BLOCK01/SES011/SA011S10	SES042	0.330803	-37.4079	-37.7387
BLOCK01/SES011/SA011S10	SES082	-1.21806	-38.9568	-37.7387
BLOCK01/SES011/SA011S10	SES206	0.304935	-37.4338	-37.7387
BLOCK01/SES011/SA011S11	SES019	-0.194485	-38.346	-38.1515
BLOCK01/SES011/SA011S11	SES042	-0.586891	-38.7384	-38.1515
BLOCK01/SES011/SA011S11	SES082	-1.35213	-39.5037	-38.1515
BLOCK01/SES011/SA011S11	SES206	0.146549	-38.005	-38.1515
BLOCK01/SES011/SA011S22	SES019	0.329792	-37.489	-37.8187
BLOCK01/SES011/SA011S22	SES042	0.0136604	-37.8051	-37.8187
BLOCK01/SES011/SA011S22	SES082	-0.791275	-38.61	-37.8187
BLOCK01/SES011/SA011S22	SES206	0.49131	-37.3274	-37.8187
BLOCK01/SES011/SA011S24	SES019	-0.539371	-38.0832	-37.5439
BLOCK01/SES011/SA011S24	SES042	-0.117382	-37.6613	-37.5439
BLOCK01/SES011/SA011S24	SES104	-1.25737	-38.8012	-37.5439
BLOCK01/SES011/SA011S24	SES206	0.657341	-36.8865	-37.5439
BLOCK01/SES011/SA011S27	SES082	0.479191	-36.7176	-37.1968
BLOCK01/SES011/SA011S27	SES087	-0.0305138	-37.2273	-37.1968
BLOCK01/SES011/SA011S27	SES125	0.325394	-36.8714	-37.1968
BLOCK01/SES011/SA011S27	SES206	0.878704	-36.3181	-37.1968
BLOCK01/SES012/SA012S11	SES007	-0.702244	-37.1706	-36.4684
BLOCK01/SES012/SA012S11	SES082	-1.03087	-37.4993	-36.4684
BLOCK01/SES012/SA012S11	SES083	-0.593727	-37.0621	-36.4684
BLOCK01/SES012/SA012S11	SES206	-1.01186	-37.4803	-36.4684
BLOCK01/SES012/SA012S14	SES082	-0.128342	-37.6567	-37.5283
BLOCK01/SES012/SA012S14	SES087	-0.780338	-38.3087	-37.5283
BLOCK01/SES012/SA012S14	SES206	-0.180576	-37.7089	-37.5283
BLOCK01/SES012/SA012S14	SES292	-0.875153	-38.4035	-37.5283
BLOCK01/SES012/SA012S24	SES082	0.355663	-37.6806	-38.0363
BLOCK01/SES012/SA012S24	SES087	-0.368801	-38.4051	-38.0363
BLOCK01/SES012/SA012S24	SES120	-1.56407	-39.6004	-38.0363
BLOCK01/SES012/SA012S24	SES206	-0.172543	-38.2089	-38.0363
BLOCK01/SES012/SA012S26	SES019	-1.37563	-38.7875	-37.4118
BLOCK01/SES012/SA012S26	SES082	-1.17406	-38.5859	-37.4118
BLOCK01/SES012/SA012S26	SES206	0.163849	-37.248	-37.4118
BLOCK01/SES012/SA012S26	SES292	-0.850563	-38.2624	-37.4118
BLOCK01/SES012/SA012S29	SES062	-1.16993	-38.4073	-37.2374
BLOCK01/SES012/SA012S29	SES082	-0.546452	-37.7838	-37.2374
BLOCK01/SES012/SA012S29	SES083	-1.31395	-38.5513	-37.2374
BLOCK01/SES012/SA012S29	SES206	-0.448269	-37.6857	-37.2374
BLOCK01/SES013/SA013S16	SES062	-1.3698	-39.1024	-37.7326
BLOCK01/SES013/SA013S16	SES106	0.398987	-37.3336	-37.7326
BLOCK01/SES013/SA013S16	SES206	0.0658226	-37.6668	-37.7326
BLOCK01/SES013/SA013S16	SES226	0.616825	-37.1158	-37.7326
BLOCK01/SES013/SA013S17	SES062	-1.45887	-38.4405	-36.9816
BLOCK01/SES013/SA013S17	SES106	-0.275398	-37.257	-36.9816
BLOCK01/SES013/SA013S17	SES206	0.501083	-36.4805	-36.9816
BLOCK01/SES013/SA013S17	SES226	0.143795	-36.8378	-36.9816
BLOCK01/SES013/SA013S23	SES104	0.015873	-37.8937	-37.9095
BLOCK01/SES013/SA013S23	SES106	0.500237	-37.4093	-37.9095
BLOCK01/SES013/SA013S23	SES206	0.177593	-37.732	-37.9095
BLOCK01/SES013/SA013S23	SES270	0.690403	-37.2191	-37.9095
BLOCK01/SES013/SA013S25	SES042	-0.7924	-38.0767	-37.2843
BLOCK01/SES013/SA013S25	SES104	-0.0446129	-37.329	-37.2843
BLOCK01/SES013/SA013S25	SES106	0.450409	-36.8339	-37.2843
BLOCK01/SES013/SA013S25	SES206	0.0215607	-37.2628	-37.2843
BLOCK01/SES013/SA013S29	SES062	-1.86596	-39.3512	-37.4853
BLOCK01/SES013/SA013S29	SES104	-0.301186	-37.7864	-37.4853
BLOCK01/SES013/SA013S29	SES106	0.348637	-37.1366	-37.4853
BLOCK01/SES013/SA013S29	SES206	0.0411263	-37.4441	-37.4853
BLOCK02/SES021/SA021S13	SES016	-1.19672	-38.1832	-36.9865
BLOCK02/SES021/SA021S13	SES029	-0.522572	-37.509	-36.9865
BLOCK02/SES021/SA021S13	SES087	-0.777138	-37.7636	-36.9865
BLOCK02/SES021/SA021S13	SES206	-0.301746	-37.2882	-36.9865
BLOCK02/SES021/SA021S15	SES087	-0.452003	-36.555	-36.103
BLOCK02/SES021/SA021S15	SES125	0.178776	-35.9242	-36.103
BLOCK02/SES021/SA021S15	SES206	-0.182671	-36.2856	-36.103
BLOCK02/SES021/SA021S15	SES226	-0.457504	-36.5605	-36.103
BLOCK02/SES021/SA021S23	SES062	-1.4146	-39.4803	-38.0657
BLOCK02/SES021/SA021S23	SES087	-1.12774	-39.1934	-38.0657
BLOCK02/SES021/SA021S23	SES206	-0.717457	-38.7831	-38.0657
BLOCK02/SES021/SA021S23	SES226	-0.393784	-38.4594	-38.0657
BLOCK02/SES021/SA021S27	SES002	-0.797928	-37.9109	-37.113
BLOCK02/SES021/SA021S27	SES016	-1.96225	-39.0752	-37.113
BLOCK02/SES021/SA021S27	SES019	-0.999874	-38.1128	-37.113
BLOCK02/SES021/SA021S27	SES062	-0.313499	-37.4265	-37.113
BLOCK02/SES021/SA021S29	SES087	-0.833183	-37.6516	-36.8184
BLOCK02/SES021/SA021S29	SES125	-0.277683	-37.0961	-36.8184
BLOCK02/SES021/SA021S29	SES206	0.0986481	-36.7198	-36.8184
BLOCK02/SES021/SA021S29	SES226	-0.250778	-37.0692	-36.8184
BLOCK04/SES043/SA043S09	SES083	-0.111927	-39.3214	-39.2095
BLOCK04/SES043/SA043S09	SES101	-0.727051	-39.9365	-39.2095
BLOCK04/SES043/SA043S09	SES144	0.322159	-38.8873	-39.2095
BLOCK04/SES043/SA043S09	SES172	-0.834702	-40.0442	-39.2095
BLOCK04/SES043/SA043S11	SES083	-0.127613	-38.1106	-37.983
BLOCK04/SES043/SA043S11	SES101	-0.162567	-38.1455	-37.983
BLOCK04/SES043/SA043S11	SES144	0.13686	-37.8461	-37.983
BLOCK04/SES043/SA043S11	SES172	-0.0092659	-37.9922	-37.983
BLOCK04/SES043/SA043S23	SES083	0.315899	-38.1001	-38.416
BLOCK04/SES043/SA043S23	SES144	0.621059	-37.795	-38.416
BLOCK04/SES043/SA043S23	SES177	-0.853428	-39.2694	-38.416
BLOCK04/SES043/SA043S23	SES275	0.199139	-38.2169	-38.416
BLOCK04/SES043/SA043S26	SES083	0.0678177	-38.5671	-38.6349
BLOCK04/SES043/SA043S26	SES101	-0.351181	-38.9861	-38.6349
BLOCK04/SES043/SA043S26	SES144	0.350506	-38.2844	-38.6349
BLOCK04/SES043/SA043S26	SES177	-0.420639	-39.0555	-38.6349
BLOCK04/SES043/SA043S28	SES016	-0.240963	-38.2245	-37.9835
BLOCK04/SES043/SA043S28	SES083	0.272308	-37.7112	-37.9835
BLOCK04/SES043/SA043S28	SES101	0.0939445	-37.8896	-37.9835
BLOCK04/SES043/SA043S28	SES144	0.258549	-37.725	-37.9835
BLOCK04/SES044/SA044S10	SES127	-1.39839	-41.4737	-40.0753
BLOCK04/SES044/SA044S10	SES144	0.334682	-39.7406	-40.0753
BLOCK04/SES044/SA044S10	SES147	-1.73284	-41.8081	-40.0753
BLOCK04/SES044/SA044S10	SES148	-1.29154	-41.3668	-40.0753
BLOCK04/SES044/SA044S11	SES101	-0.506321	-39.8774	-39.3711
BLOCK04/SES044/SA044S11	SES144	0.474201	-38.8969	-39.3711
BLOCK04/SES044/SA044S11	SES147	-1.39037	-40.7615	-39.3711
BLOCK04/SES044/SA044S11	SES177	-0.649975	-40.0211	-39.3711
BLOCK04/SES044/SA044S24	SES007	-0.521667	-39.6353	-39.1136
BLOCK04/SES044/SA044S24	SES101	0.102631	-39.011	-39.1136
BLOCK04/SES044/SA044S24	SES147	-1.63844	-40.7521	-39.1136
BLOCK04/SES044/SA044S24	SES177	-0.31068	-39.4243	-39.1136
BLOCK04/SES044/SA044S26	SES007	-0.424911	-38.869	-38.4441
BLOCK04/SES044/SA044S26	SES016	-0.211746	-38.6558	-38.4441
BLOCK04/SES044/SA044S26	SES101	-0.32085	-38.7649	-38.4441
BLOCK04/SES044/SA044S26	SES147	-0.556141	-39.0002	-38.4441
BLOCK04/SES044/SA044S29	SES007	-0.256729	-38.2111	-37.9543
BLOCK04/SES044/SA044S29	SES101	0.0248795	-37.9295	-37.9543
BLOCK04/SES044/SA044S29	SES147	-1.42733	-39.3817	-37.9543
BLOCK04/SES044/SA044S29	SES177	-0.350494	-38.3048	-37.9543
BLOCK04/SES046/SA046S13	SES101	-0.796886	-40.0947	-39.2978
BLOCK04/SES046/SA046S13	SES144	0.0737953	-39.224	-39.2978
BLOCK04/SES046/SA046S13	SES147	-1.43745	-40.7352	-39.2978
BLOCK04/SES046/SA046S13	SES177	-0.0617065	-39.3595	-39.2978
BLOCK04/SES046/SA046S15	SES048	-1.06822	-38.5404	-37.4722
BLOCK04/SES046/SA046S15	SES083	-0.346405	-37.8186	-37.4722
BLOCK04/SES046/SA046S15	SES120	-1.19543	-38.6676	-37.4722
BLOCK04/SES046/SA046S15	SES148	-0.337383	-37.8096	-37.4722
BLOCK04/SES046/SA046S22	SES101	-0.0235138	-39.0381	-39.0146
BLOCK04/SES046/SA046S22	SES144	0.219364	-38.7953	-39.0146
BLOCK04/SES046/SA046S22	SES147	-0.682148	-39.6968	-39.0146
BLOCK04/SES046/SA046S22	SES172	0.435799	-38.5788	-39.0146
BLOCK04/SES046/SA046S25	SES083	-0.800797	-39.1929	-38.3921
BLOCK04/SES046/SA046S25	SES127	-0.0834885	-38.4755	-38.3921
BLOCK04/SES046/SA046S25	SES144	-0.497608	-38.8897	-38.3921
BLOCK04/SES046/SA046S25	SES148	-0.113789	-38.5058	-38.3921
BLOCK04/SES046/SA046S28	SES007	-1.53807	-40.5741	-39.036
BLOCK04/SES046/SA046S28	SES105	-0.798847	-39.8348	-39.036
BLOCK04/SES046/SA046S28	SES147	-0.742794	-39.7788	-39.036
BLOCK04/SES046/SA046S28	SES148	0.0334816	-39.0025	-39.036
BLOCK04/SES049/SA049S16	SES104	-0.428581	-39.2158	-38.7872
BLOCK04/SES049/SA049S16	SES106	-0.0685768	-38.8558	-38.7872
BLOCK04/SES049/SA049S16	SES120	-0.548252	-39.3355	-38.7872
BLOCK04/SES049/SA049S16	SES206	-0.327862	-39.1151	-38.7872
BLOCK04/SES049/SA049S18	SES099	0.535473	-38.8723	-39.4078
BLOCK04/SES049/SA049S18	SES104	-1.2757	-40.6834	-39.4078
BLOCK04/SES049/SA049S18	SES125	-1.06993	-40.4777	-39.4078
BLOCK04/SES049/SA049S18	SES206	-0.572735	-39.9805	-39.4078
BLOCK04/SES049/SA049S25	SES087	-0.0512772	-38.7699	-38.7186
BLOCK04/SES049/SA049S25	SES104	-0.150322	-38.869	-38.7186
BLOCK04/SES049/SA049S25	SES125	-0.676132	-39.3948	-38.7186
BLOCK04/SES049/SA049S25	SES206	-0.00580597	-38.7244	-38.7186
BLOCK04/SES049/SA049S27	SES099	0.104965	-37.8773	-37.9823
BLOCK04/SES049/SA049S27	SES104	0.116192	-37.8661	-37.9823
BLOCK04/SES049/SA049S27	SES125	-0.687801	-38.6701	-37.9823
BLOCK04/SES049/SA049S27	SES206	-0.497154	-38.4795	-37.9823
BLOCK04/SES049/SA049S29	SES099	-0.0892754	-37.107	-37.0177
BLOCK04/SES049/SA049S29	SES104	-0.0826874	-37.1004	-37.0177
BLOCK04/SES049/SA049S29	SES125	-0.228592	-37.2463	-37.0177
BLOCK04/SES049/SA049S29	SES206	0.0339355	-36.9837	-37.0177
BLOCK06/SES063/SA063S09	SES068	-0.806408	-39.7309	-38.9245
BLOCK06/SES063/SA063S09	SES083	0.263527	-38.661	-38.9245
BLOCK06/SES063/SA063S09	SES177	0.0644264	-38.8601	-38.9245
BLOCK06/SES063/SA063S09	SES187	-0.6105	-39.535	-38.9245
BLOCK06/SES063/SA063S10	SES068	-0.973042	-39.8671	-38.8941
BLOCK06/SES063/SA063S10	SES083	0.264256	-38.6298	-38.8941
BLOCK06/SES063/SA063S10	SES172	0.216339	-38.6777	-38.8941
BLOCK06/SES063/SA063S10	SES187	-0.410378	-39.3045	-38.8941
BLOCK06/SES063/SA063S20	SES068	-1.07483	-40.0096	-38.9348
BLOCK06/SES063/SA063S20	SES083	-0.505524	-39.4403	-38.9348
BLOCK06/SES063/SA063S20	SES172	-0.595905	-39.5307	-38.9348
BLOCK06/SES063/SA063S20	SES187	0.0710793	-38.8637	-38.9348
BLOCK06/SES063/SA063S24	SES029	-0.929249	-39.1816	-38.2523
BLOCK06/SES063/SA063S24	SES083	0.0075798	-38.2448	-38.2523
BLOCK06/SES063/SA063S24	SES177	0.152924	-38.0994	-38.2523
BLOCK06/SES063/SA063S24	SES189	-0.62373	-38.8761	-38.2523
BLOCK06/SES063/SA063S27	SES083	0.166523	-39.073	-39.2396
BLOCK06/SES063/SA063S27	SES172	-0.0481873	-39.2877	-39.2396
BLOCK06/SES063/SA063S27	SES187	-0.933796	-40.1734	-39.2396
BLOCK06/SES063/SA063S27	SES292	-0.333424	-39.573	-39.2396
BLOCK06/SES067/SA067S12	SES083	-0.827366	-39.3545	-38.5272
BLOCK06/SES067/SA067S12	SES172	-1.17234	-39.6995	-38.5272
BLOCK06/SES067/SA067S12	SES202	0.920547	-37.6066	-38.5272
BLOCK06/SES067/SA067S12	SES292	-0.420242	-38.9474	-38.5272
BLOCK06/SES067/SA067S14	SES085	-0.392006	-37.8979	-37.5059
BLOCK06/SES067/SA067S14	SES177	-0.569347	-38.0752	-37.5059
BLOCK06/SES067/SA067S14	SES183	-0.132435	-37.6383	-37.5059
BLOCK06/SES067/SA067S14	SES202	0.449139	-37.0568	-37.5059
BLOCK06/SES067/SA067S21	SES144	0.222965	-39.0979	-39.3209
BLOCK06/SES067/SA067S21	SES177	0.205173	-39.1157	-39.3209
BLOCK06/SES067/SA067S21	SES183	-1.31025	-40.6311	-39.3209
BLOCK06/SES067/SA067S21	SES189	0.247719	-39.0732	-39.3209
BLOCK06/SES067/SA067S25	SES085	-0.215672	-38.5173	-38.3017
BLOCK06/SES067/SA067S25	SES177	-0.00772095	-38.3094	-38.3017
BLOCK06/SES067/SA067S25	SES183	-0.529804	-38.8315	-38.3017
BLOCK06/SES067/SA067S25	SES202	0.687412	-37.6143	-38.3017
BLOCK06/SES067/SA067S29	SES085	-0.490112	-39.3668	-38.8767
BLOCK06/SES067/SA067S29	SES177	-0.497478	-39.3742	-38.8767
BLOCK06/SES067/SA067S29	SES183	-0.165546	-39.0422	-38.8767
BLOCK06/SES067/SA067S29	SES202	0.918083	-37.9586	-38.8767
BLOCK06/SES069/SA069S12	SES029	-0.761044	-38.4128	-37.6517
BLOCK06/SES069/SA069S12	SES082	0.0878716	-37.5638	-37.6517
BLOCK06/SES069/SA069S12	SES087	-0.606377	-38.2581	-37.6517
BLOCK06/SES069/SA069S12	SES206	-0.288136	-37.9399	-37.6517
BLOCK06/SES069/SA069S13	SES029	-1.18384	-38.5217	-37.3379
BLOCK06/SES069/SA069S13	SES087	-0.753002	-38.0909	-37.3379
BLOCK06/SES069/SA069S13	SES206	-0.558102	-37.896	-37.3379
BLOCK06/SES069/SA069S13	SES226	-0.279449	-37.6173	-37.3379
BLOCK06/SES069/SA069S23	SES029	-0.39534	-37.0054	-36.6101
BLOCK06/SES069/SA069S23	SES087	-1.22976	-37.8399	-36.6101
BLOCK06/SES069/SA069S23	SES206	-1.09358	-37.7037	-36.6101
BLOCK06/SES069/SA069S23	SES226	-0.136879	-36.747	-36.6101
BLOCK06/SES069/SA069S25	SES087	-0.432926	-37.2979	-36.865
BLOCK06/SES069/SA069S25	SES206	-0.55217	-37.4172	-36.865
BLOCK06/SES069/SA069S25	SES226	0.14946	-36.7155	-36.865
BLOCK06/SES069/SA069S25	SES270	-0.044342	-36.9093	-36.865
BLOCK06/SES069/SA069S27	SES087	-1.0525	-38.443	-37.3905
BLOCK06/SES069/SA069S27	SES206	0.290051	-37.1004	-37.3905
BLOCK06/SES069/SA069S27	SES226	0.570992	-36.8195	-37.3905
BLOCK06/SES069/SA069S27	SES270	0.0103149	-37.3802	-37.3905
BLOCK08/SES081/SA081S11	SES060	-0.325447	-38.6988	-38.3734
BLOCK08/SES081/SA081S11	SES062	-0.966953	-39.3403	-38.3734
BLOCK08/SES081/SA081S11	SES117	-0.478416	-38.8518	-38.3734
BLOCK08/SES081/SA081S11	SES162	-0.402596	-38.776	-38.3734
BLOCK08/SES081/SA081S13	SES016	-0.0880814	-37.6623	-37.5743
BLOCK08/SES081/SA081S13	SES060	0.243191	-37.3311	-37.5743
BLOCK08/SES081/SA081S13	SES068	0.179768	-37.3945	-37.5743
BLOCK08/SES081/SA081S13	SES129	-0.37434	-37.9486	-37.5743
BLOCK08/SES081/SA081S24	SES060	-0.161919	-38.3795	-38.2176
BLOCK08/SES081/SA081S24	SES068	0.046463	-38.1711	-38.2176
BLOCK08/SES081/SA081S24	SES117	-0.85257	-39.0701	-38.2176
BLOCK08/SES081/SA081S24	SES275	-0.92981	-39.1474	-38.2176
BLOCK08/SES081/SA081S27	SES007	-0.343746	-38.6063	-38.2625
BLOCK08/SES081/SA081S27	SES060	-0.637806	-38.9003	-38.2625
BLOCK08/SES081/SA081S27	SES117	0.197437	-38.0651	-38.2625
BLOCK08/SES081/SA081S27	SES275	-0.856533	-39.1191	-38.2625
BLOCK08/SES081/SA081S29	SES007	-0.123398	-38.1018	-37.9784
BLOCK08/SES081/SA081S29	SES060	0.0736122	-37.9048	-37.9784
BLOCK08/SES081/SA081S29	SES117	-0.342945	-38.3214	-37.9784
BLOCK08/SES081/SA081S29	SES275	-0.915573	-38.894	-37.9784
BLOCK08/SES086/SA086S11	SES029	-2.33714	-41.5371	-39.2
BLOCK08/SES086/SA086S11	SES082	-0.428913	-39.6289	-39.2
BLOCK08/SES086/SA086S11	SES087	0.278793	-38.9212	-39.2
BLOCK08/SES086/SA086S11	SES206	-1.04285	-40.2428	-39.2
BLOCK08/SES086/SA086S12	SES029	-1.5755	-39.9375	-38.362
BLOCK08/SES086/SA086S12	SES082	0.173294	-38.1888	-38.362
BLOCK08/SES086/SA086S12	SES087	0.63903	-37.723	-38.362
BLOCK08/SES086/SA086S12	SES206	-0.36882	-38.7309	-38.362
BLOCK08/SES086/SA086S20	SES029	-1.96069	-39.6074	-37.6467
BLOCK08/SES086/SA086S20	SES082	-0.591728	-38.2384	-37.6467
BLOCK08/SES086/SA086S20	SES087	0.507362	-37.1393	-37.6467
BLOCK08/SES086/SA086S20	SES206	0.205013	-37.4417	-37.6467
BLOCK08/SES086/SA086S24	SES087	0.606216	-37.7857	-38.392
BLOCK08/SES086/SA086S24	SES104	-0.666794	-39.0588	-38.392
BLOCK08/SES086/SA086S24	SES120	-0.930584	-39.3225	-38.392
BLOCK08/SES086/SA086S24	SES206	0.25108	-38.1409	-38.392
BLOCK08/SES086/SA086S28	SES029	-1.4086	-38.882	-37.4734
BLOCK08/SES086/SA086S28	SES082	-0.547447	-38.0209	-37.4734
BLOCK08/SES086/SA086S28	SES087	0.502895	-36.9705	-37.4734
BLOCK08/SES086/SA086S28	SES206	-0.206799	-37.6802	-37.4734
BLOCK08/SES089/SA089S13	SES087	-0.631084	-38.6225	-37.9914
BLOCK08/SES089/SA089S13	SES206	-0.962227	-38.9537	-37.9914
BLOCK08/SES089/SA089S13	SES226	-0.395237	-38.3867	-37.9914
BLOCK08/SES089/SA089S13	SES270	-1.10289	-39.0943	-37.9914
BLOCK08/SES089/SA089S14	SES062	-0.656189	-37.912	-37.2558
BLOCK08/SES089/SA089S14	SES087	0.19487	-37.0609	-37.2558
BLOCK08/SES089/SA089S14	SES206	0.126244	-37.1296	-37.2558
BLOCK08/SES089/SA089S14	SES226	0.170189	-37.0856	-37.2558
BLOCK08/SES089/SA089S23	SES087	-0.194374	-37.9049	-37.7105
BLOCK08/SES089/SA089S23	SES206	-0.488213	-38.1987	-37.7105
BLOCK08/SES089/SA089S23	SES226	-0.780685	-38.4912	-37.7105
BLOCK08/SES089/SA089S23	SES270	-1.39594	-39.1064	-37.7105
BLOCK08/SES089/SA089S25	SES062	-1.12484	-38.5565	-37.4317
BLOCK08/SES089/SA089S25	SES087	-0.124462	-37.5561	-37.4317
BLOCK08/SES089/SA089S25	SES206	-0.671127	-38.1028	-37.4317
BLOCK08/SES089/SA089S25	SES226	0.329857	-37.1018	-37.4317
BLOCK08/SES089/SA089S28	SES062	-0.522869	-37.7608	-37.2379
BLOCK08/SES089/SA089S28	SES087	-0.105312	-37.3432	-37.2379
BLOCK08/SES089/SA089S28	SES206	-0.0615692	-37.2995	-37.2379
BLOCK08/SES089/SA089S28	SES226	0.303818	-36.9341	-37.2379
BLOCK09/SES097/SA097S11	SES099	0.881348	-37.7146	-38.5959
BLOCK09/SES097/SA097S11	SES125	-0.286938	-38.8829	-38.5959
BLOCK09/SES097/SA097S11	SES206	-0.0241051	-38.62	-38.5959
BLOCK09/SES097/SA097S11	SES226	0.937126	-37.6588	-38.5959
BLOCK09/SES097/SA097S14	SES062	-0.831192	-38.5753	-37.7441
BLOCK09/SES097/SA097S14	SES099	-0.083683	-37.8277	-37.7441
BLOCK09/SES097/SA097S14	SES104	-0.408627	-38.1527	-37.7441
BLOCK09/SES097/SA097S14	SES206	-0.603683	-38.3477	-37.7441
BLOCK09/SES097/SA097S22	SES099	0.406624	-37.8568	-38.2634
BLOCK09/SES097/SA097S22	SES206	-0.367954	-38.6314	-38.2634
BLOCK09/SES097/SA097S22	SES226	-0.71405	-38.9775	-38.2634
BLOCK09/SES097/SA097S22	SES270	0.626606	-37.6368	-38.2634
BLOCK09/SES097/SA097S26	SES099	0.541832	-37.3241	-37.866
BLOCK09/SES097/SA097S26	SES120	-0.909809	-38.7758	-37.866
BLOCK09/SES097/SA097S26	SES206	-0.096344	-37.9623	-37.866
BLOCK09/SES097/SA097S26	SES226	-0.216473	-38.0824	-37.866
BLOCK09/SES097/SA097S28	SES099	-0.120937	-37.8808	-37.7599
BLOCK09/SES097/SA097S28	SES120	-1.00607	-38.766	-37.7599
BLOCK09/SES097/SA097S28	SES206	-1.18189	-38.9418	-37.7599
BLOCK09/SES097/SA097S28	SES226	-0.802479	-38.5624	-37.7599
BLOCK09/SES098/SA098S11	SES127	-0.733448	-40.3247	-39.5912
BLOCK09/SES098/SA098S11	SES144	-0.268478	-39.8597	-39.5912
BLOCK09/SES098/SA098S11	SES147	0.0391731	-39.552	-39.5912
BLOCK09/SES098/SA098S11	SES148	-1.09162	-40.6828	-39.5912
BLOCK09/SES098/SA098S12	SES127	-1.46567	-42.1792	-40.7135
BLOCK09/SES098/SA098S12	SES144	-0.528172	-41.2417	-40.7135
BLOCK09/SES098/SA098S12	SES147	-0.379299	-41.0928	-40.7135
BLOCK09/SES098/SA098S12	SES189	-0.0904083	-40.8039	-40.7135
BLOCK09/SES098/SA098S20	SES127	-1.40401	-41.1432	-39.7392
BLOCK09/SES098/SA098S20	SES147	-0.554348	-40.2936	-39.7392
BLOCK09/SES098/SA098S20	SES148	-1.43707	-41.1763	-39.7392
BLOCK09/SES098/SA098S20	SES292	-1.50501	-41.2442	-39.7392
BLOCK09/SES098/SA098S23	SES127	-0.940342	-39.9343	-38.994
BLOCK09/SES098/SA098S23	SES147	-0.793785	-39.7878	-38.994
BLOCK09/SES098/SA098S23	SES187	-0.535919	-39.5299	-38.994
BLOCK09/SES098/SA098S23	SES292	-1.17562	-40.1696	-38.994
BLOCK09/SES098/SA098S27	SES127	-0.964687	-40.3948	-39.4301
BLOCK09/SES098/SA098S27	SES147	-0.892761	-40.3229	-39.4301
BLOCK09/SES098/SA098S27	SES148	-1.15518	-40.5853	-39.4301
BLOCK09/SES098/SA098S27	SES292	-0.706314	-40.1365	-39.4301
BLOCK10/SES102/SA102S13	SES101	-0.103127	-39.2376	-39.1345
BLOCK10/SES102/SA102S13	SES105	-0.860691	-39.9952	-39.1345
BLOCK10/SES102/SA102S13	SES120	-0.430439	-39.5649	-39.1345
BLOCK10/SES102/SA102S13	SES158	-3.16228	-42.2968	-39.1345
BLOCK10/SES102/SA102S14	SES007	0.465466	-37.6761	-38.1416
BLOCK10/SES102/SA102S14	SES101	0.556232	-37.5853	-38.1416
BLOCK10/SES102/SA102S14	SES105	0.0983047	-38.0433	-38.1416
BLOCK10/SES102/SA102S14	SES147	-1.14527	-39.2868	-38.1416
BLOCK10/SES102/SA102S22	SES007	-0.240536	-37.9803	-37.7397
BLOCK10/SES102/SA102S22	SES101	0.376812	-37.3629	-37.7397
BLOCK10/SES102/SA102S22	SES105	-0.105801	-37.8455	-37.7397
BLOCK10/SES102/SA102S22	SES158	-2.07328	-39.813	-37.7397
BLOCK10/SES102/SA102S25	SES007	0.0614777	-38.1973	-38.2588
BLOCK10/SES102/SA102S25	SES101	0.530422	-37.7284	-38.2588
BLOCK10/SES102/SA102S25	SES105	-0.33667	-38.5955	-38.2588
BLOCK10/SES102/SA102S25	SES147	-1.63252	-39.8913	-38.2588
BLOCK10/SES102/SA102S27	SES007	-0.256939	-38.6734	-38.4164
BLOCK10/SES102/SA102S27	SES101	0.15897	-38.2575	-38.4164
BLOCK10/SES102/SA102S27	SES105	-0.117458	-38.5339	-38.4164
BLOCK10/SES102/SA102S27	SES147	-1.23213	-39.6486	-38.4164
BLOCK10/SES103/SA103S14	SES105	-1.37649	-39.991	-38.6145
BLOCK10/SES103/SA103S14	SES106	-0.113682	-38.7282	-38.6145
BLOCK10/SES103/SA103S14	SES120	-1.52018	-40.1347	-38.6145
BLOCK10/SES103/SA103S14	SES206	-0.436268	-39.0508	-38.6145
BLOCK10/SES103/SA103S15	SES099	-0.000663757	-38.9918	-38.9911
BLOCK10/SES103/SA103S15	SES101	-1.43031	-40.4214	-38.9911
BLOCK10/SES103/SA103S15	SES104	-0.185131	-39.1762	-38.9911
BLOCK10/SES103/SA103S15	SES125	-0.162842	-39.154	-38.9911
BLOCK10/SES103/SA103S24	SES104	-0.579765	-38.9112	-38.3314
BLOCK10/SES103/SA103S24	SES125	-0.217957	-38.5494	-38.3314
BLOCK10/SES103/SA103S24	SES148	-1.27798	-39.6094	-38.3314
BLOCK10/SES103/SA103S24	SES158	0.198711	-38.1327	-38.3314
BLOCK10/SES103/SA103S26	SES104	-1.0359	-39.5246	-38.4887
BLOCK10/SES103/SA103S26	SES106	-0.497826	-38.9866	-38.4887
BLOCK10/SES103/SA103S26	SES125	-0.354996	-38.8437	-38.4887
BLOCK10/SES103/SA103S26	SES148	-1.66722	-40.1559	-38.4887
BLOCK10/SES103/SA103S28	SES104	-0.652119	-39.1779	-38.5258
BLOCK10/SES103/SA103S28	SES106	-0.321411	-38.8472	-38.5258
BLOCK10/SES103/SA103S28	SES125	-0.497177	-39.023	-38.5258
BLOCK10/SES103/SA103S28	SES206	-0.743176	-39.269	-38.5258
BLOCK12/SES121/SA121S12	SES042	-1.18657	-40.7353	-39.5488
BLOCK12/SES121/SA121S12	SES087	-0.210491	-39.7593	-39.5488
BLOCK12/SES121/SA121S12	SES105	-0.644634	-40.1934	-39.5488
BLOCK12/SES121/SA121S12	SES206	-0.102093	-39.6509	-39.5488
BLOCK12/SES121/SA121S14	SES007	-1.23243	-40.8938	-39.6614
BLOCK12/SES121/SA121S14	SES105	-1.4391	-41.1005	-39.6614
BLOCK12/SES121/SA121S14	SES106	-1.14915	-40.8105	-39.6614
BLOCK12/SES121/SA121S14	SES206	-0.6409	-40.3023	-39.6614
BLOCK12/SES121/SA121S23	SES105	-1.11619	-41.1213	-40.0052
BLOCK12/SES121/SA121S23	SES106	-0.395584	-40.4007	-40.0052
BLOCK12/SES121/SA121S23	SES120	-1.3816	-41.3868	-40.0052
BLOCK12/SES121/SA121S23	SES206	-0.144993	-40.1502	-40.0052
BLOCK12/SES121/SA121S25	SES007	-1.23849	-41.3685	-40.13
BLOCK12/SES121/SA121S25	SES105	-1.57031	-41.7003	-40.13
BLOCK12/SES121/SA121S25	SES106	-1.49318	-41.6232	-40.13
BLOCK12/SES121/SA121S25	SES206	-1.20304	-41.333	-40.13
BLOCK12/SES121/SA121S27	SES087	0.497135	-38.7973	-39.2944
BLOCK12/SES121/SA121S27	SES105	-2.01104	-41.3054	-39.2944
BLOCK12/SES121/SA121S27	SES120	-0.657654	-39.952	-39.2944
BLOCK12/SES121/SA121S27	SES206	-0.706684	-40.0011	-39.2944
BLOCK12/SES124/SA124S16	SES042	0.214901	-37.1427	-37.3577
BLOCK12/SES124/SA124S16	SES082	0.258808	-37.0988	-37.3577
BLOCK12/SES124/SA124S16	SES183	-1.78911	-39.1468	-37.3577
BLOCK12/SES124/SA124S16	SES206	0.0899696	-37.2677	-37.3577
BLOCK12/SES124/SA124S17	SES105	-0.943134	-39.2836	-38.3405
BLOCK12/SES124/SA124S17	SES149	-0.730942	-39.0714	-38.3405
BLOCK12/SES124/SA124S17	SES158	-1.39573	-39.7362	-38.3405
BLOCK12/SES124/SA124S17	SES275	-0.886398	-39.2269	-38.3405
BLOCK12/SES124/SA124S23	SES105	-1.58537	-37.9684	-36.3831
BLOCK12/SES124/SA124S23	SES125	0.890892	-35.4922	-36.3831
BLOCK12/SES124/SA124S23	SES129	-1.28489	-37.6679	-36.3831
BLOCK12/SES124/SA124S23	SES158	0.218014	-36.165	-36.3831
BLOCK12/SES124/SA124S26	SES105	-1.60416	-38.7073	-37.1032
BLOCK12/SES124/SA124S26	SES125	0.849972	-36.2532	-37.1032
BLOCK12/SES124/SA124S26	SES129	-1.92498	-39.0281	-37.1032
BLOCK12/SES124/SA124S26	SES158	-0.368229	-37.4714	-37.1032
BLOCK12/SES124/SA124S28	SES104	-0.112289	-37.0166	-36.9043
BLOCK12/SES124/SA124S28	SES106	0.0783463	-36.826	-36.9043
BLOCK12/SES124/SA124S28	SES125	0.588966	-36.3153	-36.9043
BLOCK12/SES124/SA124S28	SES275	-1.38493	-38.2892	-36.9043
BLOCK12/SES126/SA126S13	SES007	-0.978001	-40.4255	-39.4475
BLOCK12/SES126/SA126S13	SES162	-0.214924	-39.6624	-39.4475
BLOCK12/SES126/SA126S13	SES177	-0.16264	-39.6102	-39.4475
BLOCK12/SES126/SA126S13	SES180	-0.514786	-39.9623	-39.4475
BLOCK12/SES126/SA126S14	SES144	-0.0429153	-38.5356	-38.4927
BLOCK12/SES126/SA126S14	SES148	-0.222767	-38.7155	-38.4927
BLOCK12/SES126/SA126S14	SES177	0.292171	-38.2005	-38.4927
BLOCK12/SES126/SA126S14	SES180	0.308613	-38.1841	-38.4927
BLOCK12/SES126/SA126S20	SES007	-0.759232	-39.0887	-38.3295
BLOCK12/SES126/SA126S20	SES162	-0.16782	-38.4973	-38.3295
BLOCK12/SES126/SA126S20	SES172	-1.19312	-39.5226	-38.3295
BLOCK12/SES126/SA126S20	SES180	-0.24506	-38.5746	-38.3295
BLOCK12/SES126/SA126S24	SES120	-0.520653	-38.859	-38.3384
BLOCK12/SES126/SA126S24	SES162	0.134037	-38.2043	-38.3384
BLOCK12/SES126/SA126S24	SES177	0.278221	-38.0601	-38.3384
BLOCK12/SES126/SA126S24	SES180	0.546215	-37.7922	-38.3384
BLOCK12/SES126/SA126S26	SES120	-1.14441	-39.4196	-38.2752
BLOCK12/SES126/SA126S26	SES177	-0.306793	-38.582	-38.2752
BLOCK12/SES126/SA126S26	SES180	-0.00151062	-38.2767	-38.2752
BLOCK12/SES126/SA126S26	SES202	-0.144241	-38.4195	-38.2752
BLOCK12/SES128/SA128S10	SES087	-1.53339	-39.5471	-38.0137
BLOCK12/SES128/SA128S10	SES206	-0.680321	-38.694	-38.0137
BLOCK12/SES128/SA128S10	SES226	0.181362	-37.8323	-38.0137
BLOCK12/SES128/SA128S10	SES270	0.0147858	-37.9989	-38.0137
BLOCK12/SES128/SA128S12	SES120	-0.297215	-38.3224	-38.0252
BLOCK12/SES128/SA128S12	SES158	-0.358604	-38.3838	-38.0252
BLOCK12/SES128/SA128S12	SES206	-0.183899	-38.209	-38.0252
BLOCK12/SES128/SA128S12	SES226	-0.503464	-38.5286	-38.0252
BLOCK12/SES128/SA128S21	SES106	-1.33452	-39.6013	-38.2668
BLOCK12/SES128/SA128S21	SES120	-0.356888	-38.6237	-38.2668
BLOCK12/SES128/SA128S21	SES206	-1.16479	-39.4316	-38.2668
BLOCK12/SES128/SA128S21	SES226	-0.249081	-38.5159	-38.2668
BLOCK12/SES128/SA128S24	SES087	-1.66593	-40.1611	-38.4952
BLOCK12/SES128/SA128S24	SES120	0.286129	-38.209	-38.4952
BLOCK12/SES128/SA128S24	SES206	-1.09035	-39.5855	-38.4952
BLOCK12/SES128/SA128S24	SES226	-0.851597	-39.3468	-38.4952
BLOCK12/SES128/SA128S27	SES099	-0.306366	-38.0528	-37.7464
BLOCK12/SES128/SA128S27	SES120	-0.15509	-37.9015	-37.7464
BLOCK12/SES128/SA128S27	SES206	-0.474922	-38.2213	-37.7464
BLOCK12/SES128/SA128S27	SES226	-0.0856285	-37.832	-37.7464
BLOCK13/SES130/SA130S13	SES143	-0.189579	-40.0634	-39.8738
BLOCK13/SES130/SA130S13	SES144	0.521034	-39.3527	-39.8738
BLOCK13/SES130/SA130S13	SES146	0.628365	-39.2454	-39.8738
BLOCK13/SES130/SA130S13	SES275	-0.957165	-40.8309	-39.8738
BLOCK13/SES130/SA130S15	SES143	-0.68681	-39.9587	-39.2719
BLOCK13/SES130/SA130S15	SES144	0.272453	-38.9994	-39.2719
BLOCK13/SES130/SA130S15	SES146	0.345016	-38.9269	-39.2719
BLOCK13/SES130/SA130S15	SES275	-0.26228	-39.5342	-39.2719
BLOCK13/SES130/SA130S23	SES127	-1.41674	-41.8396	-40.4228
BLOCK13/SES130/SA130S23	SES144	0.298191	-40.1246	-40.4228
BLOCK13/SES130/SA130S23	SES146	0.745811	-39.677	-40.4228
BLOCK13/SES130/SA130S23	SES162	-0.162621	-40.5854	-40.4228
BLOCK13/SES130/SA130S25	SES127	-0.239017	-39.1174	-38.8783
BLOCK13/SES130/SA130S25	SES144	0.320148	-38.5582	-38.8783
BLOCK13/SES130/SA130S25	SES146	0.365326	-38.513	-38.8783
BLOCK13/SES130/SA130S25	SES275	0.0180054	-38.8603	-38.8783
BLOCK13/SES130/SA130S28	SES127	-0.0350571	-39.0086	-38.9735
BLOCK13/SES130/SA130S28	SES144	0.247414	-38.7261	-38.9735
BLOCK13/SES130/SA130S28	SES146	-0.0013237	-38.9748	-38.9735
BLOCK13/SES130/SA130S28	SES275	0.185001	-38.7885	-38.9735
BLOCK13/SES131/SA131S13	SES002	-1.00644	-40.708	-39.7015
BLOCK13/SES131/SA131S13	SES007	-0.931873	-40.6334	-39.7015
BLOCK13/SES131/SA131S13	SES099	-0.841316	-40.5428	-39.7015
BLOCK13/SES131/SA131S13	SES105	-1.06737	-40.7689	-39.7015
BLOCK13/SES131/SA131S14	SES104	-0.205223	-38.5141	-38.3089
BLOCK13/SES131/SA131S14	SES106	0.116474	-38.1924	-38.3089
BLOCK13/SES131/SA131S14	SES125	-0.539612	-38.8485	-38.3089
BLOCK13/SES131/SA131S14	SES148	-1.05016	-39.359	-38.3089
BLOCK13/SES131/SA131S20	SES104	-0.646046	-39.5175	-38.8714
BLOCK13/SES131/SA131S20	SES106	0.0283127	-38.8431	-38.8714
BLOCK13/SES131/SA131S20	SES125	-0.384766	-39.2562	-38.8714
BLOCK13/SES131/SA131S20	SES148	-1.61709	-40.4885	-38.8714
BLOCK13/SES131/SA131S22	SES099	-0.0961533	-38.2547	-38.1585
BLOCK13/SES131/SA131S22	SES104	-0.370594	-38.5291	-38.1585
BLOCK13/SES131/SA131S22	SES125	-0.44294	-38.6014	-38.1585
BLOCK13/SES131/SA131S22	SES206	-0.461536	-38.62	-38.1585
BLOCK13/SES131/SA131S29	SES087	-0.147728	-38.7842	-38.6365
BLOCK13/SES131/SA131S29	SES104	-1.052	-39.6885	-38.6365
BLOCK13/SES131/SA131S29	SES125	-0.909859	-39.5463	-38.6365
BLOCK13/SES131/SA131S29	SES206	-0.279579	-38.916	-38.6365
BLOCK13/SES132/SA132S11	SES083	-0.603077	-38.5712	-37.9681
BLOCK13/SES132/SA132S11	SES120	-0.0853462	-38.0534	-37.9681
BLOCK13/SES132/SA132S11	SES127	0.0186234	-37.9495	-37.9681
BLOCK13/SES132/SA132S11	SES275	-0.255383	-38.2235	-37.9681
BLOCK13/SES132/SA132S12	SES083	-0.305832	-38.3409	-38.035
BLOCK13/SES132/SA132S12	SES143	-0.63887	-38.6739	-38.035
BLOCK13/SES132/SA132S12	SES144	-0.123508	-38.1585	-38.035
BLOCK13/SES132/SA132S12	SES148	-0.40115	-38.4362	-38.035
BLOCK13/SES132/SA132S22	SES062	-0.0774269	-37.4202	-37.3427
BLOCK13/SES132/SA132S22	SES083	-0.3358	-37.6785	-37.3427
BLOCK13/SES132/SA132S22	SES127	-0.245815	-37.5886	-37.3427
BLOCK13/SES132/SA132S22	SES275	-0.345276	-37.688	-37.3427
BLOCK13/SES132/SA132S24	SES007	0.127888	-37.8532	-37.9811
BLOCK13/SES132/SA132S24	SES083	-0.615448	-38.5966	-37.9811
BLOCK13/SES132/SA132S24	SES127	-0.606655	-38.5878	-37.9811
BLOCK13/SES132/SA132S24	SES275	-0.452038	-38.4332	-37.9811
BLOCK13/SES132/SA132S27	SES083	-0.561893	-38.5593	-37.9974
BLOCK13/SES132/SA132S27	SES120	-0.113472	-38.1109	-37.9974
BLOCK13/SES132/SA132S27	SES127	-0.779213	-38.7766	-37.9974
BLOCK13/SES132/SA132S27	SES275	-0.909443	-38.9068	-37.9974
BLOCK14/SES141/SA141S09	SES143	-0.144958	-38.5414	-38.3965
BLOCK14/SES141/SA141S09	SES144	-0.190128	-38.5866	-38.3965
BLOCK14/SES141/SA141S09	SES162	-0.0419693	-38.4385	-38.3965
BLOCK14/SES141/SA141S09	SES180	-0.00492859	-38.4014	-38.3965
BLOCK14/SES141/SA141S15	SES127	-0.186382	-38.728	-38.5417
BLOCK14/SES141/SA141S15	SES144	-0.366787	-38.9085	-38.5417
BLOCK14/SES141/SA141S15	SES162	-0.0351257	-38.5768	-38.5417
BLOCK14/SES141/SA141S15	SES180	0.135651	-38.406	-38.5417
BLOCK14/SES141/SA141S24	SES127	0.118645	-38.4081	-38.5268
BLOCK14/SES141/SA141S24	SES144	-0.27042	-38.7972	-38.5268
BLOCK14/SES141/SA141S24	SES162	0.1978	-38.329	-38.5268
BLOCK14/SES141/SA141S24	SES183	-0.675613	-39.2024	-38.5268
BLOCK14/SES141/SA141S26	SES142	0.0592346	-39.2859	-39.3452
BLOCK14/SES141/SA141S26	SES144	-0.208099	-39.5533	-39.3452
BLOCK14/SES141/SA141S26	SES172	-0.58226	-39.9274	-39.3452
BLOCK14/SES141/SA141S26	SES180	0.0917511	-39.2534	-39.3452
BLOCK14/SES141/SA141S29	SES127	0.213112	-38.1036	-38.3167
BLOCK14/SES141/SA141S29	SES142	0.316555	-38.0002	-38.3167
BLOCK14/SES141/SA141S29	SES144	-0.286407	-38.6031	-38.3167
BLOCK14/SES141/SA141S29	SES180	0.533012	-37.7837	-38.3167
BLOCK15/SES157/SA157S08	SES083	-0.859516	-39.457	-38.5975
BLOCK15/SES157/SA157S08	SES127	-0.701233	-39.2987	-38.5975
BLOCK15/SES157/SA157S08	SES148	-0.339092	-38.9366	-38.5975
BLOCK15/SES157/SA157S08	SES292	-1.14308	-39.7406	-38.5975
BLOCK15/SES157/SA157S11	SES083	-0.648952	-39.3352	-38.6862
BLOCK15/SES157/SA157S11	SES127	-0.48703	-39.1733	-38.6862
BLOCK15/SES157/SA157S11	SES148	-0.602314	-39.2886	-38.6862
BLOCK15/SES157/SA157S11	SES292	-0.57782	-39.2641	-38.6862
BLOCK15/SES157/SA157S21	SES127	-0.545288	-38.5202	-37.9749
BLOCK15/SES157/SA157S21	SES148	-0.531601	-38.5065	-37.9749
BLOCK15/SES157/SA157S21	SES158	-3.34263	-41.3175	-37.9749
BLOCK15/SES157/SA157S21	SES292	-0.620884	-38.5958	-37.9749
BLOCK15/SES157/SA157S24	SES127	-0.257893	-38.7164	-38.4585
BLOCK15/SES157/SA157S24	SES148	-0.513763	-38.9723	-38.4585
BLOCK15/SES157/SA157S24	SES183	-0.280819	-38.7394	-38.4585
BLOCK15/SES157/SA157S24	SES292	-0.734505	-39.193	-38.4585
BLOCK15/SES157/SA157S26	SES007	0.348694	-37.9795	-38.3282
BLOCK15/SES157/SA157S26	SES127	0.0628738	-38.2653	-38.3282
BLOCK15/SES157/SA157S26	SES147	-1.83897	-40.1671	-38.3282
BLOCK15/SES157/SA157S26	SES148	-0.515308	-38.8435	-38.3282
BLOCK16/SES161/SA161S10	SES007	-0.710865	-39.9861	-39.2752
BLOCK16/SES161/SA161S10	SES105	-0.815975	-40.0912	-39.2752
BLOCK16/SES161/SA161S10	SES158	-1.454	-40.7292	-39.2752
BLOCK16/SES161/SA161S10	SES275	-0.469635	-39.7449	-39.2752
BLOCK16/SES161/SA161S12	SES007	-0.194176	-39.023	-38.8288
BLOCK16/SES161/SA161S12	SES105	-1.05008	-39.8789	-38.8288
BLOCK16/SES161/SA161S12	SES158	-0.262199	-39.091	-38.8288
BLOCK16/SES161/SA161S12	SES275	-0.409451	-39.2383	-38.8288
BLOCK16/SES161/SA161S20	SES007	-0.635281	-40.1883	-39.553
BLOCK16/SES161/SA161S20	SES105	-1.21208	-40.7651	-39.553
BLOCK16/SES161/SA161S20	SES158	-0.895012	-40.448	-39.553
BLOCK16/SES161/SA161S20	SES275	-0.919544	-40.4725	-39.553
BLOCK16/SES161/SA161S23	SES007	-0.696518	-39.1958	-38.4993
BLOCK16/SES161/SA161S23	SES105	-0.602261	-39.1016	-38.4993
BLOCK16/SES161/SA161S23	SES148	-1.2463	-39.7456	-38.4993
BLOCK16/SES161/SA161S23	SES158	-0.754009	-39.2533	-38.4993
BLOCK16/SES161/SA161S28	SES007	-0.946041	-39.9606	-39.0145
BLOCK16/SES161/SA161S28	SES105	-1.36118	-40.3757	-39.0145
BLOCK16/SES161/SA161S28	SES158	-0.292805	-39.3073	-39.0145
BLOCK16/SES161/SA161S28	SES206	-0.608894	-39.6234	-39.0145
BLOCK16/SES164/SA164S11	SES104	-0.696075	-38.7642	-38.0681
BLOCK16/SES164/SA164S11	SES125	0.0287437	-38.0394	-38.0681
BLOCK16/SES164/SA164S11	SES158	0.8255	-37.2426	-38.0681
BLOCK16/SES164/SA164S11	SES206	-0.492435	-38.5606	-38.0681
BLOCK16/SES164/SA164S13	SES099	0.382381	-38.4863	-38.8687
BLOCK16/SES164/SA164S13	SES104	-0.164722	-39.0334	-38.8687
BLOCK16/SES164/SA164S13	SES125	-0.0401955	-38.9089	-38.8687
BLOCK16/SES164/SA164S13	SES206	-0.0300064	-38.8987	-38.8687
BLOCK16/SES164/SA164S24	SES002	0.275093	-37.9163	-38.1914
BLOCK16/SES164/SA164S24	SES099	0.930733	-37.2607	-38.1914
BLOCK16/SES164/SA164S24	SES125	-0.0127678	-38.2042	-38.1914
BLOCK16/SES164/SA164S24	SES226	1.16544	-37.0259	-38.1914
BLOCK16/SES164/SA164S27	SES087	-0.595848	-39.7171	-39.1212
BLOCK16/SES164/SA164S27	SES125	0.0607567	-39.0605	-39.1212
BLOCK16/SES164/SA164S27	SES206	-0.00264359	-39.1239	-39.1212
BLOCK16/SES164/SA164S27	SES226	0.541233	-38.58	-39.1212
BLOCK16/SES164/SA164S29	SES002	0.238712	-37.7596	-37.9983
BLOCK16/SES164/SA164S29	SES019	-0.601002	-38.5993	-37.9983
BLOCK16/SES164/SA164S29	SES125	0.205372	-37.7929	-37.9983
BLOCK16/SES164/SA164S29	SES226	0.0464287	-37.9519	-37.9983
BLOCK16/SES169/SA169S13	SES117	-0.218712	-38.8599	-38.6412
BLOCK16/SES169/SA169S13	SES144	0.217815	-38.4233	-38.6412
BLOCK16/SES169/SA169S13	SES146	0.222908	-38.4182	-38.6412
BLOCK16/SES169/SA169S13	SES162	-0.551281	-39.1924	-38.6412
BLOCK16/SES169/SA169S14	SES144	0.227016	-37.5063	-37.7333
BLOCK16/SES169/SA169S14	SES148	-0.165215	-37.8985	-37.7333
BLOCK16/SES169/SA169S14	SES177	-0.479057	-38.2124	-37.7333
BLOCK16/SES169/SA169S14	SES180	-1.03111	-38.7644	-37.7333
BLOCK16/SES169/SA169S24	SES117	-0.00671768	-39.2182	-39.2115
BLOCK16/SES169/SA169S24	SES144	0.187996	-39.0235	-39.2115
BLOCK16/SES169/SA169S24	SES146	0.170074	-39.0414	-39.2115
BLOCK16/SES169/SA169S24	SES162	-0.323952	-39.5355	-39.2115
BLOCK16/SES169/SA169S27	SES127	-0.237637	-38.4808	-38.2432
BLOCK16/SES169/SA169S27	SES129	-0.0591049	-38.3023	-38.2432
BLOCK16/SES169/SA169S27	SES144	-0.146481	-38.3897	-38.2432
BLOCK16/SES169/SA169S27	SES146	0.328491	-37.9147	-38.2432
BLOCK16/SES169/SA169S29	SES144	0.152485	-37.7939	-37.9464
BLOCK16/SES169/SA169S29	SES162	-0.342888	-38.2893	-37.9464
BLOCK16/SES169/SA169S29	SES177	-0.983288	-38.9297	-37.9464
BLOCK16/SES169/SA169S29	SES180	-0.858124	-38.8045	-37.9464
BLOCK17/SES171/SA171S12	SES083	-0.429417	-39.5728	-39.1433
BLOCK17/SES171/SA171S12	SES148	-0.676357	-39.8197	-39.1433
BLOCK17/SES171/SA171S12	SES172	-0.0666084	-39.2099	-39.1433
BLOCK17/SES171/SA171S12	SES292	-1.21101	-40.3543	-39.1433
BLOCK17/SES171/SA171S15	SES148	-0.349144	-40.0745	-39.7254
BLOCK17/SES171/SA171S15	SES177	-0.0282097	-39.7536	-39.7254
BLOCK17/SES171/SA171S15	SES180	-1.04547	-40.7708	-39.7254
BLOCK17/SES171/SA171S15	SES292	-1.49858	-41.2239	-39.7254
BLOCK17/SES171/SA171S22	SES007	-0.682194	-39.2465	-38.5644
BLOCK17/SES171/SA171S22	SES148	-0.389908	-38.9543	-38.5644
BLOCK17/SES171/SA171S22	SES177	-0.0897064	-38.6541	-38.5644
BLOCK17/SES171/SA171S22	SES180	-0.746017	-39.3104	-38.5644
BLOCK17/SES171/SA171S25	SES101	-0.940262	-40.6212	-39.6809
BLOCK17/SES171/SA171S25	SES120	-1.05439	-40.7353	-39.6809
BLOCK17/SES171/SA171S25	SES177	0.0573616	-39.6236	-39.6809
BLOCK17/SES171/SA171S25	SES180	-0.647984	-40.3289	-39.6809
BLOCK17/SES171/SA171S27	SES177	0.146736	-38.8663	-39.013
BLOCK17/SES171/SA171S27	SES180	-0.649616	-39.6627	-39.013
BLOCK17/SES171/SA171S27	SES189	-0.195885	-39.2089	-39.013
BLOCK17/SES171/SA171S27	SES292	-1.16976	-40.1828	-39.013
BLOCK17/SES173/SA173S13	SES162	-0.29443	-40.1713	-39.8769
BLOCK17/SES173/SA173S13	SES177	-0.539345	-40.4162	-39.8769
BLOCK17/SES173/SA173S13	SES180	-0.330578	-40.2074	-39.8769
BLOCK17/SES173/SA173S13	SES292	-0.676689	-40.5536	-39.8769
BLOCK17/SES173/SA173S14	SES007	-1.64893	-41.543	-39.8941
BLOCK17/SES173/SA173S14	SES162	-0.068737	-39.9628	-39.8941
BLOCK17/SES173/SA173S14	SES177	-0.121231	-40.0153	-39.8941
BLOCK17/SES173/SA173S14	SES180	-0.459133	-40.3532	-39.8941
BLOCK17/SES173/SA173S24	SES144	-0.186954	-40.7566	-40.5697
BLOCK17/SES173/SA173S24	SES162	-0.154415	-40.7241	-40.5697
BLOCK17/SES173/SA173S24	SES177	-0.242058	-40.8117	-40.5697
BLOCK17/SES173/SA173S24	SES180	-0.36795	-40.9376	-40.5697
BLOCK17/SES173/SA173S27	SES162	-0.540215	-40.1277	-39.5875
BLOCK17/SES173/SA173S27	SES177	0.0452194	-39.5423	-39.5875
BLOCK17/SES173/SA173S27	SES180	-0.321892	-39.9094	-39.5875
BLOCK17/SES173/SA173S27	SES292	-1.12385	-40.7114	-39.5875
BLOCK17/SES173/SA173S29	SES162	0.154099	-39.8356	-39.9897
BLOCK17/SES173/SA173S29	SES175	0.349201	-39.6405	-39.9897
BLOCK17/SES173/SA173S29	SES177	-0.223518	-40.2132	-39.9897
BLOCK17/SES173/SA173S29	SES292	-1.24763	-41.2373	-39.9897
BLOCK18/SES182/SA182S10	SES144	-0.331463	-38.8828	-38.5514
BLOCK18/SES182/SA182S10	SES177	-0.396877	-38.9482	-38.5514
BLOCK18/SES182/SA182S10	SES180	-0.78096	-39.3323	-38.5514
BLOCK18/SES182/SA182S10	SES275	-0.331009	-38.8824	-38.5514
BLOCK18/SES182/SA182S12	SES144	-0.0478973	-38.0191	-37.9712
BLOCK18/SES182/SA182S12	SES177	-0.457806	-38.429	-37.9712
BLOCK18/SES182/SA182S12	SES180	-0.768959	-38.7402	-37.9712
BLOCK18/SES182/SA182S12	SES275	-0.242569	-38.2138	-37.9712
BLOCK18/SES182/SA182S21	SES117	-0.242966	-39.6143	-39.3714
BLOCK18/SES182/SA182S21	SES144	0.0409203	-39.3304	-39.3714
BLOCK18/SES182/SA182S21	SES162	0.177013	-39.1944	-39.3714
BLOCK18/SES182/SA182S21	SES180	-0.485382	-39.8567	-39.3714
BLOCK18/SES182/SA182S23	SES117	-0.509087	-39.2064	-38.6974
BLOCK18/SES182/SA182S23	SES144	-0.56834	-39.2657	-38.6974
BLOCK18/SES182/SA182S23	SES180	-0.806355	-39.5037	-38.6974
BLOCK18/SES182/SA182S23	SES275	-0.340057	-39.0374	-38.6974
BLOCK18/SES182/SA182S25	SES007	0.197765	-38.8005	-38.9983
BLOCK18/SES182/SA182S25	SES162	0.338348	-38.6599	-38.9983
BLOCK18/SES182/SA182S25	SES177	0.160957	-38.8373	-38.9983
BLOCK18/SES182/SA182S25	SES180	-0.222893	-39.2212	-38.9983
BLOCK18/SES184/SA184S12	SES177	-0.250607	-39.441	-39.1904
BLOCK18/SES184/SA184S12	SES180	-0.213642	-39.4041	-39.1904
BLOCK18/SES184/SA184S12	SES189	-0.864162	-40.0546	-39.1904
BLOCK18/SES184/SA184S12	SES292	-0.412525	-39.603	-39.1904
BLOCK18/SES184/SA184S13	SES101	-0.8106	-39.4977	-38.6871
BLOCK18/SES184/SA184S13	SES177	0.0569153	-38.6301	-38.6871
BLOCK18/SES184/SA184S13	SES180	-0.227642	-38.9147	-38.6871
BLOCK18/SES184/SA184S13	SES292	-0.103893	-38.791	-38.6871
BLOCK18/SES184/SA184S22	SES177	-0.205486	-38.5392	-38.3337
BLOCK18/SES184/SA184S22	SES180	-0.0999718	-38.4337	-38.3337
BLOCK18/SES184/SA184S22	SES189	-1.23489	-39.5686	-38.3337
BLOCK18/SES184/SA184S22	SES292	-0.407024	-38.7408	-38.3337
BLOCK18/SES184/SA184S25	SES101	-0.483906	-38.3102	-37.8262
BLOCK18/SES184/SA184S25	SES177	-0.464676	-38.2909	-37.8262
BLOCK18/SES184/SA184S25	SES180	-0.184399	-38.0106	-37.8262
BLOCK18/SES184/SA184S25	SES292	0.0415688	-37.7847	-37.8262
BLOCK18/SES184/SA184S27	SES083	-0.473557	-38.6095	-38.1359
BLOCK18/SES184/SA184S27	SES177	-0.390659	-38.5266	-38.1359
BLOCK18/SES184/SA184S27	SES202	-0.676056	-38.812	-38.1359
BLOCK18/SES184/SA184S27	SES292	-0.361237	-38.4972	-38.1359
BLOCK20/SES204/SA204S12	SES062	-1.03496	-38.6676	-37.6326
BLOCK20/SES204/SA204S12	SES083	-0.661484	-38.2941	-37.6326
BLOCK20/SES204/SA204S12	SES206	-0.478863	-38.1115	-37.6326
BLOCK20/SES204/SA204S12	SES226	-1.0362	-38.6688	-37.6326
BLOCK20/SES204/SA204S14	SES068	-0.868439	-37.3747	-36.5063
BLOCK20/SES204/SA204S14	SES087	-0.248608	-36.7549	-36.5063
BLOCK20/SES204/SA204S14	SES206	-0.584145	-37.0904	-36.5063
BLOCK20/SES204/SA204S14	SES226	-1.09961	-37.6059	-36.5063
BLOCK20/SES204/SA204S22	SES068	-0.862659	-38.5496	-37.6869
BLOCK20/SES204/SA204S22	SES082	-1.97789	-39.6648	-37.6869
BLOCK20/SES204/SA204S22	SES083	-1.22549	-38.9124	-37.6869
BLOCK20/SES204/SA204S22	SES206	-0.721931	-38.4088	-37.6869
BLOCK20/SES204/SA204S25	SES062	-1.70664	-39.3384	-37.6318
BLOCK20/SES204/SA204S25	SES083	-1.34702	-38.9788	-37.6318
BLOCK20/SES204/SA204S25	SES206	-0.323154	-37.955	-37.6318
BLOCK20/SES204/SA204S25	SES226	-0.800461	-38.4323	-37.6318
BLOCK20/SES204/SA204S27	SES068	-0.873333	-38.3725	-37.4992
BLOCK20/SES204/SA204S27	SES082	-1.28719	-38.7863	-37.4992
BLOCK20/SES204/SA204S27	SES087	-0.791061	-38.2902	-37.4992
BLOCK20/SES204/SA204S27	SES206	-0.555477	-38.0546	-37.4992
BLOCK20/SES207/SA207S10	SES127	-0.334778	-39.037	-38.7023
BLOCK20/SES207/SA207S10	SES183	-0.548328	-39.2506	-38.7023
BLOCK20/SES207/SA207S10	SES189	-0.490597	-39.1929	-38.7023
BLOCK20/SES207/SA207S10	SES292	-0.869278	-39.5715	-38.7023
BLOCK20/SES207/SA207S11	SES127	-1.1634	-39.7113	-38.5479
BLOCK20/SES207/SA207S11	SES183	-0.261288	-38.8092	-38.5479
BLOCK20/SES207/SA207S11	SES187	-0.380234	-38.9281	-38.5479
BLOCK20/SES207/SA207S11	SES292	-0.488934	-39.0368	-38.5479
BLOCK20/SES207/SA207S25	SES068	-0.218536	-39.0451	-38.8265
BLOCK20/SES207/SA207S25	SES083	-0.952457	-39.779	-38.8265
BLOCK20/SES207/SA207S25	SES127	0.0660324	-38.7605	-38.8265
BLOCK20/SES207/SA207S25	SES187	-0.000999451	-38.8275	-38.8265
BLOCK20/SES207/SA207S27	SES127	-0.613724	-40.0099	-39.3961
BLOCK20/SES207/SA207S27	SES183	-0.0452728	-39.4414	-39.3961
BLOCK20/SES207/SA207S27	SES187	-0.142517	-39.5387	-39.3961
BLOCK20/SES207/SA207S27	SES292	-0.710712	-40.1069	-39.3961
BLOCK20/SES207/SA207S29	SES083	-0.535538	-39.4653	-38.9298
BLOCK20/SES207/SA207S29	SES085	0.0357056	-38.8941	-38.9298
BLOCK20/SES207/SA207S29	SES172	-0.329018	-39.2588	-38.9298
BLOCK20/SES207/SA207S29	SES189	-0.628143	-39.5579	-38.9298
BLOCK22/SES221/SA221S12	SES068	-0.354481	-39.2803	-38.9259
BLOCK22/SES221/SA221S12	SES143	-0.401711	-39.3276	-38.9259
BLOCK22/SES221/SA221S12	SES175	0.516071	-38.4098	-38.9259
BLOCK22/SES221/SA221S12	SES202	1.12384	-37.802	-38.9259
BLOCK22/SES221/SA221S15	SES085	-0.331577	-40.0074	-39.6758
BLOCK22/SES221/SA221S15	SES143	-0.433407	-40.1092	-39.6758
BLOCK22/SES221/SA221S15	SES175	0.426205	-39.2496	-39.6758
BLOCK22/SES221/SA221S15	SES187	0.133305	-39.5425	-39.6758
BLOCK22/SES221/SA221S23	SES068	-0.130264	-39.3466	-39.2163
BLOCK22/SES221/SA221S23	SES143	-0.289345	-39.5057	-39.2163
BLOCK22/SES221/SA221S23	SES175	0.988895	-38.2274	-39.2163
BLOCK22/SES221/SA221S23	SES189	0.864849	-38.3515	-39.2163
BLOCK22/SES221/SA221S27	SES085	-0.130138	-39.3133	-39.1831
BLOCK22/SES221/SA221S27	SES143	-0.115803	-39.2989	-39.1831
BLOCK22/SES221/SA221S27	SES175	0.137074	-39.0461	-39.1831
BLOCK22/SES221/SA221S27	SES189	1.11768	-38.0655	-39.1831
BLOCK22/SES221/SA221S29	SES085	-0.165142	-40.2446	-40.0794
BLOCK22/SES221/SA221S29	SES143	0.102444	-39.977	-40.0794
BLOCK22/SES221/SA221S29	SES175	0.661755	-39.4177	-40.0794
BLOCK22/SES221/SA221S29	SES187	0.53606	-39.5434	-40.0794
BLOCK22/SES223/SA223S11	SES143	-0.332249	-39.6804	-39.3482
BLOCK22/SES223/SA223S11	SES144	-0.777832	-40.126	-39.3482
BLOCK22/SES223/SA223S11	SES175	0.16037	-39.1878	-39.3482
BLOCK22/SES223/SA223S11	SES187	0.0331497	-39.315	-39.3482
BLOCK22/SES223/SA223S13	SES068	-0.755829	-40.7646	-40.0088
BLOCK22/SES223/SA223S13	SES143	-1.03752	-41.0463	-40.0088
BLOCK22/SES223/SA223S13	SES146	-1.05352	-41.0623	-40.0088
BLOCK22/SES223/SA223S13	SES202	-0.115131	-40.1239	-40.0088
BLOCK22/SES223/SA223S22	SES143	-0.46368	-39.8011	-39.3375
BLOCK22/SES223/SA223S22	SES144	-0.41629	-39.7537	-39.3375
BLOCK22/SES223/SA223S22	SES175	0.00492096	-39.3325	-39.3375
BLOCK22/SES223/SA223S22	SES187	-0.195095	-39.5325	-39.3375
BLOCK22/SES223/SA223S25	SES068	-0.386902	-39.5331	-39.1462
BLOCK22/SES223/SA223S25	SES143	-0.595024	-39.7412	-39.1462
BLOCK22/SES223/SA223S25	SES175	0.210468	-38.9357	-39.1462
BLOCK22/SES223/SA223S25	SES187	0.184055	-38.9621	-39.1462
BLOCK22/SES223/SA223S27	SES143	0.188824	-39.1118	-39.3006
BLOCK22/SES223/SA223S27	SES146	-0.0829506	-39.3836	-39.3006
BLOCK22/SES223/SA223S27	SES187	0.147533	-39.1531	-39.3006
BLOCK22/SES223/SA223S27	SES292	-0.891376	-40.192	-39.3006
BLOCK27/SES273/SA273S12	SES099	0.281933	-36.4507	-36.7326
BLOCK27/SES273/SA273S12	SES104	-0.0828438	-36.8155	-36.7326
BLOCK27/SES273/SA273S12	SES125	-0.122715	-36.8553	-36.7326
BLOCK27/SES273/SA273S12	SES206	0.275803	-36.4568	-36.7326
BLOCK27/SES273/SA273S13	SES099	0.0267029	-36.7099	-36.7366
BLOCK27/SES273/SA273S13	SES104	-0.0411873	-36.7778	-36.7366
BLOCK27/SES273/SA273S13	SES206	-0.107483	-36.8441	-36.7366
BLOCK27/SES273/SA273S13	SES292	-0.819569	-37.5562	-36.7366
BLOCK27/SES273/SA273S21	SES099	0.43528	-36.6998	-37.1351
BLOCK27/SES273/SA273S21	SES148	-1.20422	-38.3394	-37.1351
BLOCK27/SES273/SA273S21	SES149	-0.255577	-37.3907	-37.1351
BLOCK27/SES273/SA273S21	SES177	-0.545017	-37.6801	-37.1351
BLOCK27/SES273/SA273S25	SES104	0.0642929	-37.105	-37.1693
BLOCK27/SES273/SA273S25	SES125	-0.00773239	-37.177	-37.1693
BLOCK27/SES273/SA273S25	SES158	0.515858	-36.6534	-37.1693
BLOCK27/SES273/SA273S25	SES206	0.388466	-36.7808	-37.1693
BLOCK27/SES273/SA273S27	SES099	-0.0658607	-36.6539	-36.5881
BLOCK27/SES273/SA273S27	SES104	-0.653599	-37.2417	-36.5881
BLOCK27/SES273/SA273S27	SES149	-0.302261	-36.8903	-36.5881
BLOCK27/SES273/SA273S27	SES275	-0.840088	-37.4282	-36.5881
BLOCK27/SES274/SA274S10	SES105	-1.17682	-37.6128	-36.436
BLOCK27/SES274/SA274S10	SES125	-0.225658	-36.6617	-36.436
BLOCK27/SES274/SA274S10	SES129	-0.667732	-37.1038	-36.436
BLOCK27/SES274/SA274S10	SES158	-0.890469	-37.3265	-36.436
BLOCK27/SES274/SA274S11	SES105	-1.32254	-38.3527	-37.0302
BLOCK27/SES274/SA274S11	SES149	-0.344566	-37.3747	-37.0302
BLOCK27/SES274/SA274S11	SES158	-0.482906	-37.5131	-37.0302
BLOCK27/SES274/SA274S11	SES275	-0.560658	-37.5908	-37.0302
BLOCK27/SES274/SA274S21	SES105	-1.02148	-38.2748	-37.2533
BLOCK27/SES274/SA274S21	SES129	-0.7318	-37.9851	-37.2533
BLOCK27/SES274/SA274S21	SES149	0.0142326	-37.2391	-37.2533
BLOCK27/SES274/SA274S21	SES158	-1.50237	-38.7557	-37.2533
BLOCK27/SES274/SA274S24	SES105	-1.20529	-38.376	-37.1707
BLOCK27/SES274/SA274S24	SES129	-0.620403	-37.7911	-37.1707
BLOCK27/SES274/SA274S24	SES149	-0.694778	-37.8655	-37.1707
BLOCK27/SES274/SA274S24	SES158	-1.28061	-38.4513	-37.1707
BLOCK27/SES274/SA274S29	SES105	-1.34459	-38.4619	-37.1173
BLOCK27/SES274/SA274S29	SES106	-0.932152	-38.0494	-37.1173
BLOCK27/SES274/SA274S29	SES120	-0.794319	-37.9116	-37.1173
BLOCK27/SES274/SA274S29	SES275	-0.669273	-37.7865	-37.1173
BLOCK27/SES276/SA276S16	SES148	-0.479126	-39.4584	-38.9792
BLOCK27/SES276/SA276S16	SES172	-0.477741	-39.457	-38.9792
BLOCK27/SES276/SA276S16	SES180	-0.972382	-39.9516	-38.9792
BLOCK27/SES276/SA276S16	SES292	-0.215343	-39.1946	-38.9792
BLOCK27/SES276/SA276S17	SES101	-0.184219	-38.9979	-38.8136
BLOCK27/SES276/SA276S17	SES177	-0.298885	-39.1125	-38.8136
BLOCK27/SES276/SA276S17	SES180	-0.595421	-39.4091	-38.8136
BLOCK27/SES276/SA276S17	SES292	-0.263573	-39.0772	-38.8136
BLOCK27/SES276/SA276S24	SES101	-0.0794067	-38.4765	-38.3971
BLOCK27/SES276/SA276S24	SES177	-0.298744	-38.6959	-38.3971
BLOCK27/SES276/SA276S24	SES180	-0.473389	-38.8705	-38.3971
BLOCK27/SES276/SA276S24	SES292	-0.504704	-38.9018	-38.3971
BLOCK27/SES276/SA276S26	SES101	-1.00109	-39.7008	-38.6997
BLOCK27/SES276/SA276S26	SES177	-0.594395	-39.2941	-38.6997
BLOCK27/SES276/SA276S26	SES180	0.0510941	-38.6486	-38.6997
BLOCK27/SES276/SA276S26	SES292	0.00955963	-38.6901	-38.6997
BLOCK27/SES276/SA276S28	SES101	-0.357868	-38.9234	-38.5656
BLOCK27/SES276/SA276S28	SES177	-0.28405	-38.8496	-38.5656
BLOCK27/SES276/SA276S28	SES180	-0.197533	-38.7631	-38.5656
BLOCK27/SES276/SA276S28	SES292	-0.0318146	-38.5974	-38.5656
BLOCK27/SES277/SA277S12	SES101	0.0864067	-39.5382	-39.6246
BLOCK27/SES277/SA277S12	SES177	-0.428581	-40.0532	-39.6246
BLOCK27/SES277/SA277S12	SES180	-0.168499	-39.7931	-39.6246
BLOCK27/SES277/SA277S12	SES292	-0.615646	-40.2402	-39.6246
BLOCK27/SES277/SA277S14	SES177	0.113422	-39.3709	-39.4844
BLOCK27/SES277/SA277S14	SES180	-0.455833	-39.9402	-39.4844
BLOCK27/SES277/SA277S14	SES189	-0.0247993	-39.5092	-39.4844
BLOCK27/SES277/SA277S14	SES292	-0.712048	-40.1964	-39.4844
BLOCK27/SES277/SA277S21	SES177	0.244682	-38.3465	-38.5912
BLOCK27/SES277/SA277S21	SES180	-0.375801	-38.967	-38.5912
BLOCK27/SES277/SA277S21	SES189	-0.237625	-38.8288	-38.5912
BLOCK27/SES277/SA277S21	SES292	-0.486435	-39.0776	-38.5912
BLOCK27/SES277/SA277S24	SES144	-0.128696	-39.7196	-39.5909
BLOCK27/SES277/SA277S24	SES177	0.133011	-39.4579	-39.5909
BLOCK27/SES277/SA277S24	SES180	-0.280113	-39.871	-39.5909
BLOCK27/SES277/SA277S24	SES189	-0.0644913	-39.6554	-39.5909
BLOCK27/SES277/SA277S29	SES177	0.283291	-37.5873	-37.8706
BLOCK27/SES277/SA277S29	SES180	-0.0126495	-37.8833	-37.8706
BLOCK27/SES277/SA277S29	SES202	-0.129623	-38.0002	-37.8706
BLOCK27/SES277/SA277S29	SES292	-0.545414	-38.416	-37.8706
BLOCK27/SES279/SA279S09	SES120	-0.413231	-37.9549	-37.5417
BLOCK27/SES279/SA279S09	SES146	-0.545776	-38.0875	-37.5417
BLOCK27/SES279/SA279S09	SES206	-1.35943	-38.9011	-37.5417
BLOCK27/SES279/SA279S09	SES226	-1.49866	-39.0404	-37.5417
BLOCK27/SES279/SA279S10	SES099	-0.658829	-38.3087	-37.6498
BLOCK27/SES279/SA279S10	SES206	-1.12078	-38.7706	-37.6498
BLOCK27/SES279/SA279S10	SES226	-0.761589	-38.4114	-37.6498
BLOCK27/SES279/SA279S10	SES292	-0.0251846	-37.675	-37.6498
BLOCK27/SES279/SA279S20	SES099	-1.45273	-39.6266	-38.1739
BLOCK27/SES279/SA279S20	SES206	-0.91396	-39.0879	-38.1739
BLOCK27/SES279/SA279S20	SES226	-1.43832	-39.6122	-38.1739
BLOCK27/SES279/SA279S20	SES292	0.227997	-37.9459	-38.1739
BLOCK27/SES279/SA279S26	SES099	-0.807251	-38.7736	-37.9664
BLOCK27/SES279/SA279S26	SES206	-0.513245	-38.4796	-37.9664
BLOCK27/SES279/SA279S26	SES226	-0.442139	-38.4085	-37.9664
BLOCK27/SES279/SA279S26	SES292	0.0877495	-37.8786	-37.9664
BLOCK27/SES279/SA279S28	SES099	-1.24908	-37.9918	-36.7428
BLOCK27/SES279/SA279S28	SES120	-0.797249	-37.54	-36.7428
BLOCK27/SES279/SA279S28	SES177	-1.42793	-38.1707	-36.7428
BLOCK27/SES279/SA279S28	SES206	-1.3224	-38.0652	-36.7428
BLOCK29/SES290/SA290S12	SES162	0.0288429	-38.2533	-38.2821
BLOCK29/SES290/SA290S12	SES177	-0.291271	-38.5734	-38.2821
BLOCK29/SES290/SA290S12	SES180	-0.58733	-38.8695	-38.2821
BLOCK29/SES290/SA290S12	SES292	-1.28226	-39.5644	-38.2821
BLOCK29/SES290/SA290S13	SES007	-1.0808	-40.1105	-39.0297
BLOCK29/SES290/SA290S13	SES162	-0.577709	-39.6074	-39.0297
BLOCK29/SES290/SA290S13	SES177	0.119358	-38.9104	-39.0297
BLOCK29/SES290/SA290S13	SES180	-0.111736	-39.1414	-39.0297
BLOCK29/SES290/SA290S22	SES177	-0.0277214	-38.3229	-38.2952
BLOCK29/SES290/SA290S22	SES180	-0.0749969	-38.3702	-38.2952
BLOCK29/SES290/SA290S22	SES202	-0.332584	-38.6278	-38.2952
BLOCK29/SES290/SA290S22	SES292	-0.718147	-39.0134	-38.2952
BLOCK29/SES290/SA290S25	SES162	-0.103073	-38.2137	-38.1107
BLOCK29/SES290/SA290S25	SES177	-0.051506	-38.1622	-38.1107
BLOCK29/SES290/SA290S25	SES180	-0.0092392	-38.1199	-38.1107
BLOCK29/SES290/SA290S25	SES292	-0.623718	-38.7344	-38.1107
BLOCK29/SES290/SA290S29	SES177	0.134445	-37.6915	-37.8259
BLOCK29/SES290/SA290S29	SES180	0.195438	-37.6305	-37.8259
BLOCK29/SES290/SA290S29	SES275	-0.57481	-38.4007	-37.8259
BLOCK29/SES290/SA290S29	SES292	-0.472694	-38.2986	-37.8259
BLOCK29/SES291/SA291S11	SES105	-1.76316	-39.9721	-38.2089
BLOCK29/SES291/SA291S11	SES125	0.0769119	-38.132	-38.2089
BLOCK29/SES291/SA291S11	SES158	-0.125725	-38.3347	-38.2089
BLOCK29/SES291/SA291S11	SES275	-1.3791	-39.588	-38.2089
BLOCK29/SES291/SA291S12	SES158	0.721798	-37.0299	-37.7517
BLOCK29/SES291/SA291S12	SES226	0.333096	-37.4186	-37.7517
BLOCK29/SES291/SA291S12	SES270	0.823654	-36.9281	-37.7517
BLOCK29/SES291/SA291S12	SES275	-2.10273	-39.8545	-37.7517
BLOCK29/SES291/SA291S22	SES082	0.162842	-37.7553	-37.9182
BLOCK29/SES291/SA291S22	SES158	-0.00920868	-37.9274	-37.9182
BLOCK29/SES291/SA291S22	SES259	0.027626	-37.8906	-37.9182
BLOCK29/SES291/SA291S22	SES275	-1.34519	-39.2634	-37.9182
BLOCK29/SES291/SA291S24	SES104	0.564529	-36.3289	-36.8934
BLOCK29/SES291/SA291S24	SES125	0.725601	-36.1678	-36.8934
BLOCK29/SES291/SA291S24	SES158	0.367641	-36.5258	-36.8934
BLOCK29/SES291/SA291S24	SES275	-1.7496	-38.643	-36.8934
BLOCK29/SES291/SA291S27	SES158	0.660099	-36.8795	-37.5396
BLOCK29/SES291/SA291S27	SES172	-2.07386	-39.6134	-37.5396
BLOCK29/SES291/SA291S27	SES275	-2.06916	-39.6087	-37.5396
BLOCK29/SES291/SA291S27	SES292	-1.08944	-38.629	-37.5396
Threshold search:
THR	-4.25567753449	9	0(0)	1(1000)
THR	-4.1803325591451	8.991	0(0)	0.999(999)
THR	-4.1049875838002	8.991	0(0)	0.999(999)
THR	-4.0296426084553	8.991	0(0)	0.999(999)
THR	-3.9542976331104	8.991	0(0)	0.999(999)
THR	-3.8789526577655	8.991	0(0)	0.999(999)
THR	-3.8036076824206	8.991	0(0)	0.999(999)
THR	-3.7282627070757	8.991	0(0)	0.999(999)
THR	-3.6529177317308	8.991	0(0)	0.999(999)
THR	-3.5775727563859	8.991	0(0)	0.999(999)
THR	-3.502227781041	8.991	0(0)	0.999(999)
THR	-3.4268828056961	8.991	0(0)	0.999(999)
THR	-3.3515378303512	8.991	0(0)	0.999(999)
THR	-3.2761928550063	8.982	0(0)	0.998(998)
THR	-3.2008478796614	8.982	0(0)	0.998(998)
THR	-3.1255029043165	8.973	0(0)	0.997(997)
THR	-3.0501579289716	8.973	0(0)	0.997(997)
THR	-2.9748129536267	8.973	0(0)	0.997(997)
THR	-2.8994679782818	8.973	0(0)	0.997(997)
THR	-2.8241230029369	8.973	0(0)	0.997(997)
THR	-2.748778027592	8.973	0(0)	0.997(997)
THR	-2.6734330522471	8.973	0(0)	0.997(997)
THR	-2.5980880769022	8.973	0(0)	0.997(997)
THR	-2.5227431015573	8.973	0(0)	0.997(997)
THR	-2.4473981262124	8.973	0(0)	0.997(997)
THR	-2.3720531508675	8.973	0(0)	0.997(997)
THR	-2.2967081755226	8.964	0(0)	0.996(996)
THR	-2.2213632001777	8.964	0(0)	0.996(996)
THR	-2.1460182248328	8.964	0(0)	0.996(996)
THR	-2.0706732494879	8.937	0(0)	0.993(993)
THR	-1.995328274143	8.919	0(0)	0.991(991)
THR	-1.9199832987981	8.883	0(0)	0.987(987)
THR	-1.8446383234532	8.874	0(0)	0.986(986)
THR	-1.7692933481083	8.856	0(0)	0.984(984)
THR	-1.6939483727634	8.82	0(0)	0.98(980)
THR	-1.6186033974185	8.766	0(0)	0.974(974)
THR	-1.5432584220736	8.694	0(0)	0.966(966)
THR	-1.4679134467287	8.613	0(0)	0.957(957)
THR	-1.3925684713838	8.451	0(0)	0.939(939)
THR	-1.3172234960389	8.271	0(0)	0.919(919)
THR	-1.241878520694	8.136	0(0)	0.904(904)
THR	-1.1665335453491	7.92	0(0)	0.88(880)
THR	-1.0911885700042	7.731	0(0)	0.859(859)
THR	-1.0158435946593	7.497	0(0)	0.833(833)
THR	-0.940498619314404	7.29	0(0)	0.81(810)
THR	-0.865153643969504	7.056	0(0)	0.784(784)
THR	-0.789808668624604	6.741	0(0)	0.749(749)
THR	-0.714463693279704	6.48	0(0)	0.72(720)
THR	-0.639118717934804	6.102	0(0)	0.678(678)
THR	-0.563773742589904	5.697	0(0)	0.633(633)
THR	-0.488428767245004	5.175	0(0)	0.575(575)
THR	-0.413083791900104	4.761	0(0)	0.529(529)
THR	-0.337738816555204	4.311	0(0)	0.479(479)
THR	-0.262393841210304	3.843	0(0)	0.427(427)
THR	-0.187048865865404	3.348	0(0)	0.372(372)
THR	-0.111703890520504	2.817	0(0)	0.313(313)
THR	-0.0363589151756035	2.385	0(0)	0.265(265)
THR	0.0389860601692965	1.935	0(0)	0.215(215)
THR	0.114331035514197	1.593	0(0)	0.177(177)
THR	0.189676010859097	1.25	0.008(2)	0.138(138)
THR	0.265020986203997	0.962	0.008(2)	0.106(106)
THR	0.340365961548897	0.722	0.02(5)	0.078(78)
THR	0.415710936893797	0.607	0.04(10)	0.063(63)
THR	0.491055912238697	0.54	0.072(18)	0.052(52)
THR	0.566400887583597	0.389	0.092(23)	0.033(33)
THR	0.641745862928497	0.349	0.124(31)	0.025(25)
THR	0.717090838273397	0.332	0.152(38)	0.02(20)
THR	0.792435813618297	0.353	0.2(50)	0.017(17)
THR	0.867780788963197	0.384	0.276(69)	0.012(12)
THR	0.943125764308097	0.336	0.3(75)	0.004(4)
THR	1.018470739653	0.367	0.34(85)	0.003(3)
THR	1.0938157149979	0.431	0.404(101)	0.003(3)
THR	1.1691606903428	0.476	0.476(119)	0(0)
THR	1.2445056656877	0.504	0.504(126)	0(0)
THR	1.3198506410326	0.564	0.564(141)	0(0)
THR	1.3951956163775	0.604	0.604(151)	0(0)
THR	1.4705405917224	0.688	0.688(172)	0(0)
THR	1.5458855670673	0.728	0.728(182)	0(0)
THR	1.6212305424122	0.76	0.76(190)	0(0)
THR	1.6965755177571	0.808	0.808(202)	0(0)
THR	1.771920493102	0.828	0.828(207)	0(0)
THR	1.8472654684469	0.844	0.844(211)	0(0)
THR	1.9226104437918	0.868	0.868(217)	0(0)
THR	1.9979554191367	0.884	0.884(221)	0(0)
THR	2.0733003944816	0.9	0.9(225)	0(0)
THR	2.1486453698265	0.92	0.92(230)	0(0)
THR	2.2239903451714	0.932	0.932(233)	0(0)
THR	2.2993353205163	0.948	0.948(237)	0(0)
THR	2.3746802958612	0.956	0.956(239)	0(0)
THR	2.4500252712061	0.964	0.964(241)	0(0)
THR	2.525370246551	0.976	0.976(244)	0(0)
THR	2.6007152218959	0.98	0.98(245)	0(0)
THR	2.6760601972408	0.98	0.98(245)	0(0)
THR	2.7514051725857	0.98	0.98(245)	0(0)
THR	2.8267501479306	0.984	0.984(246)	0(0)
THR	2.9020951232755	0.992	0.992(248)	0(0)
THR	2.9774400986204	0.992	0.992(248)	0(0)
THR	3.05278507396529	0.992	0.992(248)	0(0)
THR	3.12813004931019	0.992	0.992(248)	0(0)
THR	3.20347502465509	0.992	0.992(248)	0(0)
THR	3.27881999999999	0.996	0.996(249)	0(0)
THR	3.35416497534489	1	1(250)	0(0)


==============================================
THR: 0.717090838273397
Missed:     38/250=0.1520
FalseAlarm: 20/1000=0.0200
----------------------------------------------
==> CostDetection: 33.2
==============================================
