BLOCK00/SES002/SA002S12	SES002	0.616747	-7.72561	-8.34236
BLOCK00/SES002/SA002S13	SES002	1.6777	-7.53738	-9.21508
BLOCK00/SES002/SA002S23	SES002	0.800038	-7.73193	-8.53196
BLOCK00/SES002/SA002S26	SES002	0.167596	-9.05491	-9.22251
BLOCK00/SES002/SA002S28	SES002	0.39225	-8.04271	-8.43496
BLOCK00/SES007/SA007S14	SES007	0.625852	-6.30125	-6.9271
BLOCK00/SES007/SA007S15	SES007	0.321202	-7.34237	-7.66358
BLOCK00/SES007/SA007S24	SES007	0.363879	-6.81635	-7.18022
BLOCK00/SES007/SA007S27	SES007	0.0334482	-8.36804	-8.40149
BLOCK00/SES007/SA007S29	SES007	-0.229149	-7.36074	-7.13159
BLOCK00/SES008/SA008S11	SES008	1.46072	-6.43443	-7.89514
BLOCK00/SES008/SA008S12	SES008	0.369711	-7.16251	-7.53223
BLOCK00/SES008/SA008S19	SES008	1.39307	-6.71201	-8.10508
BLOCK00/SES008/SA008S22	SES008	0.503244	-7.50896	-8.01221
BLOCK00/SES008/SA008S29	SES008	1.02572	-6.68009	-7.70581
BLOCK01/SES014/SA014S10	SES014	0.824109	-7.31232	-8.13643
BLOCK01/SES014/SA014S12	SES014	1.0935	-6.88345	-7.97695
BLOCK01/SES014/SA014S24	SES014	1.53136	-7.38325	-8.91461
BLOCK01/SES014/SA014S26	SES014	1.56487	-6.35999	-7.92485
BLOCK01/SES014/SA014S28	SES014	2.23057	-5.72599	-7.95656
BLOCK01/SES016/SA016S12	SES016	1.23306	-8.68186	-9.91492
BLOCK01/SES016/SA016S13	SES016	0.677649	-7.15685	-7.8345
BLOCK01/SES016/SA016S22	SES016	1.13826	-6.66458	-7.80283
BLOCK01/SES016/SA016S25	SES016	0.856349	-5.62963	-6.48597
BLOCK01/SES016/SA016S27	SES016	0.792065	-6.72915	-7.52121
BLOCK01/SES019/SA019S13	SES019	3.50196	-6.11866	-9.62062
BLOCK01/SES019/SA019S14	SES019	1.72597	-7.91746	-9.64344
BLOCK01/SES019/SA019S22	SES019	2.77554	-6.4334	-9.20895
BLOCK01/SES019/SA019S25	SES019	2.29542	-7.06362	-9.35904
BLOCK01/SES019/SA019S29	SES019	4.27543	-6.49469	-10.7701
BLOCK02/SES029/SA029S11	SES029	0.558194	-6.25285	-6.81105
BLOCK02/SES029/SA029S12	SES029	-0.0534143	-7.0035	-6.95009
BLOCK02/SES029/SA029S20	SES029	0.210385	-6.57514	-6.78553
BLOCK02/SES029/SA029S25	SES029	0.307443	-7.21903	-7.52647
BLOCK02/SES029/SA029S28	SES029	0.342224	-6.91813	-7.26035
BLOCK04/SES042/SA042S12	SES042	0.995367	-6.89969	-7.89506
BLOCK04/SES042/SA042S15	SES042	1.2327	-6.09902	-7.33172
BLOCK04/SES042/SA042S22	SES042	1.98405	-7.24519	-9.22924
BLOCK04/SES042/SA042S25	SES042	1.01285	-8.36018	-9.37303
BLOCK04/SES042/SA042S27	SES042	1.84878	-7.31048	-9.15925
BLOCK04/SES048/SA048S11	SES048	0.755146	-6.13038	-6.88553
BLOCK04/SES048/SA048S12	SES048	0.0578237	-7.97135	-8.02917
BLOCK04/SES048/SA048S20	SES048	0.255524	-6.46035	-6.71587
BLOCK04/SES048/SA048S23	SES048	0.899148	-6.78887	-7.68802
BLOCK04/SES048/SA048S27	SES048	-0.00190878	-7.59602	-7.59411
BLOCK06/SES060/SA060S11	SES060	1.03416	-6.72826	-7.76242
BLOCK06/SES060/SA060S12	SES060	0.512589	-7.83997	-8.35256
BLOCK06/SES060/SA060S22	SES060	-1.03266	-9.45843	-8.42577
BLOCK06/SES060/SA060S24	SES060	0.727916	-5.96075	-6.68867
BLOCK06/SES060/SA060S28	SES060	0.333019	-6.01927	-6.35229
BLOCK06/SES062/SA062S10	SES062	0.083715	-7.1801	-7.26381
BLOCK06/SES062/SA062S11	SES062	0.183275	-8.16473	-8.34801
BLOCK06/SES062/SA062S21	SES062	0.305316	-5.69437	-5.99969
BLOCK06/SES062/SA062S26	SES062	0.0445118	-7.66449	-7.709
BLOCK06/SES062/SA062S29	SES062	0.606087	-6.36518	-6.97127
BLOCK06/SES068/SA068S14	SES068	0.388522	-7.40912	-7.79764
BLOCK06/SES068/SA068S15	SES068	0.832644	-7.05883	-7.89147
BLOCK06/SES068/SA068S23	SES068	0.31481	-7.51587	-7.83068
BLOCK06/SES068/SA068S27	SES068	1.49387	-6.28469	-7.77855
BLOCK06/SES068/SA068S29	SES068	0.347897	-7.4154	-7.76329
BLOCK08/SES082/SA082S12	SES082	-0.309085	-8.66967	-8.36058
BLOCK08/SES082/SA082S14	SES082	0.111342	-8.35872	-8.47006
BLOCK08/SES082/SA082S21	SES082	0.607604	-7.26681	-7.87442
BLOCK08/SES082/SA082S24	SES082	0.0940542	-8.02731	-8.12137
BLOCK08/SES082/SA082S28	SES082	0.550763	-7.67024	-8.221
BLOCK08/SES083/SA083S14	SES083	-0.0797038	-7.33838	-7.25868
BLOCK08/SES083/SA083S15	SES083	0.433248	-6.93937	-7.37262
BLOCK08/SES083/SA083S24	SES083	0.166937	-7.44536	-7.6123
BLOCK08/SES083/SA083S26	SES083	0.515882	-8.03839	-8.55427
BLOCK08/SES083/SA083S29	SES083	-0.278078	-8.06287	-7.78479
BLOCK08/SES085/SA085S10	SES085	1.05757	-6.0384	-7.09596
BLOCK08/SES085/SA085S13	SES085	0.173965	-7.9892	-8.16317
BLOCK08/SES085/SA085S22	SES085	0.70971	-6.81917	-7.52888
BLOCK08/SES085/SA085S26	SES085	-0.362105	-8.07211	-7.71
BLOCK08/SES085/SA085S28	SES085	0.346645	-7.3558	-7.70244
BLOCK08/SES087/SA087S15	SES087	1.01357	-7.79519	-8.80877
BLOCK08/SES087/SA087S16	SES087	1.50885	-7.49303	-9.00188
BLOCK08/SES087/SA087S24	SES087	1.28925	-7.62217	-8.91142
BLOCK08/SES087/SA087S26	SES087	1.03654	-6.69981	-7.73636
BLOCK08/SES087/SA087S29	SES087	1.63611	-6.43903	-8.07514
BLOCK09/SES099/SA099S15	SES099	0.596211	-8.0945	-8.69071
BLOCK09/SES099/SA099S16	SES099	0.910323	-7.42613	-8.33645
BLOCK09/SES099/SA099S24	SES099	1.16259	-7.54478	-8.70737
BLOCK09/SES099/SA099S26	SES099	0.884263	-7.28091	-8.16518
BLOCK09/SES099/SA099S29	SES099	0.591638	-7.9729	-8.56454
BLOCK10/SES101/SA101S11	SES101	0.563333	-6.26964	-6.83297
BLOCK10/SES101/SA101S13	SES101	0.642347	-5.52684	-6.16919
BLOCK10/SES101/SA101S22	SES101	0.753534	-7.63053	-8.38406
BLOCK10/SES101/SA101S24	SES101	0.967067	-6.56665	-7.53372
BLOCK10/SES101/SA101S28	SES101	0.793979	-7.05672	-7.8507
BLOCK10/SES104/SA104S11	SES104	0.698766	-6.76683	-7.46559
BLOCK10/SES104/SA104S12	SES104	0.65298	-7.38062	-8.0336
BLOCK10/SES104/SA104S21	SES104	0.509402	-7.78163	-8.29104
BLOCK10/SES104/SA104S24	SES104	0.0821505	-8.19746	-8.27961
BLOCK10/SES104/SA104S28	SES104	0.783254	-7.29446	-8.07771
BLOCK10/SES105/SA105S12	SES105	0.679041	-7.75835	-8.43739
BLOCK10/SES105/SA105S13	SES105	-0.199012	-7.56345	-7.36444
BLOCK10/SES105/SA105S22	SES105	0.348101	-8.26619	-8.61429
BLOCK10/SES105/SA105S26	SES105	0.643205	-8.09271	-8.73591
BLOCK10/SES105/SA105S29	SES105	0.914765	-6.38122	-7.29599
BLOCK10/SES106/SA106S09	SES106	1.13344	-7.71279	-8.84623
BLOCK10/SES106/SA106S11	SES106	0.895698	-6.80396	-7.69965
BLOCK10/SES106/SA106S22	SES106	1.53211	-7.52458	-9.05669
BLOCK10/SES106/SA106S27	SES106	0.79621	-7.12772	-7.92393
BLOCK10/SES106/SA106S29	SES106	0.514474	-6.59184	-7.10632
BLOCK11/SES117/SA117S12	SES117	0.645735	-7.8314	-8.47713
BLOCK11/SES117/SA117S13	SES117	0.181413	-8.1455	-8.32691
BLOCK11/SES117/SA117S23	SES117	0.878366	-8.53947	-9.41784
BLOCK11/SES117/SA117S25	SES117	0.706428	-7.82624	-8.53267
BLOCK11/SES117/SA117S28	SES117	0.834319	-7.72884	-8.56316
BLOCK12/SES120/SA120S08	SES120	0.545162	-7.64833	-8.19349
BLOCK12/SES120/SA120S11	SES120	0.565529	-10.1512	-10.7167
BLOCK12/SES120/SA120S22	SES120	0.326759	-6.86821	-7.19497
BLOCK12/SES120/SA120S24	SES120	0.210135	-8.07984	-8.28998
BLOCK12/SES120/SA120S28	SES120	-0.0924864	-8.30268	-8.21019
BLOCK12/SES125/SA125S13	SES125	0.947226	-7.17464	-8.12186
BLOCK12/SES125/SA125S14	SES125	0.796262	-7.57106	-8.36732
BLOCK12/SES125/SA125S25	SES125	1.11422	-7.7555	-8.86972
BLOCK12/SES125/SA125S27	SES125	1.20724	-6.67756	-7.8848
BLOCK12/SES125/SA125S29	SES125	0.670778	-7.19373	-7.8645
BLOCK12/SES127/SA127S11	SES127	0.124589	-7.69589	-7.82048
BLOCK12/SES127/SA127S12	SES127	0.56593	-5.89921	-6.46514
BLOCK12/SES127/SA127S23	SES127	0.241089	-6.58579	-6.82688
BLOCK12/SES127/SA127S25	SES127	0.233383	-6.66504	-6.89843
BLOCK12/SES127/SA127S27	SES127	0.649565	-6.75125	-7.40082
BLOCK12/SES129/SA129S11	SES129	1.13144	-5.9749	-7.10633
BLOCK12/SES129/SA129S12	SES129	0.611973	-6.07358	-6.68555
BLOCK12/SES129/SA129S22	SES129	0.720439	-6.98638	-7.70681
BLOCK12/SES129/SA129S27	SES129	1.0275	-6.74935	-7.77685
BLOCK12/SES129/SA129S29	SES129	0.443331	-8.05124	-8.49457
BLOCK14/SES142/SA142S11	SES142	0.954588	-6.4265	-7.38109
BLOCK14/SES142/SA142S12	SES142	0.48321	-7.48385	-7.96706
BLOCK14/SES142/SA142S24	SES142	0.702424	-6.71651	-7.41894
BLOCK14/SES142/SA142S27	SES142	0.855753	-6.52765	-7.38341
BLOCK14/SES142/SA142S29	SES142	1.11502	-6.24992	-7.36494
BLOCK14/SES143/SA143S12	SES143	0.893248	-6.95124	-7.84448
BLOCK14/SES143/SA143S13	SES143	0.741507	-7.20917	-7.95068
BLOCK14/SES143/SA143S23	SES143	0.10922	-7.34085	-7.45007
BLOCK14/SES143/SA143S25	SES143	0.593859	-7.49741	-8.09127
BLOCK14/SES143/SA143S28	SES143	0.286566	-7.44448	-7.73105
BLOCK14/SES144/SA144S09	SES144	0.335282	-7.48813	-7.82341
BLOCK14/SES144/SA144S11	SES144	0.238528	-7.2214	-7.45993
BLOCK14/SES144/SA144S21	SES144	-0.575708	-8.34881	-7.7731
BLOCK14/SES144/SA144S25	SES144	0.546474	-7.76427	-8.31074
BLOCK14/SES144/SA144S29	SES144	-0.569671	-8.49878	-7.92911
BLOCK14/SES146/SA146S14	SES146	0.136781	-8.00357	-8.14035
BLOCK14/SES146/SA146S15	SES146	-0.168102	-8.12245	-7.95435
BLOCK14/SES146/SA146S24	SES146	0.324223	-7.57694	-7.90117
BLOCK14/SES146/SA146S26	SES146	0.337378	-7.57231	-7.90969
BLOCK14/SES146/SA146S29	SES146	0.517873	-7.92262	-8.4405
BLOCK14/SES147/SA147S11	SES147	0.000887394	-7.72306	-7.72395
BLOCK14/SES147/SA147S13	SES147	0.546154	-6.68644	-7.23259
BLOCK14/SES147/SA147S23	SES147	0.329002	-7.43564	-7.76464
BLOCK14/SES147/SA147S26	SES147	0.759441	-7.24062	-8.00007
BLOCK14/SES147/SA147S28	SES147	1.06322	-6.46467	-7.52789
BLOCK14/SES148/SA148S10	SES148	0.428159	-6.63853	-7.06669
BLOCK14/SES148/SA148S12	SES148	0.214605	-7.78397	-7.99857
BLOCK14/SES148/SA148S22	SES148	0.682294	-6.65189	-7.33418
BLOCK14/SES148/SA148S26	SES148	0.0815315	-6.36477	-6.4463
BLOCK14/SES148/SA148S29	SES148	-0.000716686	-7.62693	-7.62621
BLOCK14/SES149/SA149S13	SES149	-0.088944	-7.15133	-7.06239
BLOCK14/SES149/SA149S14	SES149	0.307897	-6.432	-6.7399
BLOCK14/SES149/SA149S24	SES149	0.519614	-7.07063	-7.59025
BLOCK14/SES149/SA149S26	SES149	0.636557	-6.18824	-6.8248
BLOCK14/SES149/SA149S28	SES149	1.18972	-5.36095	-6.55067
BLOCK15/SES158/SA158S13	SES158	0.818349	-7.02093	-7.83928
BLOCK15/SES158/SA158S14	SES158	0.785594	-8.17244	-8.95803
BLOCK15/SES158/SA158S23	SES158	0.710445	-6.27923	-6.98967
BLOCK15/SES158/SA158S26	SES158	1.22312	-7.40094	-8.62407
BLOCK15/SES158/SA158S28	SES158	0.688378	-7.59644	-8.28481
BLOCK16/SES162/SA162S10	SES162	0.739107	-8.24368	-8.98279
BLOCK16/SES162/SA162S11	SES162	0.392992	-6.57814	-6.97113
BLOCK16/SES162/SA162S21	SES162	0.888032	-6.80029	-7.68832
BLOCK16/SES162/SA162S24	SES162	0.639766	-6.94302	-7.58278
BLOCK16/SES162/SA162S27	SES162	1.20824	-7.83935	-9.04758
BLOCK16/SES167/SA167S14	SES167	1.04797	-6.34802	-7.39599
BLOCK16/SES167/SA167S15	SES167	1.49865	-6.08936	-7.58801
BLOCK16/SES167/SA167S21	SES167	1.0713	-6.18099	-7.25229
BLOCK16/SES167/SA167S25	SES167	1.73666	-6.43338	-8.17004
BLOCK16/SES167/SA167S29	SES167	1.61203	-5.71946	-7.33149
BLOCK17/SES172/SA172S12	SES172	0.897548	-7.74346	-8.64101
BLOCK17/SES172/SA172S13	SES172	0.91367	-7.65079	-8.56446
BLOCK17/SES172/SA172S23	SES172	0.863398	-6.87091	-7.73431
BLOCK17/SES172/SA172S27	SES172	0.797681	-8.18341	-8.98109
BLOCK17/SES172/SA172S29	SES172	1.1865	-7.00227	-8.18877
BLOCK17/SES175/SA175S11	SES175	0.194034	-7.51877	-7.71281
BLOCK17/SES175/SA175S13	SES175	0.409828	-5.35526	-5.76509
BLOCK17/SES175/SA175S23	SES175	0.488842	-6.38507	-6.87391
BLOCK17/SES175/SA175S25	SES175	0.0428715	-8.17678	-8.21965
BLOCK17/SES175/SA175S28	SES175	0.168072	-6.78189	-6.94996
BLOCK17/SES177/SA177S15	SES177	0.387631	-8.10222	-8.48985
BLOCK17/SES177/SA177S17	SES177	0.326865	-7.72729	-8.05416
BLOCK17/SES177/SA177S23	SES177	0.172604	-7.86561	-8.03822
BLOCK17/SES177/SA177S26	SES177	0.574527	-5.70154	-6.27607
BLOCK17/SES177/SA177S28	SES177	0.826297	-7.51194	-8.33824
BLOCK18/SES180/SA180S13	SES180	-0.118268	-8.46967	-8.3514
BLOCK18/SES180/SA180S15	SES180	0.248265	-7.27211	-7.52038
BLOCK18/SES180/SA180S24	SES180	0.444552	-6.42968	-6.87423
BLOCK18/SES180/SA180S26	SES180	-0.0120473	-6.95588	-6.94383
BLOCK18/SES180/SA180S29	SES180	-0.0881414	-8.09675	-8.00861
BLOCK18/SES183/SA183S13	SES183	0.898776	-7.06785	-7.96663
BLOCK18/SES183/SA183S14	SES183	-0.257424	-7.77182	-7.5144
BLOCK18/SES183/SA183S24	SES183	0.92571	-7.75834	-8.68405
BLOCK18/SES183/SA183S27	SES183	1.1046	-7.95222	-9.05683
BLOCK18/SES183/SA183S29	SES183	1.01083	-6.99397	-8.0048
BLOCK18/SES187/SA187S13	SES187	-0.00868702	-8.60864	-8.59996
BLOCK18/SES187/SA187S14	SES187	0.323974	-8.23325	-8.55723
BLOCK18/SES187/SA187S24	SES187	0.802874	-8.12739	-8.93026
BLOCK18/SES187/SA187S27	SES187	0.521399	-8.19144	-8.71284
BLOCK18/SES187/SA187S29	SES187	0.266301	-8.83939	-9.1057
BLOCK18/SES189/SA189S10	SES189	1.12532	-7.72588	-8.8512
BLOCK18/SES189/SA189S13	SES189	0.798821	-8.73987	-9.5387
BLOCK18/SES189/SA189S24	SES189	0.564025	-7.0145	-7.57852
BLOCK18/SES189/SA189S26	SES189	0.65079	-7.27947	-7.93026
BLOCK18/SES189/SA189S29	SES189	0.976094	-6.8983	-7.8744
BLOCK20/SES202/SA202S12	SES202	0.564304	-7.36966	-7.93397
BLOCK20/SES202/SA202S14	SES202	0.778104	-7.21013	-7.98824
BLOCK20/SES202/SA202S24	SES202	0.220409	-8.07363	-8.29404
BLOCK20/SES202/SA202S27	SES202	0.715647	-6.75379	-7.46944
BLOCK20/SES202/SA202S29	SES202	0.650113	-6.86712	-7.51723
BLOCK20/SES206/SA206S15	SES206	-0.252833	-7.25104	-6.99821
BLOCK20/SES206/SA206S17	SES206	0.555663	-7.73685	-8.29251
BLOCK20/SES206/SA206S24	SES206	1.09917	-6.09105	-7.19022
BLOCK20/SES206/SA206S27	SES206	1.14612	-7.67919	-8.82531
BLOCK20/SES206/SA206S29	SES206	0.842993	-6.50981	-7.3528
BLOCK22/SES226/SA226S12	SES226	0.870274	-7.56148	-8.43175
BLOCK22/SES226/SA226S13	SES226	-0.0566549	-8.80344	-8.74678
BLOCK22/SES226/SA226S20	SES226	0.622881	-7.60409	-8.22697
BLOCK22/SES226/SA226S23	SES226	0.896701	-6.84159	-7.73829
BLOCK22/SES226/SA226S28	SES226	1.29706	-6.64309	-7.94015
BLOCK25/SES259/SA259S13	SES259	1.99151	-6.44892	-8.44043
BLOCK25/SES259/SA259S14	SES259	1.15253	-6.57851	-7.73104
BLOCK25/SES259/SA259S22	SES259	1.48956	-6.38821	-7.87777
BLOCK25/SES259/SA259S24	SES259	0.902869	-7.08252	-7.98539
BLOCK25/SES259/SA259S28	SES259	0.965039	-6.94401	-7.90905
BLOCK27/SES270/SA270S14	SES270	2.00155	-7.10117	-9.10272
BLOCK27/SES270/SA270S16	SES270	0.433119	-7.212	-7.64512
BLOCK27/SES270/SA270S22	SES270	1.96395	-6.50807	-8.47202
BLOCK27/SES270/SA270S26	SES270	1.09677	-7.33513	-8.4319
BLOCK27/SES270/SA270S28	SES270	1.14981	-7.08613	-8.23593
BLOCK27/SES275/SA275S17	SES275	0.532144	-6.90746	-7.43961
BLOCK27/SES275/SA275S18	SES275	0.117684	-7.33389	-7.45157
BLOCK27/SES275/SA275S24	SES275	0.308189	-7.73814	-8.04633
BLOCK27/SES275/SA275S26	SES275	0.597268	-7.104	-7.70127
BLOCK27/SES275/SA275S28	SES275	0.26366	-7.39479	-7.65845
BLOCK29/SES292/SA292S10	SES292	-0.331998	-7.20013	-6.86813
BLOCK29/SES292/SA292S12	SES292	0.306657	-8.38222	-8.68887
BLOCK29/SES292/SA292S22	SES292	-0.0901742	-7.88587	-7.7957
BLOCK29/SES292/SA292S24	SES292	0.000138283	-7.68446	-7.68459
BLOCK29/SES292/SA292S27	SES292	-0.0662999	-7.44313	-7.37683
BLOCK00/SES001/SA001S14	SES062	-1.89391	-10.3874	-8.49345
BLOCK00/SES001/SA001S14	SES082	-0.577009	-9.07046	-8.49345
BLOCK00/SES001/SA001S14	SES106	-0.97526	-9.46871	-8.49345
BLOCK00/SES001/SA001S14	SES206	-1.17152	-9.66497	-8.49345
BLOCK00/SES001/SA001S15	SES062	-1.11859	-8.85212	-7.73354
BLOCK00/SES001/SA001S15	SES104	-0.680244	-8.41378	-7.73354
BLOCK00/SES001/SA001S15	SES106	-1.34708	-9.08061	-7.73354
BLOCK00/SES001/SA001S15	SES206	-1.72934	-9.46288	-7.73354
BLOCK00/SES001/SA001S24	SES062	-0.0784502	-8.15478	-8.07633
BLOCK00/SES001/SA001S24	SES082	-0.356966	-8.43329	-8.07633
BLOCK00/SES001/SA001S24	SES087	-0.689805	-8.76613	-8.07633
BLOCK00/SES001/SA001S24	SES206	-0.0989304	-8.17526	-8.07633
BLOCK00/SES001/SA001S27	SES062	-0.495503	-6.81909	-6.32359
BLOCK00/SES001/SA001S27	SES082	-0.321118	-6.64471	-6.32359
BLOCK00/SES001/SA001S27	SES087	-0.328212	-6.6518	-6.32359
BLOCK00/SES001/SA001S27	SES206	-0.9	-7.22359	-6.32359
BLOCK00/SES001/SA001S29	SES062	-1.39188	-9.3064	-7.91452
BLOCK00/SES001/SA001S29	SES082	-0.623022	-8.53754	-7.91452
BLOCK00/SES001/SA001S29	SES158	-0.571526	-8.48604	-7.91452
BLOCK00/SES001/SA001S29	SES206	-1.02372	-8.93823	-7.91452
BLOCK00/SES003/SA003S11	SES002	0.380237	-8.11698	-8.49722
BLOCK00/SES003/SA003S11	SES019	-0.815487	-9.31271	-8.49722
BLOCK00/SES003/SA003S11	SES082	0.166474	-8.33075	-8.49722
BLOCK00/SES003/SA003S11	SES125	-0.464808	-8.96203	-8.49722
BLOCK00/SES003/SA003S15	SES016	-0.98452	-8.2038	-7.21927
BLOCK00/SES003/SA003S15	SES019	-3.46603	-10.6853	-7.21927
BLOCK00/SES003/SA003S15	SES062	0.0523734	-7.1669	-7.21927
BLOCK00/SES003/SA003S15	SES206	-0.794117	-8.01339	-7.21927
BLOCK00/SES003/SA003S22	SES002	0.00103712	-7.91325	-7.91429
BLOCK00/SES003/SA003S22	SES062	0.383557	-7.53073	-7.91429
BLOCK00/SES003/SA003S22	SES082	-0.273998	-8.18829	-7.91429
BLOCK00/SES003/SA003S22	SES087	-0.200719	-8.11501	-7.91429
BLOCK00/SES003/SA003S25	SES062	-0.327601	-9.95533	-9.62772
BLOCK00/SES003/SA003S25	SES082	-0.508091	-10.1358	-9.62772
BLOCK00/SES003/SA003S25	SES087	-0.550151	-10.1779	-9.62772
BLOCK00/SES003/SA003S25	SES206	-0.133472	-9.7612	-9.62772
BLOCK00/SES003/SA003S29	SES002	-0.654449	-8.99601	-8.34156
BLOCK00/SES003/SA003S29	SES062	-1.51258	-9.85415	-8.34156
BLOCK00/SES003/SA003S29	SES082	-1.09826	-9.43982	-8.34156
BLOCK00/SES003/SA003S29	SES087	-1.52005	-9.86161	-8.34156
BLOCK00/SES004/SA004S12	SES083	-1.16361	-8.02124	-6.85763
BLOCK00/SES004/SA004S12	SES148	-0.775596	-7.63323	-6.85763
BLOCK00/SES004/SA004S12	SES172	-0.002213	-6.85985	-6.85763
BLOCK00/SES004/SA004S12	SES292	-0.881257	-7.73889	-6.85763
BLOCK00/SES004/SA004S17	SES083	-1.05461	-8.38068	-7.32608
BLOCK00/SES004/SA004S17	SES162	-0.704909	-8.03098	-7.32608
BLOCK00/SES004/SA004S17	SES172	-0.352146	-7.67822	-7.32608
BLOCK00/SES004/SA004S17	SES292	-0.958436	-8.28451	-7.32608
BLOCK00/SES004/SA004S24	SES083	-0.894161	-7.90417	-7.01001
BLOCK00/SES004/SA004S24	SES148	-1.30855	-8.31856	-7.01001
BLOCK00/SES004/SA004S24	SES172	-0.0537562	-7.06377	-7.01001
BLOCK00/SES004/SA004S24	SES292	-0.657861	-7.66787	-7.01001
BLOCK00/SES004/SA004S26	SES083	-1.51677	-9.1267	-7.60993
BLOCK00/SES004/SA004S26	SES127	-0.696197	-8.30613	-7.60993
BLOCK00/SES004/SA004S26	SES148	-1.88996	-9.49989	-7.60993
BLOCK00/SES004/SA004S26	SES292	-1.43816	-9.04809	-7.60993
BLOCK00/SES004/SA004S28	SES083	-0.999879	-8.15425	-7.15437
BLOCK00/SES004/SA004S28	SES127	0.118686	-7.03568	-7.15437
BLOCK00/SES004/SA004S28	SES187	0.098546	-7.05582	-7.15437
BLOCK00/SES004/SA004S28	SES292	-0.843837	-7.99821	-7.15437
BLOCK00/SES006/SA006S10	SES014	-1.087	-10.4311	-9.34406
BLOCK00/SES006/SA006S10	SES158	-0.81132	-10.1554	-9.34406
BLOCK00/SES006/SA006S10	SES226	-2.75378	-12.0978	-9.34406
BLOCK00/SES006/SA006S10	SES270	-0.145588	-9.48964	-9.34406
BLOCK00/SES006/SA006S11	SES158	-1.10156	-10.0526	-8.951
BLOCK00/SES006/SA006S11	SES226	-1.36343	-10.3144	-8.951
BLOCK00/SES006/SA006S11	SES270	0.165716	-8.78528	-8.951
BLOCK00/SES006/SA006S11	SES275	-1.76756	-10.7186	-8.951
BLOCK00/SES006/SA006S23	SES062	-3.61542	-12.8307	-9.21531
BLOCK00/SES006/SA006S23	SES105	-3.36948	-12.5848	-9.21531
BLOCK00/SES006/SA006S23	SES158	-0.75209	-9.96739	-9.21531
BLOCK00/SES006/SA006S23	SES275	-2.29003	-11.5053	-9.21531
BLOCK00/SES006/SA006S26	SES104	-2.11692	-11.3485	-9.23156
BLOCK00/SES006/SA006S26	SES158	-1.20475	-10.4363	-9.23156
BLOCK00/SES006/SA006S26	SES270	0.0357485	-9.19581	-9.23156
BLOCK00/SES006/SA006S26	SES275	-1.99279	-11.2243	-9.23156
BLOCK00/SES006/SA006S28	SES007	-1.55562	-11.0306	-9.47494
BLOCK00/SES006/SA006S28	SES105	-2.82239	-12.2973	-9.47494
BLOCK00/SES006/SA006S28	SES158	-0.684477	-10.1594	-9.47494
BLOCK00/SES006/SA006S28	SES275	-2.04413	-11.5191	-9.47494
BLOCK00/SES009/SA009S12	SES083	-1.96066	-9.83717	-7.87652
BLOCK00/SES009/SA009S12	SES148	-1.64801	-9.52452	-7.87652
BLOCK00/SES009/SA009S12	SES177	-0.315592	-8.19211	-7.87652
BLOCK00/SES009/SA009S12	SES292	-0.682461	-8.55898	-7.87652
BLOCK00/SES009/SA009S15	SES007	-0.144608	-7.18263	-7.03802
BLOCK00/SES009/SA009S15	SES099	-3.22025	-10.2583	-7.03802
BLOCK00/SES009/SA009S15	SES148	-1.28808	-8.3261	-7.03802
BLOCK00/SES009/SA009S15	SES172	-0.690734	-7.72875	-7.03802
BLOCK00/SES009/SA009S24	SES146	-0.460215	-8.33365	-7.87343
BLOCK00/SES009/SA009S24	SES148	-1.93572	-9.80915	-7.87343
BLOCK00/SES009/SA009S24	SES177	-0.280747	-8.15418	-7.87343
BLOCK00/SES009/SA009S24	SES292	-0.672266	-8.5457	-7.87343
BLOCK00/SES009/SA009S26	SES083	-1.9544	-9.58797	-7.63357
BLOCK00/SES009/SA009S26	SES101	-1.74918	-9.38275	-7.63357
BLOCK00/SES009/SA009S26	SES120	-0.48029	-8.11386	-7.63357
BLOCK00/SES009/SA009S26	SES177	-1.00283	-8.6364	-7.63357
BLOCK00/SES009/SA009S29	SES083	-1.66225	-9.27053	-7.60828
BLOCK00/SES009/SA009S29	SES101	-1.12869	-8.73697	-7.60828
BLOCK00/SES009/SA009S29	SES177	-0.348302	-7.95658	-7.60828
BLOCK00/SES009/SA009S29	SES292	-0.886607	-8.49488	-7.60828
BLOCK01/SES011/SA011S10	SES019	-3.56285	-12.8002	-9.23734
BLOCK01/SES011/SA011S10	SES042	1.10702	-8.13032	-9.23734
BLOCK01/SES011/SA011S10	SES082	-0.431704	-9.66904	-9.23734
BLOCK01/SES011/SA011S10	SES206	-0.235823	-9.47316	-9.23734
BLOCK01/SES011/SA011S11	SES019	-2.38931	-11.4364	-9.04706
BLOCK01/SES011/SA011S11	SES042	0.860744	-8.18632	-9.04706
BLOCK01/SES011/SA011S11	SES082	-0.0940666	-9.14113	-9.04706
BLOCK01/SES011/SA011S11	SES206	-0.499483	-9.54655	-9.04706
BLOCK01/SES011/SA011S22	SES019	-2.09621	-11.1306	-9.03437
BLOCK01/SES011/SA011S22	SES042	0.739788	-8.29458	-9.03437
BLOCK01/SES011/SA011S22	SES082	-0.597171	-9.63154	-9.03437
BLOCK01/SES011/SA011S22	SES206	-0.855867	-9.89024	-9.03437
BLOCK01/SES011/SA011S24	SES019	-2.69487	-10.9867	-8.29181
BLOCK01/SES011/SA011S24	SES042	1.2156	-7.07621	-8.29181
BLOCK01/SES011/SA011S24	SES104	0.190829	-8.10098	-8.29181
BLOCK01/SES011/SA011S24	SES206	-0.118815	-8.41063	-8.29181
BLOCK01/SES011/SA011S27	SES082	0.241211	-7.98061	-8.22182
BLOCK01/SES011/SA011S27	SES087	-1.57192	-9.79374	-8.22182
BLOCK01/SES011/SA011S27	SES125	0.109215	-8.11261	-8.22182
BLOCK01/SES011/SA011S27	SES206	0.147523	-8.0743	-8.22182
BLOCK01/SES012/SA012S11	SES007	-0.158247	-7.22497	-7.06672
BLOCK01/SES012/SA012S11	SES082	-0.241838	-7.30856	-7.06672
BLOCK01/SES012/SA012S11	SES083	-1.16187	-8.22859	-7.06672
BLOCK01/SES012/SA012S11	SES206	-0.385645	-7.45237	-7.06672
BLOCK01/SES012/SA012S14	SES082	-0.138529	-8.43494	-8.29641
BLOCK01/SES012/SA012S14	SES087	-1.10936	-9.40577	-8.29641
BLOCK01/SES012/SA012S14	SES206	-0.200017	-8.49643	-8.29641
BLOCK01/SES012/SA012S14	SES292	-0.790332	-9.08674	-8.29641
BLOCK01/SES012/SA012S24	SES082	-0.071022	-9.03085	-8.95982
BLOCK01/SES012/SA012S24	SES087	-1.01747	-9.9773	-8.95982
BLOCK01/SES012/SA012S24	SES120	-1.29254	-10.2524	-8.95982
BLOCK01/SES012/SA012S24	SES206	-0.302689	-9.26251	-8.95982
BLOCK01/SES012/SA012S26	SES019	-5.70424	-14.8058	-9.1016
BLOCK01/SES012/SA012S26	SES082	-0.886607	-9.98821	-9.1016
BLOCK01/SES012/SA012S26	SES206	0.631642	-8.46996	-9.1016
BLOCK01/SES012/SA012S26	SES292	-0.266792	-9.36839	-9.1016
BLOCK01/SES012/SA012S29	SES062	-0.890439	-7.6289	-6.73846
BLOCK01/SES012/SA012S29	SES082	0.358046	-6.38041	-6.73846
BLOCK01/SES012/SA012S29	SES083	-1.61428	-8.35274	-6.73846
BLOCK01/SES012/SA012S29	SES206	0.162568	-6.57589	-6.73846
BLOCK01/SES013/SA013S16	SES062	-2.63879	-11.954	-9.31517
BLOCK01/SES013/SA013S16	SES106	-0.955179	-10.2703	-9.31517
BLOCK01/SES013/SA013S16	SES206	-0.654365	-9.96953	-9.31517
BLOCK01/SES013/SA013S16	SES226	-0.496162	-9.81133	-9.31517
BLOCK01/SES013/SA013S17	SES062	-0.634292	-8.99109	-8.3568
BLOCK01/SES013/SA013S17	SES106	-0.956779	-9.31358	-8.3568
BLOCK01/SES013/SA013S17	SES206	0.0160732	-8.34073	-8.3568
BLOCK01/SES013/SA013S17	SES226	-0.302858	-8.65966	-8.3568
BLOCK01/SES013/SA013S23	SES104	0.104472	-9.42714	-9.53161
BLOCK01/SES013/SA013S23	SES106	0.489994	-9.04162	-9.53161
BLOCK01/SES013/SA013S23	SES206	-1.14859	-10.6802	-9.53161
BLOCK01/SES013/SA013S23	SES270	-0.185116	-9.71673	-9.53161
BLOCK01/SES013/SA013S25	SES042	-1.75634	-10.649	-8.89265
BLOCK01/SES013/SA013S25	SES104	0.0129766	-8.87967	-8.89265
BLOCK01/SES013/SA013S25	SES106	0.546064	-8.34659	-8.89265
BLOCK01/SES013/SA013S25	SES206	-0.831277	-9.72393	-8.89265
BLOCK01/SES013/SA013S29	SES062	-2.19872	-11.2327	-9.03402
BLOCK01/SES013/SA013S29	SES104	-0.541712	-9.57573	-9.03402
BLOCK01/SES013/SA013S29	SES106	0.0690784	-8.96494	-9.03402
BLOCK01/SES013/SA013S29	SES206	-1.40026	-10.4343	-9.03402
BLOCK02/SES021/SA021S13	SES016	-1.78009	-9.84685	-8.06676
BLOCK02/SES021/SA021S13	SES029	-0.585596	-8.65236	-8.06676
BLOCK02/SES021/SA021S13	SES087	-2.22093	-10.2877	-8.06676
BLOCK02/SES021/SA021S13	SES206	-1.72195	-9.78872	-8.06676
BLOCK02/SES021/SA021S15	SES087	-0.653446	-8.36881	-7.71537
BLOCK02/SES021/SA021S15	SES125	-0.817688	-8.53305	-7.71537
BLOCK02/SES021/SA021S15	SES206	-0.717843	-8.43321	-7.71537
BLOCK02/SES021/SA021S15	SES226	-0.713049	-8.42842	-7.71537
BLOCK02/SES021/SA021S23	SES062	-1.59984	-10.6459	-9.04604
BLOCK02/SES021/SA021S23	SES087	-0.449625	-9.49567	-9.04604
BLOCK02/SES021/SA021S23	SES206	-0.669979	-9.71602	-9.04604
BLOCK02/SES021/SA021S23	SES226	-0.982383	-10.0284	-9.04604
BLOCK02/SES021/SA021S27	SES002	-0.383866	-7.88736	-7.50349
BLOCK02/SES021/SA021S27	SES016	-2.71579	-10.2193	-7.50349
BLOCK02/SES021/SA021S27	SES019	-1.10568	-8.60917	-7.50349
BLOCK02/SES021/SA021S27	SES062	-0.711058	-8.21455	-7.50349
BLOCK02/SES021/SA021S29	SES087	-0.968035	-9.33155	-8.36351
BLOCK02/SES021/SA021S29	SES125	-1.53866	-9.90217	-8.36351
BLOCK02/SES021/SA021S29	SES206	-0.342589	-8.7061	-8.36351
BLOCK02/SES021/SA021S29	SES226	-0.782379	-9.14589	-8.36351
BLOCK04/SES043/SA043S09	SES083	0.0802479	-8.48666	-8.5669
BLOCK04/SES043/SA043S09	SES101	-0.256433	-8.82334	-8.5669
BLOCK04/SES043/SA043S09	SES144	-0.0188179	-8.58572	-8.5669
BLOCK04/SES043/SA043S09	SES172	-0.935595	-9.5025	-8.5669
BLOCK04/SES043/SA043S11	SES083	0.249834	-7.20537	-7.4552
BLOCK04/SES043/SA043S11	SES101	-0.126898	-7.5821	-7.4552
BLOCK04/SES043/SA043S11	SES144	0.348238	-7.10696	-7.4552
BLOCK04/SES043/SA043S11	SES172	-0.34533	-7.80053	-7.4552
BLOCK04/SES043/SA043S23	SES083	0.102422	-7.94706	-8.04949
BLOCK04/SES043/SA043S23	SES144	0.0223198	-8.02717	-8.04949
BLOCK04/SES043/SA043S23	SES177	-0.444179	-8.49366	-8.04949
BLOCK04/SES043/SA043S23	SES275	-0.390416	-8.4399	-8.04949
BLOCK04/SES043/SA043S26	SES083	-0.35713	-9.42977	-9.07264
BLOCK04/SES043/SA043S26	SES101	-0.444713	-9.51735	-9.07264
BLOCK04/SES043/SA043S26	SES144	-0.00273037	-9.07537	-9.07264
BLOCK04/SES043/SA043S26	SES177	-0.653277	-9.72591	-9.07264
BLOCK04/SES043/SA043S28	SES016	-1.61299	-9.51066	-7.89767
BLOCK04/SES043/SA043S28	SES083	-0.302957	-8.20062	-7.89767
BLOCK04/SES043/SA043S28	SES101	-0.265735	-8.1634	-7.89767
BLOCK04/SES043/SA043S28	SES144	-0.491755	-8.38942	-7.89767
BLOCK04/SES044/SA044S10	SES127	-2.41463	-11.3094	-8.89475
BLOCK04/SES044/SA044S10	SES144	0.23957	-8.65518	-8.89475
BLOCK04/SES044/SA044S10	SES147	-2.8855	-11.7803	-8.89475
BLOCK04/SES044/SA044S10	SES148	-1.84319	-10.7379	-8.89475
BLOCK04/SES044/SA044S11	SES101	-0.166528	-8.28283	-8.11631
BLOCK04/SES044/SA044S11	SES144	0.228361	-7.88795	-8.11631
BLOCK04/SES044/SA044S11	SES147	-1.26859	-9.38489	-8.11631
BLOCK04/SES044/SA044S11	SES177	-0.576064	-8.69237	-8.11631
BLOCK04/SES044/SA044S24	SES007	-1.26899	-9.47602	-8.20703
BLOCK04/SES044/SA044S24	SES101	0.127194	-8.07984	-8.20703
BLOCK04/SES044/SA044S24	SES147	-1.48942	-9.69646	-8.20703
BLOCK04/SES044/SA044S24	SES177	0.0736866	-8.13334	-8.20703
BLOCK04/SES044/SA044S26	SES007	-1.44286	-8.92295	-7.48009
BLOCK04/SES044/SA044S26	SES016	-0.814611	-8.2947	-7.48009
BLOCK04/SES044/SA044S26	SES101	-0.201828	-7.68192	-7.48009
BLOCK04/SES044/SA044S26	SES147	-0.237001	-7.71709	-7.48009
BLOCK04/SES044/SA044S29	SES007	-2.40911	-9.81775	-7.40864
BLOCK04/SES044/SA044S29	SES101	0.131516	-7.27712	-7.40864
BLOCK04/SES044/SA044S29	SES147	-1.14821	-8.55684	-7.40864
BLOCK04/SES044/SA044S29	SES177	-2.14545	-9.55409	-7.40864
BLOCK04/SES046/SA046S13	SES101	-0.448745	-9.35521	-8.90646
BLOCK04/SES046/SA046S13	SES144	-0.0220833	-8.92854	-8.90646
BLOCK04/SES046/SA046S13	SES147	-2.01349	-10.9199	-8.90646
BLOCK04/SES046/SA046S13	SES177	-0.971465	-9.87793	-8.90646
BLOCK04/SES046/SA046S15	SES048	-0.402833	-6.79192	-6.38909
BLOCK04/SES046/SA046S15	SES083	-0.928627	-7.31771	-6.38909
BLOCK04/SES046/SA046S15	SES120	-2.50748	-8.89656	-6.38909
BLOCK04/SES046/SA046S15	SES148	-0.719846	-7.10893	-6.38909
BLOCK04/SES046/SA046S22	SES101	-0.0278215	-8.35345	-8.32563
BLOCK04/SES046/SA046S22	SES144	0.178939	-8.14669	-8.32563
BLOCK04/SES046/SA046S22	SES147	-1.68435	-10.01	-8.32563
BLOCK04/SES046/SA046S22	SES172	-0.0911608	-8.41679	-8.32563
BLOCK04/SES046/SA046S25	SES083	-0.456008	-7.99141	-7.5354
BLOCK04/SES046/SA046S25	SES127	-1.4889	-9.0243	-7.5354
BLOCK04/SES046/SA046S25	SES144	-0.364982	-7.90038	-7.5354
BLOCK04/SES046/SA046S25	SES148	-1.21305	-8.74845	-7.5354
BLOCK04/SES046/SA046S28	SES007	-0.530007	-8.19006	-7.66005
BLOCK04/SES046/SA046S28	SES105	-1.30767	-8.96772	-7.66005
BLOCK04/SES046/SA046S28	SES147	-0.858835	-8.51889	-7.66005
BLOCK04/SES046/SA046S28	SES148	-1.28468	-8.94473	-7.66005
BLOCK04/SES049/SA049S16	SES104	-0.615801	-10.2317	-9.61591
BLOCK04/SES049/SA049S16	SES106	-1.28009	-10.896	-9.61591
BLOCK04/SES049/SA049S16	SES120	-1.06766	-10.6836	-9.61591
BLOCK04/SES049/SA049S16	SES206	-1.18546	-10.8014	-9.61591
BLOCK04/SES049/SA049S18	SES099	-0.0410528	-8.91789	-8.87684
BLOCK04/SES049/SA049S18	SES104	-1.17874	-10.0556	-8.87684
BLOCK04/SES049/SA049S18	SES125	-0.905615	-9.78245	-8.87684
BLOCK04/SES049/SA049S18	SES206	-1.91779	-10.7946	-8.87684
BLOCK04/SES049/SA049S25	SES087	-1.08917	-11.2287	-10.1395
BLOCK04/SES049/SA049S25	SES104	-0.326908	-10.4664	-10.1395
BLOCK04/SES049/SA049S25	SES125	-0.289436	-10.4289	-10.1395
BLOCK04/SES049/SA049S25	SES206	-0.297409	-10.4369	-10.1395
BLOCK04/SES049/SA049S27	SES099	-0.559216	-8.86101	-8.3018
BLOCK04/SES049/SA049S27	SES104	0.149634	-8.15216	-8.3018
BLOCK04/SES049/SA049S27	SES125	-1.21402	-9.51581	-8.3018
BLOCK04/SES049/SA049S27	SES206	-1.17384	-9.47564	-8.3018
BLOCK04/SES049/SA049S29	SES099	-0.341096	-8.42801	-8.08691
BLOCK04/SES049/SA049S29	SES104	0.240477	-7.84643	-8.08691
BLOCK04/SES049/SA049S29	SES125	-0.142713	-8.22962	-8.08691
BLOCK04/SES049/SA049S29	SES206	-0.908863	-8.99577	-8.08691
BLOCK06/SES063/SA063S09	SES068	-2.27628	-11.7025	-9.42624
BLOCK06/SES063/SA063S09	SES083	-0.346782	-9.77303	-9.42624
BLOCK06/SES063/SA063S09	SES177	-0.47899	-9.90523	-9.42624
BLOCK06/SES063/SA063S09	SES187	-0.640638	-10.0669	-9.42624
BLOCK06/SES063/SA063S10	SES068	-1.52204	-10.4342	-8.91218
BLOCK06/SES063/SA063S10	SES083	-0.72489	-9.63707	-8.91218
BLOCK06/SES063/SA063S10	SES172	-0.735758	-9.64794	-8.91218
BLOCK06/SES063/SA063S10	SES187	-0.827575	-9.73976	-8.91218
BLOCK06/SES063/SA063S20	SES068	-2.42312	-11.3393	-8.9162
BLOCK06/SES063/SA063S20	SES083	-0.817273	-9.73347	-8.9162
BLOCK06/SES063/SA063S20	SES172	-0.927953	-9.84415	-8.9162
BLOCK06/SES063/SA063S20	SES187	-0.782429	-9.69863	-8.9162
BLOCK06/SES063/SA063S24	SES029	-1.69183	-11.4523	-9.76051
BLOCK06/SES063/SA063S24	SES083	-0.570597	-10.3311	-9.76051
BLOCK06/SES063/SA063S24	SES177	-0.467497	-10.228	-9.76051
BLOCK06/SES063/SA063S24	SES189	0.553566	-9.20694	-9.76051
BLOCK06/SES063/SA063S27	SES083	-0.0739927	-8.8356	-8.7616
BLOCK06/SES063/SA063S27	SES172	-1.51836	-10.28	-8.7616
BLOCK06/SES063/SA063S27	SES187	-0.572419	-9.33402	-8.7616
BLOCK06/SES063/SA063S27	SES292	-0.413455	-9.17506	-8.7616
BLOCK06/SES067/SA067S12	SES083	-0.636807	-8.07448	-7.43768
BLOCK06/SES067/SA067S12	SES172	-1.11386	-8.55154	-7.43768
BLOCK06/SES067/SA067S12	SES202	-0.346264	-7.78394	-7.43768
BLOCK06/SES067/SA067S12	SES292	-0.93379	-8.37147	-7.43768
BLOCK06/SES067/SA067S14	SES085	-1.57258	-7.64785	-6.07527
BLOCK06/SES067/SA067S14	SES177	-1.4911	-7.56637	-6.07527
BLOCK06/SES067/SA067S14	SES183	0.216943	-5.85833	-6.07527
BLOCK06/SES067/SA067S14	SES202	-0.623992	-6.69926	-6.07527
BLOCK06/SES067/SA067S21	SES144	-0.817492	-8.71872	-7.90123
BLOCK06/SES067/SA067S21	SES177	-1.32381	-9.22504	-7.90123
BLOCK06/SES067/SA067S21	SES183	-1.34318	-9.24441	-7.90123
BLOCK06/SES067/SA067S21	SES189	-1.20282	-9.10405	-7.90123
BLOCK06/SES067/SA067S25	SES085	-2.11013	-9.18198	-7.07186
BLOCK06/SES067/SA067S25	SES177	-1.12187	-8.19373	-7.07186
BLOCK06/SES067/SA067S25	SES183	-1.04442	-8.11627	-7.07186
BLOCK06/SES067/SA067S25	SES202	-1.50106	-8.57292	-7.07186
BLOCK06/SES067/SA067S29	SES085	-2.47108	-10.8073	-8.33624
BLOCK06/SES067/SA067S29	SES177	-1.49602	-9.83226	-8.33624
BLOCK06/SES067/SA067S29	SES183	-0.880873	-9.21712	-8.33624
BLOCK06/SES067/SA067S29	SES202	-0.238982	-8.57522	-8.33624
BLOCK06/SES069/SA069S12	SES029	-1.21538	-8.82121	-7.60583
BLOCK06/SES069/SA069S12	SES082	-0.463502	-8.06933	-7.60583
BLOCK06/SES069/SA069S12	SES087	-1.0382	-8.64403	-7.60583
BLOCK06/SES069/SA069S12	SES206	-0.377474	-7.98331	-7.60583
BLOCK06/SES069/SA069S13	SES029	-1.36941	-9.02914	-7.65973
BLOCK06/SES069/SA069S13	SES087	-1.01097	-8.6707	-7.65973
BLOCK06/SES069/SA069S13	SES206	-0.512249	-8.17198	-7.65973
BLOCK06/SES069/SA069S13	SES226	0.516936	-7.14279	-7.65973
BLOCK06/SES069/SA069S23	SES029	-0.0495763	-7.03993	-6.99035
BLOCK06/SES069/SA069S23	SES087	-0.115767	-7.10612	-6.99035
BLOCK06/SES069/SA069S23	SES206	-0.894745	-7.8851	-6.99035
BLOCK06/SES069/SA069S23	SES226	-0.0126753	-7.00303	-6.99035
BLOCK06/SES069/SA069S25	SES087	-0.391517	-8.06229	-7.67077
BLOCK06/SES069/SA069S25	SES206	-1.13654	-8.80731	-7.67077
BLOCK06/SES069/SA069S25	SES226	0.19137	-7.4794	-7.67077
BLOCK06/SES069/SA069S25	SES270	-0.937005	-8.60778	-7.67077
BLOCK06/SES069/SA069S27	SES087	-1.13984	-9.43295	-8.29311
BLOCK06/SES069/SA069S27	SES206	-0.301629	-8.59474	-8.29311
BLOCK06/SES069/SA069S27	SES226	0.420764	-7.87235	-8.29311
BLOCK06/SES069/SA069S27	SES270	-0.476775	-8.76989	-8.29311
BLOCK08/SES081/SA081S11	SES060	-1.52379	-9.59507	-8.07128
BLOCK08/SES081/SA081S11	SES062	-0.653264	-8.72454	-8.07128
BLOCK08/SES081/SA081S11	SES117	-2.10397	-10.1752	-8.07128
BLOCK08/SES081/SA081S11	SES162	-1.6249	-9.69618	-8.07128
BLOCK08/SES081/SA081S13	SES016	-0.337	-7.49913	-7.16213
BLOCK08/SES081/SA081S13	SES060	-0.0943165	-7.25645	-7.16213
BLOCK08/SES081/SA081S13	SES068	-0.256195	-7.41833	-7.16213
BLOCK08/SES081/SA081S13	SES129	-0.93405	-8.09618	-7.16213
BLOCK08/SES081/SA081S24	SES060	-0.0147591	-7.70392	-7.68916
BLOCK08/SES081/SA081S24	SES068	-0.512128	-8.20129	-7.68916
BLOCK08/SES081/SA081S24	SES117	-1.31067	-8.99983	-7.68916
BLOCK08/SES081/SA081S24	SES275	-0.755407	-8.44457	-7.68916
BLOCK08/SES081/SA081S27	SES007	-0.253698	-8.61051	-8.35681
BLOCK08/SES081/SA081S27	SES060	-0.671824	-9.02864	-8.35681
BLOCK08/SES081/SA081S27	SES117	-0.969134	-9.32595	-8.35681
BLOCK08/SES081/SA081S27	SES275	-1.56919	-9.926	-8.35681
BLOCK08/SES081/SA081S29	SES007	-0.27262	-9.04201	-8.76939
BLOCK08/SES081/SA081S29	SES060	-0.398192	-9.16758	-8.76939
BLOCK08/SES081/SA081S29	SES117	-0.890655	-9.66004	-8.76939
BLOCK08/SES081/SA081S29	SES275	-1.64213	-10.4115	-8.76939
BLOCK08/SES086/SA086S11	SES029	-2.07405	-11.9078	-9.83374
BLOCK08/SES086/SA086S11	SES082	-1.39564	-11.2294	-9.83374
BLOCK08/SES086/SA086S11	SES087	0.146487	-9.68725	-9.83374
BLOCK08/SES086/SA086S11	SES206	-1.09071	-10.9245	-9.83374
BLOCK08/SES086/SA086S12	SES029	-1.78261	-10.7931	-9.01049
BLOCK08/SES086/SA086S12	SES082	-1.10558	-10.1161	-9.01049
BLOCK08/SES086/SA086S12	SES087	0.866943	-8.14355	-9.01049
BLOCK08/SES086/SA086S12	SES206	-0.108538	-9.11903	-9.01049
BLOCK08/SES086/SA086S20	SES029	-1.53927	-9.98934	-8.45008
BLOCK08/SES086/SA086S20	SES082	-0.85431	-9.30439	-8.45008
BLOCK08/SES086/SA086S20	SES087	0.327173	-8.1229	-8.45008
BLOCK08/SES086/SA086S20	SES206	-0.300873	-8.75095	-8.45008
BLOCK08/SES086/SA086S24	SES087	0.63212	-9.14893	-9.78105
BLOCK08/SES086/SA086S24	SES104	-0.809875	-10.5909	-9.78105
BLOCK08/SES086/SA086S24	SES120	-0.389394	-10.1704	-9.78105
BLOCK08/SES086/SA086S24	SES206	0.424835	-9.35622	-9.78105
BLOCK08/SES086/SA086S28	SES029	-1.81845	-10.0884	-8.26998
BLOCK08/SES086/SA086S28	SES082	-0.896791	-9.16678	-8.26998
BLOCK08/SES086/SA086S28	SES087	0.49623	-7.77375	-8.26998
BLOCK08/SES086/SA086S28	SES206	-0.160955	-8.43094	-8.26998
BLOCK08/SES089/SA089S13	SES087	-0.591951	-9.68462	-9.09266
BLOCK08/SES089/SA089S13	SES206	-1.24076	-10.3334	-9.09266
BLOCK08/SES089/SA089S13	SES226	-0.548935	-9.6416	-9.09266
BLOCK08/SES089/SA089S13	SES270	-1.20703	-10.2997	-9.09266
BLOCK08/SES089/SA089S14	SES062	-1.22129	-9.68691	-8.46561
BLOCK08/SES089/SA089S14	SES087	0.218003	-8.24761	-8.46561
BLOCK08/SES089/SA089S14	SES206	-1.13726	-9.60287	-8.46561
BLOCK08/SES089/SA089S14	SES226	-0.94208	-9.40769	-8.46561
BLOCK08/SES089/SA089S23	SES087	-0.417935	-10.8111	-10.3931
BLOCK08/SES089/SA089S23	SES206	-1.0676	-11.4607	-10.3931
BLOCK08/SES089/SA089S23	SES226	-1.05828	-11.4514	-10.3931
BLOCK08/SES089/SA089S23	SES270	-2.42066	-12.8138	-10.3931
BLOCK08/SES089/SA089S25	SES062	-0.210419	-9.3461	-9.13568
BLOCK08/SES089/SA089S25	SES087	0.396387	-8.73929	-9.13568
BLOCK08/SES089/SA089S25	SES206	-1.02159	-10.1573	-9.13568
BLOCK08/SES089/SA089S25	SES226	-0.56485	-9.70053	-9.13568
BLOCK08/SES089/SA089S28	SES062	-0.0744228	-8.92201	-8.84759
BLOCK08/SES089/SA089S28	SES087	0.538923	-8.30866	-8.84759
BLOCK08/SES089/SA089S28	SES206	-0.795361	-9.64295	-8.84759
BLOCK08/SES089/SA089S28	SES226	-0.318779	-9.16637	-8.84759
BLOCK09/SES097/SA097S11	SES099	0.249832	-9.28925	-9.53909
BLOCK09/SES097/SA097S11	SES125	-0.948213	-10.4873	-9.53909
BLOCK09/SES097/SA097S11	SES206	-0.744361	-10.2834	-9.53909
BLOCK09/SES097/SA097S11	SES226	0.879765	-8.65932	-9.53909
BLOCK09/SES097/SA097S14	SES062	-1.49763	-10.2274	-8.72977
BLOCK09/SES097/SA097S14	SES099	-0.637357	-9.36713	-8.72977
BLOCK09/SES097/SA097S14	SES104	-0.257968	-8.98774	-8.72977
BLOCK09/SES097/SA097S14	SES206	-1.41139	-10.1412	-8.72977
BLOCK09/SES097/SA097S22	SES099	0.573323	-8.74958	-9.3229
BLOCK09/SES097/SA097S22	SES206	-0.613943	-9.93684	-9.3229
BLOCK09/SES097/SA097S22	SES226	0.0518322	-9.27107	-9.3229
BLOCK09/SES097/SA097S22	SES270	-0.558771	-9.88167	-9.3229
BLOCK09/SES097/SA097S26	SES099	0.372601	-9.08241	-9.45501
BLOCK09/SES097/SA097S26	SES120	-0.392961	-9.84797	-9.45501
BLOCK09/SES097/SA097S26	SES206	-1.01406	-10.4691	-9.45501
BLOCK09/SES097/SA097S26	SES226	0.401565	-9.05344	-9.45501
BLOCK09/SES097/SA097S28	SES099	0.236527	-8.04821	-8.28474
BLOCK09/SES097/SA097S28	SES120	-0.470908	-8.75565	-8.28474
BLOCK09/SES097/SA097S28	SES206	-0.834475	-9.11922	-8.28474
BLOCK09/SES097/SA097S28	SES226	-0.292869	-8.57761	-8.28474
BLOCK09/SES098/SA098S11	SES127	-0.879227	-8.26203	-7.3828
BLOCK09/SES098/SA098S11	SES144	-0.678774	-8.06158	-7.3828
BLOCK09/SES098/SA098S11	SES147	-0.705471	-8.08827	-7.3828
BLOCK09/SES098/SA098S11	SES148	-1.88436	-9.26716	-7.3828
BLOCK09/SES098/SA098S12	SES127	-1.57717	-10.4827	-8.90552
BLOCK09/SES098/SA098S12	SES144	-1.55748	-10.463	-8.90552
BLOCK09/SES098/SA098S12	SES147	-1.37299	-10.2785	-8.90552
BLOCK09/SES098/SA098S12	SES189	-1.49018	-10.3957	-8.90552
BLOCK09/SES098/SA098S20	SES127	-2.4518	-10.8428	-8.39095
BLOCK09/SES098/SA098S20	SES147	-1.90665	-10.2976	-8.39095
BLOCK09/SES098/SA098S20	SES148	-3.24911	-11.6401	-8.39095
BLOCK09/SES098/SA098S20	SES292	-0.58151	-8.97246	-8.39095
BLOCK09/SES098/SA098S23	SES127	-1.4433	-9.58323	-8.13993
BLOCK09/SES098/SA098S23	SES147	-1.46372	-9.60365	-8.13993
BLOCK09/SES098/SA098S23	SES187	-0.941481	-9.08141	-8.13993
BLOCK09/SES098/SA098S23	SES292	-0.693235	-8.83317	-8.13993
BLOCK09/SES098/SA098S27	SES127	-2.07689	-10.3393	-8.26243
BLOCK09/SES098/SA098S27	SES147	-1.59225	-9.85468	-8.26243
BLOCK09/SES098/SA098S27	SES148	-2.64574	-10.9082	-8.26243
BLOCK09/SES098/SA098S27	SES292	-0.48949	-8.75192	-8.26243
BLOCK10/SES102/SA102S13	SES101	-0.309763	-9.46198	-9.15222
BLOCK10/SES102/SA102S13	SES105	-1.87024	-11.0225	-9.15222
BLOCK10/SES102/SA102S13	SES120	-2.71191	-11.8641	-9.15222
BLOCK10/SES102/SA102S13	SES158	-1.45244	-10.6047	-9.15222
BLOCK10/SES102/SA102S14	SES007	-0.0994687	-6.39233	-6.29286
BLOCK10/SES102/SA102S14	SES101	-0.471736	-6.7646	-6.29286
BLOCK10/SES102/SA102S14	SES105	-1.10615	-7.39901	-6.29286
BLOCK10/SES102/SA102S14	SES147	-2.33817	-8.63103	-6.29286
BLOCK10/SES102/SA102S22	SES007	-0.986952	-8.34876	-7.36181
BLOCK10/SES102/SA102S22	SES101	-0.272854	-7.63466	-7.36181
BLOCK10/SES102/SA102S22	SES105	-1.01347	-8.37528	-7.36181
BLOCK10/SES102/SA102S22	SES158	-1.89989	-9.2617	-7.36181
BLOCK10/SES102/SA102S25	SES007	-0.362092	-7.49602	-7.13393
BLOCK10/SES102/SA102S25	SES101	-0.177316	-7.31124	-7.13393
BLOCK10/SES102/SA102S25	SES105	-1.41408	-8.54801	-7.13393
BLOCK10/SES102/SA102S25	SES147	-2.12668	-9.2606	-7.13393
BLOCK10/SES102/SA102S27	SES007	-0.272201	-7.85614	-7.58394
BLOCK10/SES102/SA102S27	SES101	0.182667	-7.40128	-7.58394
BLOCK10/SES102/SA102S27	SES105	-1.85919	-9.44313	-7.58394
BLOCK10/SES102/SA102S27	SES147	-2.08753	-9.67147	-7.58394
BLOCK10/SES103/SA103S14	SES105	-1.7764	-10.6017	-8.82528
BLOCK10/SES103/SA103S14	SES106	-1.11788	-9.94317	-8.82528
BLOCK10/SES103/SA103S14	SES120	-2.25883	-11.0841	-8.82528
BLOCK10/SES103/SA103S14	SES206	-1.39801	-10.2233	-8.82528
BLOCK10/SES103/SA103S15	SES099	-1.13484	-11.3492	-10.2144
BLOCK10/SES103/SA103S15	SES101	-2.03662	-12.251	-10.2144
BLOCK10/SES103/SA103S15	SES104	-0.326878	-10.5412	-10.2144
BLOCK10/SES103/SA103S15	SES125	-1.19096	-11.4053	-10.2144
BLOCK10/SES103/SA103S24	SES104	-0.690925	-9.64275	-8.95183
BLOCK10/SES103/SA103S24	SES125	-2.85732	-11.8091	-8.95183
BLOCK10/SES103/SA103S24	SES148	-1.7883	-10.7401	-8.95183
BLOCK10/SES103/SA103S24	SES158	-1.12833	-10.0802	-8.95183
BLOCK10/SES103/SA103S26	SES104	-0.92056	-9.52045	-8.59989
BLOCK10/SES103/SA103S26	SES106	-1.16202	-9.76192	-8.59989
BLOCK10/SES103/SA103S26	SES125	-1.00037	-9.60026	-8.59989
BLOCK10/SES103/SA103S26	SES148	-1.58994	-10.1898	-8.59989
BLOCK10/SES103/SA103S28	SES104	-0.51365	-9.61124	-9.09759
BLOCK10/SES103/SA103S28	SES106	-1.08123	-10.1788	-9.09759
BLOCK10/SES103/SA103S28	SES125	-2.04672	-11.1443	-9.09759
BLOCK10/SES103/SA103S28	SES206	-1.71902	-10.8166	-9.09759
BLOCK12/SES121/SA121S12	SES042	-0.590765	-9.66969	-9.07893
BLOCK12/SES121/SA121S12	SES087	-0.761124	-9.84005	-9.07893
BLOCK12/SES121/SA121S12	SES105	-0.0293598	-9.10828	-9.07893
BLOCK12/SES121/SA121S12	SES206	0.00630474	-9.07262	-9.07893
BLOCK12/SES121/SA121S14	SES007	-2.15931	-13.0938	-10.9345
BLOCK12/SES121/SA121S14	SES105	-2.93538	-13.8699	-10.9345
BLOCK12/SES121/SA121S14	SES106	-0.896235	-11.8308	-10.9345
BLOCK12/SES121/SA121S14	SES206	-1.0369	-11.9714	-10.9345
BLOCK12/SES121/SA121S23	SES105	-2.35636	-12.8429	-10.4865
BLOCK12/SES121/SA121S23	SES106	-0.722382	-11.2089	-10.4865
BLOCK12/SES121/SA121S23	SES120	-1.97739	-12.4639	-10.4865
BLOCK12/SES121/SA121S23	SES206	-0.0236988	-10.5102	-10.4865
BLOCK12/SES121/SA121S25	SES007	-1.49421	-12.5717	-11.0775
BLOCK12/SES121/SA121S25	SES105	-3.14723	-14.2248	-11.0775
BLOCK12/SES121/SA121S25	SES106	-0.0422249	-11.1197	-11.0775
BLOCK12/SES121/SA121S25	SES206	-0.910779	-11.9883	-11.0775
BLOCK12/SES121/SA121S27	SES087	0.992932	-9.75199	-10.7449
BLOCK12/SES121/SA121S27	SES105	-3.34243	-14.0874	-10.7449
BLOCK12/SES121/SA121S27	SES120	0.0572224	-10.6877	-10.7449
BLOCK12/SES121/SA121S27	SES206	-0.289485	-11.0344	-10.7449
BLOCK12/SES124/SA124S16	SES042	0.12414	-7.04386	-7.168
BLOCK12/SES124/SA124S16	SES082	-0.322889	-7.49089	-7.168
BLOCK12/SES124/SA124S16	SES183	-0.899603	-8.0676	-7.168
BLOCK12/SES124/SA124S16	SES206	-0.507837	-7.67583	-7.168
BLOCK12/SES124/SA124S17	SES105	-0.918262	-9.31027	-8.392
BLOCK12/SES124/SA124S17	SES149	-0.782447	-9.17445	-8.392
BLOCK12/SES124/SA124S17	SES158	-1.49246	-9.88446	-8.392
BLOCK12/SES124/SA124S17	SES275	-1.00249	-9.3945	-8.392
BLOCK12/SES124/SA124S23	SES105	-1.73523	-8.33841	-6.60318
BLOCK12/SES124/SA124S23	SES125	0.58145	-6.02173	-6.60318
BLOCK12/SES124/SA124S23	SES129	-2.08191	-8.68509	-6.60318
BLOCK12/SES124/SA124S23	SES158	-0.781802	-7.38498	-6.60318
BLOCK12/SES124/SA124S26	SES105	-1.36475	-9.37387	-8.00912
BLOCK12/SES124/SA124S26	SES125	-0.056036	-8.06516	-8.00912
BLOCK12/SES124/SA124S26	SES129	-2.035	-10.0441	-8.00912
BLOCK12/SES124/SA124S26	SES158	-0.666158	-8.67528	-8.00912
BLOCK12/SES124/SA124S28	SES104	-0.10513	-7.28331	-7.17818
BLOCK12/SES124/SA124S28	SES106	-0.835476	-8.01366	-7.17818
BLOCK12/SES124/SA124S28	SES125	0.0791659	-7.09902	-7.17818
BLOCK12/SES124/SA124S28	SES275	-1.07094	-8.24913	-7.17818
BLOCK12/SES126/SA126S13	SES007	-0.42877	-8.56541	-8.13664
BLOCK12/SES126/SA126S13	SES162	-1.05279	-9.18943	-8.13664
BLOCK12/SES126/SA126S13	SES177	-0.263673	-8.40031	-8.13664
BLOCK12/SES126/SA126S13	SES180	-1.10699	-9.24363	-8.13664
BLOCK12/SES126/SA126S14	SES144	-0.586291	-8.04033	-7.45404
BLOCK12/SES126/SA126S14	SES148	-1.09347	-8.54751	-7.45404
BLOCK12/SES126/SA126S14	SES177	-0.532469	-7.98651	-7.45404
BLOCK12/SES126/SA126S14	SES180	-1.44901	-8.90306	-7.45404
BLOCK12/SES126/SA126S20	SES007	-0.672073	-7.4289	-6.75683
BLOCK12/SES126/SA126S20	SES162	-1.1621	-7.91893	-6.75683
BLOCK12/SES126/SA126S20	SES172	-1.18634	-7.94317	-6.75683
BLOCK12/SES126/SA126S20	SES180	-0.893958	-7.65078	-6.75683
BLOCK12/SES126/SA126S24	SES120	-0.0626836	-7.34401	-7.28132
BLOCK12/SES126/SA126S24	SES162	-0.987259	-8.26858	-7.28132
BLOCK12/SES126/SA126S24	SES177	-0.288145	-7.56947	-7.28132
BLOCK12/SES126/SA126S24	SES180	-0.692543	-7.97387	-7.28132
BLOCK12/SES126/SA126S26	SES120	0.484414	-7.56697	-8.05138
BLOCK12/SES126/SA126S26	SES177	-0.394541	-8.44592	-8.05138
BLOCK12/SES126/SA126S26	SES180	-0.344872	-8.39625	-8.05138
BLOCK12/SES126/SA126S26	SES202	-0.364117	-8.4155	-8.05138
BLOCK12/SES128/SA128S10	SES087	-2.14474	-10.5216	-8.37685
BLOCK12/SES128/SA128S10	SES206	-0.907697	-9.28454	-8.37685
BLOCK12/SES128/SA128S10	SES226	-0.0622129	-8.43906	-8.37685
BLOCK12/SES128/SA128S10	SES270	-0.256686	-8.63353	-8.37685
BLOCK12/SES128/SA128S12	SES120	0.0584288	-8.31217	-8.3706
BLOCK12/SES128/SA128S12	SES158	-0.136457	-8.50706	-8.3706
BLOCK12/SES128/SA128S12	SES206	-0.056633	-8.42723	-8.3706
BLOCK12/SES128/SA128S12	SES226	-1.16281	-9.53341	-8.3706
BLOCK12/SES128/SA128S21	SES106	-0.504926	-8.76954	-8.26462
BLOCK12/SES128/SA128S21	SES120	-0.383999	-8.64862	-8.26462
BLOCK12/SES128/SA128S21	SES206	-0.126169	-8.39079	-8.26462
BLOCK12/SES128/SA128S21	SES226	0.668236	-7.59638	-8.26462
BLOCK12/SES128/SA128S24	SES087	-0.841911	-9.67044	-8.82853
BLOCK12/SES128/SA128S24	SES120	-0.290154	-9.11868	-8.82853
BLOCK12/SES128/SA128S24	SES206	0.0839596	-8.74457	-8.82853
BLOCK12/SES128/SA128S24	SES226	-1.21372	-10.0422	-8.82853
BLOCK12/SES128/SA128S27	SES099	0.0794697	-7.57398	-7.65345
BLOCK12/SES128/SA128S27	SES120	0.0595598	-7.59389	-7.65345
BLOCK12/SES128/SA128S27	SES206	-0.681285	-8.33473	-7.65345
BLOCK12/SES128/SA128S27	SES226	-0.644253	-8.2977	-7.65345
BLOCK13/SES130/SA130S13	SES143	-0.309216	-9.21168	-8.90246
BLOCK13/SES130/SA130S13	SES144	0.275759	-8.6267	-8.90246
BLOCK13/SES130/SA130S13	SES146	-1.90906	-10.8115	-8.90246
BLOCK13/SES130/SA130S13	SES275	-2.28192	-11.1844	-8.90246
BLOCK13/SES130/SA130S15	SES143	-0.862253	-8.25324	-7.39098
BLOCK13/SES130/SA130S15	SES144	0.162916	-7.22807	-7.39098
BLOCK13/SES130/SA130S15	SES146	-0.554471	-7.94546	-7.39098
BLOCK13/SES130/SA130S15	SES275	-1.01952	-8.4105	-7.39098
BLOCK13/SES130/SA130S23	SES127	-0.75803	-9.15728	-8.39925
BLOCK13/SES130/SA130S23	SES144	-0.0131702	-8.41242	-8.39925
BLOCK13/SES130/SA130S23	SES146	-0.553415	-8.95267	-8.39925
BLOCK13/SES130/SA130S23	SES162	-0.403996	-8.80325	-8.39925
BLOCK13/SES130/SA130S25	SES127	-0.763734	-7.69171	-6.92798
BLOCK13/SES130/SA130S25	SES144	-0.0916276	-7.01961	-6.92798
BLOCK13/SES130/SA130S25	SES146	-0.545995	-7.47397	-6.92798
BLOCK13/SES130/SA130S25	SES275	-1.05415	-7.98213	-6.92798
BLOCK13/SES130/SA130S28	SES127	-0.478179	-8.67601	-8.19783
BLOCK13/SES130/SA130S28	SES144	-0.480951	-8.67878	-8.19783
BLOCK13/SES130/SA130S28	SES146	-0.201062	-8.3989	-8.19783
BLOCK13/SES130/SA130S28	SES275	-0.774487	-8.97232	-8.19783
BLOCK13/SES131/SA131S13	SES002	-0.713617	-9.87034	-9.15672
BLOCK13/SES131/SA131S13	SES007	-0.681734	-9.83846	-9.15672
BLOCK13/SES131/SA131S13	SES099	0.400588	-8.75614	-9.15672
BLOCK13/SES131/SA131S13	SES105	-0.716369	-9.87309	-9.15672
BLOCK13/SES131/SA131S14	SES104	-0.420684	-7.02168	-6.601
BLOCK13/SES131/SA131S14	SES106	-1.81719	-8.41819	-6.601
BLOCK13/SES131/SA131S14	SES125	-1.1318	-7.7328	-6.601
BLOCK13/SES131/SA131S14	SES148	0.10984	-6.49116	-6.601
BLOCK13/SES131/SA131S20	SES104	-0.579336	-9.94036	-9.36102
BLOCK13/SES131/SA131S20	SES106	-1.10735	-10.4684	-9.36102
BLOCK13/SES131/SA131S20	SES125	-0.452278	-9.8133	-9.36102
BLOCK13/SES131/SA131S20	SES148	-1.13079	-10.4918	-9.36102
BLOCK13/SES131/SA131S22	SES099	-0.313362	-7.65485	-7.34149
BLOCK13/SES131/SA131S22	SES104	-0.567516	-7.909	-7.34149
BLOCK13/SES131/SA131S22	SES125	-0.260628	-7.60212	-7.34149
BLOCK13/SES131/SA131S22	SES206	-0.527802	-7.86929	-7.34149
BLOCK13/SES131/SA131S29	SES087	-1.17425	-10.274	-9.0997
BLOCK13/SES131/SA131S29	SES104	-1.20732	-10.307	-9.0997
BLOCK13/SES131/SA131S29	SES125	-3.45115	-12.5508	-9.0997
BLOCK13/SES131/SA131S29	SES206	-1.73589	-10.8356	-9.0997
BLOCK13/SES132/SA132S11	SES083	-1.1188	-8.9828	-7.86399
BLOCK13/SES132/SA132S11	SES120	0.0352931	-7.8287	-7.86399
BLOCK13/SES132/SA132S11	SES127	-1.71545	-9.57945	-7.86399
BLOCK13/SES132/SA132S11	SES275	-1.20614	-9.07013	-7.86399
BLOCK13/SES132/SA132S12	SES083	-1.59562	-9.03784	-7.44222
BLOCK13/SES132/SA132S12	SES143	-2.16135	-9.60357	-7.44222
BLOCK13/SES132/SA132S12	SES144	-0.865266	-8.30748	-7.44222
BLOCK13/SES132/SA132S12	SES148	-1.50206	-8.94428	-7.44222
BLOCK13/SES132/SA132S22	SES062	-0.567741	-8.49563	-7.92789
BLOCK13/SES132/SA132S22	SES083	-1.57266	-9.50055	-7.92789
BLOCK13/SES132/SA132S22	SES127	-1.69329	-9.62118	-7.92789
BLOCK13/SES132/SA132S22	SES275	-0.858961	-8.78685	-7.92789
BLOCK13/SES132/SA132S24	SES007	-0.529838	-7.80231	-7.27247
BLOCK13/SES132/SA132S24	SES083	-1.48916	-8.76163	-7.27247
BLOCK13/SES132/SA132S24	SES127	-1.90426	-9.17673	-7.27247
BLOCK13/SES132/SA132S24	SES275	-1.10772	-8.38018	-7.27247
BLOCK13/SES132/SA132S27	SES083	-1.81692	-10.6455	-8.82859
BLOCK13/SES132/SA132S27	SES120	0.765332	-8.06326	-8.82859
BLOCK13/SES132/SA132S27	SES127	-2.72769	-11.5563	-8.82859
BLOCK13/SES132/SA132S27	SES275	-1.66533	-10.4939	-8.82859
BLOCK14/SES141/SA141S09	SES143	-0.891369	-8.05584	-7.16447
BLOCK14/SES141/SA141S09	SES144	-0.125932	-7.29041	-7.16447
BLOCK14/SES141/SA141S09	SES162	-0.781214	-7.94569	-7.16447
BLOCK14/SES141/SA141S09	SES180	-0.626649	-7.79112	-7.16447
BLOCK14/SES141/SA141S15	SES127	-1.22544	-9.35954	-8.1341
BLOCK14/SES141/SA141S15	SES144	-0.513973	-8.64807	-8.1341
BLOCK14/SES141/SA141S15	SES162	-1.21845	-9.35255	-8.1341
BLOCK14/SES141/SA141S15	SES180	-0.785348	-8.91945	-8.1341
BLOCK14/SES141/SA141S24	SES127	-1.61883	-9.32328	-7.70445
BLOCK14/SES141/SA141S24	SES144	-1.06396	-8.7684	-7.70445
BLOCK14/SES141/SA141S24	SES162	-1.27145	-8.9759	-7.70445
BLOCK14/SES141/SA141S24	SES183	-1.73484	-9.43929	-7.70445
BLOCK14/SES141/SA141S26	SES142	-0.112621	-8.50576	-8.39314
BLOCK14/SES141/SA141S26	SES144	-1.22834	-9.62148	-8.39314
BLOCK14/SES141/SA141S26	SES172	-1.05035	-9.44349	-8.39314
BLOCK14/SES141/SA141S26	SES180	-0.611159	-9.0043	-8.39314
BLOCK14/SES141/SA141S29	SES127	-0.501548	-7.85857	-7.35703
BLOCK14/SES141/SA141S29	SES142	0.260487	-7.09654	-7.35703
BLOCK14/SES141/SA141S29	SES144	-0.276811	-7.63384	-7.35703
BLOCK14/SES141/SA141S29	SES180	-0.168135	-7.52516	-7.35703
BLOCK15/SES157/SA157S08	SES083	-1.16788	-8.52748	-7.3596
BLOCK15/SES157/SA157S08	SES127	-0.661066	-8.02067	-7.3596
BLOCK15/SES157/SA157S08	SES148	-0.208007	-7.56761	-7.3596
BLOCK15/SES157/SA157S08	SES292	-1.30465	-8.66425	-7.3596
BLOCK15/SES157/SA157S11	SES083	-1.40944	-9.38955	-7.98012
BLOCK15/SES157/SA157S11	SES127	-1.02957	-9.00969	-7.98012
BLOCK15/SES157/SA157S11	SES148	-1.47074	-9.45085	-7.98012
BLOCK15/SES157/SA157S11	SES292	-1.66726	-9.64738	-7.98012
BLOCK15/SES157/SA157S21	SES127	-0.0525942	-7.04686	-6.99426
BLOCK15/SES157/SA157S21	SES148	0.0564966	-6.93777	-6.99426
BLOCK15/SES157/SA157S21	SES158	-3.57234	-10.5666	-6.99426
BLOCK15/SES157/SA157S21	SES292	-1.11881	-8.11307	-6.99426
BLOCK15/SES157/SA157S24	SES127	-0.309	-8.65237	-8.34337
BLOCK15/SES157/SA157S24	SES148	-0.39624	-8.73961	-8.34337
BLOCK15/SES157/SA157S24	SES183	-0.841858	-9.18523	-8.34337
BLOCK15/SES157/SA157S24	SES292	-1.31173	-9.6551	-8.34337
BLOCK15/SES157/SA157S26	SES007	-0.778409	-8.15331	-7.3749
BLOCK15/SES157/SA157S26	SES127	-0.694969	-8.06987	-7.3749
BLOCK15/SES157/SA157S26	SES147	-1.16359	-8.5385	-7.3749
BLOCK15/SES157/SA157S26	SES148	-1.00911	-8.38402	-7.3749
BLOCK16/SES161/SA161S10	SES007	-0.709671	-8.53187	-7.8222
BLOCK16/SES161/SA161S10	SES105	-0.933842	-8.75604	-7.8222
BLOCK16/SES161/SA161S10	SES158	-1.14894	-8.97114	-7.8222
BLOCK16/SES161/SA161S10	SES275	-0.554798	-8.377	-7.8222
BLOCK16/SES161/SA161S12	SES007	-1.93814	-11.389	-9.4509
BLOCK16/SES161/SA161S12	SES105	-2.51761	-11.9685	-9.4509
BLOCK16/SES161/SA161S12	SES158	-0.698802	-10.1497	-9.4509
BLOCK16/SES161/SA161S12	SES275	-3.27528	-12.7262	-9.4509
BLOCK16/SES161/SA161S20	SES007	-0.521987	-10.0255	-9.50349
BLOCK16/SES161/SA161S20	SES105	-2.09998	-11.6035	-9.50349
BLOCK16/SES161/SA161S20	SES158	0.0939474	-9.40954	-9.50349
BLOCK16/SES161/SA161S20	SES275	-1.82851	-11.332	-9.50349
BLOCK16/SES161/SA161S23	SES007	-2.33586	-11.621	-9.28515
BLOCK16/SES161/SA161S23	SES105	-1.25396	-10.5391	-9.28515
BLOCK16/SES161/SA161S23	SES148	-2.17521	-11.4604	-9.28515
BLOCK16/SES161/SA161S23	SES158	-2.17277	-11.4579	-9.28515
BLOCK16/SES161/SA161S28	SES007	-1.25594	-9.90892	-8.65297
BLOCK16/SES161/SA161S28	SES105	-2.57091	-11.2239	-8.65297
BLOCK16/SES161/SA161S28	SES158	-0.146022	-8.79899	-8.65297
BLOCK16/SES161/SA161S28	SES206	-0.69468	-9.34765	-8.65297
BLOCK16/SES164/SA164S11	SES104	-0.622132	-9.00454	-8.38241
BLOCK16/SES164/SA164S11	SES125	0.0261831	-8.35623	-8.38241
BLOCK16/SES164/SA164S11	SES158	-1.01425	-9.39667	-8.38241
BLOCK16/SES164/SA164S11	SES206	-1.59493	-9.97734	-8.38241
BLOCK16/SES164/SA164S13	SES099	-1.67642	-10.7969	-9.12046
BLOCK16/SES164/SA164S13	SES104	-0.148657	-9.26912	-9.12046
BLOCK16/SES164/SA164S13	SES125	-0.626258	-9.74672	-9.12046
BLOCK16/SES164/SA164S13	SES206	-1.45896	-10.5794	-9.12046
BLOCK16/SES164/SA164S24	SES002	0.671117	-7.69912	-8.37024
BLOCK16/SES164/SA164S24	SES099	-0.493924	-8.86416	-8.37024
BLOCK16/SES164/SA164S24	SES125	-0.547747	-8.91798	-8.37024
BLOCK16/SES164/SA164S24	SES226	0.98955	-7.38069	-8.37024
BLOCK16/SES164/SA164S27	SES087	-2.4276	-11.4109	-8.98329
BLOCK16/SES164/SA164S27	SES125	-0.622675	-9.60596	-8.98329
BLOCK16/SES164/SA164S27	SES206	-1.83353	-10.8168	-8.98329
BLOCK16/SES164/SA164S27	SES226	0.289993	-8.69329	-8.98329
BLOCK16/SES164/SA164S29	SES002	0.0829973	-8.53056	-8.61356
BLOCK16/SES164/SA164S29	SES019	-0.89883	-9.51239	-8.61356
BLOCK16/SES164/SA164S29	SES125	-0.336355	-8.94992	-8.61356
BLOCK16/SES164/SA164S29	SES226	-0.0154171	-8.62898	-8.61356
BLOCK16/SES169/SA169S13	SES117	-1.11791	-9.1706	-8.05269
BLOCK16/SES169/SA169S13	SES144	-0.484745	-8.53743	-8.05269
BLOCK16/SES169/SA169S13	SES146	-0.485848	-8.53854	-8.05269
BLOCK16/SES169/SA169S13	SES162	-0.866629	-8.91932	-8.05269
BLOCK16/SES169/SA169S14	SES144	-0.769612	-7.3672	-6.59759
BLOCK16/SES169/SA169S14	SES148	-0.420273	-7.01786	-6.59759
BLOCK16/SES169/SA169S14	SES177	-0.234443	-6.83203	-6.59759
BLOCK16/SES169/SA169S14	SES180	-0.804782	-7.40237	-6.59759
BLOCK16/SES169/SA169S24	SES117	-0.717205	-9.32491	-8.60771
BLOCK16/SES169/SA169S24	SES144	-0.749578	-9.35728	-8.60771
BLOCK16/SES169/SA169S24	SES146	-0.551927	-9.15963	-8.60771
BLOCK16/SES169/SA169S24	SES162	-0.811775	-9.41948	-8.60771
BLOCK16/SES169/SA169S27	SES127	-0.503268	-8.31359	-7.81032
BLOCK16/SES169/SA169S27	SES129	-0.449163	-8.25948	-7.81032
BLOCK16/SES169/SA169S27	SES144	-0.574891	-8.38521	-7.81032
BLOCK16/SES169/SA169S27	SES146	-0.403082	-8.2134	-7.81032
BLOCK16/SES169/SA169S29	SES144	-0.251566	-7.11386	-6.8623
BLOCK16/SES169/SA169S29	SES162	-0.259412	-7.12171	-6.8623
BLOCK16/SES169/SA169S29	SES177	-0.804635	-7.66693	-6.8623
BLOCK16/SES169/SA169S29	SES180	-0.679594	-7.54189	-6.8623
BLOCK17/SES171/SA171S12	SES083	-0.369305	-9.58104	-9.21173
BLOCK17/SES171/SA171S12	SES148	-1.77848	-10.9902	-9.21173
BLOCK17/SES171/SA171S12	SES172	-0.792	-10.0037	-9.21173
BLOCK17/SES171/SA171S12	SES292	-1.95583	-11.1676	-9.21173
BLOCK17/SES171/SA171S15	SES148	-0.715725	-9.11768	-8.40195
BLOCK17/SES171/SA171S15	SES177	-0.510737	-8.91269	-8.40195
BLOCK17/SES171/SA171S15	SES180	-2.22451	-10.6265	-8.40195
BLOCK17/SES171/SA171S15	SES292	-1.26015	-9.6621	-8.40195
BLOCK17/SES171/SA171S22	SES007	-0.394951	-7.13493	-6.73997
BLOCK17/SES171/SA171S22	SES148	-0.407746	-7.14772	-6.73997
BLOCK17/SES171/SA171S22	SES177	-0.291944	-7.03192	-6.73997
BLOCK17/SES171/SA171S22	SES180	-1.24745	-7.98742	-6.73997
BLOCK17/SES171/SA171S25	SES101	-0.988445	-9.20301	-8.21456
BLOCK17/SES171/SA171S25	SES120	-3.19042	-11.405	-8.21456
BLOCK17/SES171/SA171S25	SES177	-1.04534	-9.2599	-8.21456
BLOCK17/SES171/SA171S25	SES180	-1.44366	-9.65822	-8.21456
BLOCK17/SES171/SA171S27	SES177	-0.552828	-9.33062	-8.7778
BLOCK17/SES171/SA171S27	SES180	-2.03819	-10.816	-8.7778
BLOCK17/SES171/SA171S27	SES189	-0.285034	-9.06283	-8.7778
BLOCK17/SES171/SA171S27	SES292	-1.26005	-10.0378	-8.7778
BLOCK17/SES173/SA173S13	SES162	-1.94043	-9.76992	-7.82949
BLOCK17/SES173/SA173S13	SES177	-0.766029	-8.59552	-7.82949
BLOCK17/SES173/SA173S13	SES180	-1.13329	-8.96278	-7.82949
BLOCK17/SES173/SA173S13	SES292	0.0551395	-7.77435	-7.82949
BLOCK17/SES173/SA173S14	SES007	-0.725004	-8.44642	-7.72142
BLOCK17/SES173/SA173S14	SES162	-2.17283	-9.89425	-7.72142
BLOCK17/SES173/SA173S14	SES177	-1.27554	-8.99696	-7.72142
BLOCK17/SES173/SA173S14	SES180	-1.3372	-9.05862	-7.72142
BLOCK17/SES173/SA173S24	SES144	-1.92276	-10.0431	-8.12032
BLOCK17/SES173/SA173S24	SES162	-2.05471	-10.175	-8.12032
BLOCK17/SES173/SA173S24	SES177	-0.542147	-8.66247	-8.12032
BLOCK17/SES173/SA173S24	SES180	-1.59574	-9.71606	-8.12032
BLOCK17/SES173/SA173S27	SES162	-3.56974	-11.4327	-7.86299
BLOCK17/SES173/SA173S27	SES177	-1.42209	-9.28508	-7.86299
BLOCK17/SES173/SA173S27	SES180	-1.45209	-9.31508	-7.86299
BLOCK17/SES173/SA173S27	SES292	-0.193865	-8.05685	-7.86299
BLOCK17/SES173/SA173S29	SES162	-1.47206	-9.75188	-8.27981
BLOCK17/SES173/SA173S29	SES175	-0.510209	-8.79002	-8.27981
BLOCK17/SES173/SA173S29	SES177	-0.470349	-8.75016	-8.27981
BLOCK17/SES173/SA173S29	SES292	-0.891366	-9.17118	-8.27981
BLOCK18/SES182/SA182S10	SES144	-1.29063	-8.23196	-6.94134
BLOCK18/SES182/SA182S10	SES177	-1.2321	-8.17344	-6.94134
BLOCK18/SES182/SA182S10	SES180	-2.0978	-9.03914	-6.94134
BLOCK18/SES182/SA182S10	SES275	-1.18906	-8.1304	-6.94134
BLOCK18/SES182/SA182S12	SES144	-0.941079	-7.89951	-6.95843
BLOCK18/SES182/SA182S12	SES177	-0.850307	-7.80874	-6.95843
BLOCK18/SES182/SA182S12	SES180	-1.90513	-8.86356	-6.95843
BLOCK18/SES182/SA182S12	SES275	-0.914964	-7.8734	-6.95843
BLOCK18/SES182/SA182S21	SES117	-1.38008	-10.1699	-8.78983
BLOCK18/SES182/SA182S21	SES144	-0.718163	-9.50799	-8.78983
BLOCK18/SES182/SA182S21	SES162	-0.989004	-9.77884	-8.78983
BLOCK18/SES182/SA182S21	SES180	-1.83176	-10.6216	-8.78983
BLOCK18/SES182/SA182S23	SES117	-1.52389	-10.5249	-9.00104
BLOCK18/SES182/SA182S23	SES144	-1.62653	-10.6276	-9.00104
BLOCK18/SES182/SA182S23	SES180	-2.32952	-11.3306	-9.00104
BLOCK18/SES182/SA182S23	SES275	-1.76039	-10.7614	-9.00104
BLOCK18/SES182/SA182S25	SES007	0.0509844	-8.19569	-8.24668
BLOCK18/SES182/SA182S25	SES162	-0.738299	-8.98498	-8.24668
BLOCK18/SES182/SA182S25	SES177	-0.501395	-8.74807	-8.24668
BLOCK18/SES182/SA182S25	SES180	-1.51133	-9.75801	-8.24668
BLOCK18/SES184/SA184S12	SES177	-0.985972	-8.48002	-7.49405
BLOCK18/SES184/SA184S12	SES180	-0.0618286	-7.55588	-7.49405
BLOCK18/SES184/SA184S12	SES189	-1.45835	-8.9524	-7.49405
BLOCK18/SES184/SA184S12	SES292	-0.226164	-7.72021	-7.49405
BLOCK18/SES184/SA184S13	SES101	-0.706398	-8.55849	-7.85209
BLOCK18/SES184/SA184S13	SES177	-0.665359	-8.51745	-7.85209
BLOCK18/SES184/SA184S13	SES180	-0.650751	-8.50284	-7.85209
BLOCK18/SES184/SA184S13	SES292	-0.708179	-8.56027	-7.85209
BLOCK18/SES184/SA184S22	SES177	-0.950724	-8.97871	-8.02798
BLOCK18/SES184/SA184S22	SES180	0.0521193	-7.97586	-8.02798
BLOCK18/SES184/SA184S22	SES189	-1.28688	-9.31486	-8.02798
BLOCK18/SES184/SA184S22	SES292	-0.716693	-8.74467	-8.02798
BLOCK18/SES184/SA184S25	SES101	-0.785293	-8.42166	-7.63637
BLOCK18/SES184/SA184S25	SES177	-1.10219	-8.73856	-7.63637
BLOCK18/SES184/SA184S25	SES180	-0.190291	-7.82666	-7.63637
BLOCK18/SES184/SA184S25	SES292	-0.617212	-8.25358	-7.63637
BLOCK18/SES184/SA184S27	SES083	-1.01654	-8.64619	-7.62965
BLOCK18/SES184/SA184S27	SES177	-0.459414	-8.08907	-7.62965
BLOCK18/SES184/SA184S27	SES202	-0.919424	-8.54908	-7.62965
BLOCK18/SES184/SA184S27	SES292	-0.752483	-8.38214	-7.62965
BLOCK20/SES204/SA204S12	SES062	-0.69808	-7.97049	-7.27241
BLOCK20/SES204/SA204S12	SES083	-1.8169	-9.0893	-7.27241
BLOCK20/SES204/SA204S12	SES206	-0.598191	-7.8706	-7.27241
BLOCK20/SES204/SA204S12	SES226	-0.798495	-8.0709	-7.27241
BLOCK20/SES204/SA204S14	SES068	-0.0147257	-6.68103	-6.66631
BLOCK20/SES204/SA204S14	SES087	0.0741858	-6.59212	-6.66631
BLOCK20/SES204/SA204S14	SES206	-0.890427	-7.55673	-6.66631
BLOCK20/SES204/SA204S14	SES226	-1.12987	-7.79618	-6.66631
BLOCK20/SES204/SA204S22	SES068	-0.361319	-7.69218	-7.33086
BLOCK20/SES204/SA204S22	SES082	-0.695983	-8.02684	-7.33086
BLOCK20/SES204/SA204S22	SES083	-2.18169	-9.51255	-7.33086
BLOCK20/SES204/SA204S22	SES206	-0.488992	-7.81985	-7.33086
BLOCK20/SES204/SA204S25	SES062	-0.798403	-7.88026	-7.08186
BLOCK20/SES204/SA204S25	SES083	-1.76967	-8.85152	-7.08186
BLOCK20/SES204/SA204S25	SES206	-0.222064	-7.30392	-7.08186
BLOCK20/SES204/SA204S25	SES226	-0.994326	-8.07618	-7.08186
BLOCK20/SES204/SA204S27	SES068	-0.250257	-8.29632	-8.04606
BLOCK20/SES204/SA204S27	SES082	-1.4253	-9.47136	-8.04606
BLOCK20/SES204/SA204S27	SES087	0.301841	-7.74422	-8.04606
BLOCK20/SES204/SA204S27	SES206	-1.30429	-9.35035	-8.04606
BLOCK20/SES207/SA207S10	SES127	-1.68834	-9.23956	-7.55122
BLOCK20/SES207/SA207S10	SES183	-1.20376	-8.75498	-7.55122
BLOCK20/SES207/SA207S10	SES189	-0.609856	-8.16108	-7.55122
BLOCK20/SES207/SA207S10	SES292	-1.73534	-9.28656	-7.55122
BLOCK20/SES207/SA207S11	SES127	-1.11929	-9.72303	-8.60374
BLOCK20/SES207/SA207S11	SES183	-1.4285	-10.0322	-8.60374
BLOCK20/SES207/SA207S11	SES187	-0.661945	-9.26569	-8.60374
BLOCK20/SES207/SA207S11	SES292	-0.379026	-8.98277	-8.60374
BLOCK20/SES207/SA207S25	SES068	-0.925516	-9.37641	-8.45089
BLOCK20/SES207/SA207S25	SES083	-1.87412	-10.325	-8.45089
BLOCK20/SES207/SA207S25	SES127	-0.662559	-9.11345	-8.45089
BLOCK20/SES207/SA207S25	SES187	-0.793132	-9.24403	-8.45089
BLOCK20/SES207/SA207S27	SES127	-1.29615	-9.64714	-8.35099
BLOCK20/SES207/SA207S27	SES183	-1.51112	-9.86211	-8.35099
BLOCK20/SES207/SA207S27	SES187	-0.641423	-8.99241	-8.35099
BLOCK20/SES207/SA207S27	SES292	-1.52363	-9.87462	-8.35099
BLOCK20/SES207/SA207S29	SES083	-2.10382	-10.0661	-7.96225
BLOCK20/SES207/SA207S29	SES085	-0.935249	-8.89749	-7.96225
BLOCK20/SES207/SA207S29	SES172	-0.435316	-8.39756	-7.96225
BLOCK20/SES207/SA207S29	SES189	-1.90698	-9.86923	-7.96225
BLOCK22/SES221/SA221S12	SES068	-0.0659819	-7.01493	-6.94895
BLOCK22/SES221/SA221S12	SES143	-1.54489	-8.49384	-6.94895
BLOCK22/SES221/SA221S12	SES175	-0.534504	-7.48346	-6.94895
BLOCK22/SES221/SA221S12	SES202	-0.725162	-7.67411	-6.94895
BLOCK22/SES221/SA221S15	SES085	-0.164875	-7.54178	-7.37691
BLOCK22/SES221/SA221S15	SES143	-1.02953	-8.40643	-7.37691
BLOCK22/SES221/SA221S15	SES175	-0.45389	-7.8308	-7.37691
BLOCK22/SES221/SA221S15	SES187	-0.843394	-8.2203	-7.37691
BLOCK22/SES221/SA221S23	SES068	0.374327	-6.89607	-7.27039
BLOCK22/SES221/SA221S23	SES143	-1.26896	-8.53936	-7.27039
BLOCK22/SES221/SA221S23	SES175	-0.680156	-7.95055	-7.27039
BLOCK22/SES221/SA221S23	SES189	-1.17917	-8.44956	-7.27039
BLOCK22/SES221/SA221S27	SES085	0.492489	-7.43131	-7.9238
BLOCK22/SES221/SA221S27	SES143	-1.08193	-9.00573	-7.9238
BLOCK22/SES221/SA221S27	SES175	-0.751235	-8.67504	-7.9238
BLOCK22/SES221/SA221S27	SES189	-0.667832	-8.59163	-7.9238
BLOCK22/SES221/SA221S29	SES085	0.359146	-6.89223	-7.25138
BLOCK22/SES221/SA221S29	SES143	-0.979497	-8.23088	-7.25138
BLOCK22/SES221/SA221S29	SES175	-0.327532	-7.57891	-7.25138
BLOCK22/SES221/SA221S29	SES187	-1.02344	-8.27481	-7.25138
BLOCK22/SES223/SA223S11	SES143	-0.912669	-8.8521	-7.93943
BLOCK22/SES223/SA223S11	SES144	-1.60448	-9.54392	-7.93943
BLOCK22/SES223/SA223S11	SES175	-0.353359	-8.29279	-7.93943
BLOCK22/SES223/SA223S11	SES187	-1.0863	-9.02574	-7.93943
BLOCK22/SES223/SA223S13	SES068	0.0435076	-7.85749	-7.901
BLOCK22/SES223/SA223S13	SES143	-1.21363	-9.11463	-7.901
BLOCK22/SES223/SA223S13	SES146	-1.09185	-8.99285	-7.901
BLOCK22/SES223/SA223S13	SES202	-0.551558	-8.45256	-7.901
BLOCK22/SES223/SA223S22	SES143	-0.496224	-8.05547	-7.55925
BLOCK22/SES223/SA223S22	SES144	-1.80298	-9.36223	-7.55925
BLOCK22/SES223/SA223S22	SES175	-0.366112	-7.92536	-7.55925
BLOCK22/SES223/SA223S22	SES187	-1.10383	-8.66308	-7.55925
BLOCK22/SES223/SA223S25	SES068	-0.330525	-8.08709	-7.75656
BLOCK22/SES223/SA223S25	SES143	-1.28292	-9.03948	-7.75656
BLOCK22/SES223/SA223S25	SES175	-0.222173	-7.97874	-7.75656
BLOCK22/SES223/SA223S25	SES187	-0.971591	-8.72815	-7.75656
BLOCK22/SES223/SA223S27	SES143	-0.696801	-8.96683	-8.27003
BLOCK22/SES223/SA223S27	SES146	-1.40893	-9.67896	-8.27003
BLOCK22/SES223/SA223S27	SES187	-0.958677	-9.22871	-8.27003
BLOCK22/SES223/SA223S27	SES292	-0.156518	-8.42655	-8.27003
BLOCK27/SES273/SA273S12	SES099	0.0366344	-7.77097	-7.8076
BLOCK27/SES273/SA273S12	SES104	0.333731	-7.47387	-7.8076
BLOCK27/SES273/SA273S12	SES125	-0.193877	-8.00148	-7.8076
BLOCK27/SES273/SA273S12	SES206	0.253362	-7.55424	-7.8076
BLOCK27/SES273/SA273S13	SES099	-0.640936	-7.9289	-7.28797
BLOCK27/SES273/SA273S13	SES104	0.00723696	-7.28073	-7.28797
BLOCK27/SES273/SA273S13	SES206	-0.869895	-8.15786	-7.28797
BLOCK27/SES273/SA273S13	SES292	-0.800878	-8.08884	-7.28797
BLOCK27/SES273/SA273S21	SES099	-0.842087	-8.97349	-8.1314
BLOCK27/SES273/SA273S21	SES148	-1.66071	-9.79211	-8.1314
BLOCK27/SES273/SA273S21	SES149	-1.33372	-9.46512	-8.1314
BLOCK27/SES273/SA273S21	SES177	-1.39532	-9.52672	-8.1314
BLOCK27/SES273/SA273S25	SES104	0.297646	-8.18127	-8.47892
BLOCK27/SES273/SA273S25	SES125	-0.214588	-8.69351	-8.47892
BLOCK27/SES273/SA273S25	SES158	0.31354	-8.16538	-8.47892
BLOCK27/SES273/SA273S25	SES206	-0.416264	-8.89518	-8.47892
BLOCK27/SES273/SA273S27	SES099	-0.501164	-7.25479	-6.75363
BLOCK27/SES273/SA273S27	SES104	-0.380718	-7.13434	-6.75363
BLOCK27/SES273/SA273S27	SES149	-0.774744	-7.52837	-6.75363
BLOCK27/SES273/SA273S27	SES275	-0.911661	-7.66529	-6.75363
BLOCK27/SES274/SA274S10	SES105	-1.78457	-8.50746	-6.7229
BLOCK27/SES274/SA274S10	SES125	-1.45997	-8.18287	-6.7229
BLOCK27/SES274/SA274S10	SES129	-0.0304861	-6.75338	-6.7229
BLOCK27/SES274/SA274S10	SES158	-3.43964	-10.1625	-6.7229
BLOCK27/SES274/SA274S11	SES105	-1.02187	-7.82133	-6.79946
BLOCK27/SES274/SA274S11	SES149	-0.412596	-7.21205	-6.79946
BLOCK27/SES274/SA274S11	SES158	-1.05868	-7.85814	-6.79946
BLOCK27/SES274/SA274S11	SES275	-0.239422	-7.03888	-6.79946
BLOCK27/SES274/SA274S21	SES105	-1.12593	-8.16645	-7.04052
BLOCK27/SES274/SA274S21	SES129	0.0321789	-7.00834	-7.04052
BLOCK27/SES274/SA274S21	SES149	-1.45079	-8.49131	-7.04052
BLOCK27/SES274/SA274S21	SES158	-2.58914	-9.62967	-7.04052
BLOCK27/SES274/SA274S24	SES105	-1.48425	-9.45435	-7.9701
BLOCK27/SES274/SA274S24	SES129	0.588218	-7.38188	-7.9701
BLOCK27/SES274/SA274S24	SES149	-1.89709	-9.86719	-7.9701
BLOCK27/SES274/SA274S24	SES158	-4.21096	-12.1811	-7.9701
BLOCK27/SES274/SA274S29	SES105	-1.25136	-8.76771	-7.51635
BLOCK27/SES274/SA274S29	SES106	-1.3451	-8.86144	-7.51635
BLOCK27/SES274/SA274S29	SES120	-0.690386	-8.20673	-7.51635
BLOCK27/SES274/SA274S29	SES275	-0.527251	-8.0436	-7.51635
BLOCK27/SES276/SA276S16	SES148	-0.296789	-7.45846	-7.16167
BLOCK27/SES276/SA276S16	SES172	0.119372	-7.0423	-7.16167
BLOCK27/SES276/SA276S16	SES180	-0.470701	-7.63237	-7.16167
BLOCK27/SES276/SA276S16	SES292	-0.422904	-7.58457	-7.16167
BLOCK27/SES276/SA276S17	SES101	-0.870492	-8.5625	-7.692
BLOCK27/SES276/SA276S17	SES177	-1.40939	-9.10139	-7.692
BLOCK27/SES276/SA276S17	SES180	-1.09553	-8.78754	-7.692
BLOCK27/SES276/SA276S17	SES292	-0.721782	-8.41379	-7.692
BLOCK27/SES276/SA276S24	SES101	-0.366749	-7.27552	-6.90877
BLOCK27/SES276/SA276S24	SES177	-0.607807	-7.51658	-6.90877
BLOCK27/SES276/SA276S24	SES180	-0.933985	-7.84276	-6.90877
BLOCK27/SES276/SA276S24	SES292	-0.969234	-7.87801	-6.90877
BLOCK27/SES276/SA276S26	SES101	-0.725687	-7.69103	-6.96535
BLOCK27/SES276/SA276S26	SES177	-0.839946	-7.80529	-6.96535
BLOCK27/SES276/SA276S26	SES180	-0.458214	-7.42356	-6.96535
BLOCK27/SES276/SA276S26	SES292	-0.0445266	-7.00987	-6.96535
BLOCK27/SES276/SA276S28	SES101	-0.321215	-7.45852	-7.13731
BLOCK27/SES276/SA276S28	SES177	-0.85861	-7.99592	-7.13731
BLOCK27/SES276/SA276S28	SES180	-0.195513	-7.33282	-7.13731
BLOCK27/SES276/SA276S28	SES292	0.00767326	-7.12963	-7.13731
BLOCK27/SES277/SA277S12	SES101	-0.172386	-8.98478	-8.81239
BLOCK27/SES277/SA277S12	SES177	-1.64452	-10.4569	-8.81239
BLOCK27/SES277/SA277S12	SES180	-1.16783	-9.98023	-8.81239
BLOCK27/SES277/SA277S12	SES292	-1.0407	-9.85309	-8.81239
BLOCK27/SES277/SA277S14	SES177	-0.68665	-9.70411	-9.01746
BLOCK27/SES277/SA277S14	SES180	-1.25765	-10.2751	-9.01746
BLOCK27/SES277/SA277S14	SES189	0.194913	-8.82254	-9.01746
BLOCK27/SES277/SA277S14	SES292	-1.54933	-10.5668	-9.01746
BLOCK27/SES277/SA277S21	SES177	-0.0810204	-9.16231	-9.08129
BLOCK27/SES277/SA277S21	SES180	-0.734542	-9.81583	-9.08129
BLOCK27/SES277/SA277S21	SES189	0.351521	-8.72977	-9.08129
BLOCK27/SES277/SA277S21	SES292	-1.62892	-10.7102	-9.08129
BLOCK27/SES277/SA277S24	SES144	0.191422	-9.22801	-9.41943
BLOCK27/SES277/SA277S24	SES177	-0.625057	-10.0445	-9.41943
BLOCK27/SES277/SA277S24	SES180	-1.7804	-11.1998	-9.41943
BLOCK27/SES277/SA277S24	SES189	0.594878	-8.82455	-9.41943
BLOCK27/SES277/SA277S29	SES177	-0.701751	-7.30919	-6.60744
BLOCK27/SES277/SA277S29	SES180	-0.480011	-7.08745	-6.60744
BLOCK27/SES277/SA277S29	SES202	-0.125261	-6.7327	-6.60744
BLOCK27/SES277/SA277S29	SES292	-1.2123	-7.81973	-6.60744
BLOCK27/SES279/SA279S09	SES120	-0.839922	-7.85702	-7.0171
BLOCK27/SES279/SA279S09	SES146	-1.00584	-8.02293	-7.0171
BLOCK27/SES279/SA279S09	SES206	-0.360577	-7.37767	-7.0171
BLOCK27/SES279/SA279S09	SES226	-0.870177	-7.88728	-7.0171
BLOCK27/SES279/SA279S10	SES099	-0.785659	-8.39429	-7.60863
BLOCK27/SES279/SA279S10	SES206	-1.26761	-8.87624	-7.60863
BLOCK27/SES279/SA279S10	SES226	-1.86944	-9.47807	-7.60863
BLOCK27/SES279/SA279S10	SES292	-0.114255	-7.72288	-7.60863
BLOCK27/SES279/SA279S20	SES099	-1.38033	-9.44295	-8.06262
BLOCK27/SES279/SA279S20	SES206	-0.576662	-8.63928	-8.06262
BLOCK27/SES279/SA279S20	SES226	-1.66323	-9.72585	-8.06262
BLOCK27/SES279/SA279S20	SES292	-0.0809889	-8.14361	-8.06262
BLOCK27/SES279/SA279S26	SES099	-0.113202	-8.58241	-8.4692
BLOCK27/SES279/SA279S26	SES206	-0.738723	-9.20793	-8.4692
BLOCK27/SES279/SA279S26	SES226	-1.41641	-9.88561	-8.4692
BLOCK27/SES279/SA279S26	SES292	0.505138	-7.96406	-8.4692
BLOCK27/SES279/SA279S28	SES099	-0.685855	-7.68692	-7.00107
BLOCK27/SES279/SA279S28	SES120	-0.438724	-7.43979	-7.00107
BLOCK27/SES279/SA279S28	SES177	-1.63593	-8.637	-7.00107
BLOCK27/SES279/SA279S28	SES206	-0.517919	-7.51898	-7.00107
BLOCK29/SES290/SA290S12	SES162	0.00768948	-6.11671	-6.1244
BLOCK29/SES290/SA290S12	SES177	-0.0429611	-6.16737	-6.1244
BLOCK29/SES290/SA290S12	SES180	-0.621311	-6.74572	-6.1244
BLOCK29/SES290/SA290S12	SES292	-0.914968	-7.03937	-6.1244
BLOCK29/SES290/SA290S13	SES007	0.137752	-6.61935	-6.75711
BLOCK29/SES290/SA290S13	SES162	-0.873139	-7.63025	-6.75711
BLOCK29/SES290/SA290S13	SES177	-0.628654	-7.38576	-6.75711
BLOCK29/SES290/SA290S13	SES180	-0.0312715	-6.78838	-6.75711
BLOCK29/SES290/SA290S22	SES177	-0.609159	-7.42817	-6.81901
BLOCK29/SES290/SA290S22	SES180	-0.482504	-7.30152	-6.81901
BLOCK29/SES290/SA290S22	SES202	-0.452625	-7.27164	-6.81901
BLOCK29/SES290/SA290S22	SES292	-0.229571	-7.04858	-6.81901
BLOCK29/SES290/SA290S25	SES162	-0.108349	-7.13914	-7.03079
BLOCK29/SES290/SA290S25	SES177	-0.244713	-7.27551	-7.03079
BLOCK29/SES290/SA290S25	SES180	-0.311211	-7.342	-7.03079
BLOCK29/SES290/SA290S25	SES292	-0.385708	-7.4165	-7.03079
BLOCK29/SES290/SA290S29	SES177	-0.258318	-6.737	-6.47868
BLOCK29/SES290/SA290S29	SES180	0.0328493	-6.44583	-6.47868
BLOCK29/SES290/SA290S29	SES275	-0.410628	-6.88931	-6.47868
BLOCK29/SES290/SA290S29	SES292	-0.296631	-6.77531	-6.47868
BLOCK29/SES291/SA291S11	SES105	-1.26483	-9.68639	-8.42157
BLOCK29/SES291/SA291S11	SES125	-0.874629	-9.2962	-8.42157
BLOCK29/SES291/SA291S11	SES158	0.0132732	-8.40829	-8.42157
BLOCK29/SES291/SA291S11	SES275	-0.679334	-9.1009	-8.42157
BLOCK29/SES291/SA291S12	SES158	0.438116	-7.35699	-7.7951
BLOCK29/SES291/SA291S12	SES226	-1.11017	-8.90527	-7.7951
BLOCK29/SES291/SA291S12	SES270	-0.640292	-8.43539	-7.7951
BLOCK29/SES291/SA291S12	SES275	-2.11129	-9.90639	-7.7951
BLOCK29/SES291/SA291S22	SES082	-0.310307	-8.35296	-8.04265
BLOCK29/SES291/SA291S22	SES158	0.172279	-7.87038	-8.04265
BLOCK29/SES291/SA291S22	SES259	-0.435244	-8.4779	-8.04265
BLOCK29/SES291/SA291S22	SES275	-1.31125	-9.3539	-8.04265
BLOCK29/SES291/SA291S24	SES104	0.294817	-7.21407	-7.50888
BLOCK29/SES291/SA291S24	SES125	-0.330879	-7.83976	-7.50888
BLOCK29/SES291/SA291S24	SES158	0.0476365	-7.46125	-7.50888
BLOCK29/SES291/SA291S24	SES275	-1.13104	-8.63992	-7.50888
BLOCK29/SES291/SA291S27	SES158	0.625734	-6.98413	-7.60987
BLOCK29/SES291/SA291S27	SES172	-1.62594	-9.2358	-7.60987
BLOCK29/SES291/SA291S27	SES275	-1.13653	-8.7464	-7.60987
BLOCK29/SES291/SA291S27	SES292	-0.194687	-7.80456	-7.60987
Threshold search:
THR	-5.70424997967	9	0(0)	1(1000)
THR	-5.6044531798733	8.991	0(0)	0.999(999)
THR	-5.5046563800766	8.991	0(0)	0.999(999)
THR	-5.4048595802799	8.991	0(0)	0.999(999)
THR	-5.3050627804832	8.991	0(0)	0.999(999)
THR	-5.2052659806865	8.991	0(0)	0.999(999)
THR	-5.1054691808898	8.991	0(0)	0.999(999)
THR	-5.0056723810931	8.991	0(0)	0.999(999)
THR	-4.9058755812964	8.991	0(0)	0.999(999)
THR	-4.8060787814997	8.991	0(0)	0.999(999)
THR	-4.706281981703	8.991	0(0)	0.999(999)
THR	-4.6064851819063	8.991	0(0)	0.999(999)
THR	-4.5066883821096	8.991	0(0)	0.999(999)
THR	-4.40689158231289	8.991	0(0)	0.999(999)
THR	-4.30709478251619	8.991	0(0)	0.999(999)
THR	-4.20729798271949	8.982	0(0)	0.998(998)
THR	-4.10750118292279	8.982	0(0)	0.998(998)
THR	-4.00770438312609	8.982	0(0)	0.998(998)
THR	-3.90790758332939	8.982	0(0)	0.998(998)
THR	-3.80811078353269	8.982	0(0)	0.998(998)
THR	-3.70831398373599	8.982	0(0)	0.998(998)
THR	-3.60851718393929	8.973	0(0)	0.997(997)
THR	-3.50872038414259	8.946	0(0)	0.994(994)
THR	-3.40892358434589	8.919	0(0)	0.991(991)
THR	-3.30912678454919	8.901	0(0)	0.989(989)
THR	-3.20932998475249	8.874	0(0)	0.986(986)
THR	-3.10953318495579	8.856	0(0)	0.984(984)
THR	-3.00973638515909	8.856	0(0)	0.984(984)
THR	-2.90993958536239	8.847	0(0)	0.983(983)
THR	-2.81014278556569	8.82	0(0)	0.98(980)
THR	-2.71034598576899	8.784	0(0)	0.976(976)
THR	-2.61054918597229	8.757	0(0)	0.973(973)
THR	-2.51075238617559	8.73	0(0)	0.97(970)
THR	-2.41095558637889	8.667	0(0)	0.963(963)
THR	-2.31115878658219	8.613	0(0)	0.957(957)
THR	-2.21136198678549	8.559	0(0)	0.951(951)
THR	-2.11156518698879	8.46	0(0)	0.94(940)
THR	-2.01176838719209	8.298	0(0)	0.922(922)
THR	-1.91197158739539	8.208	0(0)	0.912(912)
THR	-1.81217478759869	8.01	0(0)	0.89(890)
THR	-1.71237798780199	7.821	0(0)	0.869(869)
THR	-1.61258118800529	7.632	0(0)	0.848(848)
THR	-1.51278438820859	7.407	0(0)	0.823(823)
THR	-1.41298758841189	7.101	0(0)	0.789(789)
THR	-1.31319078861519	6.912	0(0)	0.768(768)
THR	-1.21339398881849	6.561	0(0)	0.729(729)
THR	-1.11359718902179	6.12	0(0)	0.68(680)
THR	-1.01380038922509	5.701	0.004(1)	0.633(633)
THR	-0.914003589428394	5.278	0.004(1)	0.586(586)
THR	-0.814206789631694	4.792	0.004(1)	0.532(532)
THR	-0.714409989834994	4.315	0.004(1)	0.479(479)
THR	-0.614613190038294	3.694	0.004(1)	0.41(410)
THR	-0.514816390241594	3.297	0.012(3)	0.365(365)
THR	-0.415019590444894	2.766	0.012(3)	0.306(306)
THR	-0.315222790648194	2.279	0.02(5)	0.251(251)
THR	-0.215425990851494	1.84	0.04(10)	0.2(200)
THR	-0.115629191054794	1.537	0.052(13)	0.165(165)
THR	-0.015832391258094	1.227	0.084(21)	0.127(127)
THR	0.083964408538606	0.91	0.136(34)	0.086(86)
THR	0.183761208335306	0.764	0.188(47)	0.064(64)
THR	0.283558008132006	0.668	0.236(59)	0.048(48)
THR	0.383354807928706	0.63	0.324(81)	0.034(34)
THR	0.483151607725406	0.607	0.364(91)	0.027(27)
THR	0.582948407522106	0.6	0.456(114)	0.016(16)
THR	0.682745207318806	0.629	0.548(137)	0.009(9)
THR	0.782542007115506	0.671	0.608(152)	0.007(7)
THR	0.882338806912206	0.728	0.692(173)	0.004(4)
THR	0.982135606708906	0.8	0.764(191)	0.004(4)
THR	1.08193240650561	0.83	0.812(203)	0.002(2)
THR	1.18172920630231	0.877	0.868(217)	0.001(1)
THR	1.28152600609901	0.896	0.896(224)	0(0)
THR	1.38132280589571	0.904	0.904(226)	0(0)
THR	1.48111960569241	0.912	0.912(228)	0(0)
THR	1.58091640548911	0.94	0.94(235)	0(0)
THR	1.68071320528581	0.952	0.952(238)	0(0)
THR	1.78051000508251	0.96	0.96(240)	0(0)
THR	1.88030680487921	0.964	0.964(241)	0(0)
THR	1.98010360467591	0.968	0.968(242)	0(0)
THR	2.07990040447261	0.98	0.98(245)	0(0)
THR	2.17969720426931	0.98	0.98(245)	0(0)
THR	2.27949400406601	0.984	0.984(246)	0(0)
THR	2.37929080386271	0.988	0.988(247)	0(0)
THR	2.47908760365941	0.988	0.988(247)	0(0)
THR	2.57888440345611	0.988	0.988(247)	0(0)
THR	2.67868120325281	0.988	0.988(247)	0(0)
THR	2.77847800304951	0.992	0.992(248)	0(0)
THR	2.87827480284621	0.992	0.992(248)	0(0)
THR	2.97807160264291	0.992	0.992(248)	0(0)
THR	3.07786840243961	0.992	0.992(248)	0(0)
THR	3.17766520223631	0.992	0.992(248)	0(0)
THR	3.27746200203301	0.992	0.992(248)	0(0)
THR	3.37725880182971	0.992	0.992(248)	0(0)
THR	3.47705560162641	0.992	0.992(248)	0(0)
THR	3.57685240142311	0.996	0.996(249)	0(0)
THR	3.67664920121981	0.996	0.996(249)	0(0)
THR	3.77644600101651	0.996	0.996(249)	0(0)
THR	3.87624280081321	0.996	0.996(249)	0(0)
THR	3.97603960060991	0.996	0.996(249)	0(0)
THR	4.07583640040661	0.996	0.996(249)	0(0)
THR	4.17563320020331	0.996	0.996(249)	0(0)
THR	4.27543000000001	1	1(250)	0(0)


==============================================
THR: 0.582948407522106
Missed:     114/250=0.4560
FalseAlarm: 16/1000=0.0160
----------------------------------------------
==> CostDetection: 60.0
==============================================
