BLOCK00/SES002/SA002S12	SES002	2.10485	15.6414	13.5366
BLOCK00/SES002/SA002S13	SES002	2.2816	14.2619	11.9803
BLOCK00/SES002/SA002S23	SES002	1.93062	15.26	13.3294
BLOCK00/SES002/SA002S26	SES002	2.41101	16.3224	13.9114
BLOCK00/SES002/SA002S28	SES002	1.74462	13.7351	11.9905
BLOCK00/SES007/SA007S14	SES007	1.78691	15.472	13.6851
BLOCK00/SES007/SA007S15	SES007	1.27076	14.14	12.8693
BLOCK00/SES007/SA007S24	SES007	1.36032	13.8824	12.5221
BLOCK00/SES007/SA007S27	SES007	1.25193	13.8549	12.6029
BLOCK00/SES007/SA007S29	SES007	0.78171	14.6162	13.8345
BLOCK00/SES008/SA008S11	SES008	2.16127	15.4819	13.3207
BLOCK00/SES008/SA008S12	SES008	1.84812	15.3384	13.4903
BLOCK00/SES008/SA008S19	SES008	2.40663	16.2456	13.839
BLOCK00/SES008/SA008S22	SES008	1.50021	14.0923	12.5921
BLOCK00/SES008/SA008S29	SES008	2.4506	16.1938	13.7432
BLOCK01/SES014/SA014S10	SES014	2.20116	15.8733	13.6721
BLOCK01/SES014/SA014S12	SES014	3.4157	18.4911	15.0754
BLOCK01/SES014/SA014S24	SES014	2.5981	17.1294	14.5313
BLOCK01/SES014/SA014S26	SES014	3.5469	19.4114	15.8645
BLOCK01/SES014/SA014S28	SES014	4.09488	18.3876	14.2927
BLOCK01/SES016/SA016S12	SES016	1.56533	13.5657	12.0003
BLOCK01/SES016/SA016S13	SES016	2.37244	15.2758	12.9033
BLOCK01/SES016/SA016S22	SES016	2.18931	15.254	13.0647
BLOCK01/SES016/SA016S25	SES016	2.63619	16.507	13.8708
BLOCK01/SES016/SA016S27	SES016	3.02666	17.6058	14.5792
BLOCK01/SES019/SA019S13	SES019	3.07416	14.0903	11.0162
BLOCK01/SES019/SA019S14	SES019	2.41858	14.6088	12.1902
BLOCK01/SES019/SA019S22	SES019	3.0548	14.5529	11.4981
BLOCK01/SES019/SA019S25	SES019	2.87427	14.5427	11.6684
BLOCK01/SES019/SA019S29	SES019	3.39929	14.5435	11.1443
BLOCK02/SES029/SA029S11	SES029	2.23895	15.0303	12.7914
BLOCK02/SES029/SA029S12	SES029	1.60226	15.306	13.7037
BLOCK02/SES029/SA029S20	SES029	2.02555	14.4455	12.4199
BLOCK02/SES029/SA029S25	SES029	2.1654	15.9937	13.8284
BLOCK02/SES029/SA029S28	SES029	1.83492	15.2156	13.3807
BLOCK04/SES042/SA042S12	SES042	2.33767	15.6594	13.3217
BLOCK04/SES042/SA042S15	SES042	2.21424	15.939	13.7247
BLOCK04/SES042/SA042S22	SES042	3.97414	19.0078	15.0336
BLOCK04/SES042/SA042S25	SES042	1.95006	15.101	13.1509
BLOCK04/SES042/SA042S27	SES042	2.29598	16.6425	14.3465
BLOCK04/SES048/SA048S11	SES048	2.01651	15.638	13.6215
BLOCK04/SES048/SA048S12	SES048	1.54219	15.5447	14.0025
BLOCK04/SES048/SA048S20	SES048	1.64972	15.3355	13.6858
BLOCK04/SES048/SA048S23	SES048	1.94485	14.2384	12.2935
BLOCK04/SES048/SA048S27	SES048	1.70915	16.5966	14.8875
BLOCK06/SES060/SA060S11	SES060	1.90983	15.6941	13.7843
BLOCK06/SES060/SA060S12	SES060	0.882952	13.2533	12.3703
BLOCK06/SES060/SA060S22	SES060	0.834471	12.8684	12.034
BLOCK06/SES060/SA060S24	SES060	1.92539	15.555	13.6296
BLOCK06/SES060/SA060S28	SES060	2.18992	17.5114	15.3215
BLOCK06/SES062/SA062S10	SES062	1.73298	15.5037	13.7707
BLOCK06/SES062/SA062S11	SES062	2.58551	15.7049	13.1194
BLOCK06/SES062/SA062S21	SES062	3.29264	18.3939	15.1013
BLOCK06/SES062/SA062S26	SES062	2.24491	16.3821	14.1372
BLOCK06/SES062/SA062S29	SES062	2.62924	17.5631	14.9339
BLOCK06/SES068/SA068S14	SES068	1.20544	15.0023	13.7969
BLOCK06/SES068/SA068S15	SES068	2.09099	16.9725	14.8815
BLOCK06/SES068/SA068S23	SES068	2.01016	15.0255	13.0153
BLOCK06/SES068/SA068S27	SES068	2.9792	16.7909	13.8117
BLOCK06/SES068/SA068S29	SES068	2.03537	15.6285	13.5932
BLOCK08/SES082/SA082S12	SES082	0.948828	13.4052	12.4563
BLOCK08/SES082/SA082S14	SES082	1.66455	13.4979	11.8333
BLOCK08/SES082/SA082S21	SES082	1.45881	14.1527	12.6939
BLOCK08/SES082/SA082S24	SES082	2.24004	15.886	13.646
BLOCK08/SES082/SA082S28	SES082	1.57179	13.5377	11.9659
BLOCK08/SES083/SA083S14	SES083	1.11789	14.3014	13.1835
BLOCK08/SES083/SA083S15	SES083	1.93098	15.9301	13.9991
BLOCK08/SES083/SA083S24	SES083	1.51924	15.1385	13.6192
BLOCK08/SES083/SA083S26	SES083	1.27842	14.7355	13.4571
BLOCK08/SES083/SA083S29	SES083	1.3787	15.4259	14.0472
BLOCK08/SES085/SA085S10	SES085	2.30457	15.5983	13.2938
BLOCK08/SES085/SA085S13	SES085	1.56796	14.6128	13.0449
BLOCK08/SES085/SA085S22	SES085	1.62119	15.978	14.3568
BLOCK08/SES085/SA085S26	SES085	2.0974	16.0686	13.9712
BLOCK08/SES085/SA085S28	SES085	2.22818	15.6841	13.4559
BLOCK08/SES087/SA087S15	SES087	1.95832	14.8186	12.8603
BLOCK08/SES087/SA087S16	SES087	2.17656	14.8583	12.6818
BLOCK08/SES087/SA087S24	SES087	2.25712	15.4578	13.2006
BLOCK08/SES087/SA087S26	SES087	1.98155	15.677	13.6955
BLOCK08/SES087/SA087S29	SES087	2.24792	14.6126	12.3647
BLOCK09/SES099/SA099S15	SES099	2.41911	14.2595	11.8404
BLOCK09/SES099/SA099S16	SES099	1.97071	14.0565	12.0858
BLOCK09/SES099/SA099S24	SES099	2.18412	14.8839	12.6997
BLOCK09/SES099/SA099S26	SES099	2.4163	14.989	12.5727
BLOCK09/SES099/SA099S29	SES099	2.6374	15.287	12.6496
BLOCK10/SES101/SA101S11	SES101	2.1071	15.0568	12.9497
BLOCK10/SES101/SA101S13	SES101	2.32665	15.865	13.5383
BLOCK10/SES101/SA101S22	SES101	2.0235	14.74	12.7165
BLOCK10/SES101/SA101S24	SES101	2.51991	15.3956	12.8757
BLOCK10/SES101/SA101S28	SES101	1.47812	13.5756	12.0974
BLOCK10/SES104/SA104S11	SES104	2.88425	17.1695	14.2852
BLOCK10/SES104/SA104S12	SES104	3.11111	15.5995	12.4884
BLOCK10/SES104/SA104S21	SES104	2.84804	15.4396	12.5915
BLOCK10/SES104/SA104S24	SES104	2.20919	15.5541	13.3449
BLOCK10/SES104/SA104S28	SES104	3.14167	16.4039	13.2622
BLOCK10/SES105/SA105S12	SES105	1.25221	13.0343	11.7821
BLOCK10/SES105/SA105S13	SES105	1.0196	13.1748	12.1552
BLOCK10/SES105/SA105S22	SES105	1.30627	12.8334	11.5271
BLOCK10/SES105/SA105S26	SES105	1.59471	13.1055	11.5107
BLOCK10/SES105/SA105S29	SES105	1.34989	13.9116	12.5617
BLOCK10/SES106/SA106S09	SES106	2.27955	13.3652	11.0856
BLOCK10/SES106/SA106S11	SES106	2.52365	15.1533	12.6297
BLOCK10/SES106/SA106S22	SES106	3.76691	15.05	11.2831
BLOCK10/SES106/SA106S27	SES106	2.99839	14.8548	11.8564
BLOCK10/SES106/SA106S29	SES106	2.00866	14.656	12.6473
BLOCK11/SES117/SA117S12	SES117	0.68867	14.2768	13.5882
BLOCK11/SES117/SA117S13	SES117	0.340787	14.5396	14.1988
BLOCK11/SES117/SA117S23	SES117	2.2386	13.8083	11.5697
BLOCK11/SES117/SA117S25	SES117	1.50436	13.9866	12.4822
BLOCK11/SES117/SA117S28	SES117	1.80206	13.5061	11.704
BLOCK12/SES120/SA120S08	SES120	1.37259	12.6704	11.2978
BLOCK12/SES120/SA120S11	SES120	1.91691	12.0806	10.1637
BLOCK12/SES120/SA120S22	SES120	1.53595	14.9848	13.4488
BLOCK12/SES120/SA120S24	SES120	1.44287	13.9061	12.4632
BLOCK12/SES120/SA120S28	SES120	0.830981	12.1118	11.2808
BLOCK12/SES125/SA125S13	SES125	2.52222	15.4784	12.9562
BLOCK12/SES125/SA125S14	SES125	1.82794	14.6129	12.785
BLOCK12/SES125/SA125S25	SES125	2.83962	16.4665	13.6269
BLOCK12/SES125/SA125S27	SES125	2.96184	17.1177	14.1559
BLOCK12/SES125/SA125S29	SES125	2.94526	15.7074	12.7621
BLOCK12/SES127/SA127S11	SES127	1.2732	14.4405	13.1673
BLOCK12/SES127/SA127S12	SES127	1.31125	15.0627	13.7515
BLOCK12/SES127/SA127S23	SES127	1.32598	15.3299	14.004
BLOCK12/SES127/SA127S25	SES127	0.562373	13.4272	12.8648
BLOCK12/SES127/SA127S27	SES127	1.43276	15.3152	13.8824
BLOCK12/SES129/SA129S11	SES129	1.83061	16.1371	14.3065
BLOCK12/SES129/SA129S12	SES129	1.25866	15.5004	14.2417
BLOCK12/SES129/SA129S22	SES129	1.50861	15.0159	13.5072
BLOCK12/SES129/SA129S27	SES129	2.00251	15.7461	13.7435
BLOCK12/SES129/SA129S29	SES129	1.71409	15.8301	14.116
BLOCK14/SES142/SA142S11	SES142	2.53263	14.7017	12.1691
BLOCK14/SES142/SA142S12	SES142	1.70378	14.4822	12.7784
BLOCK14/SES142/SA142S24	SES142	2.80013	15.4807	12.6805
BLOCK14/SES142/SA142S27	SES142	2.47147	15.6377	13.1662
BLOCK14/SES142/SA142S29	SES142	2.59167	14.4274	11.8357
BLOCK14/SES143/SA143S12	SES143	1.30081	14.182	12.8812
BLOCK14/SES143/SA143S13	SES143	1.34878	13.9928	12.6441
BLOCK14/SES143/SA143S23	SES143	1.41193	14.134	12.7221
BLOCK14/SES143/SA143S25	SES143	1.41655	14.5009	13.0843
BLOCK14/SES143/SA143S28	SES143	1.00012	14.1483	13.1482
BLOCK14/SES144/SA144S09	SES144	1.31816	15.5544	14.2363
BLOCK14/SES144/SA144S11	SES144	1.69568	14.4911	12.7955
BLOCK14/SES144/SA144S21	SES144	0.941356	14.2416	13.3002
BLOCK14/SES144/SA144S25	SES144	1.0043	14.0054	13.0011
BLOCK14/SES144/SA144S29	SES144	0.835719	15.0395	14.2038
BLOCK14/SES146/SA146S14	SES146	1.26177	13.5658	12.3041
BLOCK14/SES146/SA146S15	SES146	0.95402	13.5783	12.6243
BLOCK14/SES146/SA146S24	SES146	1.42781	14.1271	12.6993
BLOCK14/SES146/SA146S26	SES146	2.34255	14.3455	12.003
BLOCK14/SES146/SA146S29	SES146	1.54374	13.2684	11.7247
BLOCK14/SES147/SA147S11	SES147	1.5607	14.0861	12.5254
BLOCK14/SES147/SA147S13	SES147	2.23346	14.8601	12.6266
BLOCK14/SES147/SA147S23	SES147	1.30846	14.4846	13.1762
BLOCK14/SES147/SA147S26	SES147	1.57004	14.2771	12.707
BLOCK14/SES147/SA147S28	SES147	1.6789	14.5687	12.8898
BLOCK14/SES148/SA148S10	SES148	1.23005	13.7351	12.5051
BLOCK14/SES148/SA148S12	SES148	0.949876	12.5316	11.5817
BLOCK14/SES148/SA148S22	SES148	1.09263	14.4902	13.3975
BLOCK14/SES148/SA148S26	SES148	0.681678	13.7877	13.106
BLOCK14/SES148/SA148S29	SES148	0.964354	13.6611	12.6968
BLOCK14/SES149/SA149S13	SES149	1.52483	15.3324	13.8076
BLOCK14/SES149/SA149S14	SES149	1.06922	14.8241	13.7548
BLOCK14/SES149/SA149S24	SES149	1.46803	15.3641	13.896
BLOCK14/SES149/SA149S26	SES149	2.31355	16.3256	14.0121
BLOCK14/SES149/SA149S28	SES149	2.41889	17.5211	15.1022
BLOCK15/SES158/SA158S13	SES158	2.99794	13.8861	10.8882
BLOCK15/SES158/SA158S14	SES158	3.0372	13.8183	10.7811
BLOCK15/SES158/SA158S23	SES158	2.31594	13.8161	11.5002
BLOCK15/SES158/SA158S26	SES158	3.14007	13.3491	10.209
BLOCK15/SES158/SA158S28	SES158	1.90854	13.086	11.1775
BLOCK16/SES162/SA162S10	SES162	1.10986	12.9357	11.8259
BLOCK16/SES162/SA162S11	SES162	1.00299	14.374	13.371
BLOCK16/SES162/SA162S21	SES162	1.37876	14.3321	12.9534
BLOCK16/SES162/SA162S24	SES162	1.36914	13.8485	12.4793
BLOCK16/SES162/SA162S27	SES162	1.48691	13.6105	12.1236
BLOCK16/SES167/SA167S14	SES167	1.9486	16.623	14.6744
BLOCK16/SES167/SA167S15	SES167	1.76248	15.6593	13.8968
BLOCK16/SES167/SA167S21	SES167	2.35963	16.2209	13.8613
BLOCK16/SES167/SA167S25	SES167	2.41557	15.1193	12.7037
BLOCK16/SES167/SA167S29	SES167	2.9121	17.2997	14.3876
BLOCK17/SES172/SA172S12	SES172	1.73939	15.049	13.3096
BLOCK17/SES172/SA172S13	SES172	1.90308	14.4727	12.5696
BLOCK17/SES172/SA172S23	SES172	1.51144	15.5468	14.0354
BLOCK17/SES172/SA172S27	SES172	1.50803	14.8546	13.3465
BLOCK17/SES172/SA172S29	SES172	2.01277	14.8951	12.8823
BLOCK17/SES175/SA175S11	SES175	1.41475	14.9456	13.5308
BLOCK17/SES175/SA175S13	SES175	1.78668	14.8424	13.0557
BLOCK17/SES175/SA175S23	SES175	1.7245	15.0822	13.3577
BLOCK17/SES175/SA175S25	SES175	0.682882	12.9134	12.2306
BLOCK17/SES175/SA175S28	SES175	1.59266	15.3957	13.8031
BLOCK17/SES177/SA177S15	SES177	1.43893	14.7803	13.3413
BLOCK17/SES177/SA177S17	SES177	1.0142	14.6643	13.6501
BLOCK17/SES177/SA177S23	SES177	0.787028	13.8806	13.0936
BLOCK17/SES177/SA177S26	SES177	1.27885	15.7654	14.4865
BLOCK17/SES177/SA177S28	SES177	1.26937	15.2968	14.0275
BLOCK18/SES180/SA180S13	SES180	1.10933	14.2909	13.1816
BLOCK18/SES180/SA180S15	SES180	1.11565	14.4617	13.3461
BLOCK18/SES180/SA180S24	SES180	1.46766	15.5643	14.0967
BLOCK18/SES180/SA180S26	SES180	1.50368	15.2925	13.7888
BLOCK18/SES180/SA180S29	SES180	1.35417	14.3663	13.0121
BLOCK18/SES183/SA183S13	SES183	1.47435	13.6537	12.1793
BLOCK18/SES183/SA183S14	SES183	1.14462	13.4931	12.3485
BLOCK18/SES183/SA183S24	SES183	1.95043	12.9487	10.9983
BLOCK18/SES183/SA183S27	SES183	1.5959	13.797	12.2011
BLOCK18/SES183/SA183S29	SES183	1.50504	14.4665	12.9615
BLOCK18/SES187/SA187S13	SES187	0.931508	14.1916	13.2601
BLOCK18/SES187/SA187S14	SES187	1.12174	13.8666	12.7449
BLOCK18/SES187/SA187S24	SES187	1.95682	13.4144	11.4575
BLOCK18/SES187/SA187S27	SES187	1.46911	13.7484	12.2793
BLOCK18/SES187/SA187S29	SES187	1.44866	14.4817	13.033
BLOCK18/SES189/SA189S10	SES189	2.89003	12.7667	9.87668
BLOCK18/SES189/SA189S13	SES189	3.99652	12.6189	8.62239
BLOCK18/SES189/SA189S24	SES189	5.00853	12.2536	7.24506
BLOCK18/SES189/SA189S26	SES189	2.63503	13.4723	10.8372
BLOCK18/SES189/SA189S29	SES189	3.17955	12.9455	9.76598
BLOCK20/SES202/SA202S12	SES202	2.53511	12.9629	10.4278
BLOCK20/SES202/SA202S14	SES202	2.85136	14.5286	11.6772
BLOCK20/SES202/SA202S24	SES202	1.6324	14.1139	12.4816
BLOCK20/SES202/SA202S27	SES202	2.0855	15.7331	13.6476
BLOCK20/SES202/SA202S29	SES202	2.75918	15.5108	12.7516
BLOCK20/SES206/SA206S15	SES206	1.22216	14.4913	13.2691
BLOCK20/SES206/SA206S17	SES206	2.8136	16.3978	13.5842
BLOCK20/SES206/SA206S24	SES206	2.91	15.825	12.915
BLOCK20/SES206/SA206S27	SES206	2.94026	15.2133	12.273
BLOCK20/SES206/SA206S29	SES206	2.67494	17.0787	14.4038
BLOCK22/SES226/SA226S12	SES226	2.17341	15.0307	12.8573
BLOCK22/SES226/SA226S13	SES226	0.647086	13.381	12.734
BLOCK22/SES226/SA226S20	SES226	1.65628	14.1984	12.5421
BLOCK22/SES226/SA226S23	SES226	1.85537	14.5553	12.6999
BLOCK22/SES226/SA226S28	SES226	2.40313	15.9151	13.512
BLOCK25/SES259/SA259S13	SES259	3.21376	16.0316	12.8178
BLOCK25/SES259/SA259S14	SES259	1.72515	15.3409	13.6157
BLOCK25/SES259/SA259S22	SES259	2.29145	15.6135	13.322
BLOCK25/SES259/SA259S24	SES259	2.51593	17.333	14.8171
BLOCK25/SES259/SA259S28	SES259	2.51459	16.0491	13.5345
BLOCK27/SES270/SA270S14	SES270	2.58163	13.7613	11.1797
BLOCK27/SES270/SA270S16	SES270	1.34288	13.3269	11.9841
BLOCK27/SES270/SA270S22	SES270	2.83571	13.9246	11.0889
BLOCK27/SES270/SA270S26	SES270	2.6008	13.1931	10.5923
BLOCK27/SES270/SA270S28	SES270	2.26755	14.1595	11.8919
BLOCK27/SES275/SA275S17	SES275	2.226	14.9098	12.6838
BLOCK27/SES275/SA275S18	SES275	1.60471	14.4893	12.8846
BLOCK27/SES275/SA275S24	SES275	1.53754	13.455	11.9175
BLOCK27/SES275/SA275S26	SES275	1.80864	14.7531	12.9445
BLOCK27/SES275/SA275S28	SES275	1.17248	14.0292	12.8567
BLOCK29/SES292/SA292S10	SES292	0.864862	13.6652	12.8003
BLOCK29/SES292/SA292S12	SES292	1.13704	13.7038	12.5667
BLOCK29/SES292/SA292S22	SES292	1.20045	14.8071	13.6067
BLOCK29/SES292/SA292S24	SES292	1.20994	14.4188	13.2089
BLOCK29/SES292/SA292S27	SES292	1.16446	14.7354	13.5709
BLOCK00/SES001/SA001S14	SES062	-0.785506	11.2203	12.0058
BLOCK00/SES001/SA001S14	SES082	-0.754131	11.2517	12.0058
BLOCK00/SES001/SA001S14	SES106	-0.693584	11.3122	12.0058
BLOCK00/SES001/SA001S14	SES206	-0.573195	11.4326	12.0058
BLOCK00/SES001/SA001S15	SES062	-1.02373	12.649	13.6727
BLOCK00/SES001/SA001S15	SES104	-0.0754356	13.5972	13.6727
BLOCK00/SES001/SA001S15	SES106	0.154524	13.8272	13.6727
BLOCK00/SES001/SA001S15	SES206	-0.0911446	13.5815	13.6727
BLOCK00/SES001/SA001S24	SES062	-0.949195	11.1808	12.1299
BLOCK00/SES001/SA001S24	SES082	-0.281535	11.8484	12.1299
BLOCK00/SES001/SA001S24	SES087	-1.00076	11.1292	12.1299
BLOCK00/SES001/SA001S24	SES206	-0.538546	11.5914	12.1299
BLOCK00/SES001/SA001S27	SES062	-0.277842	12.9397	13.2176
BLOCK00/SES001/SA001S27	SES082	0.368429	13.586	13.2176
BLOCK00/SES001/SA001S27	SES087	0.0982809	13.3158	13.2176
BLOCK00/SES001/SA001S27	SES206	0.526331	13.7439	13.2176
BLOCK00/SES001/SA001S29	SES062	-1.23642	10.7481	11.9845
BLOCK00/SES001/SA001S29	SES082	0.177509	12.162	11.9845
BLOCK00/SES001/SA001S29	SES158	0.232944	12.2174	11.9845
BLOCK00/SES001/SA001S29	SES206	-0.0111189	11.9734	11.9845
BLOCK00/SES003/SA003S11	SES002	0.699643	13.6745	12.9748
BLOCK00/SES003/SA003S11	SES019	-0.119077	12.8557	12.9748
BLOCK00/SES003/SA003S11	SES082	0.469079	13.4439	12.9748
BLOCK00/SES003/SA003S11	SES125	0.133162	13.108	12.9748
BLOCK00/SES003/SA003S15	SES016	0.12871	13.4952	13.3664
BLOCK00/SES003/SA003S15	SES019	0.736149	14.1026	13.3664
BLOCK00/SES003/SA003S15	SES062	-0.560173	12.8063	13.3664
BLOCK00/SES003/SA003S15	SES206	1.64086	15.0073	13.3664
BLOCK00/SES003/SA003S22	SES002	-0.387884	13.2417	13.6296
BLOCK00/SES003/SA003S22	SES062	-0.0409498	13.5887	13.6296
BLOCK00/SES003/SA003S22	SES082	-0.621243	13.0084	13.6296
BLOCK00/SES003/SA003S22	SES087	-0.936276	12.6933	13.6296
BLOCK00/SES003/SA003S25	SES062	-1.0451	11.3317	12.3768
BLOCK00/SES003/SA003S25	SES082	0.280121	12.6569	12.3768
BLOCK00/SES003/SA003S25	SES087	-0.249518	12.1273	12.3768
BLOCK00/SES003/SA003S25	SES206	-0.301961	12.0748	12.3768
BLOCK00/SES003/SA003S29	SES002	-0.107797	12.7719	12.8797
BLOCK00/SES003/SA003S29	SES062	-0.817763	12.0619	12.8797
BLOCK00/SES003/SA003S29	SES082	0.0298615	12.9095	12.8797
BLOCK00/SES003/SA003S29	SES087	0.115604	12.9953	12.8797
BLOCK00/SES004/SA004S12	SES083	-0.0706539	12.0998	12.1705
BLOCK00/SES004/SA004S12	SES148	-0.720819	11.4496	12.1705
BLOCK00/SES004/SA004S12	SES172	0.346468	12.5169	12.1705
BLOCK00/SES004/SA004S12	SES292	-0.0463886	12.1241	12.1705
BLOCK00/SES004/SA004S17	SES083	-0.208935	12.1733	12.3822
BLOCK00/SES004/SA004S17	SES162	0.182342	12.5646	12.3822
BLOCK00/SES004/SA004S17	SES172	0.0309458	12.4132	12.3822
BLOCK00/SES004/SA004S17	SES292	-0.0206671	12.3615	12.3822
BLOCK00/SES004/SA004S24	SES083	-0.315387	12.0783	12.3937
BLOCK00/SES004/SA004S24	SES148	-1.08073	11.3129	12.3937
BLOCK00/SES004/SA004S24	SES172	0.211289	12.605	12.3937
BLOCK00/SES004/SA004S24	SES292	0.120116	12.5138	12.3937
BLOCK00/SES004/SA004S26	SES083	0.465543	12.3911	11.9255
BLOCK00/SES004/SA004S26	SES127	0.636455	12.562	11.9255
BLOCK00/SES004/SA004S26	SES148	-0.935894	10.9896	11.9255
BLOCK00/SES004/SA004S26	SES292	-0.0779963	11.8475	11.9255
BLOCK00/SES004/SA004S28	SES083	-0.0827541	13.1385	13.2213
BLOCK00/SES004/SA004S28	SES127	0.205346	13.4266	13.2213
BLOCK00/SES004/SA004S28	SES187	0.419474	13.6408	13.2213
BLOCK00/SES004/SA004S28	SES292	0.118101	13.3394	13.2213
BLOCK00/SES006/SA006S10	SES014	-0.756451	9.6107	10.3672
BLOCK00/SES006/SA006S10	SES158	-0.168728	10.1984	10.3672
BLOCK00/SES006/SA006S10	SES226	-1.91552	8.45163	10.3672
BLOCK00/SES006/SA006S10	SES270	0.305994	10.6731	10.3672
BLOCK00/SES006/SA006S11	SES158	-0.508169	10.5031	11.0112
BLOCK00/SES006/SA006S11	SES226	-1.21807	9.79316	11.0112
BLOCK00/SES006/SA006S11	SES270	0.284259	11.2955	11.0112
BLOCK00/SES006/SA006S11	SES275	-0.707057	10.3042	11.0112
BLOCK00/SES006/SA006S23	SES062	-0.635233	12.2726	12.9078
BLOCK00/SES006/SA006S23	SES105	-0.898264	12.0096	12.9078
BLOCK00/SES006/SA006S23	SES158	-0.724986	12.1828	12.9078
BLOCK00/SES006/SA006S23	SES275	-0.116792	12.791	12.9078
BLOCK00/SES006/SA006S26	SES104	-1.09575	11.5306	12.6264
BLOCK00/SES006/SA006S26	SES158	-0.515218	12.1111	12.6264
BLOCK00/SES006/SA006S26	SES270	0.275425	12.9018	12.6264
BLOCK00/SES006/SA006S26	SES275	-0.932462	11.6939	12.6264
BLOCK00/SES006/SA006S28	SES007	-0.798822	10.3331	11.1319
BLOCK00/SES006/SA006S28	SES105	-0.935725	10.1962	11.1319
BLOCK00/SES006/SA006S28	SES158	-0.390916	10.741	11.1319
BLOCK00/SES006/SA006S28	SES275	-1.17416	9.95776	11.1319
BLOCK00/SES009/SA009S12	SES083	-0.535852	13.4594	13.9953
BLOCK00/SES009/SA009S12	SES148	-1.22141	12.7739	13.9953
BLOCK00/SES009/SA009S12	SES177	0.228945	14.2242	13.9953
BLOCK00/SES009/SA009S12	SES292	0.441046	14.4363	13.9953
BLOCK00/SES009/SA009S15	SES007	0.8474	14.9498	14.1024
BLOCK00/SES009/SA009S15	SES099	-1.04142	13.061	14.1024
BLOCK00/SES009/SA009S15	SES148	-1.02685	13.0755	14.1024
BLOCK00/SES009/SA009S15	SES172	0.232379	14.3348	14.1024
BLOCK00/SES009/SA009S24	SES146	0.00787258	14.0873	14.0794
BLOCK00/SES009/SA009S24	SES148	-1.11797	12.9615	14.0794
BLOCK00/SES009/SA009S24	SES177	0.688114	14.7675	14.0794
BLOCK00/SES009/SA009S24	SES292	0.302877	14.3823	14.0794
BLOCK00/SES009/SA009S26	SES083	-0.611965	13.134	13.7459
BLOCK00/SES009/SA009S26	SES101	-0.432686	13.3132	13.7459
BLOCK00/SES009/SA009S26	SES120	0.182742	13.9287	13.7459
BLOCK00/SES009/SA009S26	SES177	0.16413	13.9101	13.7459
BLOCK00/SES009/SA009S29	SES083	-0.105306	14.5699	14.6752
BLOCK00/SES009/SA009S29	SES101	0.0541658	14.7293	14.6752
BLOCK00/SES009/SA009S29	SES177	0.238564	14.9137	14.6752
BLOCK00/SES009/SA009S29	SES292	0.360747	15.0359	14.6752
BLOCK01/SES011/SA011S10	SES019	0.237849	13.5379	13.3001
BLOCK01/SES011/SA011S10	SES042	1.16418	14.4643	13.3001
BLOCK01/SES011/SA011S10	SES082	0.254812	13.5549	13.3001
BLOCK01/SES011/SA011S10	SES206	1.00364	14.3037	13.3001
BLOCK01/SES011/SA011S11	SES019	-0.243654	12.1645	12.4082
BLOCK01/SES011/SA011S11	SES042	0.389327	12.7975	12.4082
BLOCK01/SES011/SA011S11	SES082	-0.33827	12.0699	12.4082
BLOCK01/SES011/SA011S11	SES206	0.684612	13.0928	12.4082
BLOCK01/SES011/SA011S22	SES019	0.244857	12.9164	12.6715
BLOCK01/SES011/SA011S22	SES042	0.785829	13.4573	12.6715
BLOCK01/SES011/SA011S22	SES082	0.167579	12.8391	12.6715
BLOCK01/SES011/SA011S22	SES206	0.409106	13.0806	12.6715
BLOCK01/SES011/SA011S24	SES019	0.176784	13.3122	13.1354
BLOCK01/SES011/SA011S24	SES042	1.21937	14.3547	13.1354
BLOCK01/SES011/SA011S24	SES104	0.832266	13.9676	13.1354
BLOCK01/SES011/SA011S24	SES206	1.15	14.2854	13.1354
BLOCK01/SES011/SA011S27	SES082	0.747331	13.3377	12.5903
BLOCK01/SES011/SA011S27	SES087	-0.408582	12.1818	12.5903
BLOCK01/SES011/SA011S27	SES125	0.542583	13.1329	12.5903
BLOCK01/SES011/SA011S27	SES206	0.424048	13.0144	12.5903
BLOCK01/SES012/SA012S11	SES007	-0.0339928	14.2215	14.2554
BLOCK01/SES012/SA012S11	SES082	0.202457	14.4579	14.2554
BLOCK01/SES012/SA012S11	SES083	0.551848	14.8073	14.2554
BLOCK01/SES012/SA012S11	SES206	0.83227	15.0877	14.2554
BLOCK01/SES012/SA012S14	SES082	0.980573	14.5324	13.5518
BLOCK01/SES012/SA012S14	SES087	0.577641	14.1295	13.5518
BLOCK01/SES012/SA012S14	SES206	0.965969	14.5178	13.5518
BLOCK01/SES012/SA012S14	SES292	0.177855	13.7297	13.5518
BLOCK01/SES012/SA012S24	SES082	0.951684	14.0301	13.0784
BLOCK01/SES012/SA012S24	SES087	0.107255	13.1856	13.0784
BLOCK01/SES012/SA012S24	SES120	-0.313844	12.7645	13.0784
BLOCK01/SES012/SA012S24	SES206	0.607218	13.6856	13.0784
BLOCK01/SES012/SA012S26	SES019	-0.829045	13.5313	14.3603
BLOCK01/SES012/SA012S26	SES082	0.678164	15.0385	14.3603
BLOCK01/SES012/SA012S26	SES206	1.79671	16.157	14.3603
BLOCK01/SES012/SA012S26	SES292	0.685878	15.0462	14.3603
BLOCK01/SES012/SA012S29	SES062	-0.349343	13.4364	13.7858
BLOCK01/SES012/SA012S29	SES082	0.746439	14.5322	13.7858
BLOCK01/SES012/SA012S29	SES083	0.0712318	13.857	13.7858
BLOCK01/SES012/SA012S29	SES206	1.2717	15.0575	13.7858
BLOCK01/SES013/SA013S16	SES062	-0.553533	12.1065	12.66
BLOCK01/SES013/SA013S16	SES106	-0.0439568	12.6161	12.66
BLOCK01/SES013/SA013S16	SES206	0.313865	12.9739	12.66
BLOCK01/SES013/SA013S16	SES226	0.316734	12.9768	12.66
BLOCK01/SES013/SA013S17	SES062	-0.399186	13.2486	13.6478
BLOCK01/SES013/SA013S17	SES106	0.157076	13.8049	13.6478
BLOCK01/SES013/SA013S17	SES206	1.52192	15.1697	13.6478
BLOCK01/SES013/SA013S17	SES226	1.39333	15.0411	13.6478
BLOCK01/SES013/SA013S23	SES104	0.810399	13.9561	13.1457
BLOCK01/SES013/SA013S23	SES106	0.183084	13.3288	13.1457
BLOCK01/SES013/SA013S23	SES206	0.625013	13.7707	13.1457
BLOCK01/SES013/SA013S23	SES270	0.0543461	13.2001	13.1457
BLOCK01/SES013/SA013S25	SES042	1.00415	15.1616	14.1574
BLOCK01/SES013/SA013S25	SES104	1.89426	16.0517	14.1574
BLOCK01/SES013/SA013S25	SES106	0.956246	15.1137	14.1574
BLOCK01/SES013/SA013S25	SES206	1.45876	15.6162	14.1574
BLOCK01/SES013/SA013S29	SES062	-1.09799	12.1624	13.2603
BLOCK01/SES013/SA013S29	SES104	0.999063	14.2594	13.2603
BLOCK01/SES013/SA013S29	SES106	0.763476	14.0238	13.2603
BLOCK01/SES013/SA013S29	SES206	0.851261	14.1116	13.2603
BLOCK02/SES021/SA021S13	SES016	-0.793345	13.7346	14.528
BLOCK02/SES021/SA021S13	SES029	0.187116	14.7151	14.528
BLOCK02/SES021/SA021S13	SES087	-0.00224209	14.5257	14.528
BLOCK02/SES021/SA021S13	SES206	0.722102	15.2501	14.528
BLOCK02/SES021/SA021S15	SES087	0.638803	15.9453	15.3065
BLOCK02/SES021/SA021S15	SES125	1.27337	16.5799	15.3065
BLOCK02/SES021/SA021S15	SES206	1.18638	16.4929	15.3065
BLOCK02/SES021/SA021S15	SES226	0.393224	15.6998	15.3065
BLOCK02/SES021/SA021S23	SES062	-0.673604	11.5467	12.2203
BLOCK02/SES021/SA021S23	SES087	0.649303	12.8696	12.2203
BLOCK02/SES021/SA021S23	SES206	0.814321	13.0346	12.2203
BLOCK02/SES021/SA021S23	SES226	0.951026	13.1713	12.2203
BLOCK02/SES021/SA021S27	SES002	0.471663	14.3388	13.8671
BLOCK02/SES021/SA021S27	SES016	-0.990815	12.8763	13.8671
BLOCK02/SES021/SA021S27	SES019	-0.13022	13.7369	13.8671
BLOCK02/SES021/SA021S27	SES062	-0.197013	13.6701	13.8671
BLOCK02/SES021/SA021S29	SES087	0.306508	14.4823	14.1758
BLOCK02/SES021/SA021S29	SES125	1.57404	15.7499	14.1758
BLOCK02/SES021/SA021S29	SES206	0.991901	15.1677	14.1758
BLOCK02/SES021/SA021S29	SES226	-0.052597	14.1232	14.1758
BLOCK04/SES043/SA043S09	SES083	-0.0387564	12.7067	12.7455
BLOCK04/SES043/SA043S09	SES101	0.440948	13.1864	12.7455
BLOCK04/SES043/SA043S09	SES144	0.403636	13.1491	12.7455
BLOCK04/SES043/SA043S09	SES172	0.0511351	12.7966	12.7455
BLOCK04/SES043/SA043S11	SES083	-0.0977383	13.8336	13.9314
BLOCK04/SES043/SA043S11	SES101	0.259827	14.1912	13.9314
BLOCK04/SES043/SA043S11	SES144	0.695314	14.6267	13.9314
BLOCK04/SES043/SA043S11	SES172	0.519713	14.4511	13.9314
BLOCK04/SES043/SA043S23	SES083	0.199284	13.5886	13.3893
BLOCK04/SES043/SA043S23	SES144	1.02281	14.4121	13.3893
BLOCK04/SES043/SA043S23	SES177	-0.0924788	13.2968	13.3893
BLOCK04/SES043/SA043S23	SES275	0.502692	13.892	13.3893
BLOCK04/SES043/SA043S26	SES083	0.0526962	13.0019	12.9493
BLOCK04/SES043/SA043S26	SES101	0.250705	13.2	12.9493
BLOCK04/SES043/SA043S26	SES144	0.493799	13.4431	12.9493
BLOCK04/SES043/SA043S26	SES177	-0.0417833	12.9075	12.9493
BLOCK04/SES043/SA043S28	SES016	0.798591	14.8673	14.0687
BLOCK04/SES043/SA043S28	SES083	0.790711	14.8594	14.0687
BLOCK04/SES043/SA043S28	SES101	1.07111	15.1398	14.0687
BLOCK04/SES043/SA043S28	SES144	0.517347	14.5861	14.0687
BLOCK04/SES044/SA044S10	SES127	-0.672913	10.2774	10.9503
BLOCK04/SES044/SA044S10	SES144	0.703843	11.6542	10.9503
BLOCK04/SES044/SA044S10	SES147	-0.13686	10.8135	10.9503
BLOCK04/SES044/SA044S10	SES148	-1.26492	9.68541	10.9503
BLOCK04/SES044/SA044S11	SES101	0.706509	12.5852	11.8787
BLOCK04/SES044/SA044S11	SES144	0.934839	12.8135	11.8787
BLOCK04/SES044/SA044S11	SES147	0.095974	11.9746	11.8787
BLOCK04/SES044/SA044S11	SES177	-1.06604	10.8126	11.8787
BLOCK04/SES044/SA044S24	SES007	-0.588666	11.7913	12.38
BLOCK04/SES044/SA044S24	SES101	0.7124	13.0924	12.38
BLOCK04/SES044/SA044S24	SES147	-0.110252	12.2697	12.38
BLOCK04/SES044/SA044S24	SES177	-0.824834	11.5551	12.38
BLOCK04/SES044/SA044S26	SES007	-0.391993	12.6321	13.0241
BLOCK04/SES044/SA044S26	SES016	0.473643	13.4977	13.0241
BLOCK04/SES044/SA044S26	SES101	0.762115	13.7862	13.0241
BLOCK04/SES044/SA044S26	SES147	0.667175	13.6913	13.0241
BLOCK04/SES044/SA044S29	SES007	-0.389014	12.4206	12.8096
BLOCK04/SES044/SA044S29	SES101	0.825898	13.6355	12.8096
BLOCK04/SES044/SA044S29	SES147	0.406084	13.2157	12.8096
BLOCK04/SES044/SA044S29	SES177	-0.681261	12.1284	12.8096
BLOCK04/SES046/SA046S13	SES101	0.445087	12.6214	12.1764
BLOCK04/SES046/SA046S13	SES144	0.409843	12.5862	12.1764
BLOCK04/SES046/SA046S13	SES147	0.00919151	12.1855	12.1764
BLOCK04/SES046/SA046S13	SES177	-0.165792	12.0106	12.1764
BLOCK04/SES046/SA046S15	SES048	0.599925	14.0284	13.4284
BLOCK04/SES046/SA046S15	SES083	0.395947	13.8244	13.4284
BLOCK04/SES046/SA046S15	SES120	-0.327026	13.1014	13.4284
BLOCK04/SES046/SA046S15	SES148	-0.207104	13.2213	13.4284
BLOCK04/SES046/SA046S22	SES101	0.768023	13.3066	12.5385
BLOCK04/SES046/SA046S22	SES144	0.25211	12.7906	12.5385
BLOCK04/SES046/SA046S22	SES147	-0.197154	12.3414	12.5385
BLOCK04/SES046/SA046S22	SES172	0.124446	12.663	12.5385
BLOCK04/SES046/SA046S25	SES083	-0.23087	12.3731	12.604
BLOCK04/SES046/SA046S25	SES127	-0.0220566	12.5819	12.604
BLOCK04/SES046/SA046S25	SES144	-0.0936146	12.5104	12.604
BLOCK04/SES046/SA046S25	SES148	-0.197037	12.407	12.604
BLOCK04/SES046/SA046S28	SES007	-0.231427	11.6531	11.8845
BLOCK04/SES046/SA046S28	SES105	-0.280165	11.6043	11.8845
BLOCK04/SES046/SA046S28	SES147	0.475937	12.3604	11.8845
BLOCK04/SES046/SA046S28	SES148	0.36324	12.2477	11.8845
BLOCK04/SES049/SA049S16	SES104	0.393253	11.7883	11.3951
BLOCK04/SES049/SA049S16	SES106	0.409954	11.805	11.3951
BLOCK04/SES049/SA049S16	SES120	0.59367	11.9887	11.3951
BLOCK04/SES049/SA049S16	SES206	1.40709	12.8021	11.3951
BLOCK04/SES049/SA049S18	SES099	0.330092	11.6429	11.3128
BLOCK04/SES049/SA049S18	SES104	0.101276	11.4141	11.3128
BLOCK04/SES049/SA049S18	SES125	-0.59091	10.7219	11.3128
BLOCK04/SES049/SA049S18	SES206	0.335056	11.6479	11.3128
BLOCK04/SES049/SA049S25	SES087	0.406324	12.7288	12.3224
BLOCK04/SES049/SA049S25	SES104	0.918124	13.2406	12.3224
BLOCK04/SES049/SA049S25	SES125	0.0694399	12.3919	12.3224
BLOCK04/SES049/SA049S25	SES206	0.515154	12.8376	12.3224
BLOCK04/SES049/SA049S27	SES099	0.0555773	12.4678	12.4123
BLOCK04/SES049/SA049S27	SES104	0.780875	13.1931	12.4123
BLOCK04/SES049/SA049S27	SES125	0.237359	12.6496	12.4123
BLOCK04/SES049/SA049S27	SES206	0.424165	12.8364	12.4123
BLOCK04/SES049/SA049S29	SES099	0.720675	14.2176	13.4969
BLOCK04/SES049/SA049S29	SES104	0.904848	14.4017	13.4969
BLOCK04/SES049/SA049S29	SES125	0.728365	14.2252	13.4969
BLOCK04/SES049/SA049S29	SES206	1.05975	14.5566	13.4969
BLOCK06/SES063/SA063S09	SES068	-0.447723	14.4021	14.8499
BLOCK06/SES063/SA063S09	SES083	0.0436268	14.8935	14.8499
BLOCK06/SES063/SA063S09	SES177	-0.107973	14.7419	14.8499
BLOCK06/SES063/SA063S09	SES187	-0.0787935	14.7711	14.8499
BLOCK06/SES063/SA063S10	SES068	-0.327429	13.8859	14.2133
BLOCK06/SES063/SA063S10	SES083	0.623441	14.8368	14.2133
BLOCK06/SES063/SA063S10	SES172	0.461517	14.6748	14.2133
BLOCK06/SES063/SA063S10	SES187	-0.272983	13.9403	14.2133
BLOCK06/SES063/SA063S20	SES068	-0.749411	12.7323	13.4817
BLOCK06/SES063/SA063S20	SES083	0.0619926	13.5437	13.4817
BLOCK06/SES063/SA063S20	SES172	0.323745	13.8054	13.4817
BLOCK06/SES063/SA063S20	SES187	0.317476	13.7992	13.4817
BLOCK06/SES063/SA063S24	SES029	-0.728246	13.108	13.8362
BLOCK06/SES063/SA063S24	SES083	1.01866	14.8549	13.8362
BLOCK06/SES063/SA063S24	SES177	0.830218	14.6664	13.8362
BLOCK06/SES063/SA063S24	SES189	0.0839262	13.9201	13.8362
BLOCK06/SES063/SA063S27	SES083	0.421173	14.0785	13.6573
BLOCK06/SES063/SA063S27	SES172	0.848442	14.5058	13.6573
BLOCK06/SES063/SA063S27	SES187	-0.0768948	13.5804	13.6573
BLOCK06/SES063/SA063S27	SES292	-0.394737	13.2626	13.6573
BLOCK06/SES067/SA067S12	SES083	0.228476	14.3905	14.162
BLOCK06/SES067/SA067S12	SES172	0.0910635	14.2531	14.162
BLOCK06/SES067/SA067S12	SES202	0.798701	14.9607	14.162
BLOCK06/SES067/SA067S12	SES292	0.126626	14.2887	14.162
BLOCK06/SES067/SA067S14	SES085	1.20025	16.0262	14.826
BLOCK06/SES067/SA067S14	SES177	0.258395	15.0843	14.826
BLOCK06/SES067/SA067S14	SES183	1.20981	16.0358	14.826
BLOCK06/SES067/SA067S14	SES202	0.905069	15.731	14.826
BLOCK06/SES067/SA067S21	SES144	0.426569	14.0595	13.6329
BLOCK06/SES067/SA067S21	SES177	0.218556	13.8515	13.6329
BLOCK06/SES067/SA067S21	SES183	0.793183	14.4261	13.6329
BLOCK06/SES067/SA067S21	SES189	-0.0958538	13.5371	13.6329
BLOCK06/SES067/SA067S25	SES085	1.20703	15.1649	13.9578
BLOCK06/SES067/SA067S25	SES177	0.274234	14.2321	13.9578
BLOCK06/SES067/SA067S25	SES183	1.15192	15.1098	13.9578
BLOCK06/SES067/SA067S25	SES202	0.22459	14.1824	13.9578
BLOCK06/SES067/SA067S29	SES085	0.395125	14.7853	14.3901
BLOCK06/SES067/SA067S29	SES177	-0.014081	14.376	14.3901
BLOCK06/SES067/SA067S29	SES183	1.11216	15.5023	14.3901
BLOCK06/SES067/SA067S29	SES202	0.554471	14.9446	14.3901
BLOCK06/SES069/SA069S12	SES029	0.349028	13.9074	13.5584
BLOCK06/SES069/SA069S12	SES082	1.14745	14.7059	13.5584
BLOCK06/SES069/SA069S12	SES087	1.07721	14.6356	13.5584
BLOCK06/SES069/SA069S12	SES206	1.58051	15.1389	13.5584
BLOCK06/SES069/SA069S13	SES029	0.125695	13.6554	13.5297
BLOCK06/SES069/SA069S13	SES087	1.0659	14.5956	13.5297
BLOCK06/SES069/SA069S13	SES206	1.50857	15.0383	13.5297
BLOCK06/SES069/SA069S13	SES226	1.93818	15.4679	13.5297
BLOCK06/SES069/SA069S23	SES029	0.976942	15.4041	14.4272
BLOCK06/SES069/SA069S23	SES087	1.52829	15.9555	14.4272
BLOCK06/SES069/SA069S23	SES206	1.80881	16.236	14.4272
BLOCK06/SES069/SA069S23	SES226	2.3049	16.7321	14.4272
BLOCK06/SES069/SA069S25	SES087	1.40783	15.5959	14.1881
BLOCK06/SES069/SA069S25	SES206	0.691399	14.8795	14.1881
BLOCK06/SES069/SA069S25	SES226	1.80806	15.9962	14.1881
BLOCK06/SES069/SA069S25	SES270	0.266897	14.455	14.1881
BLOCK06/SES069/SA069S27	SES087	0.658992	14.6646	14.0056
BLOCK06/SES069/SA069S27	SES206	1.4835	15.4891	14.0056
BLOCK06/SES069/SA069S27	SES226	1.66314	15.6688	14.0056
BLOCK06/SES069/SA069S27	SES270	0.564803	14.5704	14.0056
BLOCK08/SES081/SA081S11	SES060	-0.0627346	12.0355	12.0982
BLOCK08/SES081/SA081S11	SES062	-0.339009	11.7592	12.0982
BLOCK08/SES081/SA081S11	SES117	-0.456276	11.6419	12.0982
BLOCK08/SES081/SA081S11	SES162	-0.0142698	12.0839	12.0982
BLOCK08/SES081/SA081S13	SES016	0.48733	14.7311	14.2438
BLOCK08/SES081/SA081S13	SES060	1.31739	15.5612	14.2438
BLOCK08/SES081/SA081S13	SES068	0.502816	14.7466	14.2438
BLOCK08/SES081/SA081S13	SES129	-0.329203	13.9146	14.2438
BLOCK08/SES081/SA081S24	SES060	0.924928	14.1299	13.2049
BLOCK08/SES081/SA081S24	SES068	0.610103	13.815	13.2049
BLOCK08/SES081/SA081S24	SES117	-0.552077	12.6528	13.2049
BLOCK08/SES081/SA081S24	SES275	0.13231	13.3372	13.2049
BLOCK08/SES081/SA081S27	SES007	-0.274637	12.2588	12.5334
BLOCK08/SES081/SA081S27	SES060	-0.164714	12.3687	12.5334
BLOCK08/SES081/SA081S27	SES117	-0.0735273	12.4599	12.5334
BLOCK08/SES081/SA081S27	SES275	-0.115265	12.4181	12.5334
BLOCK08/SES081/SA081S29	SES007	-0.269836	13.5464	13.8162
BLOCK08/SES081/SA081S29	SES060	1.08886	14.9051	13.8162
BLOCK08/SES081/SA081S29	SES117	-0.166598	13.6496	13.8162
BLOCK08/SES081/SA081S29	SES275	-0.222846	13.5934	13.8162
BLOCK08/SES086/SA086S11	SES029	-1.24252	10.0997	11.3423
BLOCK08/SES086/SA086S11	SES082	1.07176	12.414	11.3423
BLOCK08/SES086/SA086S11	SES087	1.73789	13.0801	11.3423
BLOCK08/SES086/SA086S11	SES206	0.710825	12.0531	11.3423
BLOCK08/SES086/SA086S12	SES029	-0.181202	11.7325	11.9137
BLOCK08/SES086/SA086S12	SES082	1.08543	12.9991	11.9137
BLOCK08/SES086/SA086S12	SES087	1.95016	13.8638	11.9137
BLOCK08/SES086/SA086S12	SES206	0.963489	12.8772	11.9137
BLOCK08/SES086/SA086S20	SES029	-0.398012	12.955	13.353
BLOCK08/SES086/SA086S20	SES082	0.754273	14.1073	13.353
BLOCK08/SES086/SA086S20	SES087	1.4089	14.7619	13.353
BLOCK08/SES086/SA086S20	SES206	1.31899	14.672	13.353
BLOCK08/SES086/SA086S24	SES087	1.51772	14.3118	12.794
BLOCK08/SES086/SA086S24	SES104	0.948047	13.7421	12.794
BLOCK08/SES086/SA086S24	SES120	0.47238	13.2664	12.794
BLOCK08/SES086/SA086S24	SES206	1.58622	14.3803	12.794
BLOCK08/SES086/SA086S28	SES029	0.0717812	13.2027	13.1309
BLOCK08/SES086/SA086S28	SES082	0.77451	13.9054	13.1309
BLOCK08/SES086/SA086S28	SES087	1.33176	14.4626	13.1309
BLOCK08/SES086/SA086S28	SES206	1.53158	14.6625	13.1309
BLOCK08/SES089/SA089S13	SES087	0.485108	12.811	12.3259
BLOCK08/SES089/SA089S13	SES206	0.495247	12.8211	12.3259
BLOCK08/SES089/SA089S13	SES226	0.545729	12.8716	12.3259
BLOCK08/SES089/SA089S13	SES270	-0.107685	12.2182	12.3259
BLOCK08/SES089/SA089S14	SES062	-0.385606	12.8661	13.2517
BLOCK08/SES089/SA089S14	SES087	1.05681	14.3086	13.2517
BLOCK08/SES089/SA089S14	SES206	0.788911	14.0407	13.2517
BLOCK08/SES089/SA089S14	SES226	0.505564	13.7573	13.2517
BLOCK08/SES089/SA089S23	SES087	0.933339	12.0636	11.1302
BLOCK08/SES089/SA089S23	SES206	0.904315	12.0346	11.1302
BLOCK08/SES089/SA089S23	SES226	0.446368	11.5766	11.1302
BLOCK08/SES089/SA089S23	SES270	-0.135976	10.9943	11.1302
BLOCK08/SES089/SA089S25	SES062	-1.24121	11.0654	12.3066
BLOCK08/SES089/SA089S25	SES087	1.27413	13.5807	12.3066
BLOCK08/SES089/SA089S25	SES206	0.681143	12.9877	12.3066
BLOCK08/SES089/SA089S25	SES226	1.73124	14.0378	12.3066
BLOCK08/SES089/SA089S28	SES062	-0.487774	12.2208	12.7086
BLOCK08/SES089/SA089S28	SES087	0.787843	13.4964	12.7086
BLOCK08/SES089/SA089S28	SES206	0.428786	13.1374	12.7086
BLOCK08/SES089/SA089S28	SES226	1.16864	13.8772	12.7086
BLOCK09/SES097/SA097S11	SES099	1.39929	12.9605	11.5612
BLOCK09/SES097/SA097S11	SES125	1.09955	12.6608	11.5612
BLOCK09/SES097/SA097S11	SES206	0.761403	12.3226	11.5612
BLOCK09/SES097/SA097S11	SES226	1.14589	12.7071	11.5612
BLOCK09/SES097/SA097S14	SES062	0.22971	12.4551	12.2254
BLOCK09/SES097/SA097S14	SES099	0.44418	12.6696	12.2254
BLOCK09/SES097/SA097S14	SES104	0.432032	12.6574	12.2254
BLOCK09/SES097/SA097S14	SES206	-0.296633	11.9288	12.2254
BLOCK09/SES097/SA097S22	SES099	1.79811	14.2944	12.4963
BLOCK09/SES097/SA097S22	SES206	1.12916	13.6255	12.4963
BLOCK09/SES097/SA097S22	SES226	0.266748	12.7631	12.4963
BLOCK09/SES097/SA097S22	SES270	1.0852	13.5815	12.4963
BLOCK09/SES097/SA097S26	SES099	1.27777	14.0582	12.7805
BLOCK09/SES097/SA097S26	SES120	0.304605	13.0851	12.7805
BLOCK09/SES097/SA097S26	SES206	1.13622	13.9167	12.7805
BLOCK09/SES097/SA097S26	SES226	-0.213128	12.5673	12.7805
BLOCK09/SES097/SA097S28	SES099	1.42233	13.8097	12.3874
BLOCK09/SES097/SA097S28	SES120	0.607483	12.9949	12.3874
BLOCK09/SES097/SA097S28	SES206	0.215619	12.603	12.3874
BLOCK09/SES097/SA097S28	SES226	-0.404375	11.983	12.3874
BLOCK09/SES098/SA098S11	SES127	-0.41478	11.4628	11.8776
BLOCK09/SES098/SA098S11	SES144	-0.0622778	11.8153	11.8776
BLOCK09/SES098/SA098S11	SES147	0.314085	12.1917	11.8776
BLOCK09/SES098/SA098S11	SES148	-1.16141	10.7162	11.8776
BLOCK09/SES098/SA098S12	SES127	-0.195745	11.2141	11.4099
BLOCK09/SES098/SA098S12	SES144	-0.456364	10.9535	11.4099
BLOCK09/SES098/SA098S12	SES147	0.468247	11.8781	11.4099
BLOCK09/SES098/SA098S12	SES189	-0.333181	11.0767	11.4099
BLOCK09/SES098/SA098S20	SES127	-0.403743	12.3473	12.751
BLOCK09/SES098/SA098S20	SES147	0.848784	13.5998	12.751
BLOCK09/SES098/SA098S20	SES148	-1.07188	11.6791	12.751
BLOCK09/SES098/SA098S20	SES292	-0.217783	12.5332	12.751
BLOCK09/SES098/SA098S23	SES127	-0.0551662	13.4003	13.4555
BLOCK09/SES098/SA098S23	SES147	0.188664	13.6442	13.4555
BLOCK09/SES098/SA098S23	SES187	0.0995417	13.555	13.4555
BLOCK09/SES098/SA098S23	SES292	-0.0258617	13.4296	13.4555
BLOCK09/SES098/SA098S27	SES127	-0.545004	11.151	11.696
BLOCK09/SES098/SA098S27	SES147	-0.3363	11.3597	11.696
BLOCK09/SES098/SA098S27	SES148	-1.16869	10.5273	11.696
BLOCK09/SES098/SA098S27	SES292	-0.0565081	11.6394	11.696
BLOCK10/SES102/SA102S13	SES101	0.732326	12.0601	11.3278
BLOCK10/SES102/SA102S13	SES105	0.16144	11.4892	11.3278
BLOCK10/SES102/SA102S13	SES120	-0.00260258	11.3252	11.3278
BLOCK10/SES102/SA102S13	SES158	-1.20377	10.124	11.3278
BLOCK10/SES102/SA102S14	SES007	0.998059	13.4782	12.4801
BLOCK10/SES102/SA102S14	SES101	1.81466	14.2948	12.4801
BLOCK10/SES102/SA102S14	SES105	0.796806	13.2769	12.4801
BLOCK10/SES102/SA102S14	SES147	0.865136	13.3453	12.4801
BLOCK10/SES102/SA102S22	SES007	-0.289864	12.7299	13.0198
BLOCK10/SES102/SA102S22	SES101	1.14539	14.1652	13.0198
BLOCK10/SES102/SA102S22	SES105	0.560879	13.5807	13.0198
BLOCK10/SES102/SA102S22	SES158	-0.574534	12.4453	13.0198
BLOCK10/SES102/SA102S25	SES007	0.417823	13.5007	13.0829
BLOCK10/SES102/SA102S25	SES101	1.31306	14.396	13.0829
BLOCK10/SES102/SA102S25	SES105	0.325502	13.4084	13.0829
BLOCK10/SES102/SA102S25	SES147	0.131711	13.2146	13.0829
BLOCK10/SES102/SA102S27	SES007	-0.00293541	12.6913	12.6943
BLOCK10/SES102/SA102S27	SES101	1.06985	13.7641	12.6943
BLOCK10/SES102/SA102S27	SES105	0.300639	12.9949	12.6943
BLOCK10/SES102/SA102S27	SES147	0.083004	12.7773	12.6943
BLOCK10/SES103/SA103S14	SES105	-0.431604	10.5309	10.9625
BLOCK10/SES103/SA103S14	SES106	0.660318	11.6228	10.9625
BLOCK10/SES103/SA103S14	SES120	-0.423968	10.5385	10.9625
BLOCK10/SES103/SA103S14	SES206	0.0186672	10.9812	10.9625
BLOCK10/SES103/SA103S15	SES099	-0.0468102	10.2835	10.3303
BLOCK10/SES103/SA103S15	SES101	-0.879567	9.45078	10.3303
BLOCK10/SES103/SA103S15	SES104	0.321155	10.6515	10.3303
BLOCK10/SES103/SA103S15	SES125	0.329332	10.6597	10.3303
BLOCK10/SES103/SA103S24	SES104	0.626624	13.5335	12.9069
BLOCK10/SES103/SA103S24	SES125	-0.137426	12.7695	12.9069
BLOCK10/SES103/SA103S24	SES148	-1.43576	11.4712	12.9069
BLOCK10/SES103/SA103S24	SES158	-0.0692701	12.8376	12.9069
BLOCK10/SES103/SA103S26	SES104	0.334667	10.7592	10.4246
BLOCK10/SES103/SA103S26	SES106	0.562199	10.9868	10.4246
BLOCK10/SES103/SA103S26	SES125	-0.166814	10.2577	10.4246
BLOCK10/SES103/SA103S26	SES148	-1.81557	8.60899	10.4246
BLOCK10/SES103/SA103S28	SES104	1.08923	10.6737	9.58446
BLOCK10/SES103/SA103S28	SES106	0.945968	10.5304	9.58446
BLOCK10/SES103/SA103S28	SES125	0.18144	9.7659	9.58446
BLOCK10/SES103/SA103S28	SES206	0.51476	10.0992	9.58446
BLOCK12/SES121/SA121S12	SES042	-0.817726	7.81769	8.63542
BLOCK12/SES121/SA121S12	SES087	-0.898752	7.73667	8.63542
BLOCK12/SES121/SA121S12	SES105	0.707946	9.34337	8.63542
BLOCK12/SES121/SA121S12	SES206	-0.234994	8.40043	8.63542
BLOCK12/SES121/SA121S14	SES007	-0.798719	8.81037	9.60909
BLOCK12/SES121/SA121S14	SES105	0.28319	9.89228	9.60909
BLOCK12/SES121/SA121S14	SES106	0.297956	9.90704	9.60909
BLOCK12/SES121/SA121S14	SES206	0.227042	9.83613	9.60909
BLOCK12/SES121/SA121S23	SES105	0.126389	9.20901	9.08263
BLOCK12/SES121/SA121S23	SES106	1.18145	10.2641	9.08263
BLOCK12/SES121/SA121S23	SES120	0.209648	9.29227	9.08263
BLOCK12/SES121/SA121S23	SES206	0.873226	9.95585	9.08263
BLOCK12/SES121/SA121S25	SES007	-0.0284495	7.87978	7.90823
BLOCK12/SES121/SA121S25	SES105	0.149592	8.05783	7.90823
BLOCK12/SES121/SA121S25	SES106	0.657026	8.56526	7.90823
BLOCK12/SES121/SA121S25	SES206	-0.191556	7.71668	7.90823
BLOCK12/SES121/SA121S27	SES087	0.173387	9.86279	9.6894
BLOCK12/SES121/SA121S27	SES105	-0.443317	9.24609	9.6894
BLOCK12/SES121/SA121S27	SES120	1.08184	10.7712	9.6894
BLOCK12/SES121/SA121S27	SES206	0.775274	10.4647	9.6894
BLOCK12/SES124/SA124S16	SES042	0.379917	13.0879	12.708
BLOCK12/SES124/SA124S16	SES082	-0.164679	12.5433	12.708
BLOCK12/SES124/SA124S16	SES183	-1.02057	11.6874	12.708
BLOCK12/SES124/SA124S16	SES206	-0.419209	12.2887	12.708
BLOCK12/SES124/SA124S17	SES105	-0.44735	10.4768	10.9242
BLOCK12/SES124/SA124S17	SES149	-2.07407	8.8501	10.9242
BLOCK12/SES124/SA124S17	SES158	-1.1833	9.74086	10.9242
BLOCK12/SES124/SA124S17	SES275	0.344341	11.2685	10.9242
BLOCK12/SES124/SA124S23	SES105	-1.02385	12.4962	13.5201
BLOCK12/SES124/SA124S23	SES125	1.09054	14.6106	13.5201
BLOCK12/SES124/SA124S23	SES129	-0.438272	13.0818	13.5201
BLOCK12/SES124/SA124S23	SES158	0.6286	14.1487	13.5201
BLOCK12/SES124/SA124S26	SES105	-1.06666	11.47	12.5367
BLOCK12/SES124/SA124S26	SES125	0.691918	13.2286	12.5367
BLOCK12/SES124/SA124S26	SES129	-0.24118	12.2955	12.5367
BLOCK12/SES124/SA124S26	SES158	0.705647	13.2423	12.5367
BLOCK12/SES124/SA124S28	SES104	1.01571	13.3064	12.2907
BLOCK12/SES124/SA124S28	SES106	0.532236	12.8229	12.2907
BLOCK12/SES124/SA124S28	SES125	1.04461	13.3353	12.2907
BLOCK12/SES124/SA124S28	SES275	-0.606181	11.6845	12.2907
BLOCK12/SES126/SA126S13	SES007	0.0645733	12.6344	12.5698
BLOCK12/SES126/SA126S13	SES162	-0.044548	12.5253	12.5698
BLOCK12/SES126/SA126S13	SES177	-0.0844498	12.4854	12.5698
BLOCK12/SES126/SA126S13	SES180	0.0886812	12.6585	12.5698
BLOCK12/SES126/SA126S14	SES144	0.279318	13.9922	13.7129
BLOCK12/SES126/SA126S14	SES148	-0.460756	13.2521	13.7129
BLOCK12/SES126/SA126S14	SES177	0.349668	14.0625	13.7129
BLOCK12/SES126/SA126S14	SES180	0.531385	14.2443	13.7129
BLOCK12/SES126/SA126S20	SES007	0.124321	13.3154	13.1911
BLOCK12/SES126/SA126S20	SES162	-0.0444384	13.1467	13.1911
BLOCK12/SES126/SA126S20	SES172	-0.163372	13.0277	13.1911
BLOCK12/SES126/SA126S20	SES180	0.451992	13.6431	13.1911
BLOCK12/SES126/SA126S24	SES120	0.466522	14.5635	14.0969
BLOCK12/SES126/SA126S24	SES162	0.143882	14.2408	14.0969
BLOCK12/SES126/SA126S24	SES177	0.126616	14.2235	14.0969
BLOCK12/SES126/SA126S24	SES180	0.68255	14.7795	14.0969
BLOCK12/SES126/SA126S26	SES120	0.439816	14.158	13.7182
BLOCK12/SES126/SA126S26	SES177	0.0783796	13.7966	13.7182
BLOCK12/SES126/SA126S26	SES180	-0.0147209	13.7035	13.7182
BLOCK12/SES126/SA126S26	SES202	-0.404606	13.3136	13.7182
BLOCK12/SES128/SA128S10	SES087	-0.328397	13.1383	13.4667
BLOCK12/SES128/SA128S10	SES206	0.172921	13.6396	13.4667
BLOCK12/SES128/SA128S10	SES226	0.519279	13.986	13.4667
BLOCK12/SES128/SA128S10	SES270	0.202842	13.6695	13.4667
BLOCK12/SES128/SA128S12	SES120	0.239706	13.2003	12.9606
BLOCK12/SES128/SA128S12	SES158	-0.594341	12.3663	12.9606
BLOCK12/SES128/SA128S12	SES206	0.617164	13.5778	12.9606
BLOCK12/SES128/SA128S12	SES226	0.00510883	12.9657	12.9606
BLOCK12/SES128/SA128S21	SES106	-0.3616	11.631	11.9926
BLOCK12/SES128/SA128S21	SES120	0.506761	12.4993	11.9926
BLOCK12/SES128/SA128S21	SES206	0.434666	12.4272	11.9926
BLOCK12/SES128/SA128S21	SES226	1.24938	13.2419	11.9926
BLOCK12/SES128/SA128S24	SES087	-0.374435	12.293	12.6675
BLOCK12/SES128/SA128S24	SES120	0.242725	12.9102	12.6675
BLOCK12/SES128/SA128S24	SES206	0.18442	12.8519	12.6675
BLOCK12/SES128/SA128S24	SES226	0.0657787	12.7332	12.6675
BLOCK12/SES128/SA128S27	SES099	-0.267275	13.6346	13.9019
BLOCK12/SES128/SA128S27	SES120	0.249876	14.1518	13.9019
BLOCK12/SES128/SA128S27	SES206	-0.0556412	13.8463	13.9019
BLOCK12/SES128/SA128S27	SES226	0.303168	14.2051	13.9019
BLOCK13/SES130/SA130S13	SES143	0.731501	12.7556	12.0241
BLOCK13/SES130/SA130S13	SES144	0.9535	12.9776	12.0241
BLOCK13/SES130/SA130S13	SES146	1.02961	13.0537	12.0241
BLOCK13/SES130/SA130S13	SES275	0.0824089	12.1065	12.0241
BLOCK13/SES130/SA130S15	SES143	-0.261096	13.3345	13.5956
BLOCK13/SES130/SA130S15	SES144	0.471386	14.067	13.5956
BLOCK13/SES130/SA130S15	SES146	0.30037	13.896	13.5956
BLOCK13/SES130/SA130S15	SES275	0.178424	13.7741	13.5956
BLOCK13/SES130/SA130S23	SES127	0.141994	12.161	12.019
BLOCK13/SES130/SA130S23	SES144	0.396704	12.4157	12.019
BLOCK13/SES130/SA130S23	SES146	0.483478	12.5024	12.019
BLOCK13/SES130/SA130S23	SES162	0.667996	12.687	12.019
BLOCK13/SES130/SA130S25	SES127	0.368714	14.3624	13.9937
BLOCK13/SES130/SA130S25	SES144	0.858013	14.8517	13.9937
BLOCK13/SES130/SA130S25	SES146	0.493468	14.4871	13.9937
BLOCK13/SES130/SA130S25	SES275	0.0883074	14.082	13.9937
BLOCK13/SES130/SA130S28	SES127	0.653465	13.2443	12.5909
BLOCK13/SES130/SA130S28	SES144	0.272854	12.8637	12.5909
BLOCK13/SES130/SA130S28	SES146	0.544318	13.1352	12.5909
BLOCK13/SES130/SA130S28	SES275	0.66154	13.2524	12.5909
BLOCK13/SES131/SA131S13	SES002	0.388946	10.8841	10.4952
BLOCK13/SES131/SA131S13	SES007	-0.526373	9.96878	10.4952
BLOCK13/SES131/SA131S13	SES099	-0.657998	9.83715	10.4952
BLOCK13/SES131/SA131S13	SES105	-0.219737	10.2754	10.4952
BLOCK13/SES131/SA131S14	SES104	1.59791	12.7591	11.1612
BLOCK13/SES131/SA131S14	SES106	1.02079	12.182	11.1612
BLOCK13/SES131/SA131S14	SES125	0.178313	11.3395	11.1612
BLOCK13/SES131/SA131S14	SES148	-0.653008	10.5082	11.1612
BLOCK13/SES131/SA131S20	SES104	-0.707787	9.92882	10.6366
BLOCK13/SES131/SA131S20	SES106	-0.689033	9.94757	10.6366
BLOCK13/SES131/SA131S20	SES125	-1.54665	9.08995	10.6366
BLOCK13/SES131/SA131S20	SES148	-1.15758	9.47902	10.6366
BLOCK13/SES131/SA131S22	SES099	-0.461665	11.7372	12.1988
BLOCK13/SES131/SA131S22	SES104	-0.0671892	12.1317	12.1988
BLOCK13/SES131/SA131S22	SES125	-0.578459	11.6204	12.1988
BLOCK13/SES131/SA131S22	SES206	-0.448612	11.7502	12.1988
BLOCK13/SES131/SA131S29	SES087	-0.656884	10.7246	11.3815
BLOCK13/SES131/SA131S29	SES104	-1.09909	10.2824	11.3815
BLOCK13/SES131/SA131S29	SES125	-1.38188	9.99957	11.3815
BLOCK13/SES131/SA131S29	SES206	-1.14498	10.2365	11.3815
BLOCK13/SES132/SA132S11	SES083	-0.249635	13.6926	13.9422
BLOCK13/SES132/SA132S11	SES120	0.806978	14.7492	13.9422
BLOCK13/SES132/SA132S11	SES127	0.0835104	14.0257	13.9422
BLOCK13/SES132/SA132S11	SES275	0.102431	14.0447	13.9422
BLOCK13/SES132/SA132S12	SES083	-0.436505	13.7268	14.1633
BLOCK13/SES132/SA132S12	SES143	0.0376701	14.201	14.1633
BLOCK13/SES132/SA132S12	SES144	-0.0107584	14.1525	14.1633
BLOCK13/SES132/SA132S12	SES148	-0.345414	13.8179	14.1633
BLOCK13/SES132/SA132S22	SES062	0.511361	14.8387	14.3273
BLOCK13/SES132/SA132S22	SES083	-0.152899	14.1744	14.3273
BLOCK13/SES132/SA132S22	SES127	0.249769	14.5771	14.3273
BLOCK13/SES132/SA132S22	SES275	0.0240335	14.3514	14.3273
BLOCK13/SES132/SA132S24	SES007	0.370069	14.6194	14.2494
BLOCK13/SES132/SA132S24	SES083	0.230046	14.4794	14.2494
BLOCK13/SES132/SA132S24	SES127	-0.143833	14.1055	14.2494
BLOCK13/SES132/SA132S24	SES275	0.477878	14.7272	14.2494
BLOCK13/SES132/SA132S27	SES083	-0.236301	13.4008	13.6371
BLOCK13/SES132/SA132S27	SES120	0.660948	14.2981	13.6371
BLOCK13/SES132/SA132S27	SES127	-0.269821	13.3673	13.6371
BLOCK13/SES132/SA132S27	SES275	-0.0568275	13.5803	13.6371
BLOCK14/SES141/SA141S09	SES143	0.359772	13.9195	13.5597
BLOCK14/SES141/SA141S09	SES144	0.444957	14.0047	13.5597
BLOCK14/SES141/SA141S09	SES162	0.1823	13.742	13.5597
BLOCK14/SES141/SA141S09	SES180	0.0533142	13.613	13.5597
BLOCK14/SES141/SA141S15	SES127	0.144204	13.1511	13.0069
BLOCK14/SES141/SA141S15	SES144	0.0164909	13.0234	13.0069
BLOCK14/SES141/SA141S15	SES162	-0.00521946	13.0017	13.0069
BLOCK14/SES141/SA141S15	SES180	-0.422799	12.5841	13.0069
BLOCK14/SES141/SA141S24	SES127	0.246799	13.6557	13.4089
BLOCK14/SES141/SA141S24	SES144	0.168189	13.5771	13.4089
BLOCK14/SES141/SA141S24	SES162	0.264051	13.673	13.4089
BLOCK14/SES141/SA141S24	SES183	-0.385905	13.023	13.4089
BLOCK14/SES141/SA141S26	SES142	0.170163	13.5346	13.3645
BLOCK14/SES141/SA141S26	SES144	-0.105999	13.2585	13.3645
BLOCK14/SES141/SA141S26	SES172	0.517559	13.882	13.3645
BLOCK14/SES141/SA141S26	SES180	0.0666132	13.4311	13.3645
BLOCK14/SES141/SA141S29	SES127	0.832525	14.2833	13.4508
BLOCK14/SES141/SA141S29	SES142	0.741257	14.1921	13.4508
BLOCK14/SES141/SA141S29	SES144	0.177143	13.6279	13.4508
BLOCK14/SES141/SA141S29	SES180	0.506882	13.9577	13.4508
BLOCK15/SES157/SA157S08	SES083	-0.143831	13.2408	13.3846
BLOCK15/SES157/SA157S08	SES127	0.0467148	13.4313	13.3846
BLOCK15/SES157/SA157S08	SES148	-0.589654	12.7949	13.3846
BLOCK15/SES157/SA157S08	SES292	-0.165605	13.219	13.3846
BLOCK15/SES157/SA157S11	SES083	-0.335196	12.8422	13.1774
BLOCK15/SES157/SA157S11	SES127	-0.0768976	13.1005	13.1774
BLOCK15/SES157/SA157S11	SES148	-0.793553	12.3838	13.1774
BLOCK15/SES157/SA157S11	SES292	-0.128526	13.0488	13.1774
BLOCK15/SES157/SA157S21	SES127	0.175001	14.2068	14.0318
BLOCK15/SES157/SA157S21	SES148	-0.619549	13.4122	14.0318
BLOCK15/SES157/SA157S21	SES158	-2.31388	11.7179	14.0318
BLOCK15/SES157/SA157S21	SES292	0.242167	14.274	14.0318
BLOCK15/SES157/SA157S24	SES127	0.126597	13.8353	13.7087
BLOCK15/SES157/SA157S24	SES148	-0.859738	12.8489	13.7087
BLOCK15/SES157/SA157S24	SES183	-0.109128	13.5995	13.7087
BLOCK15/SES157/SA157S24	SES292	0.105192	13.8139	13.7087
BLOCK15/SES157/SA157S26	SES007	0.281036	13.9034	13.6224
BLOCK15/SES157/SA157S26	SES127	0.37625	13.9986	13.6224
BLOCK15/SES157/SA157S26	SES147	0.0888319	13.7112	13.6224
BLOCK15/SES157/SA157S26	SES148	-1.00974	12.6126	13.6224
BLOCK16/SES161/SA161S10	SES007	-0.169818	10.9847	11.1545
BLOCK16/SES161/SA161S10	SES105	0.138227	11.2927	11.1545
BLOCK16/SES161/SA161S10	SES158	-0.528328	10.6261	11.1545
BLOCK16/SES161/SA161S10	SES275	0.246138	11.4006	11.1545
BLOCK16/SES161/SA161S12	SES007	0.0415773	11.8651	11.8235
BLOCK16/SES161/SA161S12	SES105	-0.961404	10.8621	11.8235
BLOCK16/SES161/SA161S12	SES158	0.234323	12.0578	11.8235
BLOCK16/SES161/SA161S12	SES275	-0.0447817	11.7787	11.8235
BLOCK16/SES161/SA161S20	SES007	-0.292798	10.5671	10.8599
BLOCK16/SES161/SA161S20	SES105	-0.361115	10.4988	10.8599
BLOCK16/SES161/SA161S20	SES158	-0.461957	10.3979	10.8599
BLOCK16/SES161/SA161S20	SES275	-0.39693	10.463	10.8599
BLOCK16/SES161/SA161S23	SES007	-0.587518	11.254	11.8415
BLOCK16/SES161/SA161S23	SES105	-0.153341	11.6882	11.8415
BLOCK16/SES161/SA161S23	SES148	-0.643962	11.1975	11.8415
BLOCK16/SES161/SA161S23	SES158	-0.168573	11.6729	11.8415
BLOCK16/SES161/SA161S28	SES007	-0.38368	11.5919	11.9756
BLOCK16/SES161/SA161S28	SES105	-0.386647	11.5889	11.9756
BLOCK16/SES161/SA161S28	SES158	0.757632	12.7332	11.9756
BLOCK16/SES161/SA161S28	SES206	0.666219	12.6418	11.9756
BLOCK16/SES164/SA164S11	SES104	1.37875	14.6549	13.2761
BLOCK16/SES164/SA164S11	SES125	1.48525	14.7614	13.2761
BLOCK16/SES164/SA164S11	SES158	1.37512	14.6513	13.2761
BLOCK16/SES164/SA164S11	SES206	1.35752	14.6337	13.2761
BLOCK16/SES164/SA164S13	SES099	0.169302	12.0036	11.8343
BLOCK16/SES164/SA164S13	SES104	0.403473	12.2378	11.8343
BLOCK16/SES164/SA164S13	SES125	0.165431	11.9998	11.8343
BLOCK16/SES164/SA164S13	SES206	0.555596	12.3899	11.8343
BLOCK16/SES164/SA164S24	SES002	1.91182	14.1901	12.2783
BLOCK16/SES164/SA164S24	SES099	0.773554	13.0518	12.2783
BLOCK16/SES164/SA164S24	SES125	0.844962	13.1233	12.2783
BLOCK16/SES164/SA164S24	SES226	1.39837	13.6767	12.2783
BLOCK16/SES164/SA164S27	SES087	0.972003	13.4453	12.4733
BLOCK16/SES164/SA164S27	SES125	1.07386	13.5472	12.4733
BLOCK16/SES164/SA164S27	SES206	0.845549	13.3189	12.4733
BLOCK16/SES164/SA164S27	SES226	0.589466	13.0628	12.4733
BLOCK16/SES164/SA164S29	SES002	1.20726	13.5707	12.3635
BLOCK16/SES164/SA164S29	SES019	0.193715	12.5572	12.3635
BLOCK16/SES164/SA164S29	SES125	0.74644	13.1099	12.3635
BLOCK16/SES164/SA164S29	SES226	-0.0642757	12.2992	12.3635
BLOCK16/SES169/SA169S13	SES117	-0.443124	12.7367	13.1798
BLOCK16/SES169/SA169S13	SES144	-0.228357	12.9514	13.1798
BLOCK16/SES169/SA169S13	SES146	0.347595	13.5274	13.1798
BLOCK16/SES169/SA169S13	SES162	0.253338	13.4331	13.1798
BLOCK16/SES169/SA169S14	SES144	0.0319386	13.9589	13.9269
BLOCK16/SES169/SA169S14	SES148	-0.864806	13.0621	13.9269
BLOCK16/SES169/SA169S14	SES177	0.052434	13.9794	13.9269
BLOCK16/SES169/SA169S14	SES180	0.093647	14.0206	13.9269
BLOCK16/SES169/SA169S24	SES117	0.0689201	12.6253	12.5564
BLOCK16/SES169/SA169S24	SES144	-0.178964	12.3775	12.5564
BLOCK16/SES169/SA169S24	SES146	0.270623	12.8271	12.5564
BLOCK16/SES169/SA169S24	SES162	0.482622	13.0391	12.5564
BLOCK16/SES169/SA169S27	SES127	0.383392	13.4194	13.036
BLOCK16/SES169/SA169S27	SES129	0.216468	13.2524	13.036
BLOCK16/SES169/SA169S27	SES144	-0.298134	12.7378	13.036
BLOCK16/SES169/SA169S27	SES146	0.876874	13.9128	13.036
BLOCK16/SES169/SA169S29	SES144	0.389839	13.8097	13.4198
BLOCK16/SES169/SA169S29	SES162	0.181769	13.6016	13.4198
BLOCK16/SES169/SA169S29	SES177	-0.294597	13.1252	13.4198
BLOCK16/SES169/SA169S29	SES180	0.434726	13.8545	13.4198
BLOCK17/SES171/SA171S12	SES083	-0.143194	12.4416	12.5848
BLOCK17/SES171/SA171S12	SES148	-0.579191	12.0056	12.5848
BLOCK17/SES171/SA171S12	SES172	0.114439	12.6993	12.5848
BLOCK17/SES171/SA171S12	SES292	-0.283377	12.3014	12.5848
BLOCK17/SES171/SA171S15	SES148	-0.856574	11.8165	12.673
BLOCK17/SES171/SA171S15	SES177	-0.331615	12.3414	12.673
BLOCK17/SES171/SA171S15	SES180	-0.684032	11.989	12.673
BLOCK17/SES171/SA171S15	SES292	-0.373865	12.2992	12.673
BLOCK17/SES171/SA171S22	SES007	-0.219693	13.0646	13.2843
BLOCK17/SES171/SA171S22	SES148	-0.424171	12.8602	13.2843
BLOCK17/SES171/SA171S22	SES177	0.370703	13.655	13.2843
BLOCK17/SES171/SA171S22	SES180	0.184552	13.4689	13.2843
BLOCK17/SES171/SA171S25	SES101	-0.113473	11.7843	11.8978
BLOCK17/SES171/SA171S25	SES120	-0.324564	11.5732	11.8978
BLOCK17/SES171/SA171S25	SES177	0.431092	12.3289	11.8978
BLOCK17/SES171/SA171S25	SES180	-0.240769	11.657	11.8978
BLOCK17/SES171/SA171S27	SES177	0.448642	12.9795	12.5308
BLOCK17/SES171/SA171S27	SES180	-0.637596	11.8932	12.5308
BLOCK17/SES171/SA171S27	SES189	-0.233086	12.2977	12.5308
BLOCK17/SES171/SA171S27	SES292	-0.290977	12.2398	12.5308
BLOCK17/SES173/SA173S13	SES162	-0.814936	11.7339	12.5488
BLOCK17/SES173/SA173S13	SES177	-0.304576	12.2443	12.5488
BLOCK17/SES173/SA173S13	SES180	-0.285223	12.2636	12.5488
BLOCK17/SES173/SA173S13	SES292	0.265785	12.8146	12.5488
BLOCK17/SES173/SA173S14	SES007	-0.169877	11.6946	11.8645
BLOCK17/SES173/SA173S14	SES162	-0.713232	11.1512	11.8645
BLOCK17/SES173/SA173S14	SES177	-0.137353	11.7271	11.8645
BLOCK17/SES173/SA173S14	SES180	0.112866	11.9773	11.8645
BLOCK17/SES173/SA173S24	SES144	0.103198	11.5582	11.455
BLOCK17/SES173/SA173S24	SES162	-0.309623	11.1454	11.455
BLOCK17/SES173/SA173S24	SES177	-0.203951	11.2511	11.455
BLOCK17/SES173/SA173S24	SES180	-0.0650282	11.39	11.455
BLOCK17/SES173/SA173S27	SES162	-0.720715	11.6811	12.4019
BLOCK17/SES173/SA173S27	SES177	0.168557	12.5704	12.4019
BLOCK17/SES173/SA173S27	SES180	0.292722	12.6946	12.4019
BLOCK17/SES173/SA173S27	SES292	0.531025	12.9329	12.4019
BLOCK17/SES173/SA173S29	SES162	-0.347671	11.7921	12.1398
BLOCK17/SES173/SA173S29	SES175	0.292779	12.4326	12.1398
BLOCK17/SES173/SA173S29	SES177	0.216312	12.3561	12.1398
BLOCK17/SES173/SA173S29	SES292	0.0992212	12.239	12.1398
BLOCK18/SES182/SA182S10	SES144	0.027379	12.9833	12.956
BLOCK18/SES182/SA182S10	SES177	0.295649	13.2516	12.956
BLOCK18/SES182/SA182S10	SES180	-0.324316	12.6316	12.956
BLOCK18/SES182/SA182S10	SES275	0.244052	13.2	12.956
BLOCK18/SES182/SA182S12	SES144	0.429648	13.9583	13.5287
BLOCK18/SES182/SA182S12	SES177	0.309265	13.838	13.5287
BLOCK18/SES182/SA182S12	SES180	-0.228417	13.3003	13.5287
BLOCK18/SES182/SA182S12	SES275	0.220073	13.7488	13.5287
BLOCK18/SES182/SA182S21	SES117	-0.575812	12.1773	12.7531
BLOCK18/SES182/SA182S21	SES144	0.0756359	12.8287	12.7531
BLOCK18/SES182/SA182S21	SES162	0.212988	12.9661	12.7531
BLOCK18/SES182/SA182S21	SES180	-0.214405	12.5387	12.7531
BLOCK18/SES182/SA182S23	SES117	-0.0612116	13.2455	13.3067
BLOCK18/SES182/SA182S23	SES144	-0.0734119	13.2333	13.3067
BLOCK18/SES182/SA182S23	SES180	-0.231865	13.0749	13.3067
BLOCK18/SES182/SA182S23	SES275	0.491569	13.7983	13.3067
BLOCK18/SES182/SA182S25	SES007	0.410968	13.7135	13.3026
BLOCK18/SES182/SA182S25	SES162	0.175649	13.4782	13.3026
BLOCK18/SES182/SA182S25	SES177	-0.0445213	13.258	13.3026
BLOCK18/SES182/SA182S25	SES180	0.326577	13.6291	13.3026
BLOCK18/SES184/SA184S12	SES177	1.07481	13.4618	12.387
BLOCK18/SES184/SA184S12	SES180	0.0523291	12.4393	12.387
BLOCK18/SES184/SA184S12	SES189	-0.81075	11.5762	12.387
BLOCK18/SES184/SA184S12	SES292	-0.0116482	12.3753	12.387
BLOCK18/SES184/SA184S13	SES101	0.0763054	12.5998	12.5235
BLOCK18/SES184/SA184S13	SES177	-0.130481	12.393	12.5235
BLOCK18/SES184/SA184S13	SES180	0.0535851	12.5771	12.5235
BLOCK18/SES184/SA184S13	SES292	-0.0672731	12.4562	12.5235
BLOCK18/SES184/SA184S22	SES177	0.191813	13.7253	13.5335
BLOCK18/SES184/SA184S22	SES180	0.704407	14.2379	13.5335
BLOCK18/SES184/SA184S22	SES189	-0.549683	12.9838	13.5335
BLOCK18/SES184/SA184S22	SES292	0.301268	13.8348	13.5335
BLOCK18/SES184/SA184S25	SES101	0.742496	15.0286	14.2861
BLOCK18/SES184/SA184S25	SES177	-0.0172138	14.2689	14.2861
BLOCK18/SES184/SA184S25	SES180	0.379892	14.666	14.2861
BLOCK18/SES184/SA184S25	SES292	0.41118	14.6973	14.2861
BLOCK18/SES184/SA184S27	SES083	-0.207067	12.831	13.0381
BLOCK18/SES184/SA184S27	SES177	-0.191499	12.8466	13.0381
BLOCK18/SES184/SA184S27	SES202	-0.134858	12.9032	13.0381
BLOCK18/SES184/SA184S27	SES292	-0.0489645	12.9891	13.0381
BLOCK20/SES204/SA204S12	SES062	0.235899	14.0204	13.7845
BLOCK20/SES204/SA204S12	SES083	-0.0693226	13.7152	13.7845
BLOCK20/SES204/SA204S12	SES206	0.526509	14.311	13.7845
BLOCK20/SES204/SA204S12	SES226	0.0254841	13.81	13.7845
BLOCK20/SES204/SA204S14	SES068	0.737223	15.7077	14.9704
BLOCK20/SES204/SA204S14	SES087	0.992821	15.9633	14.9704
BLOCK20/SES204/SA204S14	SES206	0.526451	15.4969	14.9704
BLOCK20/SES204/SA204S14	SES226	0.557168	15.5276	14.9704
BLOCK20/SES204/SA204S22	SES068	0.88658	14.6872	13.8006
BLOCK20/SES204/SA204S22	SES082	-0.312936	13.4877	13.8006
BLOCK20/SES204/SA204S22	SES083	0.280026	14.0806	13.8006
BLOCK20/SES204/SA204S22	SES206	0.803872	14.6045	13.8006
BLOCK20/SES204/SA204S25	SES062	-0.320042	13.5583	13.8784
BLOCK20/SES204/SA204S25	SES083	0.278863	14.1573	13.8784
BLOCK20/SES204/SA204S25	SES206	0.727134	14.6055	13.8784
BLOCK20/SES204/SA204S25	SES226	0.32308	14.2015	13.8784
BLOCK20/SES204/SA204S27	SES068	0.863205	14.0336	13.1704
BLOCK20/SES204/SA204S27	SES082	-0.421165	12.7493	13.1704
BLOCK20/SES204/SA204S27	SES087	0.765251	13.9357	13.1704
BLOCK20/SES204/SA204S27	SES206	0.618754	13.7892	13.1704
BLOCK20/SES207/SA207S10	SES127	-0.362368	12.2338	12.5961
BLOCK20/SES207/SA207S10	SES183	0.245589	12.8417	12.5961
BLOCK20/SES207/SA207S10	SES189	-0.432937	12.1632	12.5961
BLOCK20/SES207/SA207S10	SES292	-0.563629	12.0325	12.5961
BLOCK20/SES207/SA207S11	SES127	-0.386977	11.8157	12.2026
BLOCK20/SES207/SA207S11	SES183	0.190948	12.3936	12.2026
BLOCK20/SES207/SA207S11	SES187	-0.398822	11.8038	12.2026
BLOCK20/SES207/SA207S11	SES292	-0.150287	12.0524	12.2026
BLOCK20/SES207/SA207S25	SES068	-0.132872	12.0595	12.1924
BLOCK20/SES207/SA207S25	SES083	-0.17	12.0224	12.1924
BLOCK20/SES207/SA207S25	SES127	0.61836	12.8107	12.1924
BLOCK20/SES207/SA207S25	SES187	-0.0976362	12.0947	12.1924
BLOCK20/SES207/SA207S27	SES127	-0.524347	10.9321	11.4565
BLOCK20/SES207/SA207S27	SES183	0.476493	11.933	11.4565
BLOCK20/SES207/SA207S27	SES187	-0.209932	11.2466	11.4565
BLOCK20/SES207/SA207S27	SES292	-0.715282	10.7412	11.4565
BLOCK20/SES207/SA207S29	SES083	-0.337673	12.6931	13.0307
BLOCK20/SES207/SA207S29	SES085	0.67987	13.7106	13.0307
BLOCK20/SES207/SA207S29	SES172	0.774627	13.8054	13.0307
BLOCK20/SES207/SA207S29	SES189	-0.737862	12.2929	13.0307
BLOCK22/SES221/SA221S12	SES068	1.06231	14.5505	13.4882
BLOCK22/SES221/SA221S12	SES143	0.54453	14.0327	13.4882
BLOCK22/SES221/SA221S12	SES175	0.809677	14.2979	13.4882
BLOCK22/SES221/SA221S12	SES202	0.897846	14.386	13.4882
BLOCK22/SES221/SA221S15	SES085	1.01141	13.3836	12.3722
BLOCK22/SES221/SA221S15	SES143	-0.0398464	12.3323	12.3722
BLOCK22/SES221/SA221S15	SES175	0.301037	12.6732	12.3722
BLOCK22/SES221/SA221S15	SES187	-0.323594	12.0486	12.3722
BLOCK22/SES221/SA221S23	SES068	0.980753	13.5817	12.601
BLOCK22/SES221/SA221S23	SES143	0.602245	13.2032	12.601
BLOCK22/SES221/SA221S23	SES175	1.04121	13.6422	12.601
BLOCK22/SES221/SA221S23	SES189	1.00068	13.6017	12.601
BLOCK22/SES221/SA221S27	SES085	1.69263	14.9523	13.2597
BLOCK22/SES221/SA221S27	SES143	0.730309	13.99	13.2597
BLOCK22/SES221/SA221S27	SES175	0.351126	13.6108	13.2597
BLOCK22/SES221/SA221S27	SES189	0.720399	13.9801	13.2597
BLOCK22/SES221/SA221S29	SES085	1.45661	13.6535	12.1969
BLOCK22/SES221/SA221S29	SES143	0.694301	12.8912	12.1969
BLOCK22/SES221/SA221S29	SES175	0.997806	13.1947	12.1969
BLOCK22/SES221/SA221S29	SES187	0.411257	12.6081	12.1969
BLOCK22/SES223/SA223S11	SES143	0.641934	11.8431	11.2012
BLOCK22/SES223/SA223S11	SES144	-0.528206	10.673	11.2012
BLOCK22/SES223/SA223S11	SES175	0.319883	11.521	11.2012
BLOCK22/SES223/SA223S11	SES187	-0.563672	10.6375	11.2012
BLOCK22/SES223/SA223S13	SES068	0.583421	11.3672	10.7838
BLOCK22/SES223/SA223S13	SES143	0.371936	11.1557	10.7838
BLOCK22/SES223/SA223S13	SES146	0.207039	10.9908	10.7838
BLOCK22/SES223/SA223S13	SES202	-0.00689411	10.7769	10.7838
BLOCK22/SES223/SA223S22	SES143	0.294663	12.3586	12.0639
BLOCK22/SES223/SA223S22	SES144	-0.343175	11.7207	12.0639
BLOCK22/SES223/SA223S22	SES175	0.104102	12.168	12.0639
BLOCK22/SES223/SA223S22	SES187	-0.0561228	12.0078	12.0639
BLOCK22/SES223/SA223S25	SES068	0.629177	12.8699	12.2407
BLOCK22/SES223/SA223S25	SES143	0.649771	12.8905	12.2407
BLOCK22/SES223/SA223S25	SES175	0.460569	12.7013	12.2407
BLOCK22/SES223/SA223S25	SES187	0.169329	12.41	12.2407
BLOCK22/SES223/SA223S27	SES143	0.0783796	11.9557	11.8773
BLOCK22/SES223/SA223S27	SES146	-0.334147	11.5432	11.8773
BLOCK22/SES223/SA223S27	SES187	-0.482213	11.3951	11.8773
BLOCK22/SES223/SA223S27	SES292	-0.0713205	11.806	11.8773
BLOCK27/SES273/SA273S12	SES099	0.885279	15.7597	14.8744
BLOCK27/SES273/SA273S12	SES104	1.48988	16.3643	14.8744
BLOCK27/SES273/SA273S12	SES125	0.816707	15.6911	14.8744
BLOCK27/SES273/SA273S12	SES206	1.41119	16.2856	14.8744
BLOCK27/SES273/SA273S13	SES099	0.684952	15.7221	15.0372
BLOCK27/SES273/SA273S13	SES104	1.17899	16.2162	15.0372
BLOCK27/SES273/SA273S13	SES206	1.051	16.0882	15.0372
BLOCK27/SES273/SA273S13	SES292	0.432016	15.4692	15.0372
BLOCK27/SES273/SA273S21	SES099	0.764263	15.7009	14.9366
BLOCK27/SES273/SA273S21	SES148	-0.803768	14.1329	14.9366
BLOCK27/SES273/SA273S21	SES149	0.0984039	15.035	14.9366
BLOCK27/SES273/SA273S21	SES177	0.454051	15.3907	14.9366
BLOCK27/SES273/SA273S25	SES104	1.3138	15.2923	13.9785
BLOCK27/SES273/SA273S25	SES125	1.43938	15.4178	13.9785
BLOCK27/SES273/SA273S25	SES158	0.863651	14.8421	13.9785
BLOCK27/SES273/SA273S25	SES206	1.29084	15.2693	13.9785
BLOCK27/SES273/SA273S27	SES099	0.522161	14.9155	14.3933
BLOCK27/SES273/SA273S27	SES104	0.495874	14.8892	14.3933
BLOCK27/SES273/SA273S27	SES149	0.588579	14.9819	14.3933
BLOCK27/SES273/SA273S27	SES275	0.343174	14.7365	14.3933
BLOCK27/SES274/SA274S10	SES105	-0.601203	13.4965	14.0977
BLOCK27/SES274/SA274S10	SES125	-0.663034	13.4347	14.0977
BLOCK27/SES274/SA274S10	SES129	0.558695	14.6564	14.0977
BLOCK27/SES274/SA274S10	SES158	-0.971118	13.1266	14.0977
BLOCK27/SES274/SA274S11	SES105	-0.068511	13.8946	13.9631
BLOCK27/SES274/SA274S11	SES149	-0.445352	13.5178	13.9631
BLOCK27/SES274/SA274S11	SES158	-0.620513	13.3426	13.9631
BLOCK27/SES274/SA274S11	SES275	0.495442	14.4586	13.9631
BLOCK27/SES274/SA274S21	SES105	0.149561	13.5953	13.4457
BLOCK27/SES274/SA274S21	SES129	1.20019	14.6459	13.4457
BLOCK27/SES274/SA274S21	SES149	-0.454177	12.9915	13.4457
BLOCK27/SES274/SA274S21	SES158	-0.796961	12.6487	13.4457
BLOCK27/SES274/SA274S24	SES105	-0.0477571	14.3904	14.4381
BLOCK27/SES274/SA274S24	SES129	1.04322	15.4814	14.4381
BLOCK27/SES274/SA274S24	SES149	-0.326103	14.112	14.4381
BLOCK27/SES274/SA274S24	SES158	-0.874414	13.5637	14.4381
BLOCK27/SES274/SA274S29	SES105	-0.711965	12.929	13.641
BLOCK27/SES274/SA274S29	SES106	-1.1383	12.5027	13.641
BLOCK27/SES274/SA274S29	SES120	0.243686	13.8847	13.641
BLOCK27/SES274/SA274S29	SES275	0.406315	14.0473	13.641
BLOCK27/SES276/SA276S16	SES148	-0.174516	12.2309	12.4054
BLOCK27/SES276/SA276S16	SES172	0.602763	13.0081	12.4054
BLOCK27/SES276/SA276S16	SES180	0.588691	12.9941	12.4054
BLOCK27/SES276/SA276S16	SES292	0.381516	12.7869	12.4054
BLOCK27/SES276/SA276S17	SES101	0.799271	13.8933	13.094
BLOCK27/SES276/SA276S17	SES177	-0.312729	12.7813	13.094
BLOCK27/SES276/SA276S17	SES180	0.773048	13.867	13.094
BLOCK27/SES276/SA276S17	SES292	0.491233	13.5852	13.094
BLOCK27/SES276/SA276S24	SES101	0.797891	14.4329	13.635
BLOCK27/SES276/SA276S24	SES177	0.0550928	13.6901	13.635
BLOCK27/SES276/SA276S24	SES180	1.02853	14.6635	13.635
BLOCK27/SES276/SA276S24	SES292	0.106338	13.7413	13.635
BLOCK27/SES276/SA276S26	SES101	0.129073	14.012	13.8829
BLOCK27/SES276/SA276S26	SES177	0.58283	14.4657	13.8829
BLOCK27/SES276/SA276S26	SES180	0.822868	14.7058	13.8829
BLOCK27/SES276/SA276S26	SES292	0.692843	14.5757	13.8829
BLOCK27/SES276/SA276S28	SES101	0.740885	13.7989	13.058
BLOCK27/SES276/SA276S28	SES177	-0.171706	12.8863	13.058
BLOCK27/SES276/SA276S28	SES180	1.00571	14.0637	13.058
BLOCK27/SES276/SA276S28	SES292	0.563435	13.6215	13.058
BLOCK27/SES277/SA277S12	SES101	0.546489	12.5475	12.001
BLOCK27/SES277/SA277S12	SES177	-0.306737	11.6942	12.001
BLOCK27/SES277/SA277S12	SES180	0.0947552	12.0957	12.001
BLOCK27/SES277/SA277S12	SES292	-0.0465736	11.9544	12.001
BLOCK27/SES277/SA277S14	SES177	0.50044	12.0938	11.5934
BLOCK27/SES277/SA277S14	SES180	-0.287878	11.3055	11.5934
BLOCK27/SES277/SA277S14	SES189	0.287318	11.8807	11.5934
BLOCK27/SES277/SA277S14	SES292	-0.359595	11.2338	11.5934
BLOCK27/SES277/SA277S21	SES177	0.404655	13.3719	12.9672
BLOCK27/SES277/SA277S21	SES180	-0.249286	12.7179	12.9672
BLOCK27/SES277/SA277S21	SES189	0.380937	13.3482	12.9672
BLOCK27/SES277/SA277S21	SES292	-0.263316	12.7039	12.9672
BLOCK27/SES277/SA277S24	SES144	-0.0613585	11.7323	11.7937
BLOCK27/SES277/SA277S24	SES177	-0.00621319	11.7875	11.7937
BLOCK27/SES277/SA277S24	SES180	-0.614972	11.1787	11.7937
BLOCK27/SES277/SA277S24	SES189	0.0974913	11.8912	11.7937
BLOCK27/SES277/SA277S29	SES177	0.210393	13.6904	13.48
BLOCK27/SES277/SA277S29	SES180	0.475619	13.9556	13.48
BLOCK27/SES277/SA277S29	SES202	0.0449848	13.5249	13.48
BLOCK27/SES277/SA277S29	SES292	-0.151083	13.3289	13.48
BLOCK27/SES279/SA279S09	SES120	0.255151	13.6246	13.3695
BLOCK27/SES279/SA279S09	SES146	0.00943756	13.3789	13.3695
BLOCK27/SES279/SA279S09	SES206	0.488436	13.8579	13.3695
BLOCK27/SES279/SA279S09	SES226	-0.159713	13.2097	13.3695
BLOCK27/SES279/SA279S10	SES099	0.178206	13.8986	13.7204
BLOCK27/SES279/SA279S10	SES206	0.347593	14.068	13.7204
BLOCK27/SES279/SA279S10	SES226	-0.286998	13.4334	13.7204
BLOCK27/SES279/SA279S10	SES292	0.551601	14.272	13.7204
BLOCK27/SES279/SA279S20	SES099	-0.0559597	13.4562	13.5122
BLOCK27/SES279/SA279S20	SES206	0.60435	14.1165	13.5122
BLOCK27/SES279/SA279S20	SES226	0.0563936	13.5686	13.5122
BLOCK27/SES279/SA279S20	SES292	0.768077	14.2802	13.5122
BLOCK27/SES279/SA279S26	SES099	0.736115	13.8028	13.0667
BLOCK27/SES279/SA279S26	SES206	1.47654	14.5432	13.0667
BLOCK27/SES279/SA279S26	SES226	0.62787	13.6946	13.0667
BLOCK27/SES279/SA279S26	SES292	0.877786	13.9445	13.0667
BLOCK27/SES279/SA279S28	SES099	0.270823	14.9846	14.7138
BLOCK27/SES279/SA279S28	SES120	0.488711	15.2025	14.7138
BLOCK27/SES279/SA279S28	SES177	0.183568	14.8974	14.7138
BLOCK27/SES279/SA279S28	SES206	0.235921	14.9497	14.7138
BLOCK29/SES290/SA290S12	SES162	0.302134	13.3794	13.0773
BLOCK29/SES290/SA290S12	SES177	0.336049	13.4133	13.0773
BLOCK29/SES290/SA290S12	SES180	0.625754	13.703	13.0773
BLOCK29/SES290/SA290S12	SES292	-0.400981	12.6763	13.0773
BLOCK29/SES290/SA290S13	SES007	-0.367335	12.6111	12.9785
BLOCK29/SES290/SA290S13	SES162	-0.392603	12.5859	12.9785
BLOCK29/SES290/SA290S13	SES177	0.117825	13.0963	12.9785
BLOCK29/SES290/SA290S13	SES180	0.102515	13.081	12.9785
BLOCK29/SES290/SA290S22	SES177	0.171012	12.9527	12.7817
BLOCK29/SES290/SA290S22	SES180	0.186453	12.9681	12.7817
BLOCK29/SES290/SA290S22	SES202	-0.291009	12.4906	12.7817
BLOCK29/SES290/SA290S22	SES292	0.00128841	12.7829	12.7817
BLOCK29/SES290/SA290S25	SES162	0.330835	14.1078	13.777
BLOCK29/SES290/SA290S25	SES177	0.294253	14.0712	13.777
BLOCK29/SES290/SA290S25	SES180	0.940927	14.7179	13.777
BLOCK29/SES290/SA290S25	SES292	0.348872	14.1258	13.777
BLOCK29/SES290/SA290S29	SES177	0.512474	13.4341	12.9216
BLOCK29/SES290/SA290S29	SES180	0.934118	13.8557	12.9216
BLOCK29/SES290/SA290S29	SES275	-0.0427122	12.8789	12.9216
BLOCK29/SES290/SA290S29	SES292	0.168839	13.0905	12.9216
BLOCK29/SES291/SA291S11	SES105	-0.769994	11.2873	12.0573
BLOCK29/SES291/SA291S11	SES125	0.1092	12.1665	12.0573
BLOCK29/SES291/SA291S11	SES158	0.13573	12.193	12.0573
BLOCK29/SES291/SA291S11	SES275	-0.328678	11.7286	12.0573
BLOCK29/SES291/SA291S12	SES158	2.01096	13.6573	11.6463
BLOCK29/SES291/SA291S12	SES226	0.326291	11.9726	11.6463
BLOCK29/SES291/SA291S12	SES270	1.3969	13.0432	11.6463
BLOCK29/SES291/SA291S12	SES275	-0.845708	10.8006	11.6463
BLOCK29/SES291/SA291S22	SES082	0.447824	13.1354	12.6876
BLOCK29/SES291/SA291S22	SES158	0.755206	13.4428	12.6876
BLOCK29/SES291/SA291S22	SES259	0.495855	13.1834	12.6876
BLOCK29/SES291/SA291S22	SES275	-0.464941	12.2226	12.6876
BLOCK29/SES291/SA291S24	SES104	1.73533	15.5445	13.8091
BLOCK29/SES291/SA291S24	SES125	0.800191	14.6093	13.8091
BLOCK29/SES291/SA291S24	SES158	1.39047	15.1996	13.8091
BLOCK29/SES291/SA291S24	SES275	-1.18512	12.624	13.8091
BLOCK29/SES291/SA291S27	SES158	1.36315	13.9095	12.5464
BLOCK29/SES291/SA291S27	SES172	-0.688502	11.8579	12.5464
BLOCK29/SES291/SA291S27	SES275	-0.647712	11.8987	12.5464
BLOCK29/SES291/SA291S27	SES292	0.259659	12.806	12.5464
